
===========================================================================
report_checks -unconstrained
===========================================================================
======================= nom_tt_025C_1v80 Corner ===================================

Startpoint: reset (input port clocked by clk)
Endpoint: _23474_ (recovery check against rising-edge clock clk)
Path Group: asynchronous
Path Type: max

Fanout         Cap        Slew       Delay        Time   Description
---------------------------------------------------------------------------------------------
                                  0.000000    0.000000   clock clk (rise edge)
                                  0.000000    0.000000   clock network delay (propagated)
                                  4.000000    4.000000 v input external delay
     1    0.002603    0.008177    0.004080    4.004080 v reset (in)
                                                         reset (net)
                      0.008177    0.000000    4.004080 v input1/A (sky130_fd_sc_hd__clkbuf_1)
     1    0.005558    0.040863    0.085042    4.089122 v input1/X (sky130_fd_sc_hd__clkbuf_1)
                                                         net1 (net)
                      0.040863    0.000047    4.089169 v fanout2848/A (sky130_fd_sc_hd__clkbuf_8)
     5    0.072917    0.089671    0.189355    4.278523 v fanout2848/X (sky130_fd_sc_hd__clkbuf_8)
                                                         net2848 (net)
                      0.089904    0.003422    4.281946 v fanout2764/A (sky130_fd_sc_hd__buf_4)
     5    0.050819    0.078176    0.205961    4.487907 v fanout2764/X (sky130_fd_sc_hd__buf_4)
                                                         net2764 (net)
                      0.078231    0.001897    4.489804 v fanout2763/A (sky130_fd_sc_hd__clkbuf_8)
     6    0.068299    0.085519    0.201740    4.691544 v fanout2763/X (sky130_fd_sc_hd__clkbuf_8)
                                                         net2763 (net)
                      0.085526    0.000684    4.692228 v fanout2730/A (sky130_fd_sc_hd__clkbuf_4)
     5    0.038056    0.086220    0.205961    4.898189 v fanout2730/X (sky130_fd_sc_hd__clkbuf_4)
                                                         net2730 (net)
                      0.086220    0.000002    4.898191 v fanout2729/A (sky130_fd_sc_hd__clkbuf_4)
     6    0.036156    0.082996    0.203736    5.101927 v fanout2729/X (sky130_fd_sc_hd__clkbuf_4)
                                                         net2729 (net)
                      0.082996    0.000006    5.101933 v fanout2727/A (sky130_fd_sc_hd__buf_4)
    10    0.059215    0.083692    0.211086    5.313019 v fanout2727/X (sky130_fd_sc_hd__buf_4)
                                                         net2727 (net)
                      0.083692    0.000067    5.313087 v fanout2726/A (sky130_fd_sc_hd__buf_4)
    10    0.056693    0.081105    0.209489    5.522575 v fanout2726/X (sky130_fd_sc_hd__buf_4)
                                                         net2726 (net)
                      0.081105    0.000234    5.522810 v _22194_/A (sky130_fd_sc_hd__inv_2)
     1    0.003775    0.033998    0.057014    5.579823 ^ _22194_/Y (sky130_fd_sc_hd__inv_2)
                                                         _00637_ (net)
                      0.033998    0.000008    5.579831 ^ _23474_/SET_B (sky130_fd_sc_hd__dfstp_2)
                                              5.579831   data arrival time

                                 20.000000   20.000000   clock clk (rise edge)
                                  0.000000   20.000000   clock source latency
     1    0.075134    0.339858    0.244448   20.244448 ^ clk (in)
                                                         clk (net)
                      0.340825    0.000000   20.244448 ^ clkbuf_0_clk/A (sky130_fd_sc_hd__clkbuf_16)
     4    0.087352    0.106506    0.264455   20.508904 ^ clkbuf_0_clk/X (sky130_fd_sc_hd__clkbuf_16)
                                                         clknet_0_clk (net)
                      0.106596    0.002848   20.511751 ^ clkbuf_2_0_0_clk/A (sky130_fd_sc_hd__clkbuf_8)
     8    0.125108    0.218691    0.278737   20.790487 ^ clkbuf_2_0_0_clk/X (sky130_fd_sc_hd__clkbuf_8)
                                                         clknet_2_0_0_clk (net)
                      0.218703    0.001373   20.791861 ^ clkbuf_5_3__f_clk/A (sky130_fd_sc_hd__clkbuf_16)
    10    0.075676    0.094006    0.226345   21.018206 ^ clkbuf_5_3__f_clk/X (sky130_fd_sc_hd__clkbuf_16)
                                                         clknet_5_3__leaf_clk (net)
                      0.094009    0.000657   21.018864 ^ clkbuf_leaf_52_clk/A (sky130_fd_sc_hd__clkbuf_8)
     6    0.018930    0.049649    0.148590   21.167454 ^ clkbuf_leaf_52_clk/X (sky130_fd_sc_hd__clkbuf_8)
                                                         clknet_leaf_52_clk (net)
                      0.049649    0.000048   21.167501 ^ _23474_/CLK (sky130_fd_sc_hd__dfstp_2)
                                 -0.250000   20.917503   clock uncertainty
                                  0.000000   20.917503   clock reconvergence pessimism
                                  0.138675   21.056177   library recovery time
                                             21.056177   data required time
---------------------------------------------------------------------------------------------
                                             21.056177   data required time
                                             -5.579831   data arrival time
---------------------------------------------------------------------------------------------
                                             15.476346   slack (MET)


Startpoint: _24090_ (rising edge-triggered flip-flop clocked by clk)
Endpoint: zero (output port clocked by clk)
Path Group: clk
Path Type: max

Fanout         Cap        Slew       Delay        Time   Description
---------------------------------------------------------------------------------------------
                                  0.000000    0.000000   clock clk (rise edge)
                                  0.000000    0.000000   clock source latency
     1    0.075134    0.339858    0.244447    0.244447 ^ clk (in)
                                                         clk (net)
                      0.340825    0.000000    0.244447 ^ clkbuf_0_clk/A (sky130_fd_sc_hd__clkbuf_16)
     4    0.087352    0.106506    0.264456    0.508903 ^ clkbuf_0_clk/X (sky130_fd_sc_hd__clkbuf_16)
                                                         clknet_0_clk (net)
                      0.106603    0.002935    0.511838 ^ clkbuf_2_2_0_clk/A (sky130_fd_sc_hd__clkbuf_8)
     8    0.128241    0.223859    0.282203    0.794041 ^ clkbuf_2_2_0_clk/X (sky130_fd_sc_hd__clkbuf_8)
                                                         clknet_2_2_0_clk (net)
                      0.223892    0.002266    0.796308 ^ clkbuf_5_23__f_clk/A (sky130_fd_sc_hd__clkbuf_16)
    10    0.079337    0.097430    0.230761    1.027069 ^ clkbuf_5_23__f_clk/X (sky130_fd_sc_hd__clkbuf_16)
                                                         clknet_5_23__leaf_clk (net)
                      0.097430    0.000074    1.027143 ^ clkbuf_leaf_208_clk/A (sky130_fd_sc_hd__clkbuf_8)
     4    0.015449    0.044337    0.144636    1.171779 ^ clkbuf_leaf_208_clk/X (sky130_fd_sc_hd__clkbuf_8)
                                                         clknet_leaf_208_clk (net)
                      0.044337    0.000013    1.171791 ^ _24090_/CLK (sky130_fd_sc_hd__dfrtp_4)
     4    0.024932    0.085968    0.506604    1.678395 v _24090_/Q (sky130_fd_sc_hd__dfrtp_4)
                                                         dp.ifu.PC[5] (net)
                      0.085968    0.000022    1.678417 v fanout2670/A (sky130_fd_sc_hd__buf_2)
     9    0.025909    0.071444    0.183315    1.861732 v fanout2670/X (sky130_fd_sc_hd__buf_2)
                                                         net2670 (net)
                      0.071444    0.000071    1.861803 v fanout2669/A (sky130_fd_sc_hd__clkbuf_2)
    10    0.024961    0.099342    0.174741    2.036544 v fanout2669/X (sky130_fd_sc_hd__clkbuf_2)
                                                         net2669 (net)
                      0.099342    0.000047    2.036591 v _11432_/A (sky130_fd_sc_hd__or4bb_1)
     3    0.006560    0.106809    0.542173    2.578764 v _11432_/X (sky130_fd_sc_hd__or4bb_1)
                                                         _06569_ (net)
                      0.106809    0.000010    2.578774 v _11433_/B (sky130_fd_sc_hd__nand2_1)
     2    0.012504    0.126226    0.148981    2.727756 ^ _11433_/Y (sky130_fd_sc_hd__nand2_1)
                                                         _06570_ (net)
                      0.126268    0.000152    2.727908 ^ fanout2630/A (sky130_fd_sc_hd__clkbuf_4)
     8    0.042345    0.135074    0.231857    2.959766 ^ fanout2630/X (sky130_fd_sc_hd__clkbuf_4)
                                                         net2630 (net)
                      0.135075    0.000733    2.960499 ^ fanout2629/A (sky130_fd_sc_hd__buf_2)
     5    0.032465    0.162177    0.224151    3.184649 ^ fanout2629/X (sky130_fd_sc_hd__buf_2)
                                                         net2629 (net)
                      0.162177    0.000306    3.184956 ^ fanout2626/A (sky130_fd_sc_hd__clkbuf_4)
    10    0.047507    0.149838    0.254087    3.439043 ^ fanout2626/X (sky130_fd_sc_hd__clkbuf_4)
                                                         net2626 (net)
                      0.149848    0.001385    3.440427 ^ _11462_/A2 (sky130_fd_sc_hd__a22o_1)
     2    0.007965    0.092125    0.192145    3.632572 ^ _11462_/X (sky130_fd_sc_hd__a22o_1)
                                                         _06599_ (net)
                      0.092125    0.000034    3.632606 ^ _11466_/A1 (sky130_fd_sc_hd__o32ai_2)
     1    0.005873    0.078820    0.102981    3.735587 v _11466_/Y (sky130_fd_sc_hd__o32ai_2)
                                                         _06603_ (net)
                      0.078820    0.000082    3.735669 v wire2279/A (sky130_fd_sc_hd__clkbuf_2)
     2    0.024784    0.098864    0.177205    3.912874 v wire2279/X (sky130_fd_sc_hd__clkbuf_2)
                                                         net2279 (net)
                      0.098864    0.000214    3.913089 v fanout2277/A (sky130_fd_sc_hd__buf_4)
     9    0.048578    0.075721    0.207277    4.120366 v fanout2277/X (sky130_fd_sc_hd__buf_4)
                                                         net2277 (net)
                      0.075721    0.000247    4.120613 v fanout2276/A (sky130_fd_sc_hd__clkbuf_4)
     7    0.045594    0.100253    0.212798    4.333411 v fanout2276/X (sky130_fd_sc_hd__clkbuf_4)
                                                         net2276 (net)
                      0.100253    0.000002    4.333413 v fanout2275/A (sky130_fd_sc_hd__clkbuf_4)
    10    0.045969    0.100777    0.224639    4.558052 v fanout2275/X (sky130_fd_sc_hd__clkbuf_4)
                                                         net2275 (net)
                      0.100777    0.000045    4.558097 v _11467_/A2 (sky130_fd_sc_hd__a21o_2)
     4    0.023296    0.080161    0.282872    4.840969 v _11467_/X (sky130_fd_sc_hd__a21o_2)
                                                         _06604_ (net)
                      0.080161    0.000117    4.841086 v _11473_/A (sky130_fd_sc_hd__xnor2_4)
     4    0.032018    0.108299    0.198413    5.039499 v _11473_/Y (sky130_fd_sc_hd__xnor2_4)
                                                         _06610_ (net)
                      0.108299    0.000170    5.039669 v _11533_/A1 (sky130_fd_sc_hd__a311o_1)
     3    0.007137    0.075233    0.309837    5.349507 v _11533_/X (sky130_fd_sc_hd__a311o_1)
                                                         _06670_ (net)
                      0.075233    0.000041    5.349547 v _11534_/C (sky130_fd_sc_hd__and3_1)
     1    0.002403    0.035948    0.184187    5.533734 v _11534_/X (sky130_fd_sc_hd__and3_1)
                                                         _06671_ (net)
                      0.035948    0.000002    5.533736 v _11535_/B1 (sky130_fd_sc_hd__a21o_1)
     2    0.019534    0.101478    0.213797    5.747534 v _11535_/X (sky130_fd_sc_hd__a21o_1)
                                                         _06672_ (net)
                      0.101478    0.000013    5.747547 v _11537_/B (sky130_fd_sc_hd__xnor2_1)
     1    0.003576    0.134096    0.160179    5.907726 ^ _11537_/Y (sky130_fd_sc_hd__xnor2_1)
                                                         _06674_ (net)
                      0.134096    0.000019    5.907745 ^ fanout1710/A (sky130_fd_sc_hd__buf_4)
     5    0.052339    0.149375    0.220029    6.127774 ^ fanout1710/X (sky130_fd_sc_hd__buf_4)
                                                         net1710 (net)
                      0.149452    0.002809    6.130583 ^ fanout1707/A (sky130_fd_sc_hd__buf_4)
    10    0.056988    0.161575    0.232107    6.362690 ^ fanout1707/X (sky130_fd_sc_hd__buf_4)
                                                         net1707 (net)
                      0.161575    0.000006    6.362696 ^ fanout1706/A (sky130_fd_sc_hd__buf_2)
     7    0.027407    0.138665    0.214810    6.577507 ^ fanout1706/X (sky130_fd_sc_hd__buf_2)
                                                         net1706 (net)
                      0.138665    0.000258    6.577765 ^ fanout1705/A (sky130_fd_sc_hd__clkbuf_2)
     6    0.019509    0.112362    0.186028    6.763792 ^ fanout1705/X (sky130_fd_sc_hd__clkbuf_2)
                                                         net1705 (net)
                      0.112362    0.000035    6.763827 ^ fanout1704/A (sky130_fd_sc_hd__clkbuf_2)
     8    0.022789    0.129237    0.189987    6.953814 ^ fanout1704/X (sky130_fd_sc_hd__clkbuf_2)
                                                         net1704 (net)
                      0.129237    0.000230    6.954045 ^ _11605_/A (sky130_fd_sc_hd__and2_1)
     2    0.006392    0.080028    0.163020    7.117064 ^ _11605_/X (sky130_fd_sc_hd__and2_1)
                                                         _06742_ (net)
                      0.080028    0.000024    7.117089 ^ fanout1541/A (sky130_fd_sc_hd__buf_4)
     6    0.060640    0.173847    0.218952    7.336041 ^ fanout1541/X (sky130_fd_sc_hd__buf_4)
                                                         net1541 (net)
                      0.173847    0.000039    7.336080 ^ _11948_/B (sky130_fd_sc_hd__nand2_8)
     4    0.051781    0.089484    0.109623    7.445703 v _11948_/Y (sky130_fd_sc_hd__nand2_8)
                                                         _07085_ (net)
                      0.089637    0.002933    7.448636 v fanout60/A (sky130_fd_sc_hd__clkbuf_4)
    10    0.033530    0.078373    0.201137    7.649774 v fanout60/X (sky130_fd_sc_hd__clkbuf_4)
                                                         net60 (net)
                      0.078373    0.000039    7.649813 v _21419_/A (sky130_fd_sc_hd__or4_1)
     1    0.002352    0.080325    0.515172    8.164985 v _21419_/X (sky130_fd_sc_hd__or4_1)
                                                         _06529_ (net)
                      0.080325    0.000008    8.164992 v _21420_/D (sky130_fd_sc_hd__or4_1)
     1    0.004179    0.091966    0.416970    8.581962 v _21420_/X (sky130_fd_sc_hd__or4_1)
                                                         _06530_ (net)
                      0.091966    0.000053    8.582015 v _21421_/D (sky130_fd_sc_hd__or4_1)
     1    0.004609    0.094467    0.424373    9.006389 v _21421_/X (sky130_fd_sc_hd__or4_1)
                                                         _06531_ (net)
                      0.094467    0.000041    9.006430 v _21422_/D (sky130_fd_sc_hd__or4_1)
     1    0.003970    0.090704    0.419268    9.425698 v _21422_/X (sky130_fd_sc_hd__or4_1)
                                                         _06532_ (net)
                      0.090704    0.000046    9.425744 v _21423_/C (sky130_fd_sc_hd__or4b_1)
     1    0.004382    0.093032    0.488974    9.914719 v _21423_/X (sky130_fd_sc_hd__or4b_1)
                                                         _06533_ (net)
                      0.093032    0.000057    9.914775 v _21424_/D (sky130_fd_sc_hd__or4_1)
     1    0.004670    0.097799    0.425260   10.340034 v _21424_/X (sky130_fd_sc_hd__or4_1)
                                                         _06534_ (net)
                      0.097799    0.000020   10.340055 v _21425_/D (sky130_fd_sc_hd__nor4_2)
     1    0.011251    0.349838    0.273642   10.613697 ^ _21425_/Y (sky130_fd_sc_hd__nor4_2)
                                                         net2 (net)
                      0.349838    0.000353   10.614050 ^ output2/A (sky130_fd_sc_hd__buf_2)
     1    0.034044    0.170084    0.280218   10.894268 ^ output2/X (sky130_fd_sc_hd__buf_2)
                                                         zero (net)
                      0.170084    0.000095   10.894363 ^ zero (out)
                                             10.894363   data arrival time

                                 20.000000   20.000000   clock clk (rise edge)
                                  0.000000   20.000000   clock network delay (propagated)
                                 -0.250000   19.750002   clock uncertainty
                                  0.000000   19.750002   clock reconvergence pessimism
                                 -4.000000   15.750001   output external delay
                                             15.750001   data required time
---------------------------------------------------------------------------------------------
                                             15.750001   data required time
                                            -10.894363   data arrival time
---------------------------------------------------------------------------------------------
                                              4.855638   slack (MET)




===========================================================================
report_checks --slack_max -0.01
============================================================================
======================= nom_tt_025C_1v80 Corner ===================================

No paths found.


===========================================================================
 report_check_types -max_slew -max_cap -max_fanout -violators
============================================================================
======================= nom_tt_025C_1v80 Corner ===================================

max fanout

Pin                                   Limit Fanout  Slack
---------------------------------------------------------
clkbuf_5_16__f_clk/X                     10     13     -3 (VIOLATED)
clkbuf_5_29__f_clk/X                     10     13     -3 (VIOLATED)
clkbuf_5_13__f_clk/X                     10     12     -2 (VIOLATED)
clkbuf_5_15__f_clk/X                     10     12     -2 (VIOLATED)
clkbuf_5_20__f_clk/X                     10     12     -2 (VIOLATED)
clkbuf_5_21__f_clk/X                     10     12     -2 (VIOLATED)
clkbuf_5_22__f_clk/X                     10     12     -2 (VIOLATED)
clkbuf_5_26__f_clk/X                     10     12     -2 (VIOLATED)
clkbuf_5_4__f_clk/X                      10     12     -2 (VIOLATED)
clkbuf_5_5__f_clk/X                      10     12     -2 (VIOLATED)
clkbuf_5_8__f_clk/X                      10     12     -2 (VIOLATED)
clkbuf_5_14__f_clk/X                     10     11        (VIOLATED)
clkbuf_5_19__f_clk/X                     10     11        (VIOLATED)
clkbuf_5_2__f_clk/X                      10     11        (VIOLATED)



===========================================================================
report_parasitic_annotation -report_unannotated
============================================================================
Found 286 unannotated drivers.
 clkload0/Y
 clkload1/Y
 clkload10/X
 clkload100/X
 clkload101/X
 clkload102/X
 clkload103/X
 clkload104/Y
 clkload105/X
 clkload106/X
 clkload107/Y
 clkload108/Y
 clkload109/Y
 clkload11/Y
 clkload110/X
 clkload111/Y
 clkload112/Y
 clkload113/Y
 clkload114/X
 clkload115/X
 clkload116/X
 clkload117/X
 clkload118/X
 clkload119/Y
 clkload12/Y
 clkload120/Y
 clkload121/Y
 clkload122/Y
 clkload123/X
 clkload124/Y
 clkload125/Y
 clkload126/Y
 clkload127/X
 clkload128/X
 clkload129/Y
 clkload13/Y
 clkload130/X
 clkload131/X
 clkload132/Y
 clkload133/X
 clkload134/X
 clkload135/Y
 clkload136/X
 clkload137/Y
 clkload138/X
 clkload139/X
 clkload14/Y
 clkload140/Y
 clkload141/Y
 clkload142/Y
 clkload143/Y
 clkload144/X
 clkload145/X
 clkload146/Y
 clkload147/X
 clkload148/X
 clkload149/Y
 clkload15/Y
 clkload150/Y
 clkload151/Y
 clkload152/Y
 clkload153/Y
 clkload154/Y
 clkload155/Y
 clkload156/Y
 clkload157/Y
 clkload158/X
 clkload159/X
 clkload16/Y
 clkload160/X
 clkload161/Y
 clkload162/X
 clkload163/Y
 clkload164/X
 clkload165/X
 clkload166/X
 clkload167/X
 clkload168/X
 clkload169/X
 clkload17/Y
 clkload170/X
 clkload171/X
 clkload172/X
 clkload173/Y
 clkload174/X
 clkload175/X
 clkload176/Y
 clkload177/X
 clkload178/X
 clkload179/X
 clkload18/Y
 clkload180/X
 clkload181/X
 clkload182/X
 clkload183/Y
 clkload184/X
 clkload185/Y
 clkload186/Y
 clkload187/X
 clkload188/X
 clkload189/X
 clkload19/Y
 clkload190/Y
 clkload191/X
 clkload192/Y
 clkload193/Y
 clkload194/X
 clkload195/Y
 clkload196/Y
 clkload197/Y
 clkload198/Y
 clkload199/Y
 clkload2/Y
 clkload20/Y
 clkload200/Y
 clkload201/Y
 clkload202/Y
 clkload203/Y
 clkload204/X
 clkload205/Y
 clkload206/Y
 clkload207/X
 clkload208/Y
 clkload209/Y
 clkload21/Y
 clkload210/Y
 clkload211/Y
 clkload212/Y
 clkload213/Y
 clkload214/Y
 clkload215/Y
 clkload216/Y
 clkload217/X
 clkload218/Y
 clkload219/X
 clkload22/Y
 clkload220/Y
 clkload221/Y
 clkload222/X
 clkload223/Y
 clkload224/Y
 clkload225/Y
 clkload226/X
 clkload227/X
 clkload228/Y
 clkload229/X
 clkload23/X
 clkload230/Y
 clkload231/X
 clkload232/X
 clkload233/X
 clkload234/Y
 clkload235/X
 clkload236/X
 clkload237/X
 clkload238/X
 clkload239/X
 clkload24/Y
 clkload240/X
 clkload241/Y
 clkload242/X
 clkload243/Y
 clkload244/Y
 clkload245/X
 clkload246/Y
 clkload247/X
 clkload248/Y
 clkload249/Y
 clkload25/Y
 clkload250/X
 clkload251/Y
 clkload252/Y
 clkload253/Y
 clkload254/Y
 clkload255/X
 clkload256/Y
 clkload257/Y
 clkload258/Y
 clkload259/X
 clkload26/Y
 clkload260/X
 clkload261/Y
 clkload262/X
 clkload263/X
 clkload264/X
 clkload265/Y
 clkload266/X
 clkload267/Y
 clkload268/X
 clkload269/X
 clkload27/X
 clkload270/Y
 clkload271/Y
 clkload272/Y
 clkload273/X
 clkload274/Y
 clkload275/X
 clkload276/Y
 clkload277/Y
 clkload278/Y
 clkload279/Y
 clkload28/X
 clkload280/X
 clkload281/X
 clkload282/Y
 clkload283/Y
 clkload284/Y
 clkload285/Y
 clkload29/X
 clkload3/Y
 clkload30/X
 clkload31/X
 clkload32/X
 clkload33/X
 clkload34/X
 clkload35/X
 clkload36/X
 clkload37/X
 clkload38/X
 clkload39/X
 clkload4/Y
 clkload40/X
 clkload41/X
 clkload42/X
 clkload43/X
 clkload44/Y
 clkload45/X
 clkload46/X
 clkload47/X
 clkload48/Y
 clkload49/Y
 clkload5/Y
 clkload50/X
 clkload51/Y
 clkload52/Y
 clkload53/X
 clkload54/Y
 clkload55/X
 clkload56/X
 clkload57/Y
 clkload58/Y
 clkload59/X
 clkload6/Y
 clkload60/Y
 clkload61/Y
 clkload62/Y
 clkload63/Y
 clkload64/Y
 clkload65/Y
 clkload66/Y
 clkload67/Y
 clkload68/Y
 clkload69/Y
 clkload7/Y
 clkload70/Y
 clkload71/X
 clkload72/X
 clkload73/Y
 clkload74/Y
 clkload75/Y
 clkload76/Y
 clkload77/X
 clkload78/X
 clkload79/X
 clkload8/Y
 clkload80/X
 clkload81/Y
 clkload82/X
 clkload83/X
 clkload84/Y
 clkload85/X
 clkload86/X
 clkload87/Y
 clkload88/X
 clkload89/X
 clkload9/Y
 clkload90/X
 clkload91/X
 clkload92/X
 clkload93/Y
 clkload94/X
 clkload95/X
 clkload96/Y
 clkload97/Y
 clkload98/X
 clkload99/Y
Found 0 partially unannotated drivers.

===========================================================================
max slew violation count 0
Writing metric design__max_slew_violation__count__corner:nom_tt_025C_1v80: 0
max fanout violation count 14
Writing metric design__max_fanout_violation__count__corner:nom_tt_025C_1v80: 14
max cap violation count 0
Writing metric design__max_cap_violation__count__corner:nom_tt_025C_1v80: 0
============================================================================

===========================================================================
check_setup -verbose -unconstrained_endpoints -multiple_clock -no_clock -no_input_delay -loops -generated_clocks
===========================================================================
