Clock: clk
Sources: clk 
Generated: no
Virtual: yes
Propagated: no
Period: 20.000000

===========================================================================
report_clock_properties
============================================================================
Clock                   Period          Waveform
----------------------------------------------------
clk                  20.000000    0.000000 10.000000

===========================================================================
report_clock_latency
============================================================================
Clock clk
rise -> rise
    min     max
0.000000 0.000000 source latency
0.999735         network latency _23229_/CLK
        1.197437 network latency _23118_/CLK
---------------
0.999735 1.197437 latency
        0.197703 skew

fall -> fall
    min     max
0.000000 0.000000 source latency
0.809579         network latency _23229_/CLK
        0.996450 network latency _23118_/CLK
---------------
0.809579 0.996450 latency
        0.186871 skew



===========================================================================
report_clock_min_period
============================================================================
clk period_min = 11.16 fmax = 89.62
