Clock: clk
Sources: clk 
Generated: no
Virtual: yes
Propagated: no
Period: 20.000000

===========================================================================
report_clock_properties
============================================================================
Clock                   Period          Waveform
----------------------------------------------------
clk                  20.000000    0.000000 10.000000

===========================================================================
report_clock_latency
============================================================================
Clock clk
rise -> rise
    min     max
0.000000 0.000000 source latency
1.013325         network latency _23229_/CLK
        1.218303 network latency _23152_/CLK
---------------
1.013325 1.218303 latency
        0.204978 skew

fall -> fall
    min     max
0.000000 0.000000 source latency
0.818259         network latency _23229_/CLK
        1.012588 network latency _23152_/CLK
---------------
0.818259 1.012588 latency
        0.194329 skew



===========================================================================
report_clock_min_period
============================================================================
clk period_min = 10.33 fmax = 96.83
