тФПтФБтФБтФБтФБтФБтФБтФБтФ│тФБтФБтФБтФБтФБтФБтФБтФБтФБтФ│тФБтФБтФБтФБтФБтФБтФБтФБтФБтФБтФ│тФБтФБтФБтФБтФБтФБтФБтФБтФБтФБтФБтФБтФБтФБтФБтФБтФБтФБтФБтФБтФБтФ│тФБтФБтФБтФБтФБтФБтФБтФБтФБтФБтФБтФБтФБтФБтФ│тФБтФБтФБтФБтФБтФБтФБтФУ
тФГ P / R тФГ Partial тФГ Required тФГ Net                 тФГ Pin          тФГ Layer тФГ
тФбтФБтФБтФБтФБтФБтФБтФБтХЗтФБтФБтФБтФБтФБтФБтФБтФБтФБтХЗтФБтФБтФБтФБтФБтФБтФБтФБтФБтФБтХЗтФБтФБтФБтФБтФБтФБтФБтФБтФБтФБтФБтФБтФБтФБтФБтФБтФБтФБтФБтФБтФБтХЗтФБтФБтФБтФБтФБтФБтФБтФБтФБтФБтФБтФБтФБтФБтХЗтФБтФБтФБтФБтФБтФБтФБтФй
тФВ 5.94  тФВ 2374.67 тФВ 400.00   тФВ _07892_             тФВ _12786_/C    тФВ met3  тФВ
тФВ 3.99  тФВ 1594.86 тФВ 400.00   тФВ _08687_             тФВ _13607_/B    тФВ met3  тФВ
тФВ 3.31  тФВ 1323.30 тФВ 400.00   тФВ net295              тФВ _15671_/S    тФВ met3  тФВ
тФВ 3.13  тФВ 1253.69 тФВ 400.00   тФВ net709              тФВ _15060_/B1   тФВ met3  тФВ
тФВ 3.07  тФВ 1228.95 тФВ 400.00   тФВ dp.dm.mem[126\][3\] тФВ _14615_/A1   тФВ met3  тФВ
тФВ 3.07  тФВ 1228.95 тФВ 400.00   тФВ dp.dm.mem[126\][3\] тФВ _15030_/A1   тФВ met3  тФВ
тФВ 2.91  тФВ 1164.32 тФВ 400.00   тФВ net1576             тФВ fanout1574/A тФВ met3  тФВ
тФВ 2.80  тФВ 1118.04 тФВ 400.00   тФВ net94               тФВ fanout91/A   тФВ met3  тФВ
тФВ 2.48  тФВ 993.59  тФВ 400.00   тФВ net120              тФВ fanout119/A  тФВ met1  тФВ
тФВ 2.48  тФВ 990.27  тФВ 400.00   тФВ net2227             тФВ fanout2219/A тФВ met3  тФВ
тФВ 2.20  тФВ 880.79  тФВ 400.00   тФВ net259              тФВ _19976_/S    тФВ met3  тФВ
тФВ 2.17  тФВ 869.53  тФВ 400.00   тФВ _08557_             тФВ _13454_/A2   тФВ met1  тФВ
тФВ 2.13  тФВ 852.23  тФВ 400.00   тФВ dp.dm.mem[95\][5\]  тФВ _13322_/B2   тФВ met3  тФВ
тФВ 2.13  тФВ 852.07  тФВ 400.00   тФВ net691              тФВ _14477_/B1   тФВ met3  тФВ
тФВ 2.09  тФВ 834.59  тФВ 400.00   тФВ _06739_             тФВ fanout488/A  тФВ met3  тФВ
тФВ 2.03  тФВ 810.27  тФВ 400.00   тФВ net2505             тФВ fanout2443/A тФВ met1  тФВ
тФВ 2.02  тФВ 807.47  тФВ 400.00   тФВ dp.dm.mem[95\][6\]  тФВ _13046_/A1   тФВ met3  тФВ
тФВ 1.99  тФВ 797.52  тФВ 400.00   тФВ dp.dm.mem[104\][6\] тФВ _13017_/A    тФВ met3  тФВ
тФВ 1.92  тФВ 767.32  тФВ 400.00   тФВ _09180_             тФВ _14076_/C1   тФВ met3  тФВ
тФВ 1.81  тФВ 722.75  тФВ 400.00   тФВ net1933             тФВ fanout1932/A тФВ met3  тФВ
тФВ 1.77  тФВ 709.90  тФВ 400.00   тФВ _07106_             тФВ _11985_/A    тФВ met3  тФВ
тФВ 1.77  тФВ 709.90  тФВ 400.00   тФВ _07981_             тФВ _12904_/B    тФВ met3  тФВ
тФВ 1.75  тФВ 701.25  тФВ 400.00   тФВ net1571             тФВ _12712_/C    тФВ met2  тФВ
тФВ 1.75  тФВ 698.69  тФВ 400.00   тФВ net770              тФВ fanout766/A  тФВ met3  тФВ
тФВ 1.75  тФВ 698.69  тФВ 400.00   тФВ net770              тФВ fanout767/A  тФВ met3  тФВ
тФВ 1.75  тФВ 698.69  тФВ 400.00   тФВ net770              тФВ fanout768/A  тФВ met3  тФВ
тФВ 1.74  тФВ 696.20  тФВ 400.00   тФВ net2185             тФВ fanout2184/A тФВ met1  тФВ
тФВ 1.71  тФВ 684.67  тФВ 400.00   тФВ _09738_             тФВ _14634_/D    тФВ met1  тФВ
тФВ 1.68  тФВ 673.78  тФВ 400.00   тФВ dp.dm.mem[32\][3\]  тФВ _14658_/B2   тФВ met3  тФВ
тФВ 1.58  тФВ 632.00  тФВ 400.00   тФВ net1809             тФВ fanout1808/A тФВ met3  тФВ
тФВ 1.57  тФВ 629.04  тФВ 400.00   тФВ _09117_             тФВ _14071_/C1   тФВ met3  тФВ
тФВ 1.57  тФВ 629.04  тФВ 400.00   тФВ dp.dm.mem[118\][2\] тФВ _14668_/A1   тФВ met3  тФВ
тФВ 1.57  тФВ 629.04  тФВ 400.00   тФВ net1519             тФВ _19566_/A1   тФВ met3  тФВ
тФВ 1.53  тФВ 613.38  тФВ 400.00   тФВ net18               тФВ fanout15/A   тФВ met2  тФВ
тФВ 1.50  тФВ 600.38  тФВ 400.00   тФВ net22               тФВ fanout19/A   тФВ met3  тФВ
тФВ 1.50  тФВ 600.38  тФВ 400.00   тФВ net22               тФВ fanout20/A   тФВ met3  тФВ
тФВ 1.46  тФВ 584.57  тФВ 400.00   тФВ _06773_             тФВ fanout448/A  тФВ met3  тФВ
тФВ 1.46  тФВ 584.44  тФВ 400.00   тФВ _08295_             тФВ _13269_/C1   тФВ met3  тФВ
тФВ 1.46  тФВ 584.44  тФВ 400.00   тФВ _09150_             тФВ _14046_/C1   тФВ met3  тФВ
тФВ 1.46  тФВ 584.44  тФВ 400.00   тФВ net1007             тФВ fanout1003/A тФВ met3  тФВ
тФВ 1.46  тФВ 584.44  тФВ 400.00   тФВ net2056             тФВ _21062_/A2   тФВ met3  тФВ
тФВ 1.44  тФВ 574.00  тФВ 400.00   тФВ net882              тФВ _15829_/S    тФВ met3  тФВ
тФВ 1.39  тФВ 556.32  тФВ 400.00   тФВ _07046_             тФВ fanout115/A  тФВ met3  тФВ
тФВ 1.39  тФВ 556.32  тФВ 400.00   тФВ _07046_             тФВ fanout117/A  тФВ met3  тФВ
тФВ 1.38  тФВ 553.14  тФВ 400.00   тФВ dp.dm.mem[12\][3\]  тФВ _14591_/A    тФВ met1  тФВ
тФВ 1.36  тФВ 544.42  тФВ 400.00   тФВ dp.dm.mem[110\][4\] тФВ _13932_/A1   тФВ met3  тФВ
тФВ 1.36  тФВ 544.39  тФВ 400.00   тФВ net1246             тФВ _14668_/A2   тФВ met3  тФВ
тФВ 1.35  тФВ 539.99  тФВ 400.00   тФВ dp.dm.mem[27\][0\]  тФВ _14754_/A1   тФВ met3  тФВ
тФВ 1.35  тФВ 539.99  тФВ 400.00   тФВ net1140             тФВ _13055_/A2   тФВ met3  тФВ
тФВ 1.34  тФВ 534.67  тФВ 400.00   тФВ _06901_             тФВ _11791_/B    тФВ met3  тФВ
тФВ 1.31  тФВ 525.90  тФВ 400.00   тФВ _06864_             тФВ fanout332/A  тФВ met2  тФВ
тФВ 1.25  тФВ 499.72  тФВ 400.00   тФВ _08366_             тФВ _13261_/D    тФВ met3  тФВ
тФВ 1.24  тФВ 495.39  тФВ 400.00   тФВ net193              тФВ _18337_/A1   тФВ met3  тФВ
тФВ 1.23  тФВ 493.13  тФВ 400.00   тФВ _07080_             тФВ fanout71/A   тФВ met3  тФВ
тФВ 1.19  тФВ 476.91  тФВ 400.00   тФВ net1320             тФВ _13553_/B1   тФВ met1  тФВ
тФВ 1.19  тФВ 476.38  тФВ 400.00   тФВ net1612             тФВ _11672_/B    тФВ met1  тФВ
тФВ 1.19  тФВ 474.09  тФВ 400.00   тФВ dp.dm.mem[65\][5\]  тФВ _14885_/B2   тФВ met2  тФВ
тФВ 1.18  тФВ 472.24  тФВ 400.00   тФВ net1180             тФВ fanout1179/A тФВ met1  тФВ
тФВ 1.18  тФВ 471.77  тФВ 400.00   тФВ net1234             тФВ fanout1226/A тФВ met3  тФВ
тФВ 1.17  тФВ 468.28  тФВ 400.00   тФВ net1580             тФВ _14088_/D    тФВ met2  тФВ
тФВ 1.16  тФВ 462.43  тФВ 400.00   тФВ _06724_             тФВ _11804_/B    тФВ met3  тФВ
тФВ 1.16  тФВ 462.43  тФВ 400.00   тФВ _06724_             тФВ fanout1657/A тФВ met3  тФВ
тФВ 1.16  тФВ 462.43  тФВ 400.00   тФВ _06724_             тФВ fanout1660/A тФВ met3  тФВ
тФВ 1.15  тФВ 459.79  тФВ 400.00   тФВ net1046             тФВ _16811_/B    тФВ met1  тФВ
тФВ 1.15  тФВ 459.22  тФВ 400.00   тФВ net405              тФВ _20850_/C1   тФВ met3  тФВ
тФВ 1.15  тФВ 459.22  тФВ 400.00   тФВ net405              тФВ _20856_/C1   тФВ met3  тФВ
тФВ 1.15  тФВ 459.22  тФВ 400.00   тФВ net405              тФВ fanout404/A  тФВ met3  тФВ
тФВ 1.14  тФВ 456.06  тФВ 400.00   тФВ dp.dm.mem[111\][0\] тФВ _13218_/A    тФВ met3  тФВ
тФВ 1.14  тФВ 454.39  тФВ 400.00   тФВ net195              тФВ _18349_/A1   тФВ met1  тФВ
тФВ 1.13  тФВ 450.62  тФВ 400.00   тФВ _09859_             тФВ _14784_/C1   тФВ met3  тФВ
тФВ 1.13  тФВ 450.62  тФВ 400.00   тФВ net1883             тФВ _20376_/A    тФВ met3  тФВ
тФВ 1.12  тФВ 447.05  тФВ 400.00   тФВ _09507_             тФВ _14407_/C    тФВ met3  тФВ
тФВ 1.12  тФВ 447.05  тФВ 400.00   тФВ _09886_             тФВ _14801_/B    тФВ met3  тФВ
тФВ 1.12  тФВ 447.05  тФВ 400.00   тФВ dp.dm.mem[31\][0\]  тФВ _13221_/A    тФВ met3  тФВ
тФВ 1.10  тФВ 439.85  тФВ 400.00   тФВ net1002             тФВ fanout1000/A тФВ met1  тФВ
тФВ 1.09  тФВ 437.39  тФВ 400.00   тФВ _07014_             тФВ fanout817/A  тФВ met1  тФВ
тФВ 1.08  тФВ 433.08  тФВ 400.00   тФВ _07109_             тФВ fanout538/A  тФВ met2  тФВ
тФВ 1.07  тФВ 427.94  тФВ 400.00   тФВ _07071_             тФВ _20521_/A1   тФВ met3  тФВ
тФВ 1.07  тФВ 427.94  тФВ 400.00   тФВ _07071_             тФВ fanout79/A   тФВ met3  тФВ
тФВ 1.06  тФВ 423.70  тФВ 400.00   тФВ net615              тФВ fanout614/A  тФВ met3  тФВ
тФВ 1.05  тФВ 421.88  тФВ 400.00   тФВ net1307             тФВ _15527_/A1   тФВ met1  тФВ
тФВ 1.05  тФВ 421.48  тФВ 400.00   тФВ net2422             тФВ fanout2410/A тФВ met3  тФВ
тФВ 1.05  тФВ 421.48  тФВ 400.00   тФВ net2422             тФВ fanout2412/A тФВ met3  тФВ
тФВ 1.05  тФВ 420.13  тФВ 400.00   тФВ _07011_             тФВ fanout829/A  тФВ met3  тФВ
тФВ 1.04  тФВ 415.67  тФВ 400.00   тФВ _07022_             тФВ fanout147/A  тФВ met1  тФВ
тФВ 1.04  тФВ 414.97  тФВ 400.00   тФВ _06902_             тФВ fanout1137/A тФВ met2  тФВ
тФВ 1.03  тФВ 413.96  тФВ 400.00   тФВ net1500             тФВ _16442_/A1   тФВ met2  тФВ
тФВ 1.02  тФВ 406.01  тФВ 400.00   тФВ dp.dm.mem[27\][0\]  тФВ _13238_/A1   тФВ met3  тФВ
тФВ 1.02  тФВ 406.01  тФВ 400.00   тФВ net160              тФВ fanout158/A  тФВ met3  тФВ
тФВ 1.01  тФВ 405.72  тФВ 400.00   тФВ dp.dm.mem[116\][4\] тФВ _17511_/A0   тФВ met1  тФВ
тФВ 1.01  тФВ 403.73  тФВ 400.00   тФВ net123              тФВ _20759_/B    тФВ met3  тФВ
тФВ 1.01  тФВ 403.73  тФВ 400.00   тФВ net123              тФВ _20760_/A2   тФВ met3  тФВ
тФФтФАтФАтФАтФАтФАтФАтФАтФ┤тФАтФАтФАтФАтФАтФАтФАтФАтФАтФ┤тФАтФАтФАтФАтФАтФАтФАтФАтФАтФАтФ┤тФАтФАтФАтФАтФАтФАтФАтФАтФАтФАтФАтФАтФАтФАтФАтФАтФАтФАтФАтФАтФАтФ┤тФАтФАтФАтФАтФАтФАтФАтФАтФАтФАтФАтФАтФАтФАтФ┤тФАтФАтФАтФАтФАтФАтФАтФШ
