Clock: clk
Sources: clk 
Generated: no
Virtual: no
Propagated: no
Period: 20.000000

===========================================================================
report_clock_properties
============================================================================
Clock                   Period          Waveform
----------------------------------------------------
clk                  20.000000    0.000000 10.000000

===========================================================================
report_clock_latency
============================================================================
Clock clk
rise -> rise
    min     max
0.000000 0.000000 source latency
11.338647         network latency _22837_/CLK
        11.338647 network latency _22837_/CLK
---------------
11.338647 11.338647 latency
        0.000000 skew

fall -> fall
    min     max
0.000000 0.000000 source latency
6.221824         network latency _22837_/CLK
        6.221824 network latency _22837_/CLK
---------------
6.221824 6.221824 latency
        0.000000 skew



===========================================================================
report_clock_min_period
============================================================================
clk period_min = 38.78 fmax = 25.79
