Clock: clk
Sources: clk 
Generated: no
Virtual: yes
Propagated: no
Period: 20.000000

===========================================================================
report_clock_properties
============================================================================
Clock                   Period          Waveform
----------------------------------------------------
clk                  20.000000    0.000000 10.000000

===========================================================================
report_clock_latency
============================================================================
Clock clk
rise -> rise
    min     max
0.000000 0.000000 source latency
2.437513         network latency _23229_/CLK
        2.872175 network latency _23232_/CLK
---------------
2.437513 2.872175 latency
        0.434662 skew

fall -> fall
    min     max
0.000000 0.000000 source latency
1.945128         network latency _23229_/CLK
        2.337699 network latency _23232_/CLK
---------------
1.945128 2.337699 latency
        0.392571 skew



===========================================================================
report_clock_min_period
============================================================================
clk period_min = 22.95 fmax = 43.57
