
===========================================================================
Violator List
============================================================================
[setup reg-out] _24088_/Q -> zero : -5.050602
[setup reg-reg] _24088_/Q -> _23986_/D : -2.952135
[setup reg-reg] _24088_/Q -> _23922_/D : -2.943331
[setup reg-reg] _24088_/Q -> _23903_/D : -2.875645
[setup reg-reg] _24088_/Q -> _23967_/D : -2.847637
[setup reg-reg] _24088_/Q -> _23904_/D : -2.793003
[setup reg-reg] _24088_/Q -> _23968_/D : -2.790733
[setup reg-reg] _24088_/Q -> _23896_/D : -2.774097
[setup reg-reg] _24088_/Q -> _24032_/D : -2.773849
[setup reg-reg] _24088_/Q -> _24030_/D : -2.750529
[setup reg-reg] _24088_/Q -> _23902_/D : -2.740821
[setup reg-reg] _24088_/Q -> _23976_/D : -2.714250
[setup reg-reg] _24088_/Q -> _23912_/D : -2.688101
[setup reg-reg] _24088_/Q -> _24024_/D : -2.680942
[setup reg-reg] _24088_/Q -> _23915_/D : -2.647019
[setup reg-reg] _24088_/Q -> _23979_/D : -2.643931
[setup reg-reg] _24088_/Q -> _23899_/D : -2.556039
[setup reg-reg] _24088_/Q -> _23918_/D : -2.419576
[setup reg-reg] _24088_/Q -> _23982_/D : -2.415023
[setup reg-reg] _24088_/Q -> _23978_/D : -2.412246
[setup reg-reg] _24088_/Q -> _23914_/D : -2.406187
[setup reg-reg] _24088_/Q -> _24023_/D : -2.342773
[setup reg-reg] _24088_/Q -> _23895_/D : -2.339085
[setup reg-reg] _24088_/Q -> _24053_/D : -2.314620
[setup reg-reg] _24088_/Q -> _23925_/D : -2.313049
[setup reg-reg] _24088_/Q -> _23972_/D : -2.296680
[setup reg-reg] _24088_/Q -> _23908_/D : -2.277224
[setup reg-reg] _24088_/Q -> _23960_/D : -2.272282
[setup reg-reg] _24088_/Q -> _23931_/D : -2.241562
[setup reg-reg] _24088_/Q -> _23984_/D : -2.232841
[setup reg-reg] _24088_/Q -> _23944_/D : -2.209619
[setup reg-reg] _24088_/Q -> _23920_/D : -2.200590
[setup reg-reg] _24088_/Q -> _23935_/D : -2.128232
[setup reg-reg] _24088_/Q -> _23959_/D : -2.003807
[setup reg-reg] _24088_/Q -> _23954_/D : -2.001791
[setup reg-reg] _24088_/Q -> _23989_/D : -1.992884
[setup reg-reg] _24088_/Q -> _23966_/D : -1.943786
[setup reg-reg] _24088_/Q -> _24037_/D : -1.937965
[setup reg-reg] _24088_/Q -> _23973_/D : -1.929548
[setup reg-reg] _24088_/Q -> _23909_/D : -1.910717
[setup reg-reg] _24088_/Q -> _23934_/D : -1.900221
[setup reg-reg] _24088_/Q -> _23947_/D : -1.886345
[setup reg-reg] _24088_/Q -> _23916_/D : -1.860924
[setup reg-reg] _24088_/Q -> _23980_/D : -1.855755
[setup reg-reg] _24088_/Q -> _23946_/D : -1.692467
[setup reg-reg] _24088_/Q -> _24054_/D : -1.688393
[setup reg-reg] _24088_/Q -> _23952_/D : -1.687353
[setup reg-reg] _24088_/Q -> _23926_/D : -1.660279
[setup reg-reg] _24088_/Q -> _23919_/D : -1.656659
[setup reg-reg] _24088_/Q -> _23936_/D : -1.638634
[setup reg-reg] _24088_/Q -> _23974_/D : -1.635421
[setup reg-reg] _24088_/Q -> _23910_/D : -1.630273
[setup reg-reg] _24088_/Q -> _23897_/D : -1.623079
[setup reg-reg] _24088_/Q -> _24051_/D : -1.613953
[setup reg-reg] _24088_/Q -> _23923_/D : -1.596906
[setup reg-reg] _24088_/Q -> _23928_/D : -1.556542
[setup reg-reg] _24088_/Q -> _23940_/D : -1.532774
[setup reg-reg] _24088_/Q -> _23948_/D : -1.473458
[setup reg-reg] _24088_/Q -> _23924_/D : -1.438711
[setup reg-reg] _24088_/Q -> _23906_/D : -1.405006
[setup reg-reg] _24088_/Q -> _23988_/D : -1.400910
[setup reg-reg] _24088_/Q -> _23975_/D : -1.392067
[setup reg-reg] _24088_/Q -> _23950_/D : -1.386658
[setup reg-reg] _24088_/Q -> _23911_/D : -1.385015
[setup reg-reg] _24088_/Q -> _23970_/D : -1.382142
[setup reg-reg] _24088_/Q -> _23987_/D : -1.327097
[setup reg-reg] _24088_/Q -> _23957_/D : -1.318064
[setup reg-reg] _24088_/Q -> _23990_/D : -1.274314
[setup reg-reg] _24088_/Q -> _23943_/D : -1.179197
[setup reg-reg] _24088_/Q -> _23971_/D : -1.158281
[setup reg-reg] _24088_/Q -> _23927_/D : -1.154206
[setup reg-reg] _24088_/Q -> _23942_/D : -1.143398
[setup reg-reg] _24088_/Q -> _23907_/D : -1.141373
[setup reg-reg] _24088_/Q -> _23898_/D : -1.113170
[setup reg-reg] _24088_/Q -> _23977_/D : -1.077178
[setup reg-reg] _24088_/Q -> _23913_/D : -1.073277
[setup reg-reg] _24088_/Q -> _23951_/D : -0.978526
[setup reg-reg] _24088_/Q -> _23901_/D : -0.884622
[setup reg-reg] _24088_/Q -> _23985_/D : -0.872564
[setup reg-reg] _24088_/Q -> _23921_/D : -0.871784
[setup reg-reg] _24088_/Q -> _24029_/D : -0.858359
[setup reg-reg] _24088_/Q -> _23941_/D : -0.790442
[setup reg-reg] _24088_/Q -> _23965_/D : -0.767837
[setup reg-reg] _24088_/Q -> _23958_/D : -0.725718
[setup reg-reg] _24088_/Q -> _23929_/D : -0.671124
[setup reg-reg] _24088_/Q -> _23900_/D : -0.669415
[setup reg-reg] _24088_/Q -> _23955_/D : -0.664130
[setup reg-reg] _24088_/Q -> _23930_/D : -0.458085
[setup reg-reg] _24088_/Q -> _23956_/D : -0.398607
[setup reg-reg] _24088_/Q -> _23938_/D : -0.380483
[setup reg-reg] _24088_/Q -> _23981_/D : -0.356446
[setup reg-reg] _24088_/Q -> _23917_/D : -0.353522
[setup reg-reg] _24088_/Q -> _23953_/D : -0.349450
[setup reg-reg] _24088_/Q -> _23933_/D : -0.293634
[setup reg-reg] _24088_/Q -> _23949_/D : -0.275524
[setup reg-reg] _24088_/Q -> _23939_/D : -0.264647
[setup reg-reg] _24088_/Q -> _23945_/D : -0.142562
[setup reg-reg] _24088_/Q -> _23932_/D : -0.132413
