Reading OpenROAD database at '/home/thu/openlane2/designs/cpu_riscv/runs/RUN_2026-07-14_03-15-21/20-openroad-generatepdn/processor.odb'…
Reading library file at '/home/thu/.volare/volare/sky130/versions/0fe599b2afb6708d281543108caf8310912f54af/sky130A/libs.ref/sky130_fd_sc_hd/lib/sky130_fd_sc_hd__tt_025C_1v80.lib'…
Reading design constraints file at '/nix/store/ss2cw3sxbrwwx9jl0rrppbw4kgcmgi2n-python3-3.11.9-env/lib/python3.11/site-packages/openlane/scripts/base.sdc'…
[INFO] Using clock clk…
[INFO] Setting output delay to: 4
[INFO] Setting input delay to: 4
[INFO] Setting load to: 0.033442
[INFO] Setting clock uncertainty to: 0.25
[INFO] Setting clock transition to: 0.1499999999999999944488848768742172978818416595458984375
[INFO] Setting timing derate to: 5%
+ global_placement -density 0.317849 -skip_io -pad_right 0 -pad_left 0 -init_wirelength_coef 0.25
[INFO GPL-0002] DBU: 1000
[INFO GPL-0003] SiteSize: (  0.460  2.720 ) um
[INFO GPL-0004] CoreBBox: (  5.520 10.880 ) ( 824.320 829.600 ) um
[INFO GPL-0006] NumInstances:             22860
[INFO GPL-0007] NumPlaceInstances:        12714
[INFO GPL-0008] NumFixedInstances:        10146
[INFO GPL-0009] NumDummyInstances:            0
[INFO GPL-0010] NumNets:                  12716
[INFO GPL-0011] NumPins:                  54351
[INFO GPL-0012] DieBBox:  (  0.000  0.000 ) ( 829.870 840.590 ) um
[INFO GPL-0013] CoreBBox: (  5.520 10.880 ) ( 824.320 829.600 ) um
[INFO GPL-0016] CoreArea:            670367.936 um^2
[INFO GPL-0017] NonPlaceInstsArea:    14201.120 um^2
[INFO GPL-0018] PlaceInstsArea:      134097.360 um^2
[INFO GPL-0019] Util:                    20.436 %
[INFO GPL-0020] StdInstsArea:        134097.360 um^2
[INFO GPL-0021] MacroInstsArea:           0.000 um^2
[INFO GPL-0031] FillerInit:NumGCells:     20125
[INFO GPL-0032] FillerInit:NumGNets:      12716
[INFO GPL-0033] FillerInit:NumGPins:      54351
[INFO GPL-0023] TargetDensity:            0.318
[INFO GPL-0024] AvrgPlaceInstArea:       10.547 um^2
[INFO GPL-0025] IdealBinArea:            33.183 um^2
[INFO GPL-0026] IdealBinCnt:              20202
[INFO GPL-0027] TotalBinArea:        670367.936 um^2
[INFO GPL-0028] BinCnt:       128    128
[INFO GPL-0029] BinSize: (  6.397  6.397 )
[INFO GPL-0030] NumBins: 16384
[NesterovSolve] Iter:    1 overflow: 0.999 HPWL: 32881084
[NesterovSolve] Iter:   10 overflow: 0.999 HPWL: 18715419
[NesterovSolve] Iter:   20 overflow: 0.999 HPWL: 18507390
[NesterovSolve] Iter:   30 overflow: 0.999 HPWL: 18521764
[NesterovSolve] Iter:   40 overflow: 0.999 HPWL: 18496827
[NesterovSolve] Iter:   50 overflow: 0.999 HPWL: 18515123
[NesterovSolve] Iter:   60 overflow: 0.999 HPWL: 18525067
[NesterovSolve] Iter:   70 overflow: 0.999 HPWL: 18542673
[NesterovSolve] Iter:   80 overflow: 0.999 HPWL: 18568896
[NesterovSolve] Iter:   90 overflow: 0.999 HPWL: 18626479
[NesterovSolve] Iter:  100 overflow: 0.999 HPWL: 18758280
[NesterovSolve] Iter:  110 overflow: 0.999 HPWL: 19080239
[NesterovSolve] Iter:  120 overflow: 0.999 HPWL: 19745800
[NesterovSolve] Iter:  130 overflow: 0.999 HPWL: 20921402
[NesterovSolve] Iter:  140 overflow: 0.998 HPWL: 23307292
[NesterovSolve] Iter:  150 overflow: 0.997 HPWL: 29966552
[NesterovSolve] Iter:  160 overflow: 0.995 HPWL: 45575197
[NesterovSolve] Iter:  170 overflow: 0.990 HPWL: 64047814
[NesterovSolve] Iter:  180 overflow: 0.985 HPWL: 77742077
[NesterovSolve] Iter:  190 overflow: 0.979 HPWL: 91817801
[NesterovSolve] Iter:  200 overflow: 0.970 HPWL: 114195169
[NesterovSolve] Iter:  210 overflow: 0.957 HPWL: 141614684
[NesterovSolve] Iter:  220 overflow: 0.940 HPWL: 169645131
[NesterovSolve] Iter:  230 overflow: 0.917 HPWL: 199993367
[NesterovSolve] Iter:  240 overflow: 0.890 HPWL: 235317848
[NesterovSolve] Iter:  250 overflow: 0.858 HPWL: 272683084
[NesterovSolve] Iter:  260 overflow: 0.823 HPWL: 308578051
[NesterovSolve] Iter:  270 overflow: 0.781 HPWL: 347963994
[NesterovSolve] Iter:  280 overflow: 0.734 HPWL: 384566885
[NesterovSolve] Iter:  290 overflow: 0.682 HPWL: 419138273
[NesterovSolve] Iter:  300 overflow: 0.620 HPWL: 448356333
[NesterovSolve] Iter:  310 overflow: 0.559 HPWL: 480429834
[NesterovSolve] Iter:  320 overflow: 0.505 HPWL: 514985852
[NesterovSolve] Iter:  330 overflow: 0.470 HPWL: 529439033
[NesterovSolve] Iter:  340 overflow: 0.437 HPWL: 531732915
[NesterovSolve] Iter:  350 overflow: 0.394 HPWL: 538553015
[NesterovSolve] Iter:  360 overflow: 0.369 HPWL: 541344966
[NesterovSolve] Iter:  370 overflow: 0.337 HPWL: 536278911
[NesterovSolve] Iter:  380 overflow: 0.310 HPWL: 534741188
[NesterovSolve] Iter:  390 overflow: 0.281 HPWL: 532234769
[NesterovSolve] Iter:  400 overflow: 0.258 HPWL: 531028377
[NesterovSolve] Iter:  410 overflow: 0.230 HPWL: 530799332
[NesterovSolve] Iter:  420 overflow: 0.205 HPWL: 530944315
[NesterovSolve] Iter:  430 overflow: 0.180 HPWL: 531259303
[NesterovSolve] Iter:  440 overflow: 0.157 HPWL: 531055745
[NesterovSolve] Iter:  450 overflow: 0.137 HPWL: 531580091
[NesterovSolve] Iter:  460 overflow: 0.118 HPWL: 532855248
[NesterovSolve] Iter:  470 overflow: 0.102 HPWL: 534473982
[NesterovSolve] Finished with Overflow: 0.099833
[INFO] Setting RC values…
Setting global connections for newly added cells…
[INFO] Setting global connections...
Updating metrics…
Cell type report:                       Count       Area
  Fill cell                               602    2259.67
  Tap cell                               9544   11941.45
  Buffer                                   96     360.35
  Inverter                               1326    4977.27
  Sequential cell                        1280   33632.26
  Multi-Input combinational cell        10012   95127.48
  Total                                 22860  148298.48
Writing OpenROAD database to '/home/thu/openlane2/designs/cpu_riscv/runs/RUN_2026-07-14_03-15-21/23-openroad-globalplacementskipio/processor.odb'…
Writing netlist to '/home/thu/openlane2/designs/cpu_riscv/runs/RUN_2026-07-14_03-15-21/23-openroad-globalplacementskipio/processor.nl.v'…
Writing powered netlist to '/home/thu/openlane2/designs/cpu_riscv/runs/RUN_2026-07-14_03-15-21/23-openroad-globalplacementskipio/processor.pnl.v'…
Writing layout to '/home/thu/openlane2/designs/cpu_riscv/runs/RUN_2026-07-14_03-15-21/23-openroad-globalplacementskipio/processor.def'…
Writing timing constraints to '/home/thu/openlane2/designs/cpu_riscv/runs/RUN_2026-07-14_03-15-21/23-openroad-globalplacementskipio/processor.sdc'…
