                                                                     Buffers by Cell Master                                                                     
┏━━━━━━━━━━━━━━━━━━━━━━━━━━━━━━━━━━━━━━━━━━━━━━━━━━━━━━━━━━━━━━━━━━━━━━━━━━━━━━━━━━━━━━━━━━━━━━━━━━━━━━━━━━━━━━━━━━━━━━━━━━━━━━━━━━┳━━━━━━━━━━━━━━━━━━━━━━━━━━━┓
┃ Buffer                                                                                                                           ┃ Count                     ┃
┡━━━━━━━━━━━━━━━━━━━━━━━━━━━━━━━━━━━━━━━━━━━━━━━━━━━━━━━━━━━━━━━━━━━━━━━━━━━━━━━━━━━━━━━━━━━━━━━━━━━━━━━━━━━━━━━━━━━━━━━━━━━━━━━━━━╇━━━━━━━━━━━━━━━━━━━━━━━━━━━┩
│ sky130_fd_sc_hd__buf_1                                                                                                           │ 7                         │
│ sky130_fd_sc_hd__buf_12                                                                                                          │ 6                         │
│ sky130_fd_sc_hd__buf_2                                                                                                           │ 409                       │
│ sky130_fd_sc_hd__buf_4                                                                                                           │ 849                       │
│ sky130_fd_sc_hd__buf_6                                                                                                           │ 54                        │
│ sky130_fd_sc_hd__buf_8                                                                                                           │ 44                        │
│ sky130_fd_sc_hd__clkbuf_1                                                                                                        │ 102                       │
│ sky130_fd_sc_hd__clkbuf_16                                                                                                       │ 35                        │
│ sky130_fd_sc_hd__clkbuf_2                                                                                                        │ 239                       │
│ sky130_fd_sc_hd__clkbuf_4                                                                                                        │ 1124                      │
│ sky130_fd_sc_hd__clkbuf_8                                                                                                        │ 520                       │
│ sky130_fd_sc_hd__dlygate4sd1_1                                                                                                   │ 13                        │
│ sky130_fd_sc_hd__dlygate4sd3_1                                                                                                   │ 215                       │
│ sky130_fd_sc_hd__dlymetal6s2s_1                                                                                                  │ 18                        │
│ sky130_fd_sc_hd__dlymetal6s4s_1                                                                                                  │ 1                         │
└──────────────────────────────────────────────────────────────────────────────────────────────────────────────────────────────────┴───────────────────────────┘
