                                                                        Cells by Master                                                                         
┏━━━━━━━━━━━━━━━━━━━━━━━━━━━━━━━━━━━━━━━━━━━━━━━━━━━━━━━━━━━━━━━━━━━━━━━━━━━━━━━━━━━━━━━━━━━━━━━━━━━━━━━━━━━━━━━━━━━━━━━━━━━━━━━━━━┳━━━━━━━━━━━━━━━━━━━━━━━━━━━┓
┃ Cell                                                                                                                             ┃ Count                     ┃
┡━━━━━━━━━━━━━━━━━━━━━━━━━━━━━━━━━━━━━━━━━━━━━━━━━━━━━━━━━━━━━━━━━━━━━━━━━━━━━━━━━━━━━━━━━━━━━━━━━━━━━━━━━━━━━━━━━━━━━━━━━━━━━━━━━━╇━━━━━━━━━━━━━━━━━━━━━━━━━━━┩
│ sky130_ef_sc_hd__decap_12                                                                                                        │ 25269                     │
│ sky130_fd_sc_hd__a2111o_1                                                                                                        │ 86                        │
│ sky130_fd_sc_hd__a2111o_2                                                                                                        │ 4                         │
│ sky130_fd_sc_hd__a2111o_4                                                                                                        │ 2                         │
│ sky130_fd_sc_hd__a2111oi_1                                                                                                       │ 1                         │
│ sky130_fd_sc_hd__a2111oi_2                                                                                                       │ 2                         │
│ sky130_fd_sc_hd__a2111oi_4                                                                                                       │ 1                         │
│ sky130_fd_sc_hd__a211o_1                                                                                                         │ 1520                      │
│ sky130_fd_sc_hd__a211o_2                                                                                                         │ 4                         │
│ sky130_fd_sc_hd__a211o_4                                                                                                         │ 1                         │
│ sky130_fd_sc_hd__a211oi_1                                                                                                        │ 2                         │
│ sky130_fd_sc_hd__a211oi_2                                                                                                        │ 1                         │
│ sky130_fd_sc_hd__a21bo_1                                                                                                         │ 20                        │
│ sky130_fd_sc_hd__a21boi_1                                                                                                        │ 4                         │
│ sky130_fd_sc_hd__a21o_1                                                                                                          │ 661                       │
│ sky130_fd_sc_hd__a21o_2                                                                                                          │ 1                         │
│ sky130_fd_sc_hd__a21o_4                                                                                                          │ 3                         │
│ sky130_fd_sc_hd__a21oi_1                                                                                                         │ 358                       │
│ sky130_fd_sc_hd__a21oi_2                                                                                                         │ 18                        │
│ sky130_fd_sc_hd__a21oi_4                                                                                                         │ 4                         │
│ sky130_fd_sc_hd__a221o_1                                                                                                         │ 794                       │
│ sky130_fd_sc_hd__a221o_2                                                                                                         │ 28                        │
│ sky130_fd_sc_hd__a221o_4                                                                                                         │ 1                         │
│ sky130_fd_sc_hd__a221oi_1                                                                                                        │ 36                        │
│ sky130_fd_sc_hd__a221oi_2                                                                                                        │ 2                         │
│ sky130_fd_sc_hd__a221oi_4                                                                                                        │ 5                         │
│ sky130_fd_sc_hd__a22o_1                                                                                                          │ 1790                      │
│ sky130_fd_sc_hd__a22o_2                                                                                                          │ 16                        │
│ sky130_fd_sc_hd__a22o_4                                                                                                          │ 1                         │
│ sky130_fd_sc_hd__a22oi_2                                                                                                         │ 1                         │
│ sky130_fd_sc_hd__a22oi_4                                                                                                         │ 3                         │
│ sky130_fd_sc_hd__a311o_1                                                                                                         │ 2                         │
│ sky130_fd_sc_hd__a31o_1                                                                                                          │ 28                        │
│ sky130_fd_sc_hd__a32o_1                                                                                                          │ 1                         │
│ sky130_fd_sc_hd__a41o_1                                                                                                          │ 4                         │
│ sky130_fd_sc_hd__and2_1                                                                                                          │ 59                        │
│ sky130_fd_sc_hd__and2_2                                                                                                          │ 3                         │
│ sky130_fd_sc_hd__and2_4                                                                                                          │ 2                         │
│ sky130_fd_sc_hd__and2b_1                                                                                                         │ 8                         │
│ sky130_fd_sc_hd__and3_1                                                                                                          │ 79                        │
│ sky130_fd_sc_hd__and3_2                                                                                                          │ 33                        │
│ sky130_fd_sc_hd__and3_4                                                                                                          │ 26                        │
│ sky130_fd_sc_hd__and3b_1                                                                                                         │ 11                        │
│ sky130_fd_sc_hd__and3b_2                                                                                                         │ 2                         │
│ sky130_fd_sc_hd__and3b_4                                                                                                         │ 3                         │
│ sky130_fd_sc_hd__and4_1                                                                                                          │ 141                       │
│ sky130_fd_sc_hd__and4_2                                                                                                          │ 8                         │
│ sky130_fd_sc_hd__and4b_1                                                                                                         │ 5                         │
│ sky130_fd_sc_hd__and4bb_1                                                                                                        │ 4                         │
│ sky130_fd_sc_hd__buf_1                                                                                                           │ 7                         │
│ sky130_fd_sc_hd__buf_12                                                                                                          │ 6                         │
│ sky130_fd_sc_hd__buf_2                                                                                                           │ 409                       │
│ sky130_fd_sc_hd__buf_4                                                                                                           │ 849                       │
│ sky130_fd_sc_hd__buf_6                                                                                                           │ 54                        │
│ sky130_fd_sc_hd__buf_8                                                                                                           │ 44                        │
│ sky130_fd_sc_hd__bufinv_16                                                                                                       │ 34                        │
│ sky130_fd_sc_hd__clkbuf_1                                                                                                        │ 102                       │
│ sky130_fd_sc_hd__clkbuf_16                                                                                                       │ 35                        │
│ sky130_fd_sc_hd__clkbuf_2                                                                                                        │ 239                       │
│ sky130_fd_sc_hd__clkbuf_4                                                                                                        │ 1124                      │
│ sky130_fd_sc_hd__clkbuf_8                                                                                                        │ 520                       │
│ sky130_fd_sc_hd__clkinv_2                                                                                                        │ 72                        │
│ sky130_fd_sc_hd__clkinv_4                                                                                                        │ 8                         │
│ sky130_fd_sc_hd__clkinv_8                                                                                                        │ 4                         │
│ sky130_fd_sc_hd__clkinvlp_4                                                                                                      │ 14                        │
│ sky130_fd_sc_hd__decap_3                                                                                                         │ 3034                      │
│ sky130_fd_sc_hd__decap_4                                                                                                         │ 2864                      │
│ sky130_fd_sc_hd__decap_6                                                                                                         │ 5666                      │
│ sky130_fd_sc_hd__decap_8                                                                                                         │ 3535                      │
│ sky130_fd_sc_hd__dfrtp_1                                                                                                         │ 237                       │
│ sky130_fd_sc_hd__dfrtp_2                                                                                                         │ 84                        │
│ sky130_fd_sc_hd__dfrtp_4                                                                                                         │ 502                       │
│ sky130_fd_sc_hd__dfstp_1                                                                                                         │ 52                        │
│ sky130_fd_sc_hd__dfstp_2                                                                                                         │ 337                       │
│ sky130_fd_sc_hd__dfstp_4                                                                                                         │ 68                        │
│ sky130_fd_sc_hd__diode_2                                                                                                         │ 697                       │
│ sky130_fd_sc_hd__dlygate4sd1_1                                                                                                   │ 13                        │
│ sky130_fd_sc_hd__dlygate4sd3_1                                                                                                   │ 215                       │
│ sky130_fd_sc_hd__dlymetal6s2s_1                                                                                                  │ 18                        │
│ sky130_fd_sc_hd__dlymetal6s4s_1                                                                                                  │ 1                         │
│ sky130_fd_sc_hd__fill_1                                                                                                          │ 8962                      │
│ sky130_fd_sc_hd__fill_2                                                                                                          │ 2592                      │
│ sky130_fd_sc_hd__inv_12                                                                                                          │ 2                         │
│ sky130_fd_sc_hd__inv_2                                                                                                           │ 1326                      │
│ sky130_fd_sc_hd__inv_4                                                                                                           │ 6                         │
│ sky130_fd_sc_hd__inv_6                                                                                                           │ 6                         │
│ sky130_fd_sc_hd__inv_8                                                                                                           │ 8                         │
│ sky130_fd_sc_hd__mux2_1                                                                                                          │ 229                       │
│ sky130_fd_sc_hd__mux2_2                                                                                                          │ 4                         │
│ sky130_fd_sc_hd__mux2_4                                                                                                          │ 2                         │
│ sky130_fd_sc_hd__nand2_1                                                                                                         │ 326                       │
│ sky130_fd_sc_hd__nand2_2                                                                                                         │ 23                        │
│ sky130_fd_sc_hd__nand2_4                                                                                                         │ 48                        │
│ sky130_fd_sc_hd__nand2_8                                                                                                         │ 11                        │
│ sky130_fd_sc_hd__nand2b_1                                                                                                        │ 6                         │
│ sky130_fd_sc_hd__nand2b_2                                                                                                        │ 1                         │
│ sky130_fd_sc_hd__nand2b_4                                                                                                        │ 1                         │
│ sky130_fd_sc_hd__nand3_1                                                                                                         │ 5                         │
│ sky130_fd_sc_hd__nand3_2                                                                                                         │ 2                         │
│ sky130_fd_sc_hd__nand3_4                                                                                                         │ 2                         │
│ sky130_fd_sc_hd__nand3b_1                                                                                                        │ 3                         │
│ sky130_fd_sc_hd__nand4_1                                                                                                         │ 2                         │
│ sky130_fd_sc_hd__nand4_2                                                                                                         │ 2                         │
│ sky130_fd_sc_hd__nor2_1                                                                                                          │ 784                       │
│ sky130_fd_sc_hd__nor2_2                                                                                                          │ 11                        │
│ sky130_fd_sc_hd__nor2_4                                                                                                          │ 4                         │
│ sky130_fd_sc_hd__nor3_1                                                                                                          │ 7                         │
│ sky130_fd_sc_hd__nor3_2                                                                                                          │ 2                         │
│ sky130_fd_sc_hd__nor3_4                                                                                                          │ 1                         │
│ sky130_fd_sc_hd__nor3b_1                                                                                                         │ 1                         │
│ sky130_fd_sc_hd__nor4_1                                                                                                          │ 10                        │
│ sky130_fd_sc_hd__nor4_4                                                                                                          │ 2                         │
│ sky130_fd_sc_hd__o2111a_1                                                                                                        │ 28                        │
│ sky130_fd_sc_hd__o211a_1                                                                                                         │ 1114                      │
│ sky130_fd_sc_hd__o211a_2                                                                                                         │ 5                         │
│ sky130_fd_sc_hd__o211a_4                                                                                                         │ 7                         │
│ sky130_fd_sc_hd__o211ai_1                                                                                                        │ 4                         │
│ sky130_fd_sc_hd__o211ai_2                                                                                                        │ 4                         │
│ sky130_fd_sc_hd__o211ai_4                                                                                                        │ 7                         │
│ sky130_fd_sc_hd__o21a_1                                                                                                          │ 404                       │
│ sky130_fd_sc_hd__o21a_2                                                                                                          │ 1                         │
│ sky130_fd_sc_hd__o21a_4                                                                                                          │ 5                         │
│ sky130_fd_sc_hd__o21ai_1                                                                                                         │ 18                        │
│ sky130_fd_sc_hd__o21ai_2                                                                                                         │ 10                        │
│ sky130_fd_sc_hd__o21ai_4                                                                                                         │ 7                         │
│ sky130_fd_sc_hd__o21ba_1                                                                                                         │ 8                         │
│ sky130_fd_sc_hd__o21bai_1                                                                                                        │ 1                         │
│ sky130_fd_sc_hd__o21bai_4                                                                                                        │ 1                         │
│ sky130_fd_sc_hd__o221a_1                                                                                                         │ 238                       │
│ sky130_fd_sc_hd__o221a_4                                                                                                         │ 2                         │
│ sky130_fd_sc_hd__o221ai_1                                                                                                        │ 1                         │
│ sky130_fd_sc_hd__o221ai_2                                                                                                        │ 2                         │
│ sky130_fd_sc_hd__o22a_1                                                                                                          │ 281                       │
│ sky130_fd_sc_hd__o22a_2                                                                                                          │ 1                         │
│ sky130_fd_sc_hd__o22a_4                                                                                                          │ 4                         │
│ sky130_fd_sc_hd__o22ai_1                                                                                                         │ 1                         │
│ sky130_fd_sc_hd__o22ai_2                                                                                                         │ 2                         │
│ sky130_fd_sc_hd__o22ai_4                                                                                                         │ 1                         │
│ sky130_fd_sc_hd__o2bb2a_1                                                                                                        │ 2                         │
│ sky130_fd_sc_hd__o2bb2a_2                                                                                                        │ 1                         │
│ sky130_fd_sc_hd__o2bb2a_4                                                                                                        │ 1                         │
│ sky130_fd_sc_hd__o31a_1                                                                                                          │ 8                         │
│ sky130_fd_sc_hd__o31a_2                                                                                                          │ 2                         │
│ sky130_fd_sc_hd__o31a_4                                                                                                          │ 1                         │
│ sky130_fd_sc_hd__o31ai_1                                                                                                         │ 3                         │
│ sky130_fd_sc_hd__o32a_1                                                                                                          │ 9                         │
│ sky130_fd_sc_hd__o32a_2                                                                                                          │ 2                         │
│ sky130_fd_sc_hd__o32a_4                                                                                                          │ 4                         │
│ sky130_fd_sc_hd__o32ai_1                                                                                                         │ 1                         │
│ sky130_fd_sc_hd__o32ai_2                                                                                                         │ 1                         │
│ sky130_fd_sc_hd__o32ai_4                                                                                                         │ 3                         │
│ sky130_fd_sc_hd__or2_1                                                                                                           │ 103                       │
│ sky130_fd_sc_hd__or2_2                                                                                                           │ 8                         │
│ sky130_fd_sc_hd__or2_4                                                                                                           │ 1                         │
│ sky130_fd_sc_hd__or3_1                                                                                                           │ 44                        │
│ sky130_fd_sc_hd__or3_2                                                                                                           │ 6                         │
│ sky130_fd_sc_hd__or3_4                                                                                                           │ 14                        │
│ sky130_fd_sc_hd__or3b_1                                                                                                          │ 6                         │
│ sky130_fd_sc_hd__or3b_4                                                                                                          │ 3                         │
│ sky130_fd_sc_hd__or4_1                                                                                                           │ 184                       │
│ sky130_fd_sc_hd__or4_2                                                                                                           │ 38                        │
│ sky130_fd_sc_hd__or4_4                                                                                                           │ 47                        │
│ sky130_fd_sc_hd__or4b_1                                                                                                          │ 10                        │
│ sky130_fd_sc_hd__or4b_2                                                                                                          │ 2                         │
│ sky130_fd_sc_hd__or4b_4                                                                                                          │ 2                         │
│ sky130_fd_sc_hd__or4bb_1                                                                                                         │ 5                         │
│ sky130_fd_sc_hd__or4bb_4                                                                                                         │ 3                         │
│ sky130_fd_sc_hd__tapvpwrvgnd_1                                                                                                   │ 9544                      │
│ sky130_fd_sc_hd__xnor2_1                                                                                                         │ 29                        │
│ sky130_fd_sc_hd__xnor2_2                                                                                                         │ 16                        │
│ sky130_fd_sc_hd__xnor2_4                                                                                                         │ 2                         │
│ sky130_fd_sc_hd__xor2_1                                                                                                          │ 6                         │
│ sky130_fd_sc_hd__xor2_2                                                                                                          │ 7                         │
│ sky130_fd_sc_hd__xor2_4                                                                                                          │ 3                         │
└──────────────────────────────────────────────────────────────────────────────────────────────────────────────────────────────────┴───────────────────────────┘
