Reading OpenROAD database at '/home/thu/openlane2/designs/cpu_riscv/runs/RUN_2026-07-14_03-15-21/41-openroad-repairantennas/1-diodeinsertion/processor.odb'…
Reading library file at '/home/thu/.volare/volare/sky130/versions/0fe599b2afb6708d281543108caf8310912f54af/sky130A/libs.ref/sky130_fd_sc_hd/lib/sky130_fd_sc_hd__tt_025C_1v80.lib'…
Reading design constraints file at '/nix/store/ss2cw3sxbrwwx9jl0rrppbw4kgcmgi2n-python3-3.11.9-env/lib/python3.11/site-packages/openlane/scripts/base.sdc'…
[INFO] Using clock clk…
[INFO] Setting output delay to: 4
[INFO] Setting input delay to: 4
[INFO] Setting load to: 0.033442
[INFO] Setting clock uncertainty to: 0.25
[INFO] Setting clock transition to: 0.1499999999999999944488848768742172978818416595458984375
[INFO] Setting timing derate to: 5%
[INFO ORD-0030] Using 4 thread(s).
[INFO DRT-0149] Reading tech and libs.
[WARNING DRT-0349] LEF58_ENCLOSURE with no CUTCLASS is not supported. Skipping for layer mcon
[WARNING DRT-0349] LEF58_ENCLOSURE with no CUTCLASS is not supported. Skipping for layer mcon
[WARNING DRT-0349] LEF58_ENCLOSURE with no CUTCLASS is not supported. Skipping for layer via
[WARNING DRT-0349] LEF58_ENCLOSURE with no CUTCLASS is not supported. Skipping for layer via
[WARNING DRT-0349] LEF58_ENCLOSURE with no CUTCLASS is not supported. Skipping for layer via2
[WARNING DRT-0349] LEF58_ENCLOSURE with no CUTCLASS is not supported. Skipping for layer via2
[WARNING DRT-0349] LEF58_ENCLOSURE with no CUTCLASS is not supported. Skipping for layer via3
[WARNING DRT-0349] LEF58_ENCLOSURE with no CUTCLASS is not supported. Skipping for layer via3
[WARNING DRT-0349] LEF58_ENCLOSURE with no CUTCLASS is not supported. Skipping for layer via4
[WARNING DRT-0349] LEF58_ENCLOSURE with no CUTCLASS is not supported. Skipping for layer via4

Units:                1000
Number of layers:     13
Number of macros:     441
Number of vias:       29
Number of viarulegen: 25

[INFO DRT-0150] Reading design.

Design:                   processor
Die area:                 ( 0 0 ) ( 829870 840590 )
Number of track patterns: 12
Number of DEF vias:       0
Number of components:     27251
Number of terminals:      5
Number of snets:          2
Number of nets:           16124

[INFO DRT-0167] List of default vias:
  Layer via
    default via: M1M2_PR
  Layer via2
    default via: M2M3_PR
  Layer via3
    default via: M3M4_PR
  Layer via4
    default via: M4M5_PR
[INFO DRT-0162] Library cell analysis.
[INFO DRT-0163] Instance analysis.
[INFO DRT-0164] Number of unique instances = 459.
[INFO DRT-0168] Init region query.
[INFO DRT-0024]   Complete FR_MASTERSLICE.
[INFO DRT-0024]   Complete licon.
[INFO DRT-0024]   Complete li1.
[INFO DRT-0024]   Complete mcon.
[INFO DRT-0024]   Complete met1.
[INFO DRT-0024]   Complete via.
[INFO DRT-0024]   Complete met2.
[INFO DRT-0024]   Complete via2.
[INFO DRT-0024]   Complete met3.
[INFO DRT-0024]   Complete via3.
[INFO DRT-0024]   Complete met4.
[INFO DRT-0024]   Complete via4.
[INFO DRT-0024]   Complete met5.
[INFO DRT-0033] FR_MASTERSLICE shape region query size = 0.
[INFO DRT-0033] licon shape region query size = 0.
[INFO DRT-0033] li1 shape region query size = 517073.
[INFO DRT-0033] mcon shape region query size = 0.
[INFO DRT-0033] met1 shape region query size = 75160.
[INFO DRT-0033] via shape region query size = 9060.
[INFO DRT-0033] met2 shape region query size = 5436.
[INFO DRT-0033] via2 shape region query size = 7248.
[INFO DRT-0033] met3 shape region query size = 5439.
[INFO DRT-0033] via3 shape region query size = 7248.
[INFO DRT-0033] met4 shape region query size = 1908.
[INFO DRT-0033] via4 shape region query size = 72.
[INFO DRT-0033] met5 shape region query size = 96.
[INFO DRT-0165] Start pin access.
[INFO DRT-0076]   Complete 1000 pins.
[INFO DRT-0078]   Complete 1780 pins.
[INFO DRT-0079]   Complete 100 unique inst patterns.
[INFO DRT-0079]   Complete 200 unique inst patterns.
[INFO DRT-0079]   Complete 300 unique inst patterns.
[INFO DRT-0079]   Complete 400 unique inst patterns.
[INFO DRT-0081]   Complete 453 unique inst patterns.
[INFO DRT-0082]   Complete 10000 groups.
[INFO DRT-0084]   Complete 11412 groups.
#scanned instances     = 27251
#unique  instances     = 459
#stdCellGenAp          = 13340
#stdCellValidPlanarAp  = 140
#stdCellValidViaAp     = 10172
#stdCellPinNoAp        = 0
#stdCellPinCnt         = 61453
#instTermValidViaApCnt = 0
#macroGenAp            = 0
#macroValidPlanarAp    = 0
#macroValidViaAp       = 0
#macroNoAp             = 0
[INFO DRT-0166] Complete pin access.
[INFO DRT-0267] cpu time = 00:04:38, elapsed time = 00:01:15, memory = 257.88 (MB), peak = 266.86 (MB)
[INFO DRT-0156] guideIn read 100000 guides.

[INFO DRT-0157] Number of guides:     170348

[INFO DRT-0169] Post process guides.
[INFO DRT-0176] GCELLGRID X 0 DO 120 STEP 6900 ;
[INFO DRT-0177] GCELLGRID Y 0 DO 121 STEP 6900 ;
[INFO DRT-0026]   Complete 100000 origin guides.
[INFO DRT-0028]   Complete FR_MASTERSLICE.
[INFO DRT-0028]   Complete licon.
[INFO DRT-0028]   Complete li1.
[INFO DRT-0028]   Complete mcon.
[INFO DRT-0028]   Complete met1.
[INFO DRT-0028]   Complete via.
[INFO DRT-0028]   Complete met2.
[INFO DRT-0028]   Complete via2.
[INFO DRT-0028]   Complete met3.
[INFO DRT-0028]   Complete via3.
[INFO DRT-0028]   Complete met4.
[INFO DRT-0028]   Complete via4.
[INFO DRT-0028]   Complete met5.
[INFO DRT-0178] Init guide query.
[INFO DRT-0035]   Complete FR_MASTERSLICE (guide).
[INFO DRT-0035]   Complete licon (guide).
[INFO DRT-0035]   Complete li1 (guide).
[INFO DRT-0035]   Complete mcon (guide).
[INFO DRT-0035]   Complete met1 (guide).
[INFO DRT-0035]   Complete via (guide).
[INFO DRT-0035]   Complete met2 (guide).
[INFO DRT-0035]   Complete via2 (guide).
[INFO DRT-0035]   Complete met3 (guide).
[INFO DRT-0035]   Complete via3 (guide).
[INFO DRT-0035]   Complete met4 (guide).
[INFO DRT-0035]   Complete via4 (guide).
[INFO DRT-0035]   Complete met5 (guide).
[INFO DRT-0036] FR_MASTERSLICE guide region query size = 0.
[INFO DRT-0036] licon guide region query size = 0.
[INFO DRT-0036] li1 guide region query size = 51969.
[INFO DRT-0036] mcon guide region query size = 0.
[INFO DRT-0036] met1 guide region query size = 46603.
[INFO DRT-0036] via guide region query size = 0.
[INFO DRT-0036] met2 guide region query size = 28202.
[INFO DRT-0036] via2 guide region query size = 0.
[INFO DRT-0036] met3 guide region query size = 3227.
[INFO DRT-0036] via3 guide region query size = 0.
[INFO DRT-0036] met4 guide region query size = 1313.
[INFO DRT-0036] via4 guide region query size = 0.
[INFO DRT-0036] met5 guide region query size = 12.
[INFO DRT-0179] Init gr pin query.
[INFO DRT-0245] skipped writing guide updates to database.
[INFO DRT-0185] Post process initialize RPin region query.
[INFO DRT-0181] Start track assignment.
[INFO DRT-0184] Done with 81484 vertical wires in 3 frboxes and 49842 horizontal wires in 3 frboxes.
[INFO DRT-0186] Done with 14327 vertical wires in 3 frboxes and 21689 horizontal wires in 3 frboxes.
[INFO DRT-0182] Complete track assignment.
[INFO DRT-0267] cpu time = 00:00:21, elapsed time = 00:00:09, memory = 542.89 (MB), peak = 542.38 (MB)
[INFO DRT-0187] Start routing data preparation.
[INFO DRT-0267] cpu time = 00:00:00, elapsed time = 00:00:00, memory = 542.89 (MB), peak = 542.38 (MB)
[INFO DRT-0194] Start detail routing.
[INFO DRT-0195] Start 0th optimization iteration.
    Completing 10% with 0 violations.
    elapsed time = 00:00:37, memory = 613.96 (MB).
    Completing 20% with 0 violations.
    elapsed time = 00:02:25, memory = 841.36 (MB).
    Completing 30% with 7184 violations.
    elapsed time = 00:03:33, memory = 979.53 (MB).
    Completing 40% with 7184 violations.
    elapsed time = 00:04:43, memory = 981.70 (MB).
    Completing 50% with 7184 violations.
    elapsed time = 00:07:13, memory = 1006.16 (MB).
    Completing 60% with 14730 violations.
    elapsed time = 00:07:37, memory = 1010.00 (MB).
    Completing 70% with 14730 violations.
    elapsed time = 00:09:49, memory = 1032.95 (MB).
    Completing 80% with 21335 violations.
    elapsed time = 00:11:00, memory = 1077.71 (MB).
    Completing 90% with 21335 violations.
    elapsed time = 00:12:37, memory = 1079.76 (MB).
    Completing 100% with 28809 violations.
    elapsed time = 00:15:01, memory = 1032.70 (MB).
[INFO DRT-0199]   Number of violations = 30008.
Viol/Layer         li1   mcon   met1    via   met2   via2   met3   met4
Cut Spacing          0      2      0      0      0      2      0      0
Metal Spacing       39      0   2629      0    947      0    103      3
Min Hole             0      0      2      0      0      0      0      0
NS Metal             0      0      1      0      0      0      0      0
Recheck              0      0    748      0    395      0     32     24
Short                0      2  19841     17   5079      0    137      5
[INFO DRT-0267] cpu time = 00:54:47, elapsed time = 00:15:02, memory = 1230.28 (MB), peak = 1230.04 (MB)
Total wire length = 1328600 um.
Total wire length on LAYER li1 = 0 um.
Total wire length on LAYER met1 = 527438 um.
Total wire length on LAYER met2 = 536778 um.
Total wire length on LAYER met3 = 154351 um.
Total wire length on LAYER met4 = 107669 um.
Total wire length on LAYER met5 = 2362 um.
Total number of vias = 160324.
Up-via summary (total 160324):

-------------------------
 FR_MASTERSLICE         0
            li1     60866
           met1     87382
           met2      8789
           met3      3266
           met4        21
-------------------------
                   160324


[INFO DRT-0195] Start 1st optimization iteration.
    Completing 10% with 30008 violations.
    elapsed time = 00:00:37, memory = 1293.43 (MB).
    Completing 20% with 30008 violations.
    elapsed time = 00:01:55, memory = 1301.76 (MB).
    Completing 30% with 28253 violations.
    elapsed time = 00:03:28, memory = 1304.14 (MB).
    Completing 40% with 28253 violations.
    elapsed time = 00:04:13, memory = 1303.91 (MB).
    Completing 50% with 28253 violations.
    elapsed time = 00:06:41, memory = 1270.74 (MB).
    Completing 60% with 26840 violations.
    elapsed time = 00:07:09, memory = 1272.07 (MB).
    Completing 70% with 26840 violations.
    elapsed time = 00:09:23, memory = 1307.59 (MB).
    Completing 80% with 25115 violations.
    elapsed time = 00:10:54, memory = 1274.06 (MB).
    Completing 90% with 25115 violations.
    elapsed time = 00:12:22, memory = 1275.11 (MB).
    Completing 100% with 23514 violations.
    elapsed time = 00:15:00, memory = 1287.26 (MB).
[INFO DRT-0199]   Number of violations = 23514.
Viol/Layer        mcon   met1    via   met2   met3   met4
Cut Spacing         10      0      0      0      0      0
Metal Spacing        0   2105      0    774     42      7
Min Hole             0      2      0      0      0      0
Recheck              0      0      0      1      0      0
Short                0  17679      4   2814     65     11
[INFO DRT-0267] cpu time = 00:54:57, elapsed time = 00:15:01, memory = 1262.76 (MB), peak = 1349.47 (MB)
Total wire length = 1325025 um.
Total wire length on LAYER li1 = 0 um.
Total wire length on LAYER met1 = 521691 um.
Total wire length on LAYER met2 = 534093 um.
Total wire length on LAYER met3 = 158257 um.
Total wire length on LAYER met4 = 108652 um.
Total wire length on LAYER met5 = 2331 um.
Total number of vias = 161712.
Up-via summary (total 161712):

-------------------------
 FR_MASTERSLICE         0
            li1     60860
           met1     87757
           met2      9642
           met3      3433
           met4        20
-------------------------
                   161712


[INFO DRT-0195] Start 2nd optimization iteration.
    Completing 10% with 23514 violations.
    elapsed time = 00:00:45, memory = 1262.76 (MB).
    Completing 20% with 23514 violations.
    elapsed time = 00:02:18, memory = 1262.76 (MB).
    Completing 30% with 23267 violations.
    elapsed time = 00:03:53, memory = 1262.76 (MB).
    Completing 40% with 23267 violations.
    elapsed time = 00:04:59, memory = 1262.76 (MB).
    Completing 50% with 23267 violations.
    elapsed time = 00:07:11, memory = 1262.76 (MB).
    Completing 60% with 22837 violations.
    elapsed time = 00:07:38, memory = 1262.76 (MB).
    Completing 70% with 22837 violations.
    elapsed time = 00:09:29, memory = 1262.76 (MB).
    Completing 80% with 22206 violations.
    elapsed time = 00:11:02, memory = 1297.61 (MB).
    Completing 90% with 22206 violations.
    elapsed time = 00:12:06, memory = 1299.79 (MB).
    Completing 100% with 21490 violations.
    elapsed time = 00:14:42, memory = 1262.76 (MB).
[INFO DRT-0199]   Number of violations = 21492.
Viol/Layer        mcon   met1    via   met2   met3   met4
Cut Spacing         22      0      2      0      0      0
Metal Spacing        0   1809      0    688     37      3
Min Hole             0      3      0      0      0      0
Recheck              0      2      0      0      0      0
Short                0  16388      4   2484     42      8
[INFO DRT-0267] cpu time = 00:53:36, elapsed time = 00:14:44, memory = 1274.76 (MB), peak = 1349.47 (MB)
Total wire length = 1324308 um.
Total wire length on LAYER li1 = 0 um.
Total wire length on LAYER met1 = 520539 um.
Total wire length on LAYER met2 = 533125 um.
Total wire length on LAYER met3 = 158974 um.
Total wire length on LAYER met4 = 109327 um.
Total wire length on LAYER met5 = 2341 um.
Total number of vias = 161673.
Up-via summary (total 161673):

-------------------------
 FR_MASTERSLICE         0
            li1     60860
           met1     87441
           met2      9818
           met3      3534
           met4        20
-------------------------
                   161673


[INFO DRT-0195] Start 3rd optimization iteration.
    Completing 10% with 21492 violations.
    elapsed time = 00:00:28, memory = 1342.17 (MB).
    Completing 20% with 21492 violations.
    elapsed time = 00:02:57, memory = 1314.48 (MB).
    Completing 30% with 18277 violations.
    elapsed time = 00:04:55, memory = 1309.39 (MB).
    Completing 40% with 18277 violations.
    elapsed time = 00:06:03, memory = 1310.21 (MB).
    Completing 50% with 18277 violations.
    elapsed time = 00:09:35, memory = 1322.58 (MB).
    Completing 60% with 14609 violations.
    elapsed time = 00:09:44, memory = 1332.39 (MB).
    Completing 70% with 14609 violations.
    elapsed time = 00:13:02, memory = 1411.21 (MB).
    Completing 80% with 11146 violations.
    elapsed time = 00:14:16, memory = 1319.68 (MB).
    Completing 90% with 11146 violations.
    elapsed time = 00:17:53, memory = 1356.11 (MB).
    Completing 100% with 7098 violations.
    elapsed time = 00:21:38, memory = 1284.63 (MB).
[INFO DRT-0199]   Number of violations = 7098.
Viol/Layer        mcon   met1    via   met2   met3   met4
Cut Spacing          6      0      3      0      0      0
Metal Spacing        0   1085      0    541     44      0
Min Hole             0      2      0      1      0      0
Recheck              0      2      0      0      0      0
Short                0   4302      2   1055     49      6
[INFO DRT-0267] cpu time = 01:17:12, elapsed time = 00:21:39, memory = 1284.63 (MB), peak = 1411.72 (MB)
Total wire length = 1324328 um.
Total wire length on LAYER li1 = 0 um.
Total wire length on LAYER met1 = 470637 um.
Total wire length on LAYER met2 = 519998 um.
Total wire length on LAYER met3 = 206768 um.
Total wire length on LAYER met4 = 124585 um.
Total wire length on LAYER met5 = 2338 um.
Total number of vias = 169641.
Up-via summary (total 169641):

-------------------------
 FR_MASTERSLICE         0
            li1     60860
           met1     88269
           met2     15612
           met3      4880
           met4        20
-------------------------
                   169641


[INFO DRT-0195] Start 4th optimization iteration.
    Completing 10% with 7098 violations.
    elapsed time = 00:00:04, memory = 1325.38 (MB).
    Completing 20% with 7098 violations.
    elapsed time = 00:00:44, memory = 1323.07 (MB).
    Completing 30% with 6239 violations.
    elapsed time = 00:01:43, memory = 1284.63 (MB).
    Completing 40% with 6239 violations.
    elapsed time = 00:01:54, memory = 1321.21 (MB).
    Completing 50% with 6239 violations.
    elapsed time = 00:03:36, memory = 1284.63 (MB).
    Completing 60% with 5365 violations.
    elapsed time = 00:03:38, memory = 1354.32 (MB).
    Completing 70% with 5365 violations.
    elapsed time = 00:05:31, memory = 1320.80 (MB).
    Completing 80% with 3633 violations.
    elapsed time = 00:06:00, memory = 1351.38 (MB).
    Completing 90% with 3633 violations.
    elapsed time = 00:06:50, memory = 1393.89 (MB).
    Completing 100% with 2248 violations.
    elapsed time = 00:08:10, memory = 1284.63 (MB).
[INFO DRT-0199]   Number of violations = 2248.
Viol/Layer        mcon   met1   met2   via2   met3   met4
Cut Spacing          1      0      0      0      0      0
Metal Spacing        0    378    193      0     13      0
Min Hole             0      1      0      0      0      0
Short                0   1201    444      1     12      4
[INFO DRT-0267] cpu time = 00:30:17, elapsed time = 00:08:10, memory = 1284.63 (MB), peak = 1411.72 (MB)
Total wire length = 1324087 um.
Total wire length on LAYER li1 = 0 um.
Total wire length on LAYER met1 = 465806 um.
Total wire length on LAYER met2 = 518204 um.
Total wire length on LAYER met3 = 210768 um.
Total wire length on LAYER met4 = 126970 um.
Total wire length on LAYER met5 = 2338 um.
Total number of vias = 170098.
Up-via summary (total 170098):

-------------------------
 FR_MASTERSLICE         0
            li1     60860
           met1     88215
           met2     15963
           met3      5040
           met4        20
-------------------------
                   170098


[INFO DRT-0195] Start 5th optimization iteration.
    Completing 10% with 2248 violations.
    elapsed time = 00:00:00, memory = 1284.63 (MB).
    Completing 20% with 2248 violations.
    elapsed time = 00:00:01, memory = 1356.51 (MB).
    Completing 30% with 1901 violations.
    elapsed time = 00:00:57, memory = 1284.63 (MB).
    Completing 40% with 1901 violations.
    elapsed time = 00:00:59, memory = 1324.27 (MB).
    Completing 50% with 1901 violations.
    elapsed time = 00:01:42, memory = 1284.63 (MB).
    Completing 60% with 1679 violations.
    elapsed time = 00:01:42, memory = 1284.63 (MB).
    Completing 70% with 1679 violations.
    elapsed time = 00:02:27, memory = 1355.64 (MB).
    Completing 80% with 1168 violations.
    elapsed time = 00:03:11, memory = 1284.63 (MB).
    Completing 90% with 1168 violations.
    elapsed time = 00:03:14, memory = 1354.50 (MB).
    Completing 100% with 973 violations.
    elapsed time = 00:04:02, memory = 1284.63 (MB).
[INFO DRT-0199]   Number of violations = 973.
Viol/Layer        mcon   met1   met2   met3
Cut Spacing          1      0      0      0
Metal Spacing        0    152     91     10
Short                0    585    127      7
[INFO DRT-0267] cpu time = 00:12:29, elapsed time = 00:04:02, memory = 1284.63 (MB), peak = 1411.72 (MB)
Total wire length = 1324114 um.
Total wire length on LAYER li1 = 0 um.
Total wire length on LAYER met1 = 465029 um.
Total wire length on LAYER met2 = 517547 um.
Total wire length on LAYER met3 = 211493 um.
Total wire length on LAYER met4 = 127703 um.
Total wire length on LAYER met5 = 2340 um.
Total number of vias = 170146.
Up-via summary (total 170146):

-------------------------
 FR_MASTERSLICE         0
            li1     60860
           met1     88199
           met2     15979
           met3      5088
           met4        20
-------------------------
                   170146


[INFO DRT-0195] Start 6th optimization iteration.
    Completing 10% with 973 violations.
    elapsed time = 00:00:00, memory = 1284.63 (MB).
    Completing 20% with 973 violations.
    elapsed time = 00:00:01, memory = 1394.09 (MB).
    Completing 30% with 885 violations.
    elapsed time = 00:00:56, memory = 1284.63 (MB).
    Completing 40% with 885 violations.
    elapsed time = 00:00:56, memory = 1284.63 (MB).
    Completing 50% with 885 violations.
    elapsed time = 00:01:37, memory = 1284.63 (MB).
    Completing 60% with 779 violations.
    elapsed time = 00:01:37, memory = 1284.63 (MB).
    Completing 70% with 779 violations.
    elapsed time = 00:01:40, memory = 1355.75 (MB).
    Completing 80% with 416 violations.
    elapsed time = 00:02:09, memory = 1284.63 (MB).
    Completing 90% with 416 violations.
    elapsed time = 00:02:09, memory = 1284.63 (MB).
    Completing 100% with 398 violations.
    elapsed time = 00:02:40, memory = 1284.63 (MB).
[INFO DRT-0199]   Number of violations = 398.
Viol/Layer        met1   met2   met3
Metal Spacing       67     35      4
Short              250     36      6
[INFO DRT-0267] cpu time = 00:05:17, elapsed time = 00:02:40, memory = 1284.63 (MB), peak = 1411.72 (MB)
Total wire length = 1323971 um.
Total wire length on LAYER li1 = 0 um.
Total wire length on LAYER met1 = 464629 um.
Total wire length on LAYER met2 = 516987 um.
Total wire length on LAYER met3 = 211793 um.
Total wire length on LAYER met4 = 128219 um.
Total wire length on LAYER met5 = 2340 um.
Total number of vias = 170193.
Up-via summary (total 170193):

-------------------------
 FR_MASTERSLICE         0
            li1     60860
           met1     88188
           met2     16008
           met3      5117
           met4        20
-------------------------
                   170193


[INFO DRT-0195] Start 7th optimization iteration.
    Completing 10% with 398 violations.
    elapsed time = 00:00:00, memory = 1284.63 (MB).
    Completing 20% with 398 violations.
    elapsed time = 00:00:00, memory = 1284.63 (MB).
    Completing 30% with 352 violations.
    elapsed time = 00:00:34, memory = 1284.63 (MB).
    Completing 40% with 352 violations.
    elapsed time = 00:00:34, memory = 1284.63 (MB).
    Completing 50% with 352 violations.
    elapsed time = 00:00:58, memory = 1284.63 (MB).
    Completing 60% with 269 violations.
    elapsed time = 00:00:59, memory = 1284.63 (MB).
    Completing 70% with 269 violations.
    elapsed time = 00:01:00, memory = 1320.36 (MB).
    Completing 80% with 252 violations.
    elapsed time = 00:01:38, memory = 1284.63 (MB).
    Completing 90% with 252 violations.
    elapsed time = 00:01:38, memory = 1284.63 (MB).
    Completing 100% with 231 violations.
    elapsed time = 00:01:58, memory = 1284.63 (MB).
[INFO DRT-0199]   Number of violations = 231.
Viol/Layer        mcon   met1   met2
Cut Spacing          1      0      0
Metal Spacing        0     38     11
Min Hole             0      1      0
Short                0    155     25
[INFO DRT-0267] cpu time = 00:02:24, elapsed time = 00:01:58, memory = 1284.63 (MB), peak = 1411.72 (MB)
Total wire length = 1324014 um.
Total wire length on LAYER li1 = 0 um.
Total wire length on LAYER met1 = 464551 um.
Total wire length on LAYER met2 = 516904 um.
Total wire length on LAYER met3 = 211826 um.
Total wire length on LAYER met4 = 128392 um.
Total wire length on LAYER met5 = 2340 um.
Total number of vias = 170263.
Up-via summary (total 170263):

-------------------------
 FR_MASTERSLICE         0
            li1     60860
           met1     88237
           met2     16008
           met3      5138
           met4        20
-------------------------
                   170263


[INFO DRT-0195] Start 8th optimization iteration.
    Completing 10% with 231 violations.
    elapsed time = 00:00:00, memory = 1284.63 (MB).
    Completing 20% with 231 violations.
    elapsed time = 00:00:00, memory = 1284.63 (MB).
    Completing 30% with 211 violations.
    elapsed time = 00:00:05, memory = 1284.63 (MB).
    Completing 40% with 211 violations.
    elapsed time = 00:00:05, memory = 1284.63 (MB).
    Completing 50% with 211 violations.
    elapsed time = 00:00:21, memory = 1284.63 (MB).
    Completing 60% with 209 violations.
    elapsed time = 00:00:21, memory = 1284.63 (MB).
    Completing 70% with 209 violations.
    elapsed time = 00:00:21, memory = 1284.63 (MB).
    Completing 80% with 207 violations.
    elapsed time = 00:01:22, memory = 1284.63 (MB).
    Completing 90% with 207 violations.
    elapsed time = 00:01:22, memory = 1284.63 (MB).
    Completing 100% with 172 violations.
    elapsed time = 00:01:52, memory = 1284.63 (MB).
[INFO DRT-0199]   Number of violations = 172.
Viol/Layer        mcon   met1   met2
Cut Spacing          1      0      0
Metal Spacing        0     26     10
Min Hole             0      1      0
Short                0    129      5
[INFO DRT-0267] cpu time = 00:02:02, elapsed time = 00:01:53, memory = 1284.63 (MB), peak = 1411.72 (MB)
Total wire length = 1323966 um.
Total wire length on LAYER li1 = 0 um.
Total wire length on LAYER met1 = 464523 um.
Total wire length on LAYER met2 = 516793 um.
Total wire length on LAYER met3 = 211834 um.
Total wire length on LAYER met4 = 128475 um.
Total wire length on LAYER met5 = 2340 um.
Total number of vias = 170247.
Up-via summary (total 170247):

-------------------------
 FR_MASTERSLICE         0
            li1     60860
           met1     88224
           met2     16009
           met3      5134
           met4        20
-------------------------
                   170247


[INFO DRT-0195] Start 9th optimization iteration.
    Completing 10% with 172 violations.
    elapsed time = 00:00:00, memory = 1284.63 (MB).
    Completing 20% with 172 violations.
    elapsed time = 00:00:00, memory = 1284.63 (MB).
    Completing 30% with 172 violations.
    elapsed time = 00:00:12, memory = 1284.63 (MB).
    Completing 40% with 172 violations.
    elapsed time = 00:00:12, memory = 1284.63 (MB).
    Completing 50% with 172 violations.
    elapsed time = 00:00:55, memory = 1305.17 (MB).
    Completing 60% with 56 violations.
    elapsed time = 00:00:55, memory = 1305.17 (MB).
    Completing 70% with 56 violations.
    elapsed time = 00:00:55, memory = 1305.17 (MB).
    Completing 80% with 56 violations.
    elapsed time = 00:00:55, memory = 1305.17 (MB).
    Completing 90% with 56 violations.
    elapsed time = 00:00:55, memory = 1305.17 (MB).
    Completing 100% with 56 violations.
    elapsed time = 00:00:55, memory = 1305.17 (MB).
[INFO DRT-0199]   Number of violations = 56.
Viol/Layer        met1    via   met2
Metal Spacing       12      0      0
Short               39      1      4
[INFO DRT-0267] cpu time = 00:00:57, elapsed time = 00:00:55, memory = 1305.17 (MB), peak = 1422.57 (MB)
Total wire length = 1323934 um.
Total wire length on LAYER li1 = 0 um.
Total wire length on LAYER met1 = 464454 um.
Total wire length on LAYER met2 = 516740 um.
Total wire length on LAYER met3 = 211893 um.
Total wire length on LAYER met4 = 128506 um.
Total wire length on LAYER met5 = 2340 um.
Total number of vias = 170274.
Up-via summary (total 170274):

-------------------------
 FR_MASTERSLICE         0
            li1     60860
           met1     88239
           met2     16022
           met3      5133
           met4        20
-------------------------
                   170274


[INFO DRT-0195] Start 10th optimization iteration.
    Completing 10% with 56 violations.
    elapsed time = 00:00:00, memory = 1305.17 (MB).
    Completing 20% with 56 violations.
    elapsed time = 00:00:00, memory = 1305.17 (MB).
    Completing 30% with 56 violations.
    elapsed time = 00:00:19, memory = 1305.17 (MB).
    Completing 40% with 56 violations.
    elapsed time = 00:00:19, memory = 1305.17 (MB).
    Completing 50% with 56 violations.
    elapsed time = 00:00:19, memory = 1305.17 (MB).
    Completing 60% with 40 violations.
    elapsed time = 00:00:22, memory = 1305.17 (MB).
    Completing 70% with 40 violations.
    elapsed time = 00:00:22, memory = 1305.17 (MB).
    Completing 80% with 33 violations.
    elapsed time = 00:00:25, memory = 1305.17 (MB).
    Completing 90% with 33 violations.
    elapsed time = 00:00:25, memory = 1305.17 (MB).
    Completing 100% with 33 violations.
    elapsed time = 00:00:25, memory = 1305.17 (MB).
[INFO DRT-0199]   Number of violations = 33.
Viol/Layer        met1
Metal Spacing        7
Short               26
[INFO DRT-0267] cpu time = 00:00:28, elapsed time = 00:00:25, memory = 1305.17 (MB), peak = 1422.57 (MB)
Total wire length = 1323940 um.
Total wire length on LAYER li1 = 0 um.
Total wire length on LAYER met1 = 464453 um.
Total wire length on LAYER met2 = 516742 um.
Total wire length on LAYER met3 = 211898 um.
Total wire length on LAYER met4 = 128506 um.
Total wire length on LAYER met5 = 2340 um.
Total number of vias = 170276.
Up-via summary (total 170276):

-------------------------
 FR_MASTERSLICE         0
            li1     60860
           met1     88238
           met2     16025
           met3      5133
           met4        20
-------------------------
                   170276


[INFO DRT-0195] Start 11th optimization iteration.
    Completing 10% with 33 violations.
    elapsed time = 00:00:00, memory = 1305.17 (MB).
    Completing 20% with 33 violations.
    elapsed time = 00:00:00, memory = 1305.17 (MB).
    Completing 30% with 33 violations.
    elapsed time = 00:00:00, memory = 1305.17 (MB).
    Completing 40% with 33 violations.
    elapsed time = 00:00:00, memory = 1305.17 (MB).
    Completing 50% with 33 violations.
    elapsed time = 00:00:00, memory = 1305.17 (MB).
    Completing 60% with 33 violations.
    elapsed time = 00:00:00, memory = 1305.17 (MB).
    Completing 70% with 33 violations.
    elapsed time = 00:00:00, memory = 1305.17 (MB).
    Completing 80% with 0 violations.
    elapsed time = 00:00:27, memory = 1305.17 (MB).
    Completing 90% with 0 violations.
    elapsed time = 00:00:27, memory = 1305.17 (MB).
    Completing 100% with 0 violations.
    elapsed time = 00:00:27, memory = 1305.17 (MB).
[INFO DRT-0199]   Number of violations = 0.
[INFO DRT-0267] cpu time = 00:00:29, elapsed time = 00:00:27, memory = 1305.17 (MB), peak = 1481.11 (MB)
Total wire length = 1323941 um.
Total wire length on LAYER li1 = 0 um.
Total wire length on LAYER met1 = 464414 um.
Total wire length on LAYER met2 = 516737 um.
Total wire length on LAYER met3 = 211912 um.
Total wire length on LAYER met4 = 128536 um.
Total wire length on LAYER met5 = 2340 um.
Total number of vias = 170302.
Up-via summary (total 170302):

-------------------------
 FR_MASTERSLICE         0
            li1     60860
           met1     88250
           met2     16031
           met3      5141
           met4        20
-------------------------
                   170302


[INFO DRT-0198] Complete detail routing.
Total wire length = 1323941 um.
Total wire length on LAYER li1 = 0 um.
Total wire length on LAYER met1 = 464414 um.
Total wire length on LAYER met2 = 516737 um.
Total wire length on LAYER met3 = 211912 um.
Total wire length on LAYER met4 = 128536 um.
Total wire length on LAYER met5 = 2340 um.
Total number of vias = 170302.
Up-via summary (total 170302):

-------------------------
 FR_MASTERSLICE         0
            li1     60860
           met1     88250
           met2     16031
           met3      5141
           met4        20
-------------------------
                   170302


[INFO DRT-0267] cpu time = 04:55:02, elapsed time = 01:27:05, memory = 1305.17 (MB), peak = 1481.11 (MB)

[INFO DRT-0180] Post processing.
Setting global connections for newly added cells…
[INFO] Setting global connections...
Updating metrics…
Cell type report:                       Count       Area
  Fill cell                               602    2259.67
  Tap cell                               9544   11941.45
  Antenna cell                            697    1744.17
  Buffer                                   96     360.35
  Clock buffer                            461    6307.30
  Timing Repair Buffer                   3079   23721.50
  Inverter                               1326    4977.27
  Clock inverter                          154    1834.26
  Sequential cell                        1280   34847.17
  Multi-Input combinational cell        10012   83894.21
  Total                                 27251  171887.35
Writing OpenROAD database to '/home/thu/openlane2/designs/cpu_riscv/runs/RUN_2026-07-14_03-15-21/43-openroad-detailedrouting/processor.odb'…
Writing netlist to '/home/thu/openlane2/designs/cpu_riscv/runs/RUN_2026-07-14_03-15-21/43-openroad-detailedrouting/processor.nl.v'…
Writing powered netlist to '/home/thu/openlane2/designs/cpu_riscv/runs/RUN_2026-07-14_03-15-21/43-openroad-detailedrouting/processor.pnl.v'…
Writing layout to '/home/thu/openlane2/designs/cpu_riscv/runs/RUN_2026-07-14_03-15-21/43-openroad-detailedrouting/processor.def'…
Writing timing constraints to '/home/thu/openlane2/designs/cpu_riscv/runs/RUN_2026-07-14_03-15-21/43-openroad-detailedrouting/processor.sdc'…
