
===========================================================================
report_checks -unconstrained
===========================================================================
======================= nom_ff_n40C_1v95 Corner ===================================

Startpoint: reset (input port clocked by clk)
Endpoint: _23506_ (recovery check against rising-edge clock clk)
Path Group: asynchronous
Path Type: max

Fanout         Cap        Slew       Delay        Time   Description
---------------------------------------------------------------------------------------------
                                  0.000000    0.000000   clock clk (rise edge)
                                  0.000000    0.000000   clock network delay (propagated)
                                  4.000000    4.000000 v input external delay
     1    0.002672    0.004535    0.002164    4.002164 v reset (in)
                                                         reset (net)
                      0.004535    0.000000    4.002164 v input1/A (sky130_fd_sc_hd__clkbuf_1)
     1    0.006360    0.030962    0.057883    4.060047 v input1/X (sky130_fd_sc_hd__clkbuf_1)
                                                         net1 (net)
                      0.030963    0.000254    4.060301 v fanout2848/A (sky130_fd_sc_hd__clkbuf_8)
     7    0.136104    0.105291    0.153913    4.214214 v fanout2848/X (sky130_fd_sc_hd__clkbuf_8)
                                                         net2848 (net)
                      0.113897    0.023328    4.237542 v fanout2764/A (sky130_fd_sc_hd__buf_4)
     5    0.104139    0.095662    0.189655    4.427197 v fanout2764/X (sky130_fd_sc_hd__buf_4)
                                                         net2764 (net)
                      0.096684    0.007962    4.435159 v fanout2763/A (sky130_fd_sc_hd__clkbuf_8)
     7    0.155898    0.117663    0.196798    4.631957 v fanout2763/X (sky130_fd_sc_hd__clkbuf_8)
                                                         net2763 (net)
                      0.117837    0.003835    4.635792 v fanout2730/A (sky130_fd_sc_hd__clkbuf_4)
     5    0.072065    0.102395    0.195273    4.831066 v fanout2730/X (sky130_fd_sc_hd__clkbuf_4)
                                                         net2730 (net)
                      0.102401    0.000702    4.831768 v fanout2729/A (sky130_fd_sc_hd__clkbuf_4)
     6    0.056058    0.084815    0.173269    5.005036 v fanout2729/X (sky130_fd_sc_hd__clkbuf_4)
                                                         net2729 (net)
                      0.084821    0.000873    5.005909 v fanout2727/A (sky130_fd_sc_hd__buf_4)
    10    0.083002    0.079084    0.164978    5.170888 v fanout2727/X (sky130_fd_sc_hd__buf_4)
                                                         net2727 (net)
                      0.079106    0.001108    5.171996 v fanout2726/A (sky130_fd_sc_hd__buf_4)
    10    0.076118    0.073588    0.159740    5.331737 v fanout2726/X (sky130_fd_sc_hd__buf_4)
                                                         net2726 (net)
                      0.073799    0.003201    5.334938 v _22226_/A (sky130_fd_sc_hd__inv_2)
     1    0.004155    0.028327    0.045429    5.380366 ^ _22226_/Y (sky130_fd_sc_hd__inv_2)
                                                         _00669_ (net)
                      0.028327    0.000086    5.380452 ^ _23506_/SET_B (sky130_fd_sc_hd__dfstp_2)
                                              5.380452   data arrival time

                                 20.000000   20.000000   clock clk (rise edge)
                                  0.000000   20.000000   clock source latency
     2    0.110642    0.373793    0.263769   20.263769 ^ clk (in)
                                                         clk (net)
                      0.374554    0.000000   20.263769 ^ clkbuf_0_clk/A (sky130_fd_sc_hd__clkbuf_16)
     4    0.204471    0.168606    0.232323   20.496092 ^ clkbuf_0_clk/X (sky130_fd_sc_hd__clkbuf_16)
                                                         clknet_0_clk (net)
                      0.169275    0.008543   20.504635 ^ clkbuf_2_0_0_clk/A (sky130_fd_sc_hd__clkbuf_8)
     8    0.208595    0.272219    0.281164   20.785799 ^ clkbuf_2_0_0_clk/X (sky130_fd_sc_hd__clkbuf_8)
                                                         clknet_2_0_0_clk (net)
                      0.272546    0.007809   20.793608 ^ clkbuf_5_3__f_clk/A (sky130_fd_sc_hd__clkbuf_16)
    10    0.106715    0.096533    0.178160   20.971767 ^ clkbuf_5_3__f_clk/X (sky130_fd_sc_hd__clkbuf_16)
                                                         clknet_5_3__leaf_clk (net)
                      0.096822    0.003805   20.975573 ^ clkbuf_leaf_52_clk/A (sky130_fd_sc_hd__clkbuf_8)
     6    0.027568    0.046755    0.113465   21.089037 ^ clkbuf_leaf_52_clk/X (sky130_fd_sc_hd__clkbuf_8)
                                                         clknet_leaf_52_clk (net)
                      0.046760    0.000476   21.089514 ^ _23506_/CLK (sky130_fd_sc_hd__dfstp_2)
                                 -0.250000   20.839514   clock uncertainty
                                  0.000000   20.839514   clock reconvergence pessimism
                                  0.086200   20.925713   library recovery time
                                             20.925713   data required time
---------------------------------------------------------------------------------------------
                                             20.925713   data required time
                                             -5.380452   data arrival time
---------------------------------------------------------------------------------------------
                                             15.545261   slack (MET)


Startpoint: _24088_ (rising edge-triggered flip-flop clocked by clk)
Endpoint: zero (output port clocked by clk)
Path Group: clk
Path Type: max

Fanout         Cap        Slew       Delay        Time   Description
---------------------------------------------------------------------------------------------
                                  0.000000    0.000000   clock clk (rise edge)
                                  0.000000    0.000000   clock source latency
     2    0.110642    0.373793    0.263769    0.263769 ^ clk (in)
                                                         clk (net)
                      0.374554    0.000000    0.263769 ^ clkbuf_0_clk/A (sky130_fd_sc_hd__clkbuf_16)
     4    0.204471    0.168606    0.232323    0.496092 ^ clkbuf_0_clk/X (sky130_fd_sc_hd__clkbuf_16)
                                                         clknet_0_clk (net)
                      0.169229    0.008255    0.504347 ^ clkbuf_2_2_0_clk/A (sky130_fd_sc_hd__clkbuf_8)
     8    0.208603    0.272379    0.279407    0.783755 ^ clkbuf_2_2_0_clk/X (sky130_fd_sc_hd__clkbuf_8)
                                                         clknet_2_2_0_clk (net)
                      0.273715    0.015493    0.799248 ^ clkbuf_5_21__f_clk/A (sky130_fd_sc_hd__clkbuf_16)
    12    0.103684    0.094547    0.175977    0.975225 ^ clkbuf_5_21__f_clk/X (sky130_fd_sc_hd__clkbuf_16)
                                                         clknet_5_21__leaf_clk (net)
                      0.094842    0.004248    0.979473 ^ clkbuf_leaf_213_clk/A (sky130_fd_sc_hd__clkbuf_8)
     8    0.032222    0.052265    0.117059    1.096532 ^ clkbuf_leaf_213_clk/X (sky130_fd_sc_hd__clkbuf_8)
                                                         clknet_leaf_213_clk (net)
                      0.052275    0.000700    1.097232 ^ _24088_/CLK (sky130_fd_sc_hd__dfrtp_1)
     2    0.006765    0.040569    0.242345    1.339577 v _24088_/Q (sky130_fd_sc_hd__dfrtp_1)
                                                         dp.ifu.PC[3] (net)
                      0.040614    0.000164    1.339742 v fanout2673/A (sky130_fd_sc_hd__buf_2)
    10    0.042123    0.074778    0.130849    1.470591 v fanout2673/X (sky130_fd_sc_hd__buf_2)
                                                         net2673 (net)
                      0.074844    0.001984    1.472574 v _11435_/B (sky130_fd_sc_hd__nor3b_1)
     4    0.013197    0.309090    0.278911    1.751485 ^ _11435_/Y (sky130_fd_sc_hd__nor3b_1)
                                                         _06572_ (net)
                      0.309090    0.000308    1.751794 ^ _11441_/A (sky130_fd_sc_hd__or2_1)
     1    0.009125    0.072339    0.114954    1.866747 ^ _11441_/X (sky130_fd_sc_hd__or2_1)
                                                         _06578_ (net)
                      0.072340    0.000442    1.867189 ^ fanout2317/A (sky130_fd_sc_hd__buf_4)
     5    0.085413    0.179400    0.179988    2.047177 ^ fanout2317/X (sky130_fd_sc_hd__buf_4)
                                                         net2317 (net)
                      0.179413    0.001283    2.048460 ^ fanout2314/A (sky130_fd_sc_hd__buf_4)
     6    0.061803    0.131944    0.167828    2.216287 ^ fanout2314/X (sky130_fd_sc_hd__buf_4)
                                                         net2314 (net)
                      0.131953    0.000907    2.217194 ^ fanout2313/A (sky130_fd_sc_hd__buf_6)
    10    0.083296    0.127163    0.147327    2.364521 ^ fanout2313/X (sky130_fd_sc_hd__buf_6)
                                                         net2313 (net)
                      0.127186    0.001455    2.365976 ^ fanout2312/A (sky130_fd_sc_hd__buf_6)
    10    0.087177    0.132863    0.149159    2.515135 ^ fanout2312/X (sky130_fd_sc_hd__buf_6)
                                                         net2312 (net)
                      0.134519    0.011878    2.527013 ^ _11487_/B1 (sky130_fd_sc_hd__o32ai_4)
     1    0.026351    0.065149    0.066385    2.593399 v _11487_/Y (sky130_fd_sc_hd__o32ai_4)
                                                         _06624_ (net)
                      0.065239    0.002554    2.595952 v fanout2244/A (sky130_fd_sc_hd__buf_8)
     9    0.137206    0.076733    0.135521    2.731473 v fanout2244/X (sky130_fd_sc_hd__buf_8)
                                                         net2244 (net)
                      0.076819    0.002311    2.733785 v fanout2231/A (sky130_fd_sc_hd__buf_8)
    11    0.112943    0.064480    0.128646    2.862431 v fanout2231/X (sky130_fd_sc_hd__buf_8)
                                                         net2231 (net)
                      0.064606    0.002393    2.864823 v _11493_/A2 (sky130_fd_sc_hd__a211o_4)
     3    0.014698    0.046580    0.230824    3.095647 v _11493_/X (sky130_fd_sc_hd__a211o_4)
                                                         _06630_ (net)
                      0.046612    0.000336    3.095983 v _11494_/B1 (sky130_fd_sc_hd__a21o_1)
     3    0.009123    0.042895    0.091519    3.187501 v _11494_/X (sky130_fd_sc_hd__a21o_1)
                                                         _06631_ (net)
                      0.042896    0.000262    3.187764 v _11533_/A3 (sky130_fd_sc_hd__a311o_1)
     3    0.009369    0.062063    0.246555    3.434319 v _11533_/X (sky130_fd_sc_hd__a311o_1)
                                                         _06670_ (net)
                      0.062063    0.000252    3.434571 v _11534_/C (sky130_fd_sc_hd__and3_1)
     1    0.004829    0.033349    0.130206    3.564776 v _11534_/X (sky130_fd_sc_hd__and3_1)
                                                         _06671_ (net)
                      0.033349    0.000104    3.564881 v _11535_/B1 (sky130_fd_sc_hd__a21o_4)
     2    0.023341    0.041616    0.104508    3.669389 v _11535_/X (sky130_fd_sc_hd__a21o_4)
                                                         _06672_ (net)
                      0.041618    0.000351    3.669739 v _11537_/B (sky130_fd_sc_hd__xnor2_2)
     1    0.009704    0.131204    0.121362    3.791102 ^ _11537_/Y (sky130_fd_sc_hd__xnor2_2)
                                                         _06674_ (net)
                      0.131204    0.000380    3.791481 ^ fanout1710/A (sky130_fd_sc_hd__buf_8)
     7    0.134208    0.165626    0.168200    3.959681 ^ fanout1710/X (sky130_fd_sc_hd__buf_8)
                                                         net1710 (net)
                      0.166005    0.006555    3.966236 ^ fanout1707/A (sky130_fd_sc_hd__buf_12)
     6    0.092922    0.087065    0.122611    4.088847 ^ fanout1707/X (sky130_fd_sc_hd__buf_12)
                                                         net1707 (net)
                      0.087121    0.001853    4.090700 ^ fanout1706/A (sky130_fd_sc_hd__buf_6)
     7    0.055846    0.088416    0.116903    4.207604 ^ fanout1706/X (sky130_fd_sc_hd__buf_6)
                                                         net1706 (net)
                      0.088515    0.002413    4.210017 ^ fanout1705/A (sky130_fd_sc_hd__buf_4)
     6    0.037810    0.083550    0.123864    4.333881 ^ fanout1705/X (sky130_fd_sc_hd__buf_4)
                                                         net1705 (net)
                      0.083557    0.000668    4.334549 ^ fanout1704/A (sky130_fd_sc_hd__buf_4)
     8    0.037869    0.083998    0.122842    4.457391 ^ fanout1704/X (sky130_fd_sc_hd__buf_4)
                                                         net1704 (net)
                      0.084029    0.001331    4.458722 ^ _11605_/A (sky130_fd_sc_hd__and2_4)
     2    0.016895    0.047620    0.109841    4.568563 ^ _11605_/X (sky130_fd_sc_hd__and2_4)
                                                         _06742_ (net)
                      0.047631    0.000705    4.569269 ^ fanout1541/A (sky130_fd_sc_hd__buf_12)
     6    0.063285    0.062113    0.095676    4.664945 ^ fanout1541/X (sky130_fd_sc_hd__buf_12)
                                                         net1541 (net)
                      0.062186    0.001338    4.666283 ^ _11948_/B (sky130_fd_sc_hd__nand2_8)
     5    0.157459    0.164717    0.119466    4.785749 v _11948_/Y (sky130_fd_sc_hd__nand2_8)
                                                         _07085_ (net)
                      0.165470    0.008893    4.794642 v fanout60/A (sky130_fd_sc_hd__buf_8)
     5    0.035278    0.033390    0.142591    4.937233 v fanout60/X (sky130_fd_sc_hd__buf_8)
                                                         net60 (net)
                      0.033411    0.000834    4.938067 v _21419_/A (sky130_fd_sc_hd__or4_4)
     1    0.004308    0.057539    0.314873    5.252941 v _21419_/X (sky130_fd_sc_hd__or4_4)
                                                         _06529_ (net)
                      0.057539    0.000116    5.253057 v _21420_/D (sky130_fd_sc_hd__or4_4)
     1    0.007877    0.062567    0.255189    5.508246 v _21420_/X (sky130_fd_sc_hd__or4_4)
                                                         _06530_ (net)
                      0.062568    0.000332    5.508578 v _21421_/D (sky130_fd_sc_hd__or4_4)
     1    0.009644    0.064734    0.260449    5.769028 v _21421_/X (sky130_fd_sc_hd__or4_4)
                                                         _06531_ (net)
                      0.064734    0.000413    5.769441 v _21422_/D (sky130_fd_sc_hd__or4_4)
     1    0.007152    0.061681    0.256071    6.025512 v _21422_/X (sky130_fd_sc_hd__or4_4)
                                                         _06532_ (net)
                      0.061681    0.000307    6.025819 v _21423_/C (sky130_fd_sc_hd__or4b_4)
     1    0.008103    0.062912    0.299458    6.325277 v _21423_/X (sky130_fd_sc_hd__or4b_4)
                                                         _06533_ (net)
                      0.062913    0.000389    6.325667 v _21424_/D (sky130_fd_sc_hd__or4_4)
     1    0.008727    0.063618    0.258693    6.584360 v _21424_/X (sky130_fd_sc_hd__or4_4)
                                                         _06534_ (net)
                      0.063618    0.000279    6.584639 v _21425_/C (sky130_fd_sc_hd__nor4_4)
     1    0.022958    0.286486    0.263087    6.847726 ^ _21425_/Y (sky130_fd_sc_hd__nor4_4)
                                                         net2 (net)
                      0.286604    0.002192    6.849919 ^ output2/A (sky130_fd_sc_hd__buf_6)
     1    0.034010    0.060009    0.107389    6.957308 ^ output2/X (sky130_fd_sc_hd__buf_6)
                                                         zero (net)
                      0.060016    0.000644    6.957952 ^ zero (out)
                                              6.957952   data arrival time

                                 20.000000   20.000000   clock clk (rise edge)
                                  0.000000   20.000000   clock network delay (propagated)
                                 -0.250000   19.750002   clock uncertainty
                                  0.000000   19.750002   clock reconvergence pessimism
                                 -4.000000   15.750001   output external delay
                                             15.750001   data required time
---------------------------------------------------------------------------------------------
                                             15.750001   data required time
                                             -6.957952   data arrival time
---------------------------------------------------------------------------------------------
                                              8.792048   slack (MET)




===========================================================================
report_checks --slack_max -0.01
============================================================================
======================= nom_ff_n40C_1v95 Corner ===================================

No paths found.


===========================================================================
 report_check_types -max_slew -max_cap -max_fanout -violators
============================================================================
======================= nom_ff_n40C_1v95 Corner ===================================

max fanout

Pin                                   Limit Fanout  Slack
---------------------------------------------------------
fanout821/X                              10     16     -6 (VIOLATED)
fanout57/X                               10     15     -5 (VIOLATED)
fanout1603/X                             10     14     -4 (VIOLATED)
fanout165/X                              10     14     -4 (VIOLATED)
_12480_/X                                10     13     -3 (VIOLATED)
clkbuf_5_16__f_clk/X                     10     13     -3 (VIOLATED)
clkbuf_5_29__f_clk/X                     10     13     -3 (VIOLATED)
fanout1046/X                             10     13     -3 (VIOLATED)
fanout1583/X                             10     13     -3 (VIOLATED)
fanout2566/X                             10     13     -3 (VIOLATED)
fanout431/X                              10     13     -3 (VIOLATED)
fanout78/X                               10     13     -3 (VIOLATED)
_12766_/X                                10     12     -2 (VIOLATED)
_13891_/X                                10     12     -2 (VIOLATED)
_13965_/X                                10     12     -2 (VIOLATED)
_13971_/X                                10     12     -2 (VIOLATED)
_14495_/X                                10     12     -2 (VIOLATED)
clkbuf_5_13__f_clk/X                     10     12     -2 (VIOLATED)
clkbuf_5_15__f_clk/X                     10     12     -2 (VIOLATED)
clkbuf_5_20__f_clk/X                     10     12     -2 (VIOLATED)
clkbuf_5_21__f_clk/X                     10     12     -2 (VIOLATED)
clkbuf_5_22__f_clk/X                     10     12     -2 (VIOLATED)
clkbuf_5_26__f_clk/X                     10     12     -2 (VIOLATED)
clkbuf_5_4__f_clk/X                      10     12     -2 (VIOLATED)
clkbuf_5_5__f_clk/X                      10     12     -2 (VIOLATED)
clkbuf_5_8__f_clk/X                      10     12     -2 (VIOLATED)
fanout1109/X                             10     12     -2 (VIOLATED)
fanout1370/X                             10     12     -2 (VIOLATED)
fanout1432/X                             10     12     -2 (VIOLATED)
fanout1592/X                             10     12     -2 (VIOLATED)
fanout1614/X                             10     12     -2 (VIOLATED)
fanout1664/X                             10     12     -2 (VIOLATED)
fanout173/X                              10     12     -2 (VIOLATED)
fanout2149/X                             10     12     -2 (VIOLATED)
fanout2505/X                             10     12     -2 (VIOLATED)
_12759_/X                                10     11        (VIOLATED)
clkbuf_5_14__f_clk/X                     10     11        (VIOLATED)
clkbuf_5_19__f_clk/X                     10     11        (VIOLATED)
clkbuf_5_2__f_clk/X                      10     11        (VIOLATED)
fanout1105/X                             10     11        (VIOLATED)
fanout1129/X                             10     11        (VIOLATED)
fanout1298/X                             10     11        (VIOLATED)
fanout1300/X                             10     11        (VIOLATED)
fanout1383/X                             10     11        (VIOLATED)
fanout1421/X                             10     11        (VIOLATED)
fanout1465/X                             10     11        (VIOLATED)
fanout1575/X                             10     11        (VIOLATED)
fanout1577/X                             10     11        (VIOLATED)
fanout1582/X                             10     11        (VIOLATED)
fanout1589/X                             10     11        (VIOLATED)
fanout1599/X                             10     11        (VIOLATED)
fanout1604/X                             10     11        (VIOLATED)
fanout1608/X                             10     11        (VIOLATED)
fanout1652/X                             10     11        (VIOLATED)
fanout1665/X                             10     11        (VIOLATED)
fanout167/X                              10     11        (VIOLATED)
fanout1689/X                             10     11        (VIOLATED)
fanout17/X                               10     11        (VIOLATED)
fanout1701/X                             10     11        (VIOLATED)
fanout177/X                              10     11        (VIOLATED)
fanout182/X                              10     11        (VIOLATED)
fanout1891/X                             10     11        (VIOLATED)
fanout193/X                              10     11        (VIOLATED)
fanout1975/X                             10     11        (VIOLATED)
fanout2091/X                             10     11        (VIOLATED)
fanout213/X                              10     11        (VIOLATED)
fanout216/X                              10     11        (VIOLATED)
fanout2231/X                             10     11        (VIOLATED)
fanout225/X                              10     11        (VIOLATED)
fanout2266/X                             10     11        (VIOLATED)
fanout245/X                              10     11        (VIOLATED)
fanout304/X                              10     11        (VIOLATED)
fanout319/X                              10     11        (VIOLATED)
fanout396/X                              10     11        (VIOLATED)
fanout427/X                              10     11        (VIOLATED)
fanout465/X                              10     11        (VIOLATED)
fanout51/X                               10     11        (VIOLATED)
fanout532/X                              10     11        (VIOLATED)
fanout564/X                              10     11        (VIOLATED)
fanout58/X                               10     11        (VIOLATED)
fanout623/X                              10     11        (VIOLATED)
fanout683/X                              10     11        (VIOLATED)
fanout691/X                              10     11        (VIOLATED)
fanout696/X                              10     11        (VIOLATED)
fanout725/X                              10     11        (VIOLATED)
fanout75/X                               10     11        (VIOLATED)
fanout753/X                              10     11        (VIOLATED)
fanout777/X                              10     11        (VIOLATED)
fanout798/X                              10     11        (VIOLATED)
fanout866/X                              10     11        (VIOLATED)
fanout88/X                               10     11        (VIOLATED)
fanout918/X                              10     11        (VIOLATED)
fanout928/X                              10     11        (VIOLATED)
fanout98/X                               10     11        (VIOLATED)

max capacitance

Pin                                        Limit         Cap       Slack
------------------------------------------------------------------------
_11524_/X                               0.200000    0.332441   -0.132441 (VIOLATED)
fanout2091/X                            0.200000    0.288070   -0.088070 (VIOLATED)
fanout78/X                              0.200000    0.281813   -0.081813 (VIOLATED)
fanout1576/X                            0.200000    0.281112   -0.081112 (VIOLATED)
fanout1933/X                            0.200000    0.269435   -0.069435 (VIOLATED)
fanout1665/X                            0.200000    0.262371   -0.062371 (VIOLATED)
fanout2227/X                            0.200000    0.251965   -0.051965 (VIOLATED)
fanout866/X                             0.200000    0.251717   -0.051717 (VIOLATED)
fanout1761/X                            0.200000    0.246450   -0.046450 (VIOLATED)
fanout1300/X                            0.200000    0.245293   -0.045293 (VIOLATED)
fanout1573/X                            0.200000    0.245066   -0.045066 (VIOLATED)
fanout431/X                             0.200000    0.243444   -0.043444 (VIOLATED)
fanout2505/X                            0.200000    0.242481   -0.042481 (VIOLATED)
fanout1370/X                            0.200000    0.240419   -0.040419 (VIOLATED)
fanout1920/X                            0.200000    0.236048   -0.036048 (VIOLATED)
fanout1603/X                            0.200000    0.236006   -0.036006 (VIOLATED)
fanout1322/X                            0.200000    0.231884   -0.031884 (VIOLATED)
fanout1597/X                            0.200000    0.225623   -0.025623 (VIOLATED)
fanout1611/X                            0.200000    0.222639   -0.022639 (VIOLATED)
fanout2108/X                            0.200000    0.216388   -0.016388 (VIOLATED)
fanout57/X                              0.200000    0.215283   -0.015283 (VIOLATED)
clkbuf_2_1_0_clk/X                      0.200000    0.215104   -0.015104 (VIOLATED)
fanout821/X                             0.200000    0.214888   -0.014888 (VIOLATED)
fanout1154/X                            0.200000    0.211872   -0.011872 (VIOLATED)
fanout1379/X                            0.200000    0.210860   -0.010860 (VIOLATED)
fanout732/X                             0.200000    0.208820   -0.008820 (VIOLATED)
clkbuf_2_2_0_clk/X                      0.200000    0.208603   -0.008603 (VIOLATED)
clkbuf_2_0_0_clk/X                      0.200000    0.208595   -0.008595 (VIOLATED)
fanout465/X                             0.200000    0.206218   -0.006218 (VIOLATED)
clkbuf_0_clk/X                          0.200000    0.204471   -0.004471 (VIOLATED)
fanout2056/X                            0.200000    0.204226   -0.004226 (VIOLATED)



===========================================================================
report_parasitic_annotation -report_unannotated
============================================================================
Found 286 unannotated drivers.
 clkload0/Y
 clkload1/Y
 clkload10/X
 clkload100/X
 clkload101/X
 clkload102/X
 clkload103/X
 clkload104/Y
 clkload105/X
 clkload106/X
 clkload107/Y
 clkload108/Y
 clkload109/Y
 clkload11/Y
 clkload110/X
 clkload111/Y
 clkload112/Y
 clkload113/Y
 clkload114/X
 clkload115/X
 clkload116/X
 clkload117/X
 clkload118/X
 clkload119/Y
 clkload12/Y
 clkload120/Y
 clkload121/Y
 clkload122/Y
 clkload123/X
 clkload124/Y
 clkload125/Y
 clkload126/Y
 clkload127/X
 clkload128/X
 clkload129/Y
 clkload13/Y
 clkload130/X
 clkload131/X
 clkload132/Y
 clkload133/X
 clkload134/X
 clkload135/Y
 clkload136/X
 clkload137/Y
 clkload138/X
 clkload139/X
 clkload14/Y
 clkload140/Y
 clkload141/Y
 clkload142/Y
 clkload143/Y
 clkload144/X
 clkload145/X
 clkload146/Y
 clkload147/X
 clkload148/X
 clkload149/Y
 clkload15/Y
 clkload150/Y
 clkload151/Y
 clkload152/Y
 clkload153/Y
 clkload154/Y
 clkload155/Y
 clkload156/Y
 clkload157/Y
 clkload158/X
 clkload159/X
 clkload16/Y
 clkload160/X
 clkload161/Y
 clkload162/X
 clkload163/Y
 clkload164/X
 clkload165/X
 clkload166/X
 clkload167/X
 clkload168/X
 clkload169/X
 clkload17/Y
 clkload170/X
 clkload171/X
 clkload172/X
 clkload173/Y
 clkload174/X
 clkload175/X
 clkload176/Y
 clkload177/X
 clkload178/X
 clkload179/X
 clkload18/Y
 clkload180/X
 clkload181/X
 clkload182/X
 clkload183/Y
 clkload184/X
 clkload185/Y
 clkload186/Y
 clkload187/X
 clkload188/X
 clkload189/X
 clkload19/Y
 clkload190/Y
 clkload191/X
 clkload192/Y
 clkload193/Y
 clkload194/X
 clkload195/Y
 clkload196/Y
 clkload197/Y
 clkload198/Y
 clkload199/Y
 clkload2/Y
 clkload20/Y
 clkload200/Y
 clkload201/Y
 clkload202/Y
 clkload203/Y
 clkload204/X
 clkload205/Y
 clkload206/Y
 clkload207/X
 clkload208/Y
 clkload209/Y
 clkload21/Y
 clkload210/Y
 clkload211/Y
 clkload212/Y
 clkload213/Y
 clkload214/Y
 clkload215/Y
 clkload216/Y
 clkload217/X
 clkload218/Y
 clkload219/X
 clkload22/Y
 clkload220/Y
 clkload221/Y
 clkload222/X
 clkload223/Y
 clkload224/Y
 clkload225/Y
 clkload226/X
 clkload227/X
 clkload228/Y
 clkload229/X
 clkload23/X
 clkload230/Y
 clkload231/X
 clkload232/X
 clkload233/X
 clkload234/Y
 clkload235/X
 clkload236/X
 clkload237/X
 clkload238/X
 clkload239/X
 clkload24/Y
 clkload240/X
 clkload241/Y
 clkload242/X
 clkload243/Y
 clkload244/Y
 clkload245/X
 clkload246/Y
 clkload247/X
 clkload248/Y
 clkload249/Y
 clkload25/Y
 clkload250/X
 clkload251/Y
 clkload252/Y
 clkload253/Y
 clkload254/Y
 clkload255/X
 clkload256/Y
 clkload257/Y
 clkload258/Y
 clkload259/X
 clkload26/Y
 clkload260/X
 clkload261/Y
 clkload262/X
 clkload263/X
 clkload264/X
 clkload265/Y
 clkload266/X
 clkload267/Y
 clkload268/X
 clkload269/X
 clkload27/X
 clkload270/Y
 clkload271/Y
 clkload272/Y
 clkload273/X
 clkload274/Y
 clkload275/X
 clkload276/Y
 clkload277/Y
 clkload278/Y
 clkload279/Y
 clkload28/X
 clkload280/X
 clkload281/X
 clkload282/Y
 clkload283/Y
 clkload284/Y
 clkload285/Y
 clkload29/X
 clkload3/Y
 clkload30/X
 clkload31/X
 clkload32/X
 clkload33/X
 clkload34/X
 clkload35/X
 clkload36/X
 clkload37/X
 clkload38/X
 clkload39/X
 clkload4/Y
 clkload40/X
 clkload41/X
 clkload42/X
 clkload43/X
 clkload44/Y
 clkload45/X
 clkload46/X
 clkload47/X
 clkload48/Y
 clkload49/Y
 clkload5/Y
 clkload50/X
 clkload51/Y
 clkload52/Y
 clkload53/X
 clkload54/Y
 clkload55/X
 clkload56/X
 clkload57/Y
 clkload58/Y
 clkload59/X
 clkload6/Y
 clkload60/Y
 clkload61/Y
 clkload62/Y
 clkload63/Y
 clkload64/Y
 clkload65/Y
 clkload66/Y
 clkload67/Y
 clkload68/Y
 clkload69/Y
 clkload7/Y
 clkload70/Y
 clkload71/X
 clkload72/X
 clkload73/Y
 clkload74/Y
 clkload75/Y
 clkload76/Y
 clkload77/X
 clkload78/X
 clkload79/X
 clkload8/Y
 clkload80/X
 clkload81/Y
 clkload82/X
 clkload83/X
 clkload84/Y
 clkload85/X
 clkload86/X
 clkload87/Y
 clkload88/X
 clkload89/X
 clkload9/Y
 clkload90/X
 clkload91/X
 clkload92/X
 clkload93/Y
 clkload94/X
 clkload95/X
 clkload96/Y
 clkload97/Y
 clkload98/X
 clkload99/Y
Found 0 partially unannotated drivers.

===========================================================================
max slew violation count 0
max fanout violation count 94
max cap violation count 31
============================================================================

===========================================================================
check_setup -verbose -unconstrained_endpoints -multiple_clock -no_clock -no_input_delay -loops -generated_clocks
===========================================================================
