┏━━━━━━━┳━━━━━━━━━┳━━━━━━━━━━┳━━━━━━━━━━━━━━━━━━━━━┳━━━━━━━━━━━━━━━━┳━━━━━━━┓
┃ P / R ┃ Partial ┃ Required ┃ Net                 ┃ Pin            ┃ Layer ┃
┡━━━━━━━╇━━━━━━━━━╇━━━━━━━━━━╇━━━━━━━━━━━━━━━━━━━━━╇━━━━━━━━━━━━━━━━╇━━━━━━━┩
│ 6.62  │ 2649.16 │ 400.00   │ net2056             │ fanout2043/A   │ met3  │
│ 6.37  │ 2547.10 │ 400.00   │ _10236_             │ _15132_/C1     │ met3  │
│ 5.33  │ 2130.37 │ 400.00   │ _07011_             │ fanout827/A    │ met3  │
│ 4.94  │ 1974.87 │ 400.00   │ _07075_             │ fanout638/A    │ met3  │
│ 4.68  │ 1871.21 │ 400.00   │ _06863_             │ fanout1248/A   │ met3  │
│ 4.56  │ 1824.56 │ 400.00   │ net2297             │ fanout2292/A   │ met3  │
│ 4.48  │ 1793.39 │ 400.00   │ net1326             │ _15084_/A2     │ met3  │
│ 4.29  │ 1717.43 │ 400.00   │ _06661_             │ _15829_/A1     │ met3  │
│ 4.29  │ 1717.43 │ 400.00   │ _06661_             │ _17266_/A1     │ met3  │
│ 4.18  │ 1673.51 │ 400.00   │ _06936_             │ fanout1037/A   │ met3  │
│ 4.01  │ 1604.33 │ 400.00   │ net1315             │ fanout1311/A   │ met3  │
│ 4.01  │ 1604.08 │ 400.00   │ net1379             │ fanout1376/A   │ met3  │
│ 3.84  │ 1534.64 │ 400.00   │ _06955_             │ fanout978/A    │ met3  │
│ 3.84  │ 1534.64 │ 400.00   │ _06963_             │ fanout214/A    │ met3  │
│ 3.80  │ 1521.16 │ 400.00   │ _06782_             │ fanout1452/A   │ met3  │
│ 3.69  │ 1477.03 │ 400.00   │ net1653             │ _13199_/C      │ met1  │
│ 3.68  │ 1472.15 │ 400.00   │ _06959_             │ fanout218/A    │ met3  │
│ 3.53  │ 1410.86 │ 400.00   │ _08283_             │ _13177_/C      │ met3  │
│ 3.51  │ 1405.08 │ 400.00   │ _09768_             │ _14664_/C      │ met1  │
│ 3.47  │ 1387.35 │ 400.00   │ dp.dm.mem[119\][3\] │ _15015_/A1     │ met3  │
│ 3.40  │ 1358.23 │ 400.00   │ _06805_             │ fanout1392/A   │ met3  │
│ 3.31  │ 1323.24 │ 400.00   │ _08431_             │ _13341_/B      │ met3  │
│ 3.25  │ 1301.07 │ 400.00   │ _06944_             │ fanout1013/A   │ met3  │
│ 3.13  │ 1253.53 │ 400.00   │ _09169_             │ _14080_/C      │ met3  │
│ 3.12  │ 1247.44 │ 400.00   │ net1674             │ _14589_/C      │ met1  │
│ 3.09  │ 1235.62 │ 400.00   │ _07616_             │ _12481_/D      │ met3  │
│ 3.03  │ 1213.51 │ 400.00   │ net123              │ fanout121/A    │ met3  │
│ 3.02  │ 1206.67 │ 400.00   │ dp.dm.mem[125\][3\] │ _15009_/A1     │ met3  │
│ 3.02  │ 1206.67 │ 400.00   │ dp.dm.mem[125\][3\] │ _19239_/A1     │ met3  │
│ 2.87  │ 1148.00 │ 400.00   │ _06623_             │ _19975_/A1     │ met3  │
│ 2.87  │ 1148.00 │ 400.00   │ net1576             │ _11837_/C      │ met3  │
│ 2.73  │ 1093.93 │ 400.00   │ net2861             │ fanout2537/A   │ met3  │
│ 2.69  │ 1075.10 │ 400.00   │ net928              │ _13110_/B1     │ met3  │
│ 2.69  │ 1075.10 │ 400.00   │ net1154             │ fanout1153/A   │ met3  │
│ 2.65  │ 1060.41 │ 400.00   │ _06829_             │ _18786_/S      │ met3  │
│ 2.65  │ 1060.38 │ 400.00   │ _08376_             │ _13273_/B      │ met3  │
│ 2.58  │ 1030.50 │ 400.00   │ dp.dm.mem[63\][3\]  │ _15024_/A1     │ met3  │
│ 2.58  │ 1030.50 │ 400.00   │ net1492             │ _19277_/A1     │ met3  │
│ 2.53  │ 1011.56 │ 400.00   │ net2149             │ _16090_/A0     │ met1  │
│ 2.48  │ 990.48  │ 400.00   │ net1557             │ _14217_/A2     │ met3  │
│ 2.48  │ 990.08  │ 400.00   │ _06916_             │ fanout1092/A   │ met3  │
│ 2.45  │ 979.42  │ 400.00   │ net1902             │ fanout1893/A   │ met3  │
│ 2.43  │ 972.76  │ 400.00   │ _09232_             │ _14140_/C      │ met3  │
│ 2.43  │ 972.76  │ 400.00   │ _09394_             │ _14295_/C      │ met3  │
│ 2.40  │ 961.31  │ 400.00   │ _10002_             │ _14898_/C1     │ met3  │
│ 2.37  │ 949.37  │ 400.00   │ net319              │ _19416_/A1     │ met1  │
│ 2.35  │ 941.28  │ 400.00   │ _06992_             │ _17251_/A1     │ met3  │
│ 2.35  │ 941.28  │ 400.00   │ net326              │ _20576_/A1     │ met3  │
│ 2.35  │ 938.56  │ 400.00   │ net1662             │ _11792_/B      │ met1  │
│ 2.35  │ 938.25  │ 400.00   │ _06800_             │ fanout1409/A   │ met3  │
│ 2.35  │ 938.25  │ 400.00   │ net2148             │ fanout2147/A   │ met3  │
│ 2.32  │ 929.46  │ 400.00   │ net244              │ fanout243/A    │ met1  │
│ 2.30  │ 919.93  │ 400.00   │ net2566             │ fanout2562/A   │ met1  │
│ 2.29  │ 915.43  │ 400.00   │ net2505             │ fanout2455/A   │ met3  │
│ 2.29  │ 915.43  │ 400.00   │ net2505             │ fanout2460/A   │ met3  │
│ 2.29  │ 915.43  │ 400.00   │ net2505             │ fanout2498/A   │ met3  │
│ 2.29  │ 915.43  │ 400.00   │ net2505             │ fanout2504/A   │ met3  │
│ 2.27  │ 909.74  │ 400.00   │ net465              │ fanout464/A    │ met3  │
│ 2.27  │ 909.74  │ 400.00   │ net1388             │ fanout1387/A   │ met3  │
│ 2.25  │ 898.11  │ 400.00   │ _06623_             │ _19832_/A1     │ met1  │
│ 2.24  │ 896.84  │ 400.00   │ _06739_             │ fanout489/A    │ met3  │
│ 2.24  │ 896.68  │ 400.00   │ dp.dm.mem[95\][5\]  │ _14852_/A1     │ met3  │
│ 2.22  │ 886.52  │ 400.00   │ net511              │ fanout510/A    │ met1  │
│ 2.22  │ 886.42  │ 400.00   │ net200              │ fanout199/A    │ met3  │
│ 2.19  │ 876.66  │ 400.00   │ net636              │ fanout635/A    │ met1  │
│ 2.18  │ 871.87  │ 400.00   │ _07005_             │ fanout838/A    │ met3  │
│ 2.18  │ 871.87  │ 400.00   │ _07005_             │ fanout839/A    │ met3  │
│ 2.14  │ 856.53  │ 400.00   │ net98               │ fanout97/A     │ met3  │
│ 2.13  │ 852.07  │ 400.00   │ _07074_             │ _15711_/C1     │ met3  │
│ 2.13  │ 852.07  │ 400.00   │ net193              │ _18419_/C1     │ met3  │
│ 2.12  │ 849.79  │ 400.00   │ _09925_             │ _14822_/A1     │ met3  │
│ 2.12  │ 849.79  │ 400.00   │ _09925_             │ _15196_/B1     │ met3  │
│ 2.09  │ 834.87  │ 400.00   │ net2091             │ fanout2085/A   │ met1  │
│ 2.08  │ 833.33  │ 400.00   │ dp.dm.mem[35\][6\]  │ _13007_/A      │ met1  │
│ 2.07  │ 829.66  │ 400.00   │ net2860             │ _13022_/B      │ met1  │
│ 2.05  │ 820.31  │ 400.00   │ net1823             │ fanout1819/A   │ met3  │
│ 2.05  │ 820.31  │ 400.00   │ net1823             │ fanout1820/A   │ met3  │
│ 2.02  │ 807.47  │ 400.00   │ dp.dm.mem[11\][3\]  │ _14999_/A1     │ met3  │
│ 2.02  │ 807.47  │ 400.00   │ net431              │ _18697_/A1     │ met3  │
│ 2.02  │ 806.29  │ 400.00   │ _08189_             │ _13081_/A      │ met3  │
│ 1.99  │ 797.52  │ 400.00   │ _09399_             │ _14295_/D      │ met3  │
│ 1.97  │ 787.94  │ 400.00   │ net1276             │ fanout1272/A   │ met3  │
│ 1.96  │ 782.95  │ 400.00   │ net1519             │ fanout1518/A   │ met3  │
│ 1.96  │ 782.80  │ 400.00   │ _06997_             │ fanout872/A    │ met3  │
│ 1.96  │ 782.76  │ 400.00   │ _06908_             │ fanout1116/A   │ met3  │
│ 1.91  │ 762.86  │ 400.00   │ _06877_             │ fanout1204/A   │ met3  │
│ 1.91  │ 762.86  │ 400.00   │ dp.dm.mem[127\][3\] │ _15023_/A1     │ met3  │
│ 1.89  │ 756.79  │ 400.00   │ _06925_             │ fanout1072/A   │ met3  │
│ 1.89  │ 756.79  │ 400.00   │ _06925_             │ fanout1073/A   │ met3  │
│ 1.89  │ 754.96  │ 400.00   │ net555              │ fanout552/A    │ met1  │
│ 1.87  │ 749.86  │ 400.00   │ _06922_             │ fanout1081/A   │ met1  │
│ 1.87  │ 749.00  │ 400.00   │ net1214             │ _14549_/A2     │ met1  │
│ 1.87  │ 5528.76 │ 2956.40  │ _09076_             │ _13972_/D      │ met4  │
│ 1.85  │ 740.57  │ 400.00   │ net200              │ fanout197/A    │ met3  │
│ 1.84  │ 735.69  │ 400.00   │ _06943_             │ _11812_/C      │ met2  │
│ 1.83  │ 733.89  │ 400.00   │ net2115             │ _18785_/A0     │ met1  │
│ 1.83  │ 730.93  │ 400.00   │ net632              │ fanout627/A    │ met3  │
│ 1.81  │ 722.84  │ 400.00   │ net51               │ fanout50/A     │ met3  │
│ 1.80  │ 721.70  │ 400.00   │ _07024_             │ fanout790/A    │ met3  │
│ 1.80  │ 721.70  │ 400.00   │ _07024_             │ fanout793/A    │ met3  │
│ 1.80  │ 721.70  │ 400.00   │ net590              │ _13275_/A2     │ met3  │
│ 1.80  │ 721.70  │ 400.00   │ net590              │ fanout586/A    │ met3  │
│ 1.80  │ 718.42  │ 400.00   │ net2108             │ _20037_/A2     │ met3  │
│ 1.80  │ 718.25  │ 400.00   │ _09182_             │ _14078_/C1     │ met3  │
│ 1.80  │ 718.25  │ 400.00   │ dp.dm.mem[54\][2\]  │ _14728_/B2     │ met3  │
│ 1.80  │ 718.25  │ 400.00   │ net213              │ _21269_/B      │ met3  │
│ 1.79  │ 717.06  │ 400.00   │ net532              │ fanout531/A    │ met1  │
│ 1.78  │ 5265.90 │ 2956.40  │ _09070_             │ _13972_/C      │ met4  │
│ 1.77  │ 709.90  │ 400.00   │ _08837_             │ _13738_/C      │ met3  │
│ 1.74  │ 697.36  │ 400.00   │ _07611_             │ _12481_/C      │ met2  │
│ 1.74  │ 696.47  │ 400.00   │ net1399             │ _15015_/A2     │ met1  │
│ 1.73  │ 692.58  │ 400.00   │ net551              │ _16321_/B1     │ met1  │
│ 1.72  │ 688.51  │ 400.00   │ net165              │ _16367_/B      │ met3  │
│ 1.72  │ 688.51  │ 400.00   │ net165              │ _16368_/A2     │ met3  │
│ 1.72  │ 688.51  │ 400.00   │ net165              │ _16947_/A1     │ met3  │
│ 1.70  │ 679.10  │ 400.00   │ net2763             │ fanout2738/A   │ met3  │
│ 1.70  │ 678.11  │ 400.00   │ _09149_             │ _14080_/B      │ met3  │
│ 1.69  │ 676.54  │ 400.00   │ net326              │ fanout324/A    │ met3  │
│ 1.69  │ 676.33  │ 400.00   │ _06623_             │ _15279_/A1     │ met1  │
│ 1.68  │ 673.65  │ 400.00   │ _09754_             │ _14663_/A      │ met3  │
│ 1.68  │ 673.65  │ 400.00   │ net2185             │ _20440_/A2     │ met3  │
│ 1.66  │ 664.40  │ 400.00   │ net1701             │ _11947_/A      │ met1  │
│ 1.66  │ 662.87  │ 400.00   │ net1353             │ fanout1352/A   │ met1  │
│ 1.64  │ 656.48  │ 400.00   │ net2003             │ fanout1996/A   │ met1  │
│ 1.63  │ 4652.57 │ 2857.40  │ _09600_             │ _14535_/A      │ met4  │
│ 1.63  │ 650.34  │ 400.00   │ net516              │ fanout512/A    │ met1  │
│ 1.62  │ 649.18  │ 400.00   │ clk                 │ clkbuf_0_clk/A │ met4  │
│ 1.62  │ 649.07  │ 400.00   │ net1761             │ _20617_/A2     │ met3  │
│ 1.62  │ 649.07  │ 400.00   │ net1761             │ fanout1748/A   │ met3  │
│ 1.61  │ 642.13  │ 400.00   │ net2227             │ fanout2217/A   │ met2  │
│ 1.59  │ 635.18  │ 400.00   │ net1679             │ _11882_/B      │ met1  │
│ 1.58  │ 632.00  │ 400.00   │ net1530             │ fanout1525/A   │ met3  │
│ 1.58  │ 631.11  │ 400.00   │ _07611_             │ _12481_/C      │ met3  │
│ 1.57  │ 629.14  │ 400.00   │ net346              │ _21332_/C1     │ met1  │
│ 1.57  │ 629.04  │ 400.00   │ _07900_             │ _12785_/C      │ met3  │
│ 1.57  │ 629.04  │ 400.00   │ _08332_             │ _13240_/C1     │ met3  │
│ 1.57  │ 629.04  │ 400.00   │ _09153_             │ _14052_/B      │ met3  │
│ 1.57  │ 628.53  │ 400.00   │ _09900_             │ _14800_/A      │ met1  │
│ 1.57  │ 627.01  │ 400.00   │ dp.dm.mem[54\][2\]  │ _13488_/B2     │ met3  │
│ 1.57  │ 627.01  │ 400.00   │ dp.dm.mem[54\][2\]  │ _14110_/A1     │ met3  │
│ 1.57  │ 626.78  │ 400.00   │ net1607             │ _12412_/B1     │ met3  │
│ 1.57  │ 626.78  │ 400.00   │ net1607             │ fanout1605/A   │ met3  │
│ 1.57  │ 626.37  │ 400.00   │ net120              │ fanout119/A    │ met1  │
│ 1.56  │ 625.91  │ 400.00   │ net1579             │ _11753_/B      │ met3  │
│ 1.56  │ 625.91  │ 400.00   │ net1579             │ _11785_/C      │ met3  │
│ 1.56  │ 625.91  │ 400.00   │ net1579             │ _11787_/D      │ met3  │
│ 1.56  │ 625.77  │ 400.00   │ net1423             │ _14945_/A2     │ met3  │
│ 1.56  │ 625.77  │ 400.00   │ net1423             │ fanout1420/A   │ met3  │
│ 1.56  │ 625.17  │ 400.00   │ net2150             │ _16953_/A0     │ met1  │
│ 1.56  │ 622.29  │ 400.00   │ _09646_             │ _14542_/D      │ met3  │
│ 1.56  │ 622.29  │ 400.00   │ net5                │ _14571_/C_N    │ met3  │
│ 1.55  │ 620.69  │ 400.00   │ _09575_             │ _14475_/B      │ met2  │
│ 1.55  │ 619.56  │ 400.00   │ net1124             │ _21188_/A1     │ met1  │
│ 1.55  │ 619.02  │ 400.00   │ net929              │ fanout928/A    │ met1  │
│ 1.52  │ 606.77  │ 400.00   │ dp.dm.mem[94\][6\]  │ _12477_/B2     │ met3  │
│ 1.52  │ 606.77  │ 400.00   │ dp.dm.mem[94\][6\]  │ _13030_/B2     │ met3  │
│ 1.51  │ 604.28  │ 400.00   │ _06950_             │ fanout992/A    │ met3  │
│ 1.51  │ 604.28  │ 400.00   │ _06950_             │ fanout993/A    │ met3  │
│ 1.50  │ 601.21  │ 400.00   │ net2848             │ fanout2764/A   │ met1  │
│ 1.48  │ 592.75  │ 400.00   │ net1615             │ _11889_/D      │ met1  │
│ 1.47  │ 587.22  │ 400.00   │ dp.dm.mem[127\][3\] │ _15266_/A0     │ met1  │
│ 1.46  │ 585.73  │ 400.00   │ _06710_             │ fanout1695/A   │ met1  │
│ 1.46  │ 584.44  │ 400.00   │ _09861_             │ _14803_/B1     │ met3  │
│ 1.46  │ 584.44  │ 400.00   │ dp.dm.mem[32\][6\]  │ _12755_/A1     │ met3  │
│ 1.46  │ 584.44  │ 400.00   │ dp.dm.mem[94\][0\]  │ _14798_/A1     │ met3  │
│ 1.46  │ 584.44  │ 400.00   │ net1597             │ _11914_/A      │ met3  │
│ 1.46  │ 4302.10 │ 2956.40  │ _07616_             │ _12481_/D      │ met4  │
│ 1.46  │ 4302.10 │ 2956.40  │ _08996_             │ _13892_/D      │ met4  │
│ 1.45  │ 4310.86 │ 2969.60  │ _07886_             │ _12786_/B      │ met4  │
│ 1.45  │ 579.58  │ 400.00   │ dp.dm.mem[85\][5\]  │ _13293_/A      │ met1  │
│ 1.45  │ 578.98  │ 400.00   │ net2848             │ fanout2809/A   │ met1  │
│ 1.44  │ 575.67  │ 400.00   │ dp.dm.mem[59\][3\]  │ _14978_/A1     │ met1  │
│ 1.44  │ 575.44  │ 400.00   │ net8                │ wire7/A        │ met3  │
│ 1.43  │ 572.79  │ 400.00   │ net1300             │ fanout1296/A   │ met3  │
│ 1.43  │ 572.79  │ 400.00   │ net1300             │ fanout1297/A   │ met3  │
│ 1.42  │ 569.22  │ 400.00   │ net2130             │ _19835_/A0     │ met1  │
│ 1.42  │ 569.22  │ 400.00   │ net2130             │ fanout2126/A   │ met1  │
│ 1.40  │ 4153.14 │ 2956.40  │ _07879_             │ _12786_/A      │ met4  │
│ 1.40  │ 560.77  │ 400.00   │ _07362_             │ fanout1774/A   │ met1  │
│ 1.39  │ 557.56  │ 400.00   │ dp.dm.mem[63\][2\]  │ _15099_/B2     │ met1  │
│ 1.39  │ 557.56  │ 400.00   │ dp.dm.mem[63\][2\]  │ _15841_/A0     │ met1  │
│ 1.39  │ 557.55  │ 400.00   │ dp.dm.mem[120\][2\] │ _13493_/A1     │ met1  │
│ 1.39  │ 3864.00 │ 2778.20  │ _08142_             │ _13043_/B      │ met4  │
│ 1.39  │ 556.10  │ 400.00   │ net1589             │ _11851_/C      │ met1  │
│ 1.38  │ 553.88  │ 400.00   │ net1611             │ _12416_/B1     │ met3  │
│ 1.38  │ 553.88  │ 400.00   │ net1611             │ fanout1609/A   │ met3  │
│ 1.38  │ 553.18  │ 400.00   │ dp.dm.mem[58\][4\]  │ _14548_/B2     │ met1  │
│ 1.38  │ 553.14  │ 400.00   │ net718              │ _16494_/B1     │ met1  │
│ 1.38  │ 550.44  │ 400.00   │ dp.dm.mem[56\][3\]  │ _13412_/A1     │ met1  │
│ 1.37  │ 4048.00 │ 2956.40  │ _10062_             │ _14973_/B      │ met4  │
│ 1.37  │ 547.31  │ 400.00   │ net1575             │ _11719_/D      │ met1  │
│ 1.36  │ 544.61  │ 400.00   │ net1670             │ _11714_/B      │ met1  │
│ 1.36  │ 544.45  │ 400.00   │ net1557             │ fanout1556/A   │ met3  │
│ 1.35  │ 540.81  │ 400.00   │ net1664             │ _11733_/D      │ met2  │
│ 1.35  │ 540.81  │ 400.00   │ net1664             │ _13195_/C      │ met2  │
│ 1.35  │ 540.00  │ 400.00   │ net2150             │ fanout2148/A   │ met1  │
│ 1.35  │ 539.83  │ 400.00   │ _05371_             │ _20037_/B2     │ met3  │
│ 1.35  │ 539.83  │ 400.00   │ _06967_             │ fanout951/A    │ met3  │
│ 1.35  │ 539.83  │ 400.00   │ _09156_             │ _14052_/D      │ met3  │
│ 1.35  │ 539.83  │ 400.00   │ _09982_             │ _14897_/B      │ met3  │
│ 1.35  │ 539.83  │ 400.00   │ net1106             │ _13257_/A2     │ met3  │
│ 1.35  │ 539.66  │ 400.00   │ dp.dm.mem[55\][3\]  │ _15050_/B2     │ met1  │
│ 1.35  │ 538.46  │ 400.00   │ dp.dm.mem[53\][2\]  │ _13487_/B2     │ met3  │
│ 1.35  │ 538.46  │ 400.00   │ dp.dm.mem[53\][2\]  │ _14669_/B2     │ met3  │
│ 1.35  │ 538.46  │ 400.00   │ dp.dm.mem[53\][2\]  │ _15064_/A1     │ met3  │
│ 1.35  │ 538.40  │ 400.00   │ net431              │ _18715_/A1     │ met3  │
│ 1.35  │ 538.40  │ 400.00   │ net431              │ _18721_/A1     │ met3  │
│ 1.35  │ 538.40  │ 400.00   │ net431              │ _18790_/C1     │ met3  │
│ 1.34  │ 534.67  │ 400.00   │ _06745_             │ _11624_/B      │ met3  │
│ 1.34  │ 534.67  │ 400.00   │ _07049_             │ _11918_/C      │ met3  │
│ 1.34  │ 534.67  │ 400.00   │ net1665             │ _13017_/C      │ met3  │
│ 1.34  │ 534.46  │ 400.00   │ net320              │ _19041_/B1     │ met1  │
│ 1.34  │ 534.25  │ 400.00   │ _06750_             │ fanout474/A    │ met4  │
│ 1.34  │ 534.25  │ 400.00   │ _06750_             │ fanout475/A    │ met4  │
│ 1.33  │ 532.31  │ 400.00   │ _06834_             │ _16861_/A1     │ met1  │
│ 1.33  │ 530.98  │ 400.00   │ dp.dm.mem[51\][3\]  │ _15046_/B2     │ met1  │
│ 1.33  │ 530.66  │ 400.00   │ _09666_             │ _14570_/B      │ met2  │
│ 1.33  │ 530.66  │ 400.00   │ dp.dm.mem[110\][5\] │ _14847_/B2     │ met2  │
│ 1.32  │ 528.95  │ 400.00   │ _07314_             │ fanout1815/A   │ met1  │
│ 1.32  │ 526.61  │ 400.00   │ _07903_             │ _12784_/D      │ met1  │
│ 1.31  │ 522.04  │ 400.00   │ dp.dm.mem[118\][2\] │ _13492_/A1     │ met3  │
│ 1.31  │ 522.04  │ 400.00   │ dp.dm.mem[118\][2\] │ _14101_/A1     │ met3  │
│ 1.31  │ 522.04  │ 400.00   │ dp.dm.mem[118\][2\] │ _15087_/B2     │ met3  │
│ 1.30  │ 521.13  │ 400.00   │ net1583             │ fanout1580/A   │ met3  │
│ 1.30  │ 520.47  │ 400.00   │ net1608             │ _14084_/D      │ met1  │
│ 1.29  │ 515.25  │ 400.00   │ net89               │ fanout87/A     │ met3  │
│ 1.29  │ 514.16  │ 400.00   │ net1868             │ fanout1860/A   │ met1  │
│ 1.28  │ 510.62  │ 400.00   │ _06805_             │ _19975_/S      │ met3  │
│ 1.28  │ 510.62  │ 400.00   │ _06805_             │ fanout1395/A   │ met3  │
│ 1.27  │ 3531.05 │ 2784.80  │ _08192_             │ _13081_/D      │ met4  │
│ 1.27  │ 506.09  │ 400.00   │ net1761             │ _16879_/A2     │ met3  │
│ 1.27  │ 506.09  │ 400.00   │ net1761             │ fanout1759/A   │ met3  │
│ 1.26  │ 502.65  │ 400.00   │ _08791_             │ _13687_/D      │ met2  │
│ 1.24  │ 497.14  │ 400.00   │ net17               │ _18468_/C1     │ met1  │
│ 1.24  │ 495.22  │ 400.00   │ _07676_             │ _12587_/A      │ met3  │
│ 1.24  │ 495.22  │ 400.00   │ _08311_             │ _13270_/D1     │ met3  │
│ 1.24  │ 495.22  │ 400.00   │ _08313_             │ _13282_/D1     │ met3  │
│ 1.24  │ 495.22  │ 400.00   │ _09759_             │ _14663_/B      │ met3  │
│ 1.24  │ 495.22  │ 400.00   │ net418              │ _16872_/A2     │ met3  │
│ 1.24  │ 494.61  │ 400.00   │ dp.dm.mem[77\][2\]  │ _14136_/A1     │ met1  │
│ 1.24  │ 494.35  │ 400.00   │ _07328_             │ fanout1790/A   │ met3  │
│ 1.24  │ 494.35  │ 400.00   │ _07328_             │ fanout1792/A   │ met3  │
│ 1.23  │ 493.73  │ 400.00   │ dp.dm.mem[112\][2\] │ _13489_/B2     │ met3  │
│ 1.23  │ 493.73  │ 400.00   │ dp.dm.mem[112\][2\] │ _14113_/B2     │ met3  │
│ 1.23  │ 493.73  │ 400.00   │ dp.dm.mem[112\][2\] │ _15062_/A1     │ met3  │
│ 1.23  │ 493.13  │ 400.00   │ _06992_             │ fanout174/A    │ met3  │
│ 1.23  │ 492.41  │ 400.00   │ dp.dm.mem[41\][6\]  │ _12449_/A1     │ met3  │
│ 1.23  │ 492.41  │ 400.00   │ dp.dm.mem[41\][6\]  │ _12738_/A1     │ met3  │
│ 1.23  │ 492.41  │ 400.00   │ dp.dm.mem[41\][6\]  │ _13840_/B2     │ met3  │
│ 1.23  │ 490.77  │ 400.00   │ net825              │ fanout824/A    │ met1  │
│ 1.20  │ 479.05  │ 400.00   │ _06770_             │ fanout452/A    │ met1  │
│ 1.19  │ 3522.29 │ 2956.40  │ _08990_             │ _13892_/C      │ met4  │
│ 1.19  │ 476.24  │ 400.00   │ net493              │ _19661_/C1     │ met1  │
│ 1.19  │ 475.76  │ 400.00   │ net1421             │ _19042_/C1     │ met1  │
│ 1.19  │ 3513.52 │ 2956.40  │ _09394_             │ _14295_/C      │ met4  │
│ 1.19  │ 475.33  │ 400.00   │ net1933             │ _15254_/A0     │ met1  │
│ 1.19  │ 474.70  │ 400.00   │ net683              │ _14253_/B1     │ met1  │
│ 1.18  │ 471.77  │ 400.00   │ net430              │ fanout429/A    │ met3  │
│ 1.18  │ 471.77  │ 400.00   │ net1677             │ fanout1676/A   │ met3  │
│ 1.18  │ 471.77  │ 400.00   │ net2111             │ fanout2110/A   │ met3  │
│ 1.17  │ 468.41  │ 400.00   │ net1984             │ fanout1983/A   │ met1  │
│ 1.17  │ 468.29  │ 400.00   │ net2244             │ fanout2238/A   │ met1  │
│ 1.17  │ 466.98  │ 400.00   │ net78               │ _15681_/C1     │ met3  │
│ 1.17  │ 466.98  │ 400.00   │ net78               │ _16443_/A1     │ met3  │
│ 1.17  │ 466.98  │ 400.00   │ net78               │ _16479_/A1     │ met3  │
│ 1.16  │ 464.58  │ 400.00   │ net1234             │ fanout1233/A   │ met2  │
│ 1.16  │ 3425.90 │ 2956.40  │ _08590_             │ _13496_/B      │ met3  │
│ 1.15  │ 459.03  │ 400.00   │ net1370             │ _14113_/A2     │ met4  │
│ 1.15  │ 459.03  │ 400.00   │ net1370             │ _14733_/A2     │ met4  │
│ 1.15  │ 459.03  │ 400.00   │ net1370             │ _15082_/A2     │ met4  │
│ 1.15  │ 459.03  │ 400.00   │ net1370             │ fanout1365/A   │ met4  │
│ 1.15  │ 459.03  │ 400.00   │ net1370             │ fanout1366/A   │ met4  │
│ 1.15  │ 458.80  │ 400.00   │ net1473             │ fanout1472/A   │ met1  │
│ 1.15  │ 458.80  │ 400.00   │ net2164             │ fanout2163/A   │ met1  │
│ 1.14  │ 457.95  │ 400.00   │ net668              │ fanout664/A    │ met3  │
│ 1.14  │ 457.95  │ 400.00   │ net668              │ fanout665/A    │ met3  │
│ 1.14  │ 457.95  │ 400.00   │ net1454             │ _14196_/A2     │ met1  │
│ 1.14  │ 457.73  │ 400.00   │ dp.dm.mem[117\][3\] │ _15000_/B2     │ met1  │
│ 1.14  │ 457.35  │ 400.00   │ net918              │ _18730_/C1     │ met1  │
│ 1.14  │ 455.24  │ 400.00   │ net1343             │ _13699_/B1     │ met3  │
│ 1.13  │ 3349.92 │ 2956.40  │ _07721_             │ _12589_/A2     │ met3  │
│ 1.13  │ 452.86  │ 400.00   │ net1824             │ _18565_/A2     │ met3  │
│ 1.13  │ 452.86  │ 400.00   │ net1824             │ _20242_/A2     │ met3  │
│ 1.13  │ 450.75  │ 400.00   │ net1058             │ fanout1057/A   │ met3  │
│ 1.13  │ 450.62  │ 400.00   │ _07022_             │ fanout144/A    │ met3  │
│ 1.13  │ 450.62  │ 400.00   │ _08917_             │ _13845_/B      │ met3  │
│ 1.13  │ 450.62  │ 400.00   │ _09401_             │ _14326_/A      │ met3  │
│ 1.13  │ 450.62  │ 400.00   │ _09532_             │ _14444_/C1     │ met3  │
│ 1.13  │ 450.62  │ 400.00   │ dp.dm.mem[46\][0\]  │ _14808_/B2     │ met3  │
│ 1.13  │ 450.62  │ 400.00   │ dp.dm.mem[72\][4\]  │ _13993_/B2     │ met3  │
│ 1.13  │ 450.62  │ 400.00   │ net216              │ _15586_/C1     │ met3  │
│ 1.13  │ 450.62  │ 400.00   │ net1127             │ _13906_/A2     │ met3  │
│ 1.12  │ 447.05  │ 400.00   │ _08121_             │ _13043_/A      │ met3  │
│ 1.12  │ 447.05  │ 400.00   │ _08192_             │ _13081_/D      │ met3  │
│ 1.12  │ 447.05  │ 400.00   │ _08842_             │ _13738_/D      │ met3  │
│ 1.11  │ 443.93  │ 400.00   │ net1614             │ _11818_/C      │ met1  │
│ 1.11  │ 443.93  │ 400.00   │ net1614             │ _11887_/C      │ met1  │
│ 1.11  │ 443.79  │ 400.00   │ net1689             │ _14084_/B      │ met1  │
│ 1.11  │ 3075.43 │ 2778.20  │ _08121_             │ _13043_/A      │ met4  │
│ 1.10  │ 441.20  │ 400.00   │ net708              │ _17076_/B1     │ met1  │
│ 1.10  │ 439.87  │ 400.00   │ net1383             │ fanout1382/A   │ met1  │
│ 1.10  │ 3250.67 │ 2956.40  │ _08587_             │ _13496_/A      │ met3  │
│ 1.10  │ 439.59  │ 400.00   │ dp.dm.mem[124\][3\] │ _15049_/A1     │ met1  │
│ 1.10  │ 438.60  │ 400.00   │ _07025_             │ fanout141/A    │ met1  │
│ 1.10  │ 438.20  │ 400.00   │ net294              │ _19160_/B      │ met3  │
│ 1.10  │ 438.20  │ 400.00   │ net294              │ _20408_/C1     │ met3  │
│ 1.10  │ 438.20  │ 400.00   │ net294              │ fanout293/A    │ met3  │
│ 1.09  │ 437.16  │ 400.00   │ dp.dm.mem[52\][2\]  │ _13494_/B2     │ met3  │
│ 1.09  │ 437.16  │ 400.00   │ dp.dm.mem[52\][2\]  │ _14107_/B2     │ met3  │
│ 1.09  │ 437.16  │ 400.00   │ dp.dm.mem[52\][2\]  │ _14724_/B2     │ met3  │
│ 1.09  │ 437.16  │ 400.00   │ dp.dm.mem[52\][2\]  │ _15058_/A1     │ met3  │
│ 1.09  │ 435.82  │ 400.00   │ net753              │ _14912_/A2     │ met1  │
│ 1.09  │ 435.06  │ 400.00   │ _07363_             │ _16765_/A2     │ met2  │
│ 1.09  │ 434.99  │ 400.00   │ net2505             │ fanout2504/A   │ met1  │
│ 1.08  │ 432.74  │ 400.00   │ net2231             │ _20406_/A      │ met1  │
│ 1.08  │ 432.39  │ 400.00   │ net623              │ _14770_/B1     │ met1  │
│ 1.08  │ 431.40  │ 400.00   │ net1707             │ _11792_/A      │ met1  │
│ 1.07  │ 429.92  │ 400.00   │ _09933_             │ _14851_/B      │ met1  │
│ 1.07  │ 429.19  │ 400.00   │ net2861             │ fanout2580/A   │ met1  │
│ 1.07  │ 429.03  │ 400.00   │ _08121_             │ _13043_/A      │ met2  │
│ 1.07  │ 428.32  │ 400.00   │ net173              │ _17187_/A1     │ met3  │
│ 1.07  │ 428.32  │ 400.00   │ net173              │ _17275_/A1     │ met3  │
│ 1.07  │ 3163.05 │ 2956.40  │ _08431_             │ _13341_/B      │ met4  │
│ 1.07  │ 426.07  │ 400.00   │ net57               │ _15431_/A1     │ met3  │
│ 1.07  │ 426.07  │ 400.00   │ net57               │ _15549_/B1     │ met3  │
│ 1.07  │ 426.01  │ 400.00   │ dp.dm.mem[114\][2\] │ _13466_/A1     │ met3  │
│ 1.07  │ 426.01  │ 400.00   │ dp.dm.mem[114\][2\] │ _14111_/A1     │ met3  │
│ 1.07  │ 426.01  │ 400.00   │ dp.dm.mem[114\][2\] │ _14680_/A1     │ met3  │
│ 1.07  │ 426.01  │ 400.00   │ dp.dm.mem[114\][2\] │ _15059_/B2     │ met3  │
│ 1.06  │ 423.62  │ 400.00   │ net1592             │ _11773_/D      │ met1  │
│ 1.06  │ 423.62  │ 400.00   │ net1592             │ _13693_/D      │ met1  │
│ 1.05  │ 421.12  │ 400.00   │ net2244             │ _16859_/A      │ met1  │
│ 1.05  │ 420.38  │ 400.00   │ net1200             │ fanout1196/A   │ met1  │
│ 1.05  │ 419.94  │ 400.00   │ net1053             │ fanout1049/A   │ met3  │
│ 1.05  │ 419.55  │ 400.00   │ net691              │ _14918_/B1     │ met1  │
│ 1.05  │ 419.33  │ 400.00   │ net2143             │ fanout2132/A   │ met1  │
│ 1.05  │ 419.23  │ 400.00   │ _09959_             │ _14859_/B      │ met1  │
│ 1.04  │ 416.88  │ 400.00   │ net1593             │ _11866_/A      │ met3  │
│ 1.04  │ 416.88  │ 400.00   │ net1593             │ _14490_/D      │ met3  │
│ 1.04  │ 2900.19 │ 2784.80  │ _08376_             │ _13273_/B      │ met4  │
│ 1.04  │ 416.01  │ 400.00   │ dp.dm.mem[77\][3\]  │ _14618_/A1     │ met2  │
│ 1.04  │ 415.32  │ 400.00   │ net226              │ _17155_/C1     │ met1  │
│ 1.04  │ 414.71  │ 400.00   │ dp.dm.mem[115\][6\] │ _12781_/B2     │ met1  │
│ 1.04  │ 414.40  │ 400.00   │ dp.dm.mem[78\][2\]  │ _13515_/B2     │ met1  │
│ 1.03  │ 413.79  │ 400.00   │ net1576             │ _11838_/A      │ met3  │
│ 1.03  │ 413.57  │ 400.00   │ net1474             │ _13080_/A2     │ met2  │
│ 1.03  │ 412.52  │ 400.00   │ _06773_             │ fanout451/A    │ met2  │
│ 1.03  │ 412.00  │ 400.00   │ net1594             │ _11638_/C      │ met3  │
│ 1.03  │ 412.00  │ 400.00   │ net1594             │ _11959_/D      │ met3  │
│ 1.03  │ 412.00  │ 400.00   │ net1594             │ _13219_/D      │ met3  │
│ 1.03  │ 410.63  │ 400.00   │ net1407             │ _14110_/A2     │ met3  │
│ 1.03  │ 410.60  │ 400.00   │ net1914             │ fanout1909/A   │ met3  │
│ 1.02  │ 408.61  │ 400.00   │ net1577             │ _13002_/D      │ met1  │
│ 1.02  │ 408.17  │ 400.00   │ net1046             │ _16811_/B      │ met1  │
│ 1.02  │ 406.49  │ 400.00   │ net1079             │ _16362_/C1     │ met1  │
│ 1.02  │ 406.07  │ 400.00   │ net2213             │ fanout2211/A   │ met1  │
│ 1.02  │ 406.01  │ 400.00   │ _08135_             │ _13077_/D1     │ met3  │
│ 1.02  │ 406.01  │ 400.00   │ _08904_             │ _13845_/A      │ met3  │
│ 1.01  │ 405.22  │ 400.00   │ net1677             │ _14578_/B      │ met1  │
│ 1.01  │ 2812.57 │ 2778.20  │ _10024_             │ _14921_/C      │ met4  │
│ 1.01  │ 404.41  │ 400.00   │ net1603             │ _11923_/B      │ met1  │
│ 1.01  │ 404.08  │ 400.00   │ net2614             │ fanout2613/A   │ met1  │
│ 1.01  │ 403.77  │ 400.00   │ net1361             │ _13837_/A2     │ met3  │
│ 1.01  │ 403.77  │ 400.00   │ net1361             │ _18636_/C1     │ met3  │
│ 1.01  │ 403.74  │ 400.00   │ dp.dm.mem[92\][6\]  │ _12764_/B2     │ met2  │
│ 1.01  │ 403.74  │ 400.00   │ dp.dm.mem[92\][6\]  │ _13028_/B2     │ met2  │
│ 1.01  │ 403.73  │ 400.00   │ _08635_             │ _13531_/B1     │ met3  │
│ 1.01  │ 402.54  │ 400.00   │ net1582             │ _11657_/B      │ met1  │
│ 1.00  │ 401.51  │ 400.00   │ net154              │ fanout152/A    │ met1  │
│ 1.00  │ 400.94  │ 400.00   │ net225              │ _17381_/A2     │ met1  │
│ 1.00  │ 400.26  │ 400.00   │ dp.dm.mem[122\][3\] │ _18664_/A1     │ met1  │
└───────┴─────────┴──────────┴─────────────────────┴────────────────┴───────┘
