Clock: clk
Sources: clk 
Generated: no
Virtual: no
Propagated: no
Period: 20.000000

===========================================================================
report_clock_properties
============================================================================
Clock                   Period          Waveform
----------------------------------------------------
clk                  20.000000    0.000000 10.000000

===========================================================================
report_clock_latency
============================================================================
Clock clk
rise -> rise
    min     max
0.000000 0.000000 source latency
5.856715         network latency _22837_/CLK
        5.856715 network latency _22837_/CLK
---------------
5.856715 5.856715 latency
        0.000000 skew

fall -> fall
    min     max
0.000000 0.000000 source latency
2.550499         network latency _22837_/CLK
        2.550499 network latency _22837_/CLK
---------------
2.550499 2.550499 latency
        0.000000 skew



===========================================================================
report_clock_min_period
============================================================================
clk period_min = 12.64 fmax = 79.11
