
===========================================================================
report_checks -unconstrained
===========================================================================
======================= max_tt_025C_1v80 Corner ===================================

Startpoint: reset (input port clocked by clk)
Endpoint: _23506_ (recovery check against rising-edge clock clk)
Path Group: asynchronous
Path Type: max

Fanout         Cap        Slew       Delay        Time   Description
---------------------------------------------------------------------------------------------
                                  0.000000    0.000000   clock clk (rise edge)
                                  0.000000    0.000000   clock network delay (propagated)
                                  4.000000    4.000000 v input external delay
     1    0.002664    0.008301    0.004243    4.004243 v reset (in)
                                                         reset (net)
                      0.008307    0.000000    4.004243 v input1/A (sky130_fd_sc_hd__clkbuf_1)
     1    0.006480    0.045949    0.089073    4.093316 v input1/X (sky130_fd_sc_hd__clkbuf_1)
                                                         net1 (net)
                      0.045954    0.000504    4.093820 v fanout2848/A (sky130_fd_sc_hd__clkbuf_8)
     7    0.145376    0.157181    0.227463    4.321283 v fanout2848/X (sky130_fd_sc_hd__clkbuf_8)
                                                         net2848 (net)
                      0.172701    0.038037    4.359321 v fanout2764/A (sky130_fd_sc_hd__buf_4)
     5    0.113841    0.146166    0.290752    4.650073 v fanout2764/X (sky130_fd_sc_hd__buf_4)
                                                         net2764 (net)
                      0.148513    0.014880    4.664952 v fanout2763/A (sky130_fd_sc_hd__clkbuf_8)
     7    0.169024    0.179395    0.298353    4.963305 v fanout2763/X (sky130_fd_sc_hd__clkbuf_8)
                                                         net2763 (net)
                      0.179931    0.008288    4.971593 v fanout2730/A (sky130_fd_sc_hd__clkbuf_4)
     5    0.079451    0.159961    0.302023    5.273616 v fanout2730/X (sky130_fd_sc_hd__clkbuf_4)
                                                         net2730 (net)
                      0.159992    0.001894    5.275511 v fanout2729/A (sky130_fd_sc_hd__clkbuf_4)
     6    0.060935    0.125534    0.268767    5.544278 v fanout2729/X (sky130_fd_sc_hd__clkbuf_4)
                                                         net2729 (net)
                      0.125604    0.002509    5.546786 v fanout2727/A (sky130_fd_sc_hd__buf_4)
    10    0.088450    0.117570    0.249176    5.795962 v fanout2727/X (sky130_fd_sc_hd__buf_4)
                                                         net2727 (net)
                      0.117641    0.002470    5.798432 v fanout2726/A (sky130_fd_sc_hd__buf_4)
    10    0.080540    0.107741    0.241284    6.039716 v fanout2726/X (sky130_fd_sc_hd__buf_4)
                                                         net2726 (net)
                      0.108377    0.006715    6.046432 v _22226_/A (sky130_fd_sc_hd__inv_2)
     1    0.004090    0.039907    0.068239    6.114671 ^ _22226_/Y (sky130_fd_sc_hd__inv_2)
                                                         _00669_ (net)
                      0.039907    0.000215    6.114886 ^ _23506_/SET_B (sky130_fd_sc_hd__dfstp_2)
                                              6.114886   data arrival time

                                 20.000000   20.000000   clock clk (rise edge)
                                  0.000000   20.000000   clock source latency
     2    0.116803    0.527423    0.371504   20.371504 ^ clk (in)
                                                         clk (net)
                      0.528405    0.000000   20.371504 ^ clkbuf_0_clk/A (sky130_fd_sc_hd__clkbuf_16)
     4    0.222932    0.235352    0.384944   20.756449 ^ clkbuf_0_clk/X (sky130_fd_sc_hd__clkbuf_16)
                                                         clknet_0_clk (net)
                      0.237219    0.016898   20.773346 ^ clkbuf_2_0_0_clk/A (sky130_fd_sc_hd__clkbuf_8)
     8    0.223659    0.382099    0.423151   21.196497 ^ clkbuf_2_0_0_clk/X (sky130_fd_sc_hd__clkbuf_8)
                                                         clknet_2_0_0_clk (net)
                      0.383306    0.017719   21.214216 ^ clkbuf_5_3__f_clk/A (sky130_fd_sc_hd__clkbuf_16)
    10    0.113641    0.129879    0.289210   21.503428 ^ clkbuf_5_3__f_clk/X (sky130_fd_sc_hd__clkbuf_16)
                                                         clknet_5_3__leaf_clk (net)
                      0.130695    0.008168   21.511595 ^ clkbuf_leaf_52_clk/A (sky130_fd_sc_hd__clkbuf_8)
     6    0.029006    0.064900    0.173950   21.685545 ^ clkbuf_leaf_52_clk/X (sky130_fd_sc_hd__clkbuf_8)
                                                         clknet_leaf_52_clk (net)
                      0.064928    0.001258   21.686802 ^ _23506_/CLK (sky130_fd_sc_hd__dfstp_2)
                                 -0.250000   21.436804   clock uncertainty
                                  0.000000   21.436804   clock reconvergence pessimism
                                  0.142407   21.579210   library recovery time
                                             21.579210   data required time
---------------------------------------------------------------------------------------------
                                             21.579210   data required time
                                             -6.114886   data arrival time
---------------------------------------------------------------------------------------------
                                             15.464324   slack (MET)


Startpoint: _24088_ (rising edge-triggered flip-flop clocked by clk)
Endpoint: zero (output port clocked by clk)
Path Group: clk
Path Type: max

Fanout         Cap        Slew       Delay        Time   Description
---------------------------------------------------------------------------------------------
                                  0.000000    0.000000   clock clk (rise edge)
                                  0.000000    0.000000   clock source latency
     2    0.116803    0.527423    0.371504    0.371504 ^ clk (in)
                                                         clk (net)
                      0.528405    0.000000    0.371504 ^ clkbuf_0_clk/A (sky130_fd_sc_hd__clkbuf_16)
     4    0.222932    0.235352    0.384945    0.756448 ^ clkbuf_0_clk/X (sky130_fd_sc_hd__clkbuf_16)
                                                         clknet_0_clk (net)
                      0.237226    0.016930    0.773378 ^ clkbuf_2_2_0_clk/A (sky130_fd_sc_hd__clkbuf_8)
     8    0.222458    0.380313    0.420743    1.194121 ^ clkbuf_2_2_0_clk/X (sky130_fd_sc_hd__clkbuf_8)
                                                         clknet_2_2_0_clk (net)
                      0.383089    0.026383    1.220505 ^ clkbuf_5_21__f_clk/A (sky130_fd_sc_hd__clkbuf_16)
    12    0.108387    0.125065    0.284137    1.504641 ^ clkbuf_5_21__f_clk/X (sky130_fd_sc_hd__clkbuf_16)
                                                         clknet_5_21__leaf_clk (net)
                      0.126096    0.008984    1.513625 ^ clkbuf_leaf_213_clk/A (sky130_fd_sc_hd__clkbuf_8)
     8    0.032994    0.070992    0.177199    1.690824 ^ clkbuf_leaf_213_clk/X (sky130_fd_sc_hd__clkbuf_8)
                                                         clknet_leaf_213_clk (net)
                      0.071043    0.001740    1.692564 ^ _24088_/CLK (sky130_fd_sc_hd__dfrtp_1)
     2    0.006906    0.058109    0.385413    2.077978 v _24088_/Q (sky130_fd_sc_hd__dfrtp_1)
                                                         dp.ifu.PC[3] (net)
                      0.058109    0.000379    2.078357 v fanout2673/A (sky130_fd_sc_hd__buf_2)
    10    0.043240    0.105768    0.199615    2.277972 v fanout2673/X (sky130_fd_sc_hd__buf_2)
                                                         net2673 (net)
                      0.106043    0.004030    2.282001 v _11435_/B (sky130_fd_sc_hd__nor3b_1)
     4    0.013376    0.449510    0.417044    2.699045 ^ _11435_/Y (sky130_fd_sc_hd__nor3b_1)
                                                         _06572_ (net)
                      0.449511    0.000748    2.699794 ^ _11441_/A (sky130_fd_sc_hd__or2_1)
     1    0.009865    0.103016    0.213613    2.913407 ^ _11441_/X (sky130_fd_sc_hd__or2_1)
                                                         _06578_ (net)
                      0.103021    0.000865    2.914272 ^ fanout2317/A (sky130_fd_sc_hd__buf_4)
     5    0.092954    0.258929    0.272835    3.187107 ^ fanout2317/X (sky130_fd_sc_hd__buf_4)
                                                         net2317 (net)
                      0.259001    0.003721    3.190828 ^ fanout2314/A (sky130_fd_sc_hd__buf_4)
     6    0.064408    0.181464    0.272834    3.463662 ^ fanout2314/X (sky130_fd_sc_hd__buf_4)
                                                         net2314 (net)
                      0.181493    0.001934    3.465596 ^ fanout2313/A (sky130_fd_sc_hd__buf_6)
    10    0.086179    0.175218    0.225767    3.691363 ^ fanout2313/X (sky130_fd_sc_hd__buf_6)
                                                         net2313 (net)
                      0.175328    0.003733    3.695096 ^ fanout2312/A (sky130_fd_sc_hd__buf_6)
    10    0.089934    0.182722    0.226015    3.921111 ^ fanout2312/X (sky130_fd_sc_hd__buf_6)
                                                         net2312 (net)
                      0.187216    0.022728    3.943839 ^ _11487_/B1 (sky130_fd_sc_hd__o32ai_4)
     1    0.029266    0.129069    0.165297    4.109135 v _11487_/Y (sky130_fd_sc_hd__o32ai_4)
                                                         _06624_ (net)
                      0.129111    0.004021    4.113157 v fanout2244/A (sky130_fd_sc_hd__buf_8)
     9    0.150796    0.114209    0.218735    4.331892 v fanout2244/X (sky130_fd_sc_hd__buf_8)
                                                         net2244 (net)
                      0.114746    0.006846    4.338738 v fanout2231/A (sky130_fd_sc_hd__buf_8)
    11    0.121428    0.092968    0.194314    4.533052 v fanout2231/X (sky130_fd_sc_hd__buf_8)
                                                         net2231 (net)
                      0.093396    0.005643    4.538695 v _11493_/A2 (sky130_fd_sc_hd__a211o_4)
     3    0.015065    0.066025    0.371568    4.910263 v _11493_/X (sky130_fd_sc_hd__a211o_4)
                                                         _06630_ (net)
                      0.066086    0.000711    4.910973 v _11494_/B1 (sky130_fd_sc_hd__a21o_1)
     3    0.009361    0.060069    0.186878    5.097851 v _11494_/X (sky130_fd_sc_hd__a21o_1)
                                                         _06631_ (net)
                      0.060073    0.000559    5.098410 v _11533_/A3 (sky130_fd_sc_hd__a311o_1)
     3    0.009653    0.085574    0.390419    5.488830 v _11533_/X (sky130_fd_sc_hd__a311o_1)
                                                         _06670_ (net)
                      0.085575    0.000544    5.489373 v _11534_/C (sky130_fd_sc_hd__and3_1)
     1    0.004723    0.044998    0.201923    5.691296 v _11534_/X (sky130_fd_sc_hd__and3_1)
                                                         _06671_ (net)
                      0.044999    0.000218    5.691514 v _11535_/B1 (sky130_fd_sc_hd__a21o_4)
     2    0.023741    0.056777    0.209463    5.900977 v _11535_/X (sky130_fd_sc_hd__a21o_4)
                                                         _06672_ (net)
                      0.056788    0.000805    5.901783 v _11537_/B (sky130_fd_sc_hd__xnor2_2)
     1    0.009980    0.176999    0.172857    6.074640 ^ _11537_/Y (sky130_fd_sc_hd__xnor2_2)
                                                         _06674_ (net)
                      0.177014    0.000808    6.075448 ^ fanout1710/A (sky130_fd_sc_hd__buf_8)
     7    0.146723    0.237788    0.262633    6.338080 ^ fanout1710/X (sky130_fd_sc_hd__buf_8)
                                                         net1710 (net)
                      0.238800    0.012807    6.350888 ^ fanout1707/A (sky130_fd_sc_hd__buf_12)
     6    0.101405    0.125426    0.206062    6.556950 ^ fanout1707/X (sky130_fd_sc_hd__buf_12)
                                                         net1707 (net)
                      0.125674    0.004657    6.561607 ^ fanout1706/A (sky130_fd_sc_hd__buf_6)
     7    0.060163    0.125691    0.184440    6.746047 ^ fanout1706/X (sky130_fd_sc_hd__buf_6)
                                                         net1706 (net)
                      0.125962    0.004776    6.750823 ^ fanout1705/A (sky130_fd_sc_hd__buf_4)
     6    0.040586    0.119392    0.194887    6.945710 ^ fanout1705/X (sky130_fd_sc_hd__buf_4)
                                                         net1705 (net)
                      0.119430    0.001783    6.947493 ^ fanout1704/A (sky130_fd_sc_hd__buf_4)
     8    0.040203    0.118355    0.192164    7.139657 ^ fanout1704/X (sky130_fd_sc_hd__buf_4)
                                                         net1704 (net)
                      0.118434    0.002525    7.142181 ^ _11605_/A (sky130_fd_sc_hd__and2_4)
     2    0.017396    0.067286    0.182604    7.324785 ^ _11605_/X (sky130_fd_sc_hd__and2_4)
                                                         _06742_ (net)
                      0.067334    0.001589    7.326375 ^ fanout1541/A (sky130_fd_sc_hd__buf_12)
     6    0.063962    0.083235    0.140410    7.466785 ^ fanout1541/X (sky130_fd_sc_hd__buf_12)
                                                         net1541 (net)
                      0.083471    0.003530    7.470315 ^ _11948_/B (sky130_fd_sc_hd__nand2_8)
     5    0.174536    0.250949    0.191682    7.661996 v _11948_/Y (sky130_fd_sc_hd__nand2_8)
                                                         _07085_ (net)
                      0.253109    0.018739    7.680736 v fanout60/A (sky130_fd_sc_hd__buf_8)
     5    0.038273    0.046287    0.225739    7.906475 v fanout60/X (sky130_fd_sc_hd__buf_8)
                                                         net60 (net)
                      0.046409    0.002272    7.908747 v _21419_/A (sky130_fd_sc_hd__or4_4)
     1    0.004517    0.083330    0.525284    8.434031 v _21419_/X (sky130_fd_sc_hd__or4_4)
                                                         _06529_ (net)
                      0.083330    0.000192    8.434222 v _21420_/D (sky130_fd_sc_hd__or4_4)
     1    0.008812    0.092142    0.437036    8.871259 v _21420_/X (sky130_fd_sc_hd__or4_4)
                                                         _06530_ (net)
                      0.092142    0.000675    8.871934 v _21421_/D (sky130_fd_sc_hd__or4_4)
     1    0.010226    0.094664    0.444787    9.316721 v _21421_/X (sky130_fd_sc_hd__or4_4)
                                                         _06531_ (net)
                      0.094664    0.000663    9.317385 v _21422_/D (sky130_fd_sc_hd__or4_4)
     1    0.007892    0.090473    0.437188    9.754573 v _21422_/X (sky130_fd_sc_hd__or4_4)
                                                         _06532_ (net)
                      0.090473    0.000665    9.755238 v _21423_/C (sky130_fd_sc_hd__or4b_4)
     1    0.008956    0.092535    0.506748   10.261986 v _21423_/X (sky130_fd_sc_hd__or4b_4)
                                                         _06533_ (net)
                      0.092535    0.000738   10.262723 v _21424_/D (sky130_fd_sc_hd__or4_4)
     1    0.008895    0.092186    0.440104   10.702827 v _21424_/X (sky130_fd_sc_hd__or4_4)
                                                         _06534_ (net)
                      0.092186    0.000673   10.703501 v _21425_/C (sky130_fd_sc_hd__nor4_4)
     1    0.025053    0.421426    0.402916   11.106417 ^ _21425_/Y (sky130_fd_sc_hd__nor4_4)
                                                         net2 (net)
                      0.421613    0.003417   11.109834 ^ output2/A (sky130_fd_sc_hd__buf_6)
     1    0.034049    0.080594    0.199581   11.309414 ^ output2/X (sky130_fd_sc_hd__buf_6)
                                                         zero (net)
                      0.080633    0.001624   11.311039 ^ zero (out)
                                             11.311039   data arrival time

                                 20.000000   20.000000   clock clk (rise edge)
                                  0.000000   20.000000   clock network delay (propagated)
                                 -0.250000   19.750002   clock uncertainty
                                  0.000000   19.750002   clock reconvergence pessimism
                                 -4.000000   15.750001   output external delay
                                             15.750001   data required time
---------------------------------------------------------------------------------------------
                                             15.750001   data required time
                                            -11.311039   data arrival time
---------------------------------------------------------------------------------------------
                                              4.438962   slack (MET)




===========================================================================
report_checks --slack_max -0.01
============================================================================
======================= max_tt_025C_1v80 Corner ===================================

No paths found.


===========================================================================
 report_check_types -max_slew -max_cap -max_fanout -violators
============================================================================
======================= max_tt_025C_1v80 Corner ===================================

max slew

Pin                                        Limit        Slew       Slack
------------------------------------------------------------------------
_14589_/B                               0.750000    1.039368   -0.289368 (VIOLATED)
_13011_/B                               0.750000    1.039363   -0.289363 (VIOLATED)
ANTENNA_573/DIODE                       0.750000    1.039342   -0.289342 (VIOLATED)
_13022_/B                               0.750000    1.039341   -0.289341 (VIOLATED)
_13203_/B                               0.750000    1.039278   -0.289278 (VIOLATED)
_13222_/B                               0.750000    1.039272   -0.289272 (VIOLATED)
clone12/X                               0.750000    1.039156   -0.289156 (VIOLATED)
_17266_/A1                              0.750000    0.996398   -0.246398 (VIOLATED)
ANTENNA_7/DIODE                         0.750000    0.996389   -0.246389 (VIOLATED)
_15829_/A1                              0.750000    0.996374   -0.246374 (VIOLATED)
ANTENNA_6/DIODE                         0.750000    0.996372   -0.246372 (VIOLATED)
_11527_/A2                              0.750000    0.991768   -0.241768 (VIOLATED)
_20478_/A1                              0.750000    0.991348   -0.241348 (VIOLATED)
ANTENNA_576/DIODE                       0.750000    0.991344   -0.241344 (VIOLATED)
_21371_/B                               0.750000    0.991244   -0.241244 (VIOLATED)
_17794_/A1                              0.750000    0.991233   -0.241233 (VIOLATED)
ANTENNA_575/DIODE                       0.750000    0.991184   -0.241184 (VIOLATED)
_11524_/X                               0.750000    0.990798   -0.240798 (VIOLATED)
fanout1650/A                            0.750000    0.933379   -0.183379 (VIOLATED)
fanout1640/A                            0.750000    0.933351   -0.183351 (VIOLATED)
fanout1643/A                            0.750000    0.933238   -0.183238 (VIOLATED)
_11594_/Y                               0.750000    0.932894   -0.182894 (VIOLATED)
wire5/A                                 0.750000    0.906893   -0.156893 (VIOLATED)
_14570_/Y                               0.750000    0.906886   -0.156886 (VIOLATED)
fanout1600/A                            0.750000    0.889048   -0.139048 (VIOLATED)
max_cap1601/A                           0.750000    0.889013   -0.139013 (VIOLATED)
_11628_/Y                               0.750000    0.889000   -0.139000 (VIOLATED)
fanout1586/A                            0.750000    0.873934   -0.123934 (VIOLATED)
wire1587/A                              0.750000    0.873705   -0.123705 (VIOLATED)
_11644_/Y                               0.750000    0.873690   -0.123691 (VIOLATED)
_20037_/B2                              0.750000    0.832034   -0.082034 (VIOLATED)
ANTENNA_1/DIODE                         0.750000    0.832033   -0.082033 (VIOLATED)
_20036_/Y                               0.750000    0.831948   -0.081948 (VIOLATED)
_13245_/D                               0.750000    0.806145   -0.056145 (VIOLATED)
_13244_/Y                               0.750000    0.806024   -0.056024 (VIOLATED)
_14976_/B                               0.750000    0.777460   -0.027460 (VIOLATED)
_14977_/A2                              0.750000    0.777459   -0.027459 (VIOLATED)
_14974_/Y                               0.750000    0.777112   -0.027112 (VIOLATED)
wire4/A                                 0.750000    0.772351   -0.022351 (VIOLATED)
_13767_/Y                               0.750000    0.772343   -0.022343 (VIOLATED)

max fanout

Pin                                   Limit Fanout  Slack
---------------------------------------------------------
fanout821/X                              10     16     -6 (VIOLATED)
fanout57/X                               10     15     -5 (VIOLATED)
fanout1603/X                             10     14     -4 (VIOLATED)
fanout165/X                              10     14     -4 (VIOLATED)
_12480_/X                                10     13     -3 (VIOLATED)
clkbuf_5_16__f_clk/X                     10     13     -3 (VIOLATED)
clkbuf_5_29__f_clk/X                     10     13     -3 (VIOLATED)
fanout1046/X                             10     13     -3 (VIOLATED)
fanout1583/X                             10     13     -3 (VIOLATED)
fanout2566/X                             10     13     -3 (VIOLATED)
fanout431/X                              10     13     -3 (VIOLATED)
fanout78/X                               10     13     -3 (VIOLATED)
_12766_/X                                10     12     -2 (VIOLATED)
_13891_/X                                10     12     -2 (VIOLATED)
_13965_/X                                10     12     -2 (VIOLATED)
_13971_/X                                10     12     -2 (VIOLATED)
_14495_/X                                10     12     -2 (VIOLATED)
clkbuf_5_13__f_clk/X                     10     12     -2 (VIOLATED)
clkbuf_5_15__f_clk/X                     10     12     -2 (VIOLATED)
clkbuf_5_20__f_clk/X                     10     12     -2 (VIOLATED)
clkbuf_5_21__f_clk/X                     10     12     -2 (VIOLATED)
clkbuf_5_22__f_clk/X                     10     12     -2 (VIOLATED)
clkbuf_5_26__f_clk/X                     10     12     -2 (VIOLATED)
clkbuf_5_4__f_clk/X                      10     12     -2 (VIOLATED)
clkbuf_5_5__f_clk/X                      10     12     -2 (VIOLATED)
clkbuf_5_8__f_clk/X                      10     12     -2 (VIOLATED)
fanout1109/X                             10     12     -2 (VIOLATED)
fanout1370/X                             10     12     -2 (VIOLATED)
fanout1432/X                             10     12     -2 (VIOLATED)
fanout1592/X                             10     12     -2 (VIOLATED)
fanout1614/X                             10     12     -2 (VIOLATED)
fanout1664/X                             10     12     -2 (VIOLATED)
fanout173/X                              10     12     -2 (VIOLATED)
fanout2149/X                             10     12     -2 (VIOLATED)
fanout2505/X                             10     12     -2 (VIOLATED)
_12759_/X                                10     11        (VIOLATED)
clkbuf_5_14__f_clk/X                     10     11        (VIOLATED)
clkbuf_5_19__f_clk/X                     10     11        (VIOLATED)
clkbuf_5_2__f_clk/X                      10     11        (VIOLATED)
fanout1105/X                             10     11        (VIOLATED)
fanout1129/X                             10     11        (VIOLATED)
fanout1298/X                             10     11        (VIOLATED)
fanout1300/X                             10     11        (VIOLATED)
fanout1383/X                             10     11        (VIOLATED)
fanout1421/X                             10     11        (VIOLATED)
fanout1465/X                             10     11        (VIOLATED)
fanout1575/X                             10     11        (VIOLATED)
fanout1577/X                             10     11        (VIOLATED)
fanout1582/X                             10     11        (VIOLATED)
fanout1589/X                             10     11        (VIOLATED)
fanout1599/X                             10     11        (VIOLATED)
fanout1604/X                             10     11        (VIOLATED)
fanout1608/X                             10     11        (VIOLATED)
fanout1652/X                             10     11        (VIOLATED)
fanout1665/X                             10     11        (VIOLATED)
fanout167/X                              10     11        (VIOLATED)
fanout1689/X                             10     11        (VIOLATED)
fanout17/X                               10     11        (VIOLATED)
fanout1701/X                             10     11        (VIOLATED)
fanout177/X                              10     11        (VIOLATED)
fanout182/X                              10     11        (VIOLATED)
fanout1891/X                             10     11        (VIOLATED)
fanout193/X                              10     11        (VIOLATED)
fanout1975/X                             10     11        (VIOLATED)
fanout2091/X                             10     11        (VIOLATED)
fanout213/X                              10     11        (VIOLATED)
fanout216/X                              10     11        (VIOLATED)
fanout2231/X                             10     11        (VIOLATED)
fanout225/X                              10     11        (VIOLATED)
fanout2266/X                             10     11        (VIOLATED)
fanout245/X                              10     11        (VIOLATED)
fanout304/X                              10     11        (VIOLATED)
fanout319/X                              10     11        (VIOLATED)
fanout396/X                              10     11        (VIOLATED)
fanout427/X                              10     11        (VIOLATED)
fanout465/X                              10     11        (VIOLATED)
fanout51/X                               10     11        (VIOLATED)
fanout532/X                              10     11        (VIOLATED)
fanout564/X                              10     11        (VIOLATED)
fanout58/X                               10     11        (VIOLATED)
fanout623/X                              10     11        (VIOLATED)
fanout683/X                              10     11        (VIOLATED)
fanout691/X                              10     11        (VIOLATED)
fanout696/X                              10     11        (VIOLATED)
fanout725/X                              10     11        (VIOLATED)
fanout75/X                               10     11        (VIOLATED)
fanout753/X                              10     11        (VIOLATED)
fanout777/X                              10     11        (VIOLATED)
fanout798/X                              10     11        (VIOLATED)
fanout866/X                              10     11        (VIOLATED)
fanout88/X                               10     11        (VIOLATED)
fanout918/X                              10     11        (VIOLATED)
fanout928/X                              10     11        (VIOLATED)
fanout98/X                               10     11        (VIOLATED)

max capacitance

Pin                                        Limit         Cap       Slack
------------------------------------------------------------------------
_11524_/X                               0.200000    0.365504   -0.165504 (VIOLATED)
fanout2091/X                            0.200000    0.315235   -0.115235 (VIOLATED)
fanout78/X                              0.200000    0.305726   -0.105726 (VIOLATED)
fanout1576/X                            0.200000    0.305253   -0.105253 (VIOLATED)
fanout1933/X                            0.200000    0.293862   -0.093862 (VIOLATED)
fanout1665/X                            0.200000    0.285360   -0.085360 (VIOLATED)
fanout866/X                             0.200000    0.274485   -0.074485 (VIOLATED)
fanout2227/X                            0.200000    0.272748   -0.072748 (VIOLATED)
fanout1761/X                            0.200000    0.270795   -0.070795 (VIOLATED)
fanout1573/X                            0.200000    0.266095   -0.066095 (VIOLATED)
fanout1300/X                            0.200000    0.265574   -0.065574 (VIOLATED)
fanout431/X                             0.200000    0.264215   -0.064215 (VIOLATED)
fanout2505/X                            0.200000    0.260464   -0.060464 (VIOLATED)
fanout1370/X                            0.200000    0.258842   -0.058843 (VIOLATED)
fanout1920/X                            0.200000    0.258433   -0.058433 (VIOLATED)
fanout1603/X                            0.200000    0.257201   -0.057201 (VIOLATED)
fanout1322/X                            0.200000    0.253379   -0.053379 (VIOLATED)
fanout1597/X                            0.200000    0.244595   -0.044595 (VIOLATED)
fanout1611/X                            0.200000    0.239669   -0.039669 (VIOLATED)
fanout2108/X                            0.200000    0.235435   -0.035435 (VIOLATED)
fanout821/X                             0.200000    0.234595   -0.034595 (VIOLATED)
fanout57/X                              0.200000    0.231392   -0.031392 (VIOLATED)
fanout1154/X                            0.200000    0.229874   -0.029874 (VIOLATED)
fanout1379/X                            0.200000    0.229570   -0.029570 (VIOLATED)
clkbuf_2_1_0_clk/X                      0.200000    0.228802   -0.028802 (VIOLATED)
fanout732/X                             0.200000    0.228011   -0.028011 (VIOLATED)
fanout465/X                             0.200000    0.224607   -0.024607 (VIOLATED)
clkbuf_2_0_0_clk/X                      0.200000    0.223659   -0.023659 (VIOLATED)
clkbuf_0_clk/X                          0.200000    0.222932   -0.022932 (VIOLATED)
clkbuf_2_2_0_clk/X                      0.200000    0.222458   -0.022459 (VIOLATED)
fanout98/X                              0.200000    0.219254   -0.019254 (VIOLATED)
fanout1583/X                            0.200000    0.218764   -0.018764 (VIOLATED)
fanout2056/X                            0.200000    0.216565   -0.016565 (VIOLATED)
fanout1353/X                            0.200000    0.215498   -0.015498 (VIOLATED)
fanout189/X                             0.200000    0.212911   -0.012911 (VIOLATED)
fanout1109/X                            0.200000    0.211404   -0.011404 (VIOLATED)
fanout1124/X                            0.200000    0.211250   -0.011250 (VIOLATED)
fanout2185/X                            0.200000    0.210276   -0.010276 (VIOLATED)
fanout1337/X                            0.200000    0.210177   -0.010177 (VIOLATED)
fanout2566/X                            0.200000    0.209673   -0.009673 (VIOLATED)
fanout173/X                             0.200000    0.208461   -0.008461 (VIOLATED)
_12103_/X                               0.200000    0.208162   -0.008162 (VIOLATED)
clkbuf_2_3_0_clk/X                      0.200000    0.205714   -0.005714 (VIOLATED)
fanout165/X                             0.200000    0.205624   -0.005624 (VIOLATED)
fanout1121/X                            0.200000    0.205070   -0.005070 (VIOLATED)
fanout1664/X                            0.200000    0.202642   -0.002642 (VIOLATED)
fanout167/X                             0.200000    0.202577   -0.002577 (VIOLATED)
fanout1593/X                            0.200000    0.202034   -0.002034 (VIOLATED)
fanout933/X                             0.200000    0.202029   -0.002029 (VIOLATED)
fanout200/X                             0.200000    0.201692   -0.001692 (VIOLATED)
fanout49/X                              0.200000    0.201668   -0.001668 (VIOLATED)
fanout391/X                             0.200000    0.201264   -0.001264 (VIOLATED)
fanout168/X                             0.200000    0.200536   -0.000536 (VIOLATED)



===========================================================================
report_parasitic_annotation -report_unannotated
============================================================================
Found 286 unannotated drivers.
 clkload0/Y
 clkload1/Y
 clkload10/X
 clkload100/X
 clkload101/X
 clkload102/X
 clkload103/X
 clkload104/Y
 clkload105/X
 clkload106/X
 clkload107/Y
 clkload108/Y
 clkload109/Y
 clkload11/Y
 clkload110/X
 clkload111/Y
 clkload112/Y
 clkload113/Y
 clkload114/X
 clkload115/X
 clkload116/X
 clkload117/X
 clkload118/X
 clkload119/Y
 clkload12/Y
 clkload120/Y
 clkload121/Y
 clkload122/Y
 clkload123/X
 clkload124/Y
 clkload125/Y
 clkload126/Y
 clkload127/X
 clkload128/X
 clkload129/Y
 clkload13/Y
 clkload130/X
 clkload131/X
 clkload132/Y
 clkload133/X
 clkload134/X
 clkload135/Y
 clkload136/X
 clkload137/Y
 clkload138/X
 clkload139/X
 clkload14/Y
 clkload140/Y
 clkload141/Y
 clkload142/Y
 clkload143/Y
 clkload144/X
 clkload145/X
 clkload146/Y
 clkload147/X
 clkload148/X
 clkload149/Y
 clkload15/Y
 clkload150/Y
 clkload151/Y
 clkload152/Y
 clkload153/Y
 clkload154/Y
 clkload155/Y
 clkload156/Y
 clkload157/Y
 clkload158/X
 clkload159/X
 clkload16/Y
 clkload160/X
 clkload161/Y
 clkload162/X
 clkload163/Y
 clkload164/X
 clkload165/X
 clkload166/X
 clkload167/X
 clkload168/X
 clkload169/X
 clkload17/Y
 clkload170/X
 clkload171/X
 clkload172/X
 clkload173/Y
 clkload174/X
 clkload175/X
 clkload176/Y
 clkload177/X
 clkload178/X
 clkload179/X
 clkload18/Y
 clkload180/X
 clkload181/X
 clkload182/X
 clkload183/Y
 clkload184/X
 clkload185/Y
 clkload186/Y
 clkload187/X
 clkload188/X
 clkload189/X
 clkload19/Y
 clkload190/Y
 clkload191/X
 clkload192/Y
 clkload193/Y
 clkload194/X
 clkload195/Y
 clkload196/Y
 clkload197/Y
 clkload198/Y
 clkload199/Y
 clkload2/Y
 clkload20/Y
 clkload200/Y
 clkload201/Y
 clkload202/Y
 clkload203/Y
 clkload204/X
 clkload205/Y
 clkload206/Y
 clkload207/X
 clkload208/Y
 clkload209/Y
 clkload21/Y
 clkload210/Y
 clkload211/Y
 clkload212/Y
 clkload213/Y
 clkload214/Y
 clkload215/Y
 clkload216/Y
 clkload217/X
 clkload218/Y
 clkload219/X
 clkload22/Y
 clkload220/Y
 clkload221/Y
 clkload222/X
 clkload223/Y
 clkload224/Y
 clkload225/Y
 clkload226/X
 clkload227/X
 clkload228/Y
 clkload229/X
 clkload23/X
 clkload230/Y
 clkload231/X
 clkload232/X
 clkload233/X
 clkload234/Y
 clkload235/X
 clkload236/X
 clkload237/X
 clkload238/X
 clkload239/X
 clkload24/Y
 clkload240/X
 clkload241/Y
 clkload242/X
 clkload243/Y
 clkload244/Y
 clkload245/X
 clkload246/Y
 clkload247/X
 clkload248/Y
 clkload249/Y
 clkload25/Y
 clkload250/X
 clkload251/Y
 clkload252/Y
 clkload253/Y
 clkload254/Y
 clkload255/X
 clkload256/Y
 clkload257/Y
 clkload258/Y
 clkload259/X
 clkload26/Y
 clkload260/X
 clkload261/Y
 clkload262/X
 clkload263/X
 clkload264/X
 clkload265/Y
 clkload266/X
 clkload267/Y
 clkload268/X
 clkload269/X
 clkload27/X
 clkload270/Y
 clkload271/Y
 clkload272/Y
 clkload273/X
 clkload274/Y
 clkload275/X
 clkload276/Y
 clkload277/Y
 clkload278/Y
 clkload279/Y
 clkload28/X
 clkload280/X
 clkload281/X
 clkload282/Y
 clkload283/Y
 clkload284/Y
 clkload285/Y
 clkload29/X
 clkload3/Y
 clkload30/X
 clkload31/X
 clkload32/X
 clkload33/X
 clkload34/X
 clkload35/X
 clkload36/X
 clkload37/X
 clkload38/X
 clkload39/X
 clkload4/Y
 clkload40/X
 clkload41/X
 clkload42/X
 clkload43/X
 clkload44/Y
 clkload45/X
 clkload46/X
 clkload47/X
 clkload48/Y
 clkload49/Y
 clkload5/Y
 clkload50/X
 clkload51/Y
 clkload52/Y
 clkload53/X
 clkload54/Y
 clkload55/X
 clkload56/X
 clkload57/Y
 clkload58/Y
 clkload59/X
 clkload6/Y
 clkload60/Y
 clkload61/Y
 clkload62/Y
 clkload63/Y
 clkload64/Y
 clkload65/Y
 clkload66/Y
 clkload67/Y
 clkload68/Y
 clkload69/Y
 clkload7/Y
 clkload70/Y
 clkload71/X
 clkload72/X
 clkload73/Y
 clkload74/Y
 clkload75/Y
 clkload76/Y
 clkload77/X
 clkload78/X
 clkload79/X
 clkload8/Y
 clkload80/X
 clkload81/Y
 clkload82/X
 clkload83/X
 clkload84/Y
 clkload85/X
 clkload86/X
 clkload87/Y
 clkload88/X
 clkload89/X
 clkload9/Y
 clkload90/X
 clkload91/X
 clkload92/X
 clkload93/Y
 clkload94/X
 clkload95/X
 clkload96/Y
 clkload97/Y
 clkload98/X
 clkload99/Y
Found 0 partially unannotated drivers.

===========================================================================
max slew violation count 40
max fanout violation count 94
max cap violation count 53
============================================================================

===========================================================================
check_setup -verbose -unconstrained_endpoints -multiple_clock -no_clock -no_input_delay -loops -generated_clocks
===========================================================================
