Clock: clk
Sources: clk 
Generated: no
Virtual: yes
Propagated: no
Period: 20.000000

===========================================================================
report_clock_properties
============================================================================
Clock                   Period          Waveform
----------------------------------------------------
clk                  20.000000    0.000000 10.000000

===========================================================================
report_clock_latency
============================================================================
Clock clk
rise -> rise
    min     max
0.000000 0.000000 source latency
1.465944         network latency _23229_/CLK
        1.731570 network latency _23232_/CLK
---------------
1.465944 1.731570 latency
        0.265626 skew

fall -> fall
    min     max
0.000000 0.000000 source latency
1.143647         network latency _23229_/CLK
        1.387661 network latency _23232_/CLK
---------------
1.143647 1.387661 latency
        0.244014 skew



===========================================================================
report_clock_min_period
============================================================================
clk period_min = 12.37 fmax = 80.81
