Reading timing models for corner nom_tt_025C_1v80…
Reading timing library for the 'nom_tt_025C_1v80' corner at '/home/thu/.volare/volare/sky130/versions/0fe599b2afb6708d281543108caf8310912f54af/sky130A/libs.ref/sky130_fd_sc_hd/lib/sky130_fd_sc_hd__tt_025C_1v80.lib'…
Reading timing models for corner nom_ff_n40C_1v95…
Reading timing library for the 'nom_ff_n40C_1v95' corner at '/home/thu/.volare/volare/sky130/versions/0fe599b2afb6708d281543108caf8310912f54af/sky130A/libs.ref/sky130_fd_sc_hd/lib/sky130_fd_sc_hd__ff_n40C_1v95.lib'…
Reading timing models for corner nom_ss_100C_1v60…
Reading timing library for the 'nom_ss_100C_1v60' corner at '/home/thu/.volare/volare/sky130/versions/0fe599b2afb6708d281543108caf8310912f54af/sky130A/libs.ref/sky130_fd_sc_hd/lib/sky130_fd_sc_hd__ss_100C_1v60.lib'…
Reading OpenROAD database at '/home/thu/openlane2/designs/cpu_riscv/runs/RUN_2026-07-14_03-15-21/34-openroad-cts/processor.odb'…
Reading design constraints file at '/nix/store/ss2cw3sxbrwwx9jl0rrppbw4kgcmgi2n-python3-3.11.9-env/lib/python3.11/site-packages/openlane/scripts/base.sdc'…
[INFO] Using clock clk…
[INFO] Setting output delay to: 4
[INFO] Setting input delay to: 4
[INFO] Setting load to: 0.033442
[INFO] Setting clock uncertainty to: 0.25
[INFO] Setting clock transition to: 0.1499999999999999944488848768742172978818416595458984375
[INFO] Setting timing derate to: 5%
[INFO] Setting RC values…
[INFO RSZ-0094] Found 75 endpoints with setup violations.
[INFO RSZ-0099] Repairing 75 out of 75 (100.00%) violating endpoints...
   Iter   | Removed | Resized | Inserted | Cloned |  Pin  |    WNS   |   TNS      |  Viol  | Worst
          | Buffers |  Gates  | Buffers  |  Gates | Swaps |          |            | Endpts | Endpt
---------------------------------------------------------------------------------------------------
        0 |       0 |       0 |        0 |      0 |     0 |   -6.250 |      -69.7 |     75 | zero
       10 |       0 |       8 |        0 |      0 |     1 |   -6.010 |      -61.4 |     75 | zero
       20 |       0 |      18 |        0 |      0 |     1 |   -5.223 |      -34.9 |     75 | zero
       30 |       0 |      26 |        2 |      0 |     2 |   -4.937 |      -27.0 |     75 | zero
       40 |       0 |      36 |        2 |      0 |     2 |   -4.656 |      -18.1 |     75 | zero
       50 |       0 |      46 |        2 |      0 |     2 |   -3.951 |      -16.1 |     75 | zero
       60 |       0 |      54 |        7 |      0 |     2 |   -3.439 |       -7.8 |     75 | zero
       70 |       0 |      60 |       11 |      0 |     4 |   -3.276 |       -6.2 |     75 | zero
       80 |       1 |      65 |       14 |      0 |     7 |   -3.083 |       -5.4 |     75 | zero
       90 |       1 |      71 |       18 |      0 |     9 |   -2.993 |       -5.1 |     75 | zero
      100 |       1 |      78 |       20 |      1 |    10 |   -2.889 |       -4.6 |     75 | zero
      110 |       2 |      87 |       20 |      1 |    10 |   -2.678 |       -3.6 |     75 | zero
      120 |       2 |      92 |       26 |      2 |    12 |   -2.633 |       -3.1 |     75 | zero
      130 |       2 |      98 |       26 |      3 |    15 |   -2.637 |       -2.8 |     75 | zero
      140 |       2 |     103 |       28 |      4 |    18 |   -2.889 |       -3.0 |     75 | zero
      150 |       2 |     108 |       38 |      4 |    20 |   -2.815 |       -2.8 |     75 | zero
      155 |       2 |      97 |       31 |      3 |    12 |   -2.561 |       -3.0 |     75 | zero
      157 |       2 |      98 |       31 |      3 |    12 |   -2.561 |       -2.6 |     73 | zero
      158 |       2 |      98 |       31 |      3 |    12 |   -2.561 |       -2.6 |     72 | zero
      160 |       2 |      99 |       31 |      3 |    12 |   -2.561 |       -2.6 |     71 | zero
      160 |       2 |      99 |       31 |      3 |    12 |   -2.561 |       -2.6 |     70 | zero
      161 |       2 |      99 |       31 |      3 |    12 |   -2.561 |       -2.6 |     69 | zero
      162 |       2 |      99 |       31 |      3 |    12 |   -2.561 |       -2.6 |     68 | zero
      163 |       2 |      99 |       31 |      3 |    12 |   -2.561 |       -2.6 |     67 | zero
      164 |       2 |      99 |       31 |      3 |    12 |   -2.561 |       -2.6 |     66 | zero
      165 |       2 |      99 |       31 |      3 |    12 |   -2.561 |       -2.6 |     65 | zero
      166 |       2 |      99 |       31 |      3 |    12 |   -2.561 |       -2.6 |     64 | zero
      167 |       2 |      99 |       31 |      3 |    12 |   -2.561 |       -2.6 |     63 | zero
      168 |       2 |      99 |       31 |      3 |    12 |   -2.561 |       -2.6 |     62 | zero
      169 |       2 |      99 |       31 |      3 |    12 |   -2.561 |       -2.6 |     61 | zero
      170 |       2 |      99 |       31 |      3 |    12 |   -2.561 |       -2.6 |     61 | zero
      170 |       2 |      99 |       31 |      3 |    12 |   -2.561 |       -2.6 |     60 | zero
      171 |       2 |      99 |       31 |      3 |    12 |   -2.561 |       -2.6 |     59 | zero
      172 |       2 |      99 |       31 |      3 |    12 |   -2.561 |       -2.6 |     58 | zero
      173 |       2 |      99 |       31 |      3 |    12 |   -2.561 |       -2.6 |     57 | zero
      174 |       2 |      99 |       31 |      3 |    12 |   -2.561 |       -2.6 |     56 | zero
      175 |       2 |      99 |       31 |      3 |    12 |   -2.561 |       -2.6 |     55 | zero
      176 |       2 |      99 |       31 |      3 |    12 |   -2.561 |       -2.6 |     54 | zero
      177 |       2 |      99 |       31 |      3 |    12 |   -2.561 |       -2.6 |     53 | zero
      178 |       2 |      99 |       31 |      3 |    12 |   -2.561 |       -2.6 |     52 | zero
      179 |       2 |      99 |       31 |      3 |    12 |   -2.561 |       -2.6 |     51 | zero
      180 |       2 |      99 |       31 |      3 |    12 |   -2.561 |       -2.6 |     51 | zero
      180 |       2 |      99 |       31 |      3 |    12 |   -2.561 |       -2.6 |     50 | zero
      181 |       2 |      99 |       31 |      3 |    12 |   -2.561 |       -2.6 |     49 | zero
      182 |       2 |      99 |       31 |      3 |    12 |   -2.561 |       -2.6 |     48 | zero
      183 |       2 |      99 |       31 |      3 |    12 |   -2.561 |       -2.6 |     47 | zero
      184 |       2 |      99 |       31 |      3 |    12 |   -2.561 |       -2.6 |     46 | zero
      185 |       2 |      99 |       31 |      3 |    12 |   -2.561 |       -2.6 |     45 | zero
      186 |       2 |      99 |       31 |      3 |    12 |   -2.561 |       -2.6 |     44 | zero
      187 |       2 |      99 |       31 |      3 |    12 |   -2.561 |       -2.6 |     43 | zero
      188 |       2 |      99 |       31 |      3 |    12 |   -2.561 |       -2.6 |     42 | zero
      189 |       2 |      99 |       31 |      3 |    12 |   -2.561 |       -2.6 |     41 | zero
      190 |       2 |      99 |       31 |      3 |    12 |   -2.561 |       -2.6 |     41 | zero
      190 |       2 |      99 |       31 |      3 |    12 |   -2.561 |       -2.6 |     40 | zero
      191 |       2 |      99 |       31 |      3 |    12 |   -2.561 |       -2.6 |     39 | zero
      192 |       2 |      99 |       31 |      3 |    12 |   -2.561 |       -2.6 |     38 | zero
      193 |       2 |      99 |       31 |      3 |    12 |   -2.561 |       -2.6 |     37 | zero
      194 |       2 |      99 |       31 |      3 |    12 |   -2.561 |       -2.6 |     36 | zero
      195 |       2 |      99 |       31 |      3 |    12 |   -2.561 |       -2.6 |     35 | zero
      196 |       2 |      99 |       31 |      3 |    12 |   -2.561 |       -2.6 |     34 | zero
      197 |       2 |      99 |       31 |      3 |    12 |   -2.561 |       -2.6 |     33 | zero
      198 |       2 |      99 |       31 |      3 |    12 |   -2.561 |       -2.6 |     32 | zero
      199 |       2 |      99 |       31 |      3 |    12 |   -2.561 |       -2.6 |     31 | zero
      200 |       2 |      99 |       31 |      3 |    12 |   -2.561 |       -2.6 |     31 | zero
      200 |       2 |      99 |       31 |      3 |    12 |   -2.561 |       -2.6 |     30 | zero
      201 |       2 |      99 |       31 |      3 |    12 |   -2.561 |       -2.6 |     29 | zero
      202 |       2 |      99 |       31 |      3 |    12 |   -2.561 |       -2.6 |     28 | zero
      203 |       2 |      99 |       31 |      3 |    12 |   -2.561 |       -2.6 |     27 | zero
      204 |       2 |      99 |       31 |      3 |    12 |   -2.561 |       -2.6 |     26 | zero
      205 |       2 |      99 |       31 |      3 |    12 |   -2.561 |       -2.6 |     25 | zero
      206 |       2 |      99 |       31 |      3 |    12 |   -2.561 |       -2.6 |     24 | zero
      207 |       2 |      99 |       31 |      3 |    12 |   -2.561 |       -2.6 |     23 | zero
      208 |       2 |      99 |       31 |      3 |    12 |   -2.561 |       -2.6 |     22 | zero
      209 |       2 |      99 |       31 |      3 |    12 |   -2.561 |       -2.6 |     21 | zero
      210 |       2 |      99 |       31 |      3 |    12 |   -2.561 |       -2.6 |     21 | zero
      210 |       2 |      99 |       31 |      3 |    12 |   -2.561 |       -2.6 |     20 | zero
      211 |       2 |      99 |       31 |      3 |    12 |   -2.561 |       -2.6 |     19 | zero
      212 |       2 |      99 |       31 |      3 |    12 |   -2.561 |       -2.6 |     18 | zero
      213 |       2 |      99 |       31 |      3 |    12 |   -2.561 |       -2.6 |     17 | zero
      214 |       2 |      99 |       31 |      3 |    12 |   -2.561 |       -2.6 |     16 | zero
      215 |       2 |      99 |       31 |      3 |    12 |   -2.561 |       -2.6 |     15 | zero
      216 |       2 |      99 |       31 |      3 |    12 |   -2.561 |       -2.6 |     14 | zero
      217 |       2 |      99 |       31 |      3 |    12 |   -2.561 |       -2.6 |     13 | zero
      218 |       2 |      99 |       31 |      3 |    12 |   -2.561 |       -2.6 |     12 | zero
      219 |       2 |      99 |       31 |      3 |    12 |   -2.561 |       -2.6 |     11 | zero
      220 |       2 |      99 |       31 |      3 |    12 |   -2.561 |       -2.6 |     11 | zero
      220 |       2 |      99 |       31 |      3 |    12 |   -2.561 |       -2.6 |     10 | zero
      221 |       2 |      99 |       31 |      3 |    12 |   -2.561 |       -2.6 |      9 | zero
      222 |       2 |      99 |       31 |      3 |    12 |   -2.561 |       -2.6 |      8 | zero
      223 |       2 |      99 |       31 |      3 |    12 |   -2.561 |       -2.6 |      7 | zero
      224 |       2 |      99 |       31 |      3 |    12 |   -2.561 |       -2.6 |      6 | zero
      225 |       2 |      99 |       31 |      3 |    12 |   -2.561 |       -2.6 |      5 | zero
      226 |       2 |      99 |       31 |      3 |    12 |   -2.561 |       -2.6 |      4 | zero
      227 |       2 |      99 |       31 |      3 |    12 |   -2.561 |       -2.6 |      3 | zero
      228 |       2 |      99 |       31 |      3 |    12 |   -2.561 |       -2.6 |      2 | zero
      229 |       2 |      99 |       31 |      3 |    12 |   -2.561 |       -2.6 |      1 | zero
      230 |       2 |      99 |       31 |      3 |    12 |   -2.561 |       -2.6 |      1 | zero
      230 |       2 |      99 |       31 |      3 |    12 |   -2.561 |       -2.6 |      0 | zero
      231 |       2 |      99 |       31 |      3 |    12 |   -2.561 |       -2.6 |      0 | zero
     238* |       2 |     105 |       31 |      3 |    12 |   -2.286 |       -2.3 |      1 | zero
    final |       2 |     105 |       31 |      3 |    12 |   -2.286 |       -2.3 |      1 | zero
---------------------------------------------------------------------------------------------------
[INFO RSZ-0059] Removed 2 buffers.
[INFO RSZ-0040] Inserted 15 buffers.
[INFO RSZ-0041] Resized 105 instances.
[INFO RSZ-0043] Swapped pins on 12 instances.
[INFO RSZ-0049] Cloned 3 instances.
[WARNING RSZ-0062] Unable to repair all setup violations.
[INFO RSZ-0046] Found 216 endpoints with hold violations.
Iteration | Resized | Buffers | Cloned Gates |   WNS   |   TNS   | Endpoint
---------------------------------------------------------------------------
        0 |       0 |       0 |            0 |   0.041 |   0.000 | _24028_/D
    final |       0 |     215 |            0 |   0.101 |   0.000 | _23769_/D
---------------------------------------------------------------------------
[INFO RSZ-0032] Inserted 215 hold buffers.
Placement Analysis
---------------------------------
total displacement       1059.2 u
average displacement        0.0 u
max displacement            8.6 u
original HPWL         1062684.0 u
legalized HPWL        1074405.4 u
delta HPWL                    1 %

[INFO DPL-0020] Mirrored 6646 instances
[INFO DPL-0021] HPWL before          1074405.4 u
[INFO DPL-0022] HPWL after           1062893.7 u
[INFO DPL-0023] HPWL delta               -1.1 %
[INFO] Setting RC values…
Setting global connections for newly added cells…
[INFO] Setting global connections...
Updating metrics…
Cell type report:                       Count       Area
  Fill cell                               602    2259.67
  Tap cell                               9544   11941.45
  Buffer                                   96     360.35
  Clock buffer                            461    6307.30
  Timing Repair Buffer                   3079   23721.50
  Inverter                               1326    4977.27
  Clock inverter                          154    1834.26
  Sequential cell                        1280   34847.17
  Multi-Input combinational cell        10012   83894.21
  Total                                 26554  170143.18
Writing OpenROAD database to '/home/thu/openlane2/designs/cpu_riscv/runs/RUN_2026-07-14_03-15-21/36-openroad-resizertimingpostcts/processor.odb'…
Writing netlist to '/home/thu/openlane2/designs/cpu_riscv/runs/RUN_2026-07-14_03-15-21/36-openroad-resizertimingpostcts/processor.nl.v'…
Writing powered netlist to '/home/thu/openlane2/designs/cpu_riscv/runs/RUN_2026-07-14_03-15-21/36-openroad-resizertimingpostcts/processor.pnl.v'…
Writing layout to '/home/thu/openlane2/designs/cpu_riscv/runs/RUN_2026-07-14_03-15-21/36-openroad-resizertimingpostcts/processor.def'…
Writing timing constraints to '/home/thu/openlane2/designs/cpu_riscv/runs/RUN_2026-07-14_03-15-21/36-openroad-resizertimingpostcts/processor.sdc'…
