Clock: clk
Sources: clk 
Generated: no
Virtual: yes
Propagated: no
Period: 20.000000

===========================================================================
report_clock_properties
============================================================================
Clock                   Period          Waveform
----------------------------------------------------
clk                  20.000000    0.000000 10.000000

===========================================================================
report_clock_latency
============================================================================
Clock clk
rise -> rise
    min     max
0.000000 0.000000 source latency
0.894723         network latency _23229_/CLK
        1.056771 network latency _23848_/CLK
---------------
0.894723 1.056771 latency
        0.162048 skew

fall -> fall
    min     max
0.000000 0.000000 source latency
0.709283         network latency _23229_/CLK
        0.861787 network latency _23232_/CLK
---------------
0.709283 0.861787 latency
        0.152504 skew



===========================================================================
report_clock_min_period
============================================================================
clk period_min = 7.30 fmax = 136.99
