Clock: clk
Sources: clk 
Generated: no
Virtual: yes
Propagated: no
Period: 20.000000

===========================================================================
report_clock_properties
============================================================================
Clock                   Period          Waveform
----------------------------------------------------
clk                  20.000000    0.000000 10.000000

===========================================================================
report_clock_latency
============================================================================
Clock clk
rise -> rise
    min     max
0.000000 0.000000 source latency
2.305543         network latency _23229_/CLK
        2.714539 network latency _23232_/CLK
---------------
2.305543 2.714539 latency
        0.408996 skew

fall -> fall
    min     max
0.000000 0.000000 source latency
1.852238         network latency _23229_/CLK
        2.223805 network latency _23232_/CLK
---------------
1.852238 2.223805 latency
        0.371567 skew



===========================================================================
report_clock_min_period
============================================================================
clk period_min = 22.28 fmax = 44.88
