
===========================================================================
Violator List
============================================================================
[setup reg-out] _24088_/Q -> zero : -4.512311
[setup reg-reg] _24088_/Q -> _23903_/D : -2.282699
[setup reg-reg] _24088_/Q -> _23967_/D : -2.257796
[setup reg-reg] _24088_/Q -> _23986_/D : -2.227946
[setup reg-reg] _24088_/Q -> _23922_/D : -2.220888
[setup reg-reg] _24088_/Q -> _23896_/D : -2.125486
[setup reg-reg] _24088_/Q -> _24030_/D : -2.117664
[setup reg-reg] _24088_/Q -> _23902_/D : -2.109113
[setup reg-reg] _24088_/Q -> _23904_/D : -2.089651
[setup reg-reg] _24088_/Q -> _23968_/D : -2.088722
[setup reg-reg] _24088_/Q -> _24032_/D : -2.072362
[setup reg-reg] _24088_/Q -> _23976_/D : -2.033394
[setup reg-reg] _24088_/Q -> _24024_/D : -2.027385
[setup reg-reg] _24088_/Q -> _23912_/D : -2.011644
[setup reg-reg] _24088_/Q -> _23915_/D : -2.004093
[setup reg-reg] _24088_/Q -> _23979_/D : -2.001439
[setup reg-reg] _24088_/Q -> _23899_/D : -1.840132
[setup reg-reg] _24088_/Q -> _24053_/D : -1.701542
[setup reg-reg] _24088_/Q -> _23925_/D : -1.699895
[setup reg-reg] _24088_/Q -> _23972_/D : -1.698354
[setup reg-reg] _24088_/Q -> _23978_/D : -1.693643
[setup reg-reg] _24088_/Q -> _23914_/D : -1.686312
[setup reg-reg] _24088_/Q -> _23908_/D : -1.680014
[setup reg-reg] _24088_/Q -> _24023_/D : -1.679254
[setup reg-reg] _24088_/Q -> _23895_/D : -1.675693
[setup reg-reg] _24088_/Q -> _23918_/D : -1.670461
[setup reg-reg] _24088_/Q -> _23982_/D : -1.665834
[setup reg-reg] _24088_/Q -> _23960_/D : -1.623107
[setup reg-reg] _24088_/Q -> _23984_/D : -1.599300
[setup reg-reg] _24088_/Q -> _23920_/D : -1.569127
[setup reg-reg] _24088_/Q -> _23935_/D : -1.547944
[setup reg-reg] _24088_/Q -> _23944_/D : -1.541361
[setup reg-reg] _24088_/Q -> _23931_/D : -1.528664
[setup reg-reg] _24088_/Q -> _23989_/D : -1.386789
[setup reg-reg] _24088_/Q -> _23959_/D : -1.355582
[setup reg-reg] _24088_/Q -> _23966_/D : -1.328425
[setup reg-reg] _24088_/Q -> _24037_/D : -1.310054
[setup reg-reg] _24088_/Q -> _23973_/D : -1.300505
[setup reg-reg] _24088_/Q -> _23909_/D : -1.285162
[setup reg-reg] _24088_/Q -> _23934_/D : -1.283553
[setup reg-reg] _24088_/Q -> _23954_/D : -1.282599
[setup reg-reg] _24088_/Q -> _23947_/D : -1.251671
[setup reg-reg] _24088_/Q -> _23916_/D : -1.150385
[setup reg-reg] _24088_/Q -> _23980_/D : -1.145484
[setup reg-reg] _24088_/Q -> _23919_/D : -1.072667
[setup reg-reg] _24088_/Q -> _23952_/D : -1.066722
[setup reg-reg] _24088_/Q -> _24054_/D : -1.045581
[setup reg-reg] _24088_/Q -> _23897_/D : -1.041702
[setup reg-reg] _24088_/Q -> _23926_/D : -1.019730
[setup reg-reg] _24088_/Q -> _23974_/D : -1.005590
[setup reg-reg] _24088_/Q -> _23910_/D : -1.000698
[setup reg-reg] _24088_/Q -> _23946_/D : -0.993266
[setup reg-reg] _24088_/Q -> _23936_/D : -0.947750
[setup reg-reg] _24088_/Q -> _23940_/D : -0.941418
[setup reg-reg] _24088_/Q -> _24051_/D : -0.941121
[setup reg-reg] _24088_/Q -> _23923_/D : -0.925949
[setup reg-reg] _24088_/Q -> _23928_/D : -0.920203
[setup reg-reg] _24088_/Q -> _23924_/D : -0.816028
[setup reg-reg] _24088_/Q -> _23906_/D : -0.805573
[setup reg-reg] _24088_/Q -> _23970_/D : -0.784336
[setup reg-reg] _24088_/Q -> _23988_/D : -0.780712
[setup reg-reg] _24088_/Q -> _23948_/D : -0.768569
[setup reg-reg] _24088_/Q -> _23975_/D : -0.767978
[setup reg-reg] _24088_/Q -> _23911_/D : -0.763229
[setup reg-reg] _24088_/Q -> _23957_/D : -0.713676
[setup reg-reg] _24088_/Q -> _23987_/D : -0.657639
[setup reg-reg] _24088_/Q -> _23950_/D : -0.648901
[setup reg-reg] _24088_/Q -> _23990_/D : -0.636913
[setup reg-reg] _24088_/Q -> _23971_/D : -0.566930
[setup reg-reg] _24088_/Q -> _23943_/D : -0.560931
[setup reg-reg] _24088_/Q -> _23907_/D : -0.551454
[setup reg-reg] _24088_/Q -> _23942_/D : -0.522567
[setup reg-reg] _24088_/Q -> _23977_/D : -0.520412
[setup reg-reg] _24088_/Q -> _23927_/D : -0.520402
[setup reg-reg] _24088_/Q -> _23913_/D : -0.517293
[setup reg-reg] _24088_/Q -> _23898_/D : -0.485207
[setup reg-reg] _24088_/Q -> _23951_/D : -0.397751
[setup reg-reg] _24088_/Q -> _23901_/D : -0.264672
[setup reg-reg] _24088_/Q -> _23985_/D : -0.264189
[setup reg-reg] _24088_/Q -> _23921_/D : -0.262540
[setup reg-reg] _24088_/Q -> _24029_/D : -0.242069
[setup reg-reg] _24088_/Q -> _23941_/D : -0.182375
[setup reg-reg] _24088_/Q -> _23965_/D : -0.151337
[setup reg-reg] _24088_/Q -> _23958_/D : -0.100554
[setup reg-reg] _24088_/Q -> _23929_/D : -0.094531
[setup reg-reg] _24088_/Q -> _23900_/D : -0.056819
