Reading OpenROAD database at '/home/thu/openlane2/designs/cpu_riscv/runs/RUN_2026-07-14_03-15-21/38-openroad-globalrouting/processor.odb'…
Reading library file at '/home/thu/.volare/volare/sky130/versions/0fe599b2afb6708d281543108caf8310912f54af/sky130A/libs.ref/sky130_fd_sc_hd/lib/sky130_fd_sc_hd__tt_025C_1v80.lib'…
Reading design constraints file at '/nix/store/ss2cw3sxbrwwx9jl0rrppbw4kgcmgi2n-python3-3.11.9-env/lib/python3.11/site-packages/openlane/scripts/base.sdc'…
[INFO] Using clock clk…
[INFO] Setting output delay to: 4
[INFO] Setting input delay to: 4
[INFO] Setting load to: 0.033442
[INFO] Setting clock uncertainty to: 0.25
[INFO] Setting clock transition to: 0.1499999999999999944488848768742172978818416595458984375
[INFO] Setting timing derate to: 5%
[INFO] Setting signal min routing layer to: met1 and clock min routing layer to met1. 
[INFO] Setting signal max routing layer to: met5 and clock max routing layer to met5. 
-congestion_iterations 50 -verbose
[INFO GRT-0020] Min routing layer: met1
[INFO GRT-0021] Max routing layer: met5
[INFO GRT-0022] Global adjustment: 10%
[INFO GRT-0023] Grid origin: (0, 0)
[INFO GRT-0043] No OR_DEFAULT vias defined.
[INFO GRT-0088] Layer li1     Track-Pitch = 0.4600  line-2-Via Pitch: 0.3400
[INFO GRT-0088] Layer met1    Track-Pitch = 0.3400  line-2-Via Pitch: 0.3400
[INFO GRT-0088] Layer met2    Track-Pitch = 0.4600  line-2-Via Pitch: 0.3500
[INFO GRT-0088] Layer met3    Track-Pitch = 0.6800  line-2-Via Pitch: 0.6150
[INFO GRT-0088] Layer met4    Track-Pitch = 0.9200  line-2-Via Pitch: 1.0400
[INFO GRT-0088] Layer met5    Track-Pitch = 3.4000  line-2-Via Pitch: 3.1100
[INFO GRT-0019] Found 330 clock nets.
[INFO GRT-0001] Minimum degree: 2
[INFO GRT-0002] Maximum degree: 14
[INFO GRT-0003] Macros: 0
[INFO GRT-0043] No OR_DEFAULT vias defined.
[INFO GRT-0004] Blockages: 19029

[INFO GRT-0053] Routing resources analysis:
          Routing      Original      Derated      Resource
Layer     Direction    Resources     Resources    Reduction (%)
---------------------------------------------------------------
li1        Vertical            0             0          0.00%
met1       Horizontal     292420        185390          36.60%
met2       Vertical       218299        187288          14.21%
met3       Horizontal     146150        129950          11.08%
met4       Vertical        87489         69147          20.96%
met5       Horizontal      29158         13923          52.25%
---------------------------------------------------------------

[INFO GRT-0101] Running extra iterations to remove overflow.
[INFO GRT-0197] Via related to pin nodes: 105247
[INFO GRT-0198] Via related Steiner nodes: 6322
[INFO GRT-0199] Via filling finished.
[INFO GRT-0111] Final number of vias: 144079
[INFO GRT-0112] Final usage 3D: 615544

[INFO GRT-0096] Final congestion report:
Layer         Resource        Demand        Usage (%)    Max H / Max V / Total Overflow
---------------------------------------------------------------------------------------
li1                  0             0            0.00%             0 /  0 /  0
met1            185390         73370           39.58%             0 /  0 /  0
met2            187288         75286           40.20%             0 /  0 /  0
met3            129950         19790           15.23%             0 /  0 /  0
met4             69147         14779           21.37%             0 /  0 /  0
met5             13923            82            0.59%             0 /  0 /  0
---------------------------------------------------------------------------------------
Total           585698        183307           31.30%             0 /  0 /  0

[INFO GRT-0018] Total wirelength: 1670345 um
[INFO GRT-0014] Routed nets: 16124
[INFO GRT-0006] Repairing antennas, iteration 1.
[INFO GRT-0043] No OR_DEFAULT vias defined.
[INFO GRT-0012] Found 332 antenna violations.
[INFO GRT-0015] Inserted 573 diodes.
[INFO GRT-0009] rerouting 4755 nets.
[INFO GRT-0001] Minimum degree: 2
[INFO GRT-0002] Maximum degree: 17
[INFO GRT-0006] Repairing antennas, iteration 2.
[INFO GRT-0043] No OR_DEFAULT vias defined.
[INFO GRT-0012] Found 84 antenna violations.
[INFO GRT-0015] Inserted 114 diodes.
[INFO GRT-0009] rerouting 248 nets.
[INFO GRT-0001] Minimum degree: 2
[INFO GRT-0002] Maximum degree: 17
[INFO GRT-0006] Repairing antennas, iteration 3.
[INFO GRT-0043] No OR_DEFAULT vias defined.
[INFO GRT-0012] Found 9 antenna violations.
[INFO GRT-0015] Inserted 10 diodes.
[INFO GRT-0009] rerouting 15 nets.
[INFO GRT-0001] Minimum degree: 2
[INFO GRT-0002] Maximum degree: 15
Placement Analysis
---------------------------------
total displacement          0.0 u
average displacement        0.0 u
max displacement            0.0 u
original HPWL         1075317.5 u
legalized HPWL        1075319.0 u
delta HPWL                    0 %

[INFO DPL-0020] Mirrored 6900 instances
[INFO DPL-0021] HPWL before          1075319.0 u
[INFO DPL-0022] HPWL after           1063915.0 u
[INFO DPL-0023] HPWL delta               -1.1 %
-congestion_iterations 50 -verbose
[INFO GRT-0020] Min routing layer: met1
[INFO GRT-0021] Max routing layer: met5
[INFO GRT-0022] Global adjustment: 10%
[INFO GRT-0023] Grid origin: (0, 0)
[INFO GRT-0043] No OR_DEFAULT vias defined.
[INFO GRT-0088] Layer li1     Track-Pitch = 0.4600  line-2-Via Pitch: 0.3400
[INFO GRT-0088] Layer met1    Track-Pitch = 0.3400  line-2-Via Pitch: 0.3400
[INFO GRT-0088] Layer met2    Track-Pitch = 0.4600  line-2-Via Pitch: 0.3500
[INFO GRT-0088] Layer met3    Track-Pitch = 0.6800  line-2-Via Pitch: 0.6150
[INFO GRT-0088] Layer met4    Track-Pitch = 0.9200  line-2-Via Pitch: 1.0400
[INFO GRT-0088] Layer met5    Track-Pitch = 3.4000  line-2-Via Pitch: 3.1100
[INFO GRT-0019] Found 330 clock nets.
[INFO GRT-0001] Minimum degree: 2
[INFO GRT-0002] Maximum degree: 17
[INFO GRT-0003] Macros: 0
[INFO GRT-0043] No OR_DEFAULT vias defined.
[INFO GRT-0004] Blockages: 19029

[INFO GRT-0053] Routing resources analysis:
          Routing      Original      Derated      Resource
Layer     Direction    Resources     Resources    Reduction (%)
---------------------------------------------------------------
li1        Vertical            0             0          0.00%
met1       Horizontal     292420        185388          36.60%
met2       Vertical       218299        187288          14.21%
met3       Horizontal     146150        129950          11.08%
met4       Vertical        87489         69147          20.96%
met5       Horizontal      29158         13923          52.25%
---------------------------------------------------------------

[INFO GRT-0101] Running extra iterations to remove overflow.
[INFO GRT-0197] Via related to pin nodes: 105828
[INFO GRT-0198] Via related Steiner nodes: 6362
[INFO GRT-0199] Via filling finished.
[INFO GRT-0111] Final number of vias: 144723
[INFO GRT-0112] Final usage 3D: 617649

[INFO GRT-0096] Final congestion report:
Layer         Resource        Demand        Usage (%)    Max H / Max V / Total Overflow
---------------------------------------------------------------------------------------
li1                  0             0            0.00%             0 /  0 /  0
met1            185388         73530           39.66%             0 /  0 /  0
met2            187288         75188           40.15%             0 /  0 /  0
met3            129950         19524           15.02%             0 /  0 /  0
met4             69147         14893           21.54%             0 /  0 /  0
met5             13923           345            2.48%             0 /  0 /  0
---------------------------------------------------------------------------------------
Total           585696        183480           31.33%             0 /  0 /  0

[INFO GRT-0018] Total wirelength: 1673615 um
[INFO GRT-0014] Routed nets: 16124
[INFO] Setting RC values…
Setting global connections for newly added cells…
[INFO] Setting global connections...
Updating metrics…
Cell type report:                       Count       Area
  Fill cell                               602    2259.67
  Tap cell                               9544   11941.45
  Antenna cell                            697    1744.17
  Buffer                                   96     360.35
  Clock buffer                            461    6307.30
  Timing Repair Buffer                   3079   23721.50
  Inverter                               1326    4977.27
  Clock inverter                          154    1834.26
  Sequential cell                        1280   34847.17
  Multi-Input combinational cell        10012   83894.21
  Total                                 27251  171887.35
Writing OpenROAD database to '/home/thu/openlane2/designs/cpu_riscv/runs/RUN_2026-07-14_03-15-21/41-openroad-repairantennas/1-diodeinsertion/processor.odb'…
Writing layout to '/home/thu/openlane2/designs/cpu_riscv/runs/RUN_2026-07-14_03-15-21/41-openroad-repairantennas/1-diodeinsertion/processor.def'…
