Reading OpenROAD database at '/home/thu/openlane2/designs/cpu_riscv/runs/RUN_2026-07-14_03-15-21/24-openroad-ioplacement/processor.odb'…
Reading library file at '/home/thu/.volare/volare/sky130/versions/0fe599b2afb6708d281543108caf8310912f54af/sky130A/libs.ref/sky130_fd_sc_hd/lib/sky130_fd_sc_hd__tt_025C_1v80.lib'…
Reading design constraints file at '/nix/store/ss2cw3sxbrwwx9jl0rrppbw4kgcmgi2n-python3-3.11.9-env/lib/python3.11/site-packages/openlane/scripts/base.sdc'…
[INFO] Using clock clk…
[INFO] Setting output delay to: 4
[INFO] Setting input delay to: 4
[INFO] Setting load to: 0.033442
[INFO] Setting clock uncertainty to: 0.25
[INFO] Setting clock transition to: 0.1499999999999999944488848768742172978818416595458984375
[INFO] Setting timing derate to: 5%
[INFO] Setting RC values…
[INFO] Setting signal min routing layer to: met1 and clock min routing layer to met1. 
[INFO] Setting signal max routing layer to: met5 and clock max routing layer to met5. 
+ global_placement -density 0.317849 -timing_driven -routability_driven -pad_right 0 -pad_left 0 -init_wirelength_coef 0.25
[INFO GPL-0002] DBU: 1000
[INFO GPL-0003] SiteSize: (  0.460  2.720 ) um
[INFO GPL-0004] CoreBBox: (  5.520 10.880 ) ( 824.320 829.600 ) um
[INFO GPL-0006] NumInstances:             22860
[INFO GPL-0007] NumPlaceInstances:        12714
[INFO GPL-0008] NumFixedInstances:        10146
[INFO GPL-0009] NumDummyInstances:            0
[INFO GPL-0010] NumNets:                  12716
[INFO GPL-0011] NumPins:                  54354
[INFO GPL-0012] DieBBox:  (  0.000  0.000 ) ( 829.870 840.590 ) um
[INFO GPL-0013] CoreBBox: (  5.520 10.880 ) ( 824.320 829.600 ) um
[INFO GPL-0016] CoreArea:            670367.936 um^2
[INFO GPL-0017] NonPlaceInstsArea:    14201.120 um^2
[INFO GPL-0018] PlaceInstsArea:      134097.360 um^2
[INFO GPL-0019] Util:                    20.436 %
[INFO GPL-0020] StdInstsArea:        134097.360 um^2
[INFO GPL-0021] MacroInstsArea:           0.000 um^2
[InitialPlace]  Iter: 1 CG residual: 0.00015980 HPWL: 635370181
[InitialPlace]  Iter: 2 CG residual: 0.07041395 HPWL: 118745035
[InitialPlace]  Iter: 3 CG residual: 0.00065766 HPWL: 138281539
[InitialPlace]  Iter: 4 CG residual: 0.00061350 HPWL: 134243334
[InitialPlace]  Iter: 5 CG residual: 0.00072276 HPWL: 133935623
[InitialPlace]  Iter: 6 CG residual: 0.00085015 HPWL: 133906695
[InitialPlace]  Iter: 7 CG residual: 0.00299782 HPWL: 133566551
[InitialPlace]  Iter: 8 CG residual: 0.00096581 HPWL: 126334995
[InitialPlace]  Iter: 9 CG residual: 0.00252471 HPWL: 126109242
[InitialPlace]  Iter: 10 CG residual: 0.00107869 HPWL: 125809245
[InitialPlace]  Iter: 11 CG residual: 0.00056520 HPWL: 127062930
[InitialPlace]  Iter: 12 CG residual: 0.00054352 HPWL: 127164427
[InitialPlace]  Iter: 13 CG residual: 0.00047967 HPWL: 126989164
[InitialPlace]  Iter: 14 CG residual: 0.00055167 HPWL: 127014253
[InitialPlace]  Iter: 15 CG residual: 0.00074486 HPWL: 126450097
[InitialPlace]  Iter: 16 CG residual: 0.00046258 HPWL: 127026549
[InitialPlace]  Iter: 17 CG residual: 0.00050103 HPWL: 126679423
[InitialPlace]  Iter: 18 CG residual: 0.00043995 HPWL: 126686874
[InitialPlace]  Iter: 19 CG residual: 0.00058506 HPWL: 126282761
[InitialPlace]  Iter: 20 CG residual: 0.00260191 HPWL: 123119970
[INFO GPL-0031] FillerInit:NumGCells:     20125
[INFO GPL-0032] FillerInit:NumGNets:      12716
[INFO GPL-0033] FillerInit:NumGPins:      54354
[INFO GPL-0023] TargetDensity:            0.318
[INFO GPL-0024] AvrgPlaceInstArea:       10.547 um^2
[INFO GPL-0025] IdealBinArea:            33.183 um^2
[INFO GPL-0026] IdealBinCnt:              20202
[INFO GPL-0027] TotalBinArea:        670367.936 um^2
[INFO GPL-0028] BinCnt:       128    128
[INFO GPL-0029] BinSize: (  6.397  6.397 )
[INFO GPL-0030] NumBins: 16384
[NesterovSolve] Iter:    1 overflow: 0.999 HPWL: 24466690
[NesterovSolve] Iter:   10 overflow: 0.998 HPWL: 23380660
[NesterovSolve] Iter:   20 overflow: 0.998 HPWL: 23812913
[NesterovSolve] Iter:   30 overflow: 0.997 HPWL: 24268000
[NesterovSolve] Iter:   40 overflow: 0.997 HPWL: 24670370
[NesterovSolve] Iter:   50 overflow: 0.997 HPWL: 25018180
[NesterovSolve] Iter:   60 overflow: 0.997 HPWL: 25314012
[NesterovSolve] Iter:   70 overflow: 0.997 HPWL: 25504884
[NesterovSolve] Iter:   80 overflow: 0.997 HPWL: 25559259
[NesterovSolve] Iter:   90 overflow: 0.997 HPWL: 25494253
[NesterovSolve] Iter:  100 overflow: 0.997 HPWL: 25372276
[NesterovSolve] Iter:  110 overflow: 0.997 HPWL: 25270843
[NesterovSolve] Iter:  120 overflow: 0.997 HPWL: 25245281
[NesterovSolve] Iter:  130 overflow: 0.997 HPWL: 25316951
[NesterovSolve] Iter:  140 overflow: 0.997 HPWL: 25492049
[NesterovSolve] Iter:  150 overflow: 0.997 HPWL: 25779895
[NesterovSolve] Iter:  160 overflow: 0.997 HPWL: 26222353
[NesterovSolve] Iter:  170 overflow: 0.997 HPWL: 26940524
[NesterovSolve] Iter:  180 overflow: 0.996 HPWL: 28134475
[NesterovSolve] Iter:  190 overflow: 0.996 HPWL: 30564189
[NesterovSolve] Iter:  200 overflow: 0.995 HPWL: 37433924
[NesterovSolve] Iter:  210 overflow: 0.993 HPWL: 52189283
[NesterovSolve] Iter:  220 overflow: 0.989 HPWL: 66957794
[NesterovSolve] Iter:  230 overflow: 0.986 HPWL: 77430365
[NesterovSolve] Iter:  240 overflow: 0.982 HPWL: 92663699
[NesterovSolve] Iter:  250 overflow: 0.973 HPWL: 116314440
[NesterovSolve] Iter:  260 overflow: 0.962 HPWL: 142219084
[NesterovSolve] Iter:  270 overflow: 0.947 HPWL: 173039603
[NesterovSolve] Iter:  280 overflow: 0.927 HPWL: 206509883
[NesterovSolve] Iter:  290 overflow: 0.902 HPWL: 237348105
[NesterovSolve] Iter:  300 overflow: 0.873 HPWL: 273943505
[NesterovSolve] Iter:  310 overflow: 0.839 HPWL: 309854104
[NesterovSolve] Iter:  320 overflow: 0.798 HPWL: 363879120
[INFO GPL-0100] Timing-driven: executing resizer for reweighting nets.
[INFO GPL-0101] Timing-driven: worst slack -4.08e-09
[INFO GPL-0103] Timing-driven: weighted 1271 nets.
[NesterovSolve] Iter:  330 overflow: 0.764 HPWL: 383178954
[NesterovSolve] Iter:  340 overflow: 0.723 HPWL: 408622167
[NesterovSolve] Iter:  350 overflow: 0.654 HPWL: 445180269
[INFO GPL-0100] Timing-driven: executing resizer for reweighting nets.
[INFO GPL-0101] Timing-driven: worst slack -6.72e-09
[INFO GPL-0103] Timing-driven: weighted 1270 nets.
[NesterovSolve] Snapshot saved at iter = 358
[NesterovSolve] Iter:  360 overflow: 0.593 HPWL: 476508405
[NesterovSolve] Iter:  370 overflow: 0.532 HPWL: 511102567
[NesterovSolve] Iter:  380 overflow: 0.490 HPWL: 536562283
[INFO GPL-0100] Timing-driven: executing resizer for reweighting nets.
[INFO GPL-0101] Timing-driven: worst slack -7.36e-09
[INFO GPL-0103] Timing-driven: weighted 1271 nets.
[NesterovSolve] Iter:  390 overflow: 0.458 HPWL: 548813263
[NesterovSolve] Iter:  400 overflow: 0.421 HPWL: 551474449
[NesterovSolve] Iter:  410 overflow: 0.376 HPWL: 561900279
[NesterovSolve] Iter:  420 overflow: 0.354 HPWL: 567583899
[NesterovSolve] Iter:  430 overflow: 0.323 HPWL: 563301496
[INFO GPL-0075] Routability numCall: 1 inflationIterCnt: 1 bloatIterCnt: 0
[INFO GPL-0036] TileBBox: (    0    0 ) ( 6900 6900 ) DBU
[INFO GPL-0038] TileCnt:     120  121
[INFO GPL-0040] NumTiles: 14520
[INFO GPL-0081] TotalRouteOverflow: 0
[INFO GPL-0082] OverflowTileCnt: 0
[INFO GPL-0083] 0.5%RC: 0.8218524513179308
[INFO GPL-0084] 1.0%RC: 0.7871711470492898
[INFO GPL-0085] 2.0%RC: 0.7499088474975009
[INFO GPL-0086] 5.0%RC: 0.6894993401920172
[INFO GPL-0087] FinalRC: 0.8045118
[INFO GPL-0077] FinalRC lower than targetRC(1.01), routability not needed.
[NesterovSolve] Iter:  440 overflow: 0.296 HPWL: 562986223
[INFO GPL-0100] Timing-driven: executing resizer for reweighting nets.
[INFO GPL-0101] Timing-driven: worst slack -8.54e-09
[INFO GPL-0103] Timing-driven: weighted 1271 nets.
[NesterovSolve] Iter:  450 overflow: 0.269 HPWL: 561563524
[NesterovSolve] Iter:  460 overflow: 0.240 HPWL: 560924179
[NesterovSolve] Iter:  470 overflow: 0.217 HPWL: 561295536
[INFO GPL-0100] Timing-driven: executing resizer for reweighting nets.
[INFO GPL-0101] Timing-driven: worst slack -8.86e-09
[INFO GPL-0103] Timing-driven: weighted 1271 nets.
[NesterovSolve] Iter:  480 overflow: 0.189 HPWL: 561894053
[NesterovSolve] Iter:  490 overflow: 0.166 HPWL: 562556291
[INFO GPL-0100] Timing-driven: executing resizer for reweighting nets.
[INFO GPL-0101] Timing-driven: worst slack -8.52e-09
[INFO GPL-0103] Timing-driven: weighted 1271 nets.
[NesterovSolve] Iter:  500 overflow: 0.143 HPWL: 563388928
[NesterovSolve] Iter:  510 overflow: 0.123 HPWL: 564438190
[NesterovSolve] Iter:  520 overflow: 0.106 HPWL: 565192752
[NesterovSolve] Finished with Overflow: 0.099423
[INFO] Setting RC values…
Setting global connections for newly added cells…
[INFO] Setting global connections...
Updating metrics…
Cell type report:                       Count       Area
  Fill cell                               602    2259.67
  Tap cell                               9544   11941.45
  Buffer                                   96     360.35
  Inverter                               1326    4977.27
  Sequential cell                        1280   33632.26
  Multi-Input combinational cell        10012   95127.48
  Total                                 22860  148298.48
Writing OpenROAD database to '/home/thu/openlane2/designs/cpu_riscv/runs/RUN_2026-07-14_03-15-21/27-openroad-globalplacement/processor.odb'…
Writing netlist to '/home/thu/openlane2/designs/cpu_riscv/runs/RUN_2026-07-14_03-15-21/27-openroad-globalplacement/processor.nl.v'…
Writing powered netlist to '/home/thu/openlane2/designs/cpu_riscv/runs/RUN_2026-07-14_03-15-21/27-openroad-globalplacement/processor.pnl.v'…
Writing layout to '/home/thu/openlane2/designs/cpu_riscv/runs/RUN_2026-07-14_03-15-21/27-openroad-globalplacement/processor.def'…
Writing timing constraints to '/home/thu/openlane2/designs/cpu_riscv/runs/RUN_2026-07-14_03-15-21/27-openroad-globalplacement/processor.sdc'…
