Reading OpenROAD database at '/home/thu/openlane2/designs/cpu_riscv/runs/RUN_2026-07-14_03-15-21/31-openroad-repairdesignpostgpl/processor.odb'…
Reading library file at '/home/thu/.volare/volare/sky130/versions/0fe599b2afb6708d281543108caf8310912f54af/sky130A/libs.ref/sky130_fd_sc_hd/lib/sky130_fd_sc_hd__tt_025C_1v80.lib'…
Reading design constraints file at '/nix/store/ss2cw3sxbrwwx9jl0rrppbw4kgcmgi2n-python3-3.11.9-env/lib/python3.11/site-packages/openlane/scripts/base.sdc'…
[INFO] Using clock clk…
[INFO] Setting output delay to: 4
[INFO] Setting input delay to: 4
[INFO] Setting load to: 0.033442
[INFO] Setting clock uncertainty to: 0.25
[INFO] Setting clock transition to: 0.1499999999999999944488848768742172978818416595458984375
[INFO] Setting timing derate to: 5%
Placement Analysis
---------------------------------
total displacement          0.0 u
average displacement        0.0 u
max displacement            0.0 u
original HPWL         1038127.0 u
legalized HPWL        1047937.7 u
delta HPWL                    1 %

[INFO DPL-0020] Mirrored 6133 instances
[INFO DPL-0021] HPWL before          1047937.7 u
[INFO DPL-0022] HPWL after           1038127.0 u
[INFO DPL-0023] HPWL delta               -0.9 %
Setting global connections for newly added cells…
[INFO] Setting global connections...
Updating metrics…
Cell type report:                       Count       Area
  Fill cell                               602    2259.67
  Tap cell                               9544   11941.45
  Buffer                                   96     360.35
  Timing Repair Buffer                   2848   21259.14
  Inverter                               1326    4977.27
  Sequential cell                        1280   34847.17
  Multi-Input combinational cell        10012   83714.04
  Total                                 25708  159359.09
Writing OpenROAD database to '/home/thu/openlane2/designs/cpu_riscv/runs/RUN_2026-07-14_03-15-21/33-openroad-detailedplacement/processor.odb'…
Writing netlist to '/home/thu/openlane2/designs/cpu_riscv/runs/RUN_2026-07-14_03-15-21/33-openroad-detailedplacement/processor.nl.v'…
Writing powered netlist to '/home/thu/openlane2/designs/cpu_riscv/runs/RUN_2026-07-14_03-15-21/33-openroad-detailedplacement/processor.pnl.v'…
Writing layout to '/home/thu/openlane2/designs/cpu_riscv/runs/RUN_2026-07-14_03-15-21/33-openroad-detailedplacement/processor.def'…
Writing timing constraints to '/home/thu/openlane2/designs/cpu_riscv/runs/RUN_2026-07-14_03-15-21/33-openroad-detailedplacement/processor.sdc'…
