
===========================================================================
Violator List
============================================================================
[setup reg-out] _24088_/Q -> zero : -26.973816
[setup reg-reg] _24088_/Q -> _23915_/D : -10.734642
[setup reg-reg] _24088_/Q -> _23979_/D : -10.734595
[setup reg-reg] _24088_/Q -> _23923_/D : -10.535729
[setup reg-reg] _24088_/Q -> _24051_/D : -10.534848
[setup reg-reg] _24088_/Q -> _24053_/D : -10.488236
[setup reg-reg] _24088_/Q -> _23925_/D : -10.484826
[setup reg-reg] _24088_/Q -> _23947_/D : -10.430032
[setup reg-reg] _24088_/Q -> _23903_/D : -10.409373
[setup reg-reg] _24088_/Q -> _23967_/D : -10.408758
[setup reg-reg] _24088_/Q -> _23911_/D : -10.391969
[setup reg-reg] _24088_/Q -> _23987_/D : -10.391361
[setup reg-reg] _24088_/Q -> _23989_/D : -10.348757
[setup reg-reg] _24088_/Q -> _23970_/D : -10.340255
[setup reg-reg] _24088_/Q -> _23906_/D : -10.339260
[setup reg-reg] _24088_/Q -> _24030_/D : -10.318250
[setup reg-reg] _24088_/Q -> _23902_/D : -10.317902
[setup reg-reg] _24088_/Q -> _23908_/D : -10.303669
[setup reg-reg] _24088_/Q -> _23975_/D : -10.297239
[setup reg-reg] _24088_/Q -> _23972_/D : -10.288873
[setup reg-reg] _24088_/Q -> _23980_/D : -10.255199
[setup reg-reg] _24088_/Q -> _23916_/D : -10.254439
[setup reg-reg] _24088_/Q -> _23971_/D : -10.253828
[setup reg-reg] _24088_/Q -> _23907_/D : -10.253622
[setup reg-reg] _24088_/Q -> _23948_/D : -10.230398
[setup reg-reg] _24088_/Q -> _23913_/D : -10.218916
[setup reg-reg] _24088_/Q -> _23977_/D : -10.214738
[setup reg-reg] _24088_/Q -> _23943_/D : -10.210770
[setup reg-reg] _24088_/Q -> _23899_/D : -10.208922
[setup reg-reg] _24088_/Q -> _23986_/D : -10.157813
[setup reg-reg] _24088_/Q -> _23922_/D : -10.155653
[setup reg-reg] _24088_/Q -> _23935_/D : -10.120335
[setup reg-reg] _24088_/Q -> _23955_/D : -10.104962
[setup reg-reg] _24088_/Q -> _23919_/D : -10.086819
[setup reg-reg] _24088_/Q -> _23931_/D : -10.081319
[setup reg-reg] _24088_/Q -> _23957_/D : -10.064550
[setup reg-reg] _24088_/Q -> _23966_/D : -10.040516
[setup reg-reg] _24088_/Q -> _23918_/D : -10.018575
[setup reg-reg] _24088_/Q -> _23982_/D : -10.015612
[setup reg-reg] _24088_/Q -> _24037_/D : -10.007842
[setup reg-reg] _24088_/Q -> _23909_/D : -10.006641
[setup reg-reg] _24088_/Q -> _23973_/D : -10.004041
[setup reg-reg] _24088_/Q -> _23940_/D : -9.999290
[setup reg-reg] _24088_/Q -> _23897_/D : -9.984575
[setup reg-reg] _24088_/Q -> _23978_/D : -9.975103
[setup reg-reg] _24088_/Q -> _24032_/D : -9.949211
[setup reg-reg] _24088_/Q -> _23968_/D : -9.947226
[setup reg-reg] _24088_/Q -> _23904_/D : -9.945897
[setup reg-reg] _24088_/Q -> _24029_/D : -9.937957
[setup reg-reg] _24088_/Q -> _23901_/D : -9.937267
[setup reg-reg] _24088_/Q -> _24023_/D : -9.932045
[setup reg-reg] _24088_/Q -> _23895_/D : -9.927231
[setup reg-reg] _24088_/Q -> _24024_/D : -9.915827
[setup reg-reg] _24088_/Q -> _23938_/D : -9.912217
[setup reg-reg] _24088_/Q -> _23896_/D : -9.911834
[setup reg-reg] _24088_/Q -> _23933_/D : -9.906532
[setup reg-reg] _24088_/Q -> _23914_/D : -9.901925
[setup reg-reg] _24088_/Q -> _23934_/D : -9.894286
[setup reg-reg] _24088_/Q -> _23965_/D : -9.880691
[setup reg-reg] _24088_/Q -> _23939_/D : -9.860298
[setup reg-reg] _24088_/Q -> _23945_/D : -9.818621
[setup reg-reg] _24088_/Q -> _23900_/D : -9.807373
[setup reg-reg] _24088_/Q -> _23917_/D : -9.806158
[setup reg-reg] _24088_/Q -> _23988_/D : -9.746188
[setup reg-reg] _24088_/Q -> _23924_/D : -9.743886
[setup reg-reg] _24088_/Q -> _23951_/D : -9.742348
[setup reg-reg] _24088_/Q -> _23954_/D : -9.737573
[setup reg-reg] _24088_/Q -> _23981_/D : -9.720897
[setup reg-reg] _24088_/Q -> _23960_/D : -9.715010
[setup reg-reg] _24088_/Q -> _23959_/D : -9.713737
[setup reg-reg] _24088_/Q -> _23910_/D : -9.701176
[setup reg-reg] _24088_/Q -> _23974_/D : -9.699708
[setup reg-reg] _24088_/Q -> _23946_/D : -9.689920
[setup reg-reg] _24088_/Q -> _23926_/D : -9.676164
[setup reg-reg] _24088_/Q -> _23976_/D : -9.667137
[setup reg-reg] _24088_/Q -> _23912_/D : -9.666306
[setup reg-reg] _24088_/Q -> _24054_/D : -9.666234
[setup reg-reg] _24088_/Q -> _23949_/D : -9.656411
[setup reg-reg] _24088_/Q -> _23932_/D : -9.639003
[setup reg-reg] _24088_/Q -> _23898_/D : -9.608421
[setup reg-reg] _24088_/Q -> _23984_/D : -9.607672
[setup reg-reg] _24088_/Q -> _23920_/D : -9.607398
[setup reg-reg] _24088_/Q -> _23950_/D : -9.596580
[setup reg-reg] _24088_/Q -> _23942_/D : -9.574684
[setup reg-reg] _24088_/Q -> _23956_/D : -9.568006
[setup reg-reg] _24088_/Q -> _23929_/D : -9.567167
[setup reg-reg] _24088_/Q -> _23941_/D : -9.547389
[setup reg-reg] _24088_/Q -> _23944_/D : -9.530545
[setup reg-reg] _24088_/Q -> _23936_/D : -9.479483
[setup reg-reg] _24088_/Q -> _23952_/D : -9.472729
[setup reg-reg] _24088_/Q -> _23990_/D : -9.451675
[setup reg-reg] _24088_/Q -> _23928_/D : -9.450037
[setup reg-reg] _24088_/Q -> _23905_/D : -9.436011
[setup reg-reg] _24088_/Q -> _23969_/D : -9.431769
[setup reg-reg] _24088_/Q -> _23930_/D : -9.413811
[setup reg-reg] _24088_/Q -> _23937_/D : -9.400047
[setup reg-reg] _24088_/Q -> _23927_/D : -9.390171
[setup reg-reg] _24088_/Q -> _23921_/D : -9.375988
[setup reg-reg] _24088_/Q -> _23985_/D : -9.375868
[setup reg-reg] _24088_/Q -> _23958_/D : -9.334766
[setup reg-reg] _24088_/Q -> _23515_/D : -9.263623
[setup reg-reg] _24088_/Q -> _23953_/D : -9.248857
[setup reg-reg] _24088_/Q -> _23765_/D : -9.184806
[setup reg-reg] _24088_/Q -> _23484_/D : -9.172844
[setup reg-reg] _24088_/Q -> _23857_/D : -9.127955
[setup reg-reg] _24088_/Q -> _23323_/D : -9.125987
[setup reg-reg] _24088_/Q -> _23483_/D : -9.123273
[setup reg-reg] _24088_/Q -> _23261_/D : -9.122801
[setup reg-reg] _24088_/Q -> _23759_/D : -9.103062
[setup reg-reg] _24088_/Q -> _23571_/D : -9.076455
[setup reg-reg] _24088_/Q -> _23556_/D : -9.075848
[setup reg-reg] _24088_/Q -> _23587_/D : -9.073837
[setup reg-reg] _24088_/Q -> _23619_/D : -9.057999
[setup reg-reg] _24088_/Q -> _23485_/D : -9.037433
[setup reg-reg] _24088_/Q -> _23227_/D : -9.036591
[setup reg-reg] _24088_/Q -> _23511_/D : -9.033077
[setup reg-reg] _24088_/Q -> _23760_/D : -9.032043
[setup reg-reg] _24088_/Q -> _23324_/D : -9.029822
[setup reg-reg] _24088_/Q -> _23260_/D : -9.027524
[setup reg-reg] _24088_/Q -> _23356_/D : -9.022003
[setup reg-reg] _24088_/Q -> _23452_/D : -9.018412
[setup reg-reg] _24088_/Q -> _23355_/D : -9.017403
[setup reg-reg] _24088_/Q -> _23420_/D : -9.016855
[setup reg-reg] _24088_/Q -> _23451_/D : -9.011899
[setup reg-reg] _24088_/Q -> _23419_/D : -9.008865
[setup reg-reg] _24088_/Q -> _23228_/D : -9.000822
[setup reg-reg] _24088_/Q -> _23390_/D : -8.990309
[setup reg-reg] _24088_/Q -> _23259_/D : -8.989101
[setup reg-reg] _24088_/Q -> _23453_/D : -8.984838
[setup reg-reg] _24088_/Q -> _23292_/D : -8.984504
[setup reg-reg] _24088_/Q -> _23588_/D : -8.983921
[setup reg-reg] _24088_/Q -> _23291_/D : -8.981861
[setup reg-reg] _24088_/Q -> _23388_/D : -8.980681
[setup reg-reg] _24088_/Q -> _23603_/D : -8.979882
[setup reg-reg] _24088_/Q -> _23860_/D : -8.977982
[setup reg-reg] _24088_/Q -> _23635_/D : -8.976909
[setup reg-reg] _24088_/Q -> _23293_/D : -8.971995
[setup reg-reg] _24088_/Q -> _23611_/D : -8.971207
[setup reg-reg] _24088_/Q -> _23572_/D : -8.971185
[setup reg-reg] _24088_/Q -> _23523_/D : -8.960835
[setup reg-reg] _24088_/Q -> _23620_/D : -8.959639
[setup reg-reg] _24088_/Q -> _23621_/D : -8.956700
[setup reg-reg] _24088_/Q -> _23856_/D : -8.951130
[setup reg-reg] _24088_/Q -> _23325_/D : -8.948135
[setup reg-reg] _24088_/Q -> _23604_/D : -8.947670
[setup reg-reg] _24088_/Q -> _23357_/D : -8.941669
[setup reg-reg] _24088_/Q -> _23547_/D : -8.941346
[setup reg-reg] _24088_/Q -> _23421_/D : -8.935903
[setup reg-reg] _24088_/Q -> _23387_/D : -8.935047
[setup reg-reg] _24088_/Q -> _23383_/D : -8.931530
[setup reg-reg] _24088_/Q -> _23636_/D : -8.925923
[setup reg-reg] _24088_/Q -> _23518_/D : -8.925227
[setup reg-reg] _24088_/Q -> _23599_/D : -8.921067
[setup reg-reg] _24088_/Q -> _23516_/D : -8.918584
[setup reg-reg] _24088_/Q -> _23667_/D : -8.910572
[setup reg-reg] _24088_/Q -> _23196_/D : -8.907282
[setup reg-reg] _24088_/Q -> _23447_/D : -8.905910
[setup reg-reg] _24088_/Q -> _23539_/D : -8.905605
[setup reg-reg] _24088_/Q -> _23229_/D : -8.902522
[setup reg-reg] _24088_/Q -> _23505_/D : -8.901694
[setup reg-reg] _24088_/Q -> _23548_/D : -8.900262
[setup reg-reg] _24088_/Q -> _23517_/D : -8.893299
[setup reg-reg] _24088_/Q -> _23195_/D : -8.892241
[setup reg-reg] _24088_/Q -> _23859_/D : -8.891625
[setup reg-reg] _24088_/Q -> _23683_/D : -8.888211
[setup reg-reg] _24088_/Q -> _23580_/D : -8.882833
[setup reg-reg] _24088_/Q -> _23700_/D : -8.879670
[setup reg-reg] _24088_/Q -> _23684_/D : -8.877291
[setup reg-reg] _24088_/Q -> _23579_/D : -8.873784
[setup reg-reg] _24088_/Q -> _23197_/D : -8.869258
[setup reg-reg] _24088_/Q -> _23535_/D : -8.865684
[setup reg-reg] _24088_/Q -> _23389_/D : -8.863439
[setup reg-reg] _24088_/Q -> _23481_/D : -8.863161
[setup reg-reg] _24088_/Q -> _23589_/D : -8.863130
[setup reg-reg] _24088_/Q -> _23631_/D : -8.860511
[setup reg-reg] _24088_/Q -> _23651_/D : -8.860447
[setup reg-reg] _24088_/Q -> _23476_/D : -8.844048
[setup reg-reg] _24088_/Q -> _23581_/D : -8.835116
[setup reg-reg] _24088_/Q -> _23549_/D : -8.833564
[setup reg-reg] _24088_/Q -> _23855_/D : -8.832582
[setup reg-reg] _24088_/Q -> _23479_/D : -8.830082
[setup reg-reg] _24088_/Q -> _23525_/D : -8.828643
[setup reg-reg] _24088_/Q -> _23492_/D : -8.825165
[setup reg-reg] _24088_/Q -> _23641_/D : -8.821630
[setup reg-reg] _24088_/Q -> _23605_/D : -8.813217
[setup reg-reg] _24088_/Q -> _23454_/D : -8.812951
[setup reg-reg] _24088_/Q -> _23541_/D : -8.812204
[setup reg-reg] _24088_/Q -> _23732_/D : -8.812112
[setup reg-reg] _24088_/Q -> _23442_/D : -8.811399
[setup reg-reg] _24088_/Q -> _23668_/D : -8.806272
[setup reg-reg] _24088_/Q -> _23637_/D : -8.801031
[setup reg-reg] _24088_/Q -> _23287_/D : -8.799756
[setup reg-reg] _24088_/Q -> _23861_/D : -8.799482
[setup reg-reg] _24088_/Q -> _23319_/D : -8.799429
[setup reg-reg] _24088_/Q -> _23255_/D : -8.797209
[setup reg-reg] _24088_/Q -> _23540_/D : -8.792341
[setup reg-reg] _24088_/Q -> _23558_/D : -8.791901
[setup reg-reg] _24088_/Q -> _23486_/D : -8.791194
[setup reg-reg] _24088_/Q -> _23716_/D : -8.790356
[setup reg-reg] _24088_/Q -> _23573_/D : -8.790341
[setup reg-reg] _24088_/Q -> _23294_/D : -8.786942
[setup reg-reg] _24088_/Q -> _23575_/D : -8.784259
[setup reg-reg] _24088_/Q -> _23731_/D : -8.781662
[setup reg-reg] _24088_/Q -> _23514_/D : -8.780678
[setup reg-reg] _24088_/Q -> _23583_/D : -8.772979
[setup reg-reg] _24088_/Q -> _23699_/D : -8.769373
[setup reg-reg] _24088_/Q -> _23268_/D : -8.767711
[setup reg-reg] _24088_/Q -> _23489_/D : -8.764058
[setup reg-reg] _24088_/Q -> _23652_/D : -8.763990
[setup reg-reg] _24088_/Q -> _23262_/D : -8.763209
[setup reg-reg] _24088_/Q -> _23354_/D : -8.761148
[setup reg-reg] _24088_/Q -> _23669_/D : -8.757955
[setup reg-reg] _24088_/Q -> _23647_/D : -8.754228
[setup reg-reg] _24088_/Q -> _23663_/D : -8.752018
[setup reg-reg] _24088_/Q -> _23557_/D : -8.751293
[setup reg-reg] _24088_/Q -> _23163_/D : -8.750583
[setup reg-reg] _24088_/Q -> _23165_/D : -8.750498
[setup reg-reg] _24088_/Q -> _23512_/D : -8.750274
[setup reg-reg] _24088_/Q -> _23740_/D : -8.748863
[setup reg-reg] _24088_/Q -> _23567_/D : -8.748487
[setup reg-reg] _24088_/Q -> _23449_/D : -8.744578
[setup reg-reg] _24088_/Q -> _23701_/D : -8.744327
[setup reg-reg] _24088_/Q -> _23653_/D : -8.743488
[setup reg-reg] _24088_/Q -> _23585_/D : -8.737114
[setup reg-reg] _24088_/Q -> _23715_/D : -8.736077
[setup reg-reg] _24088_/Q -> _23717_/D : -8.735946
[setup reg-reg] _24088_/Q -> _23475_/D : -8.731760
[setup reg-reg] _24088_/Q -> _23506_/D : -8.728865
[setup reg-reg] _24088_/Q -> _23550_/D : -8.727440
[setup reg-reg] _24088_/Q -> _23747_/D : -8.727365
[setup reg-reg] _24088_/Q -> _23677_/D : -8.725529
[setup reg-reg] _24088_/Q -> _23526_/D : -8.724278
[setup reg-reg] _24088_/Q -> _23491_/D : -8.721749
[setup reg-reg] _24088_/Q -> _23314_/D : -8.720559
[setup reg-reg] _24088_/Q -> _23638_/D : -8.720520
[setup reg-reg] _24088_/Q -> _23460_/D : -8.718857
[setup reg-reg] _24088_/Q -> _23858_/D : -8.715098
[setup reg-reg] _24088_/Q -> _23164_/D : -8.714960
[setup reg-reg] _24088_/Q -> _23223_/D : -8.714899
[setup reg-reg] _24088_/Q -> _23256_/D : -8.713723
[setup reg-reg] _24088_/Q -> _23615_/D : -8.713379
[setup reg-reg] _24088_/Q -> _23555_/D : -8.711613
[setup reg-reg] _24088_/Q -> _23316_/D : -8.710743
[setup reg-reg] _24088_/Q -> _23284_/D : -8.707471
[setup reg-reg] _24088_/Q -> _23507_/D : -8.706991
[setup reg-reg] _24088_/Q -> _23313_/D : -8.706664
[setup reg-reg] _24088_/Q -> _23332_/D : -8.706096
[setup reg-reg] _24088_/Q -> _23644_/D : -8.706028
[setup reg-reg] _24088_/Q -> _23780_/D : -8.702042
[setup reg-reg] _24088_/Q -> _23386_/D : -8.700919
[setup reg-reg] _24088_/Q -> _23300_/D : -8.700777
[setup reg-reg] _24088_/Q -> _23685_/D : -8.698895
[setup reg-reg] _24088_/Q -> _23708_/D : -8.698802
[setup reg-reg] _24088_/Q -> _23836_/D : -8.696635
[setup reg-reg] _24088_/Q -> _23194_/D : -8.696020
[setup reg-reg] _24088_/Q -> _23524_/D : -8.695672
[setup reg-reg] _24088_/Q -> _23193_/D : -8.693920
[setup reg-reg] _24088_/Q -> _23695_/D : -8.693281
[setup reg-reg] _24088_/Q -> _23764_/D : -8.691583
[setup reg-reg] _24088_/Q -> _23763_/D : -8.690392
[setup reg-reg] _24088_/Q -> _23458_/D : -8.690250
[setup reg-reg] _24088_/Q -> _23508_/D : -8.689632
[setup reg-reg] _24088_/Q -> _23702_/D : -8.686797
[setup reg-reg] _24088_/Q -> _23191_/D : -8.683852
[setup reg-reg] _24088_/Q -> _23590_/D : -8.682818
[setup reg-reg] _24088_/Q -> _23428_/D : -8.681241
[setup reg-reg] _24088_/Q -> _23311_/D : -8.680143
[setup reg-reg] _24088_/Q -> _23225_/D : -8.677670
[setup reg-reg] _24088_/Q -> _23482_/D : -8.677226
[setup reg-reg] _24088_/Q -> _23602_/D : -8.676612
[setup reg-reg] _24088_/Q -> _23351_/D : -8.674530
[setup reg-reg] _24088_/Q -> _23326_/D : -8.673880
[setup reg-reg] _24088_/Q -> _23612_/D : -8.670309
[setup reg-reg] _24088_/Q -> _23781_/D : -8.670224
[setup reg-reg] _24088_/Q -> _23415_/D : -8.670078
[setup reg-reg] _24088_/Q -> _23226_/D : -8.669943
[setup reg-reg] _24088_/Q -> _23358_/D : -8.667300
[setup reg-reg] _24088_/Q -> _23772_/D : -8.667212
[setup reg-reg] _24088_/Q -> _23769_/D : -8.666682
[setup reg-reg] _24088_/Q -> _23504_/D : -8.663569
[setup reg-reg] _24088_/Q -> _23288_/D : -8.661772
[setup reg-reg] _24088_/Q -> _23733_/D : -8.661506
[setup reg-reg] _24088_/Q -> _23761_/D : -8.660937
[setup reg-reg] _24088_/Q -> _23622_/D : -8.659310
[setup reg-reg] _24088_/Q -> _23378_/D : -8.658368
[setup reg-reg] _24088_/Q -> _23862_/D : -8.658368
[setup reg-reg] _24088_/Q -> _23804_/D : -8.658205
[setup reg-reg] _24088_/Q -> _23480_/D : -8.657925
[setup reg-reg] _24088_/Q -> _23412_/D : -8.657416
[setup reg-reg] _24088_/Q -> _23322_/D : -8.655246
[setup reg-reg] _24088_/Q -> _23422_/D : -8.654809
[setup reg-reg] _24088_/Q -> _23779_/D : -8.653583
[setup reg-reg] _24088_/Q -> _23364_/D : -8.652777
[setup reg-reg] _24088_/Q -> _23439_/D : -8.651072
[setup reg-reg] _24088_/Q -> _23348_/D : -8.650748
[setup reg-reg] _24088_/Q -> _23380_/D : -8.649878
[setup reg-reg] _24088_/Q -> _23727_/D : -8.647081
[setup reg-reg] _24088_/Q -> _22866_/D : -8.645458
[setup reg-reg] _24088_/Q -> _23632_/D : -8.644787
[setup reg-reg] _24088_/Q -> _23230_/D : -8.643088
[setup reg-reg] _24088_/Q -> _23385_/D : -8.640094
[setup reg-reg] _24088_/Q -> _23643_/D : -8.639497
[setup reg-reg] _24088_/Q -> _23574_/D : -8.638103
[setup reg-reg] _24088_/Q -> _23416_/D : -8.636200
[setup reg-reg] _24088_/Q -> _23617_/D : -8.634949
[setup reg-reg] _24088_/Q -> _23616_/D : -8.632782
[setup reg-reg] _24088_/Q -> _23329_/D : -8.632537
[setup reg-reg] _24088_/Q -> _23606_/D : -8.632050
[setup reg-reg] _24088_/Q -> _23148_/D : -8.631680
[setup reg-reg] _24088_/Q -> _23777_/D : -8.630383
[setup reg-reg] _24088_/Q -> _23796_/D : -8.630320
[setup reg-reg] _24088_/Q -> _23795_/D : -8.629510
[setup reg-reg] _24088_/Q -> _23417_/D : -8.629485
[setup reg-reg] _24088_/Q -> _23718_/D : -8.629407
[setup reg-reg] _24088_/Q -> _23642_/D : -8.628551
[setup reg-reg] _24088_/Q -> _23601_/D : -8.628366
[setup reg-reg] _24088_/Q -> _23670_/D : -8.623506
[setup reg-reg] _24088_/Q -> _23444_/D : -8.620923
[setup reg-reg] _24088_/Q -> _23673_/D : -8.620219
[setup reg-reg] _24088_/Q -> _22847_/D : -8.618219
[setup reg-reg] _24088_/Q -> _22851_/D : -8.618184
[setup reg-reg] _24088_/Q -> _23705_/D : -8.617207
[setup reg-reg] _24088_/Q -> _23737_/D : -8.615036
[setup reg-reg] _24088_/Q -> _22863_/D : -8.613725
[setup reg-reg] _24088_/Q -> _23290_/D : -8.612858
[setup reg-reg] _24088_/Q -> _23770_/D : -8.611913
[setup reg-reg] _24088_/Q -> _23749_/D : -8.611593
[setup reg-reg] _24088_/Q -> _23633_/D : -8.610325
[setup reg-reg] _24088_/Q -> _23269_/D : -8.607899
[setup reg-reg] _24088_/Q -> _23257_/D : -8.606911
[setup reg-reg] _24088_/Q -> _23426_/D : -8.606762
[setup reg-reg] _24088_/Q -> _23331_/D : -8.605312
[setup reg-reg] _24088_/Q -> _23666_/D : -8.605302
[setup reg-reg] _24088_/Q -> _23375_/D : -8.604872
[setup reg-reg] _24088_/Q -> _23471_/D : -8.604627
[setup reg-reg] _24088_/Q -> _23052_/D : -8.604588
[setup reg-reg] _24088_/Q -> _23299_/D : -8.604268
[setup reg-reg] _24088_/Q -> _23321_/D : -8.604246
[setup reg-reg] _24088_/Q -> _23258_/D : -8.603572
[setup reg-reg] _24088_/Q -> _23522_/D : -8.603511
[setup reg-reg] _24088_/Q -> _23289_/D : -8.601824
[setup reg-reg] _24088_/Q -> _23459_/D : -8.601564
[setup reg-reg] _24088_/Q -> _23353_/D : -8.599316
[setup reg-reg] _24088_/Q -> _23283_/D : -8.597695
[setup reg-reg] _24088_/Q -> _23730_/D : -8.593762
[setup reg-reg] _24088_/Q -> _23198_/D : -8.592622
[setup reg-reg] _24088_/Q -> _23542_/D : -8.591389
[setup reg-reg] _24088_/Q -> _23474_/D : -8.590021
[setup reg-reg] _24088_/Q -> _23490_/D : -8.589947
[setup reg-reg] _24088_/Q -> _23634_/D : -8.589460
[setup reg-reg] _24088_/Q -> _23582_/D : -8.587957
[setup reg-reg] _24088_/Q -> _23679_/D : -8.587173
[setup reg-reg] _24088_/Q -> _23443_/D : -8.586866
[setup reg-reg] _24088_/Q -> _23613_/D : -8.586121
[setup reg-reg] _24088_/Q -> _23568_/D : -8.585542
[setup reg-reg] _24088_/Q -> _23410_/D : -8.584558
[setup reg-reg] _24088_/Q -> _23797_/D : -8.583889
[setup reg-reg] _24088_/Q -> _23675_/D : -8.582046
[setup reg-reg] _24088_/Q -> _23427_/D : -8.581310
[setup reg-reg] _24088_/Q -> _23835_/D : -8.578067
[setup reg-reg] _24088_/Q -> _23394_/D : -8.577643
[setup reg-reg] _24088_/Q -> _23739_/D : -8.576134
[setup reg-reg] _24088_/Q -> _23494_/D : -8.575522
[setup reg-reg] _24088_/Q -> _23686_/D : -8.574525
[setup reg-reg] _24088_/Q -> _23552_/D : -8.574478
[setup reg-reg] _24088_/Q -> _23418_/D : -8.574215
[setup reg-reg] _24088_/Q -> _23440_/D : -8.574202
[setup reg-reg] _24088_/Q -> _23640_/D : -8.572553
[setup reg-reg] _24088_/Q -> _23774_/D : -8.572371
[setup reg-reg] _24088_/Q -> _23681_/D : -8.572301
[setup reg-reg] _24088_/Q -> _23312_/D : -8.571768
[setup reg-reg] _24088_/Q -> _22860_/D : -8.571490
[setup reg-reg] _24088_/Q -> _23654_/D : -8.570975
[setup reg-reg] _24088_/Q -> _23377_/D : -8.570485
[setup reg-reg] _24088_/Q -> _23645_/D : -8.570105
[setup reg-reg] _24088_/Q -> _22861_/D : -8.566478
[setup reg-reg] _24088_/Q -> _23741_/D : -8.565948
[setup reg-reg] _24088_/Q -> _23224_/D : -8.562150
[setup reg-reg] _24088_/Q -> _23450_/D : -8.561625
[setup reg-reg] _24088_/Q -> _23384_/D : -8.559127
[setup reg-reg] _24088_/Q -> _23584_/D : -8.558800
[setup reg-reg] _24088_/Q -> _23713_/D : -8.555826
[setup reg-reg] _24088_/Q -> _23791_/D : -8.555571
[setup reg-reg] _24088_/Q -> _23802_/D : -8.555052
[setup reg-reg] _24088_/Q -> _23448_/D : -8.553989
[setup reg-reg] _24088_/Q -> _23803_/D : -8.552064
[setup reg-reg] _24088_/Q -> _23794_/D : -8.551866
[setup reg-reg] _24088_/Q -> _23698_/D : -8.551684
[setup reg-reg] _24088_/Q -> _23477_/D : -8.551450
[setup reg-reg] _24088_/Q -> _23478_/D : -8.550732
[setup reg-reg] _24088_/Q -> _23537_/D : -8.550451
[setup reg-reg] _24088_/Q -> _23650_/D : -8.549869
[setup reg-reg] _24088_/Q -> _23762_/D : -8.549432
[setup reg-reg] _24088_/Q -> _23837_/D : -8.549311
[setup reg-reg] _24088_/Q -> _23413_/D : -8.547968
[setup reg-reg] _24088_/Q -> _23411_/D : -8.547772
[setup reg-reg] _24088_/Q -> _23696_/D : -8.546899
[setup reg-reg] _24088_/Q -> _23682_/D : -8.545396
[setup reg-reg] _24088_/Q -> _23395_/D : -8.544877
[setup reg-reg] _24088_/Q -> _23363_/D : -8.543961
[setup reg-reg] _24088_/Q -> _23711_/D : -8.542379
[setup reg-reg] _24088_/Q -> _23771_/D : -8.542379
[setup reg-reg] _24088_/Q -> _23493_/D : -8.541982
[setup reg-reg] _24088_/Q -> _23680_/D : -8.540987
[setup reg-reg] _24088_/Q -> _23545_/D : -8.540468
[setup reg-reg] _24088_/Q -> _23536_/D : -8.539914
[setup reg-reg] _24088_/Q -> _23379_/D : -8.539583
[setup reg-reg] _24088_/Q -> _23276_/D : -8.539115
[setup reg-reg] _24088_/Q -> _23396_/D : -8.539051
[setup reg-reg] _24088_/Q -> _23352_/D : -8.538095
[setup reg-reg] _24088_/Q -> _22852_/D : -8.536389
[setup reg-reg] _24088_/Q -> _22956_/D : -8.536077
[setup reg-reg] _24088_/Q -> _23320_/D : -8.535988
[setup reg-reg] _24088_/Q -> _23543_/D : -8.535672
[setup reg-reg] _24088_/Q -> _23748_/D : -8.535384
[setup reg-reg] _24088_/Q -> _23709_/D : -8.535118
[setup reg-reg] _24088_/Q -> _23298_/D : -8.534169
[setup reg-reg] _24088_/Q -> _23639_/D : -8.534151
[setup reg-reg] _24088_/Q -> _22853_/D : -8.533935
[setup reg-reg] _24088_/Q -> _23281_/D : -8.531966
[setup reg-reg] _24088_/Q -> _23768_/D : -8.531860
[setup reg-reg] _24088_/Q -> _23347_/D : -8.531526
[setup reg-reg] _24088_/Q -> _23376_/D : -8.531274
[setup reg-reg] _24088_/Q -> _23330_/D : -8.530517
[setup reg-reg] _24088_/Q -> _23788_/D : -8.530187
[setup reg-reg] _24088_/Q -> _23551_/D : -8.527220
[setup reg-reg] _24088_/Q -> _23714_/D : -8.525550
[setup reg-reg] _24088_/Q -> _23729_/D : -8.525518
[setup reg-reg] _24088_/Q -> _23707_/D : -8.525266
[setup reg-reg] _24088_/Q -> _23618_/D : -8.524449
[setup reg-reg] _24088_/Q -> _23473_/D : -8.524126
[setup reg-reg] _24088_/Q -> _23488_/D : -8.522228
[setup reg-reg] _24088_/Q -> _23767_/D : -8.519973
[setup reg-reg] _24088_/Q -> _22868_/D : -8.519312
[setup reg-reg] _24088_/Q -> _22867_/D : -8.518722
[setup reg-reg] _24088_/Q -> _23461_/D : -8.518484
[setup reg-reg] _24088_/Q -> _23600_/D : -8.517716
[setup reg-reg] _24088_/Q -> _23510_/D : -8.516213
[setup reg-reg] _24088_/Q -> _22869_/D : -8.516118
[setup reg-reg] _24088_/Q -> _22862_/D : -8.515777
[setup reg-reg] _24088_/Q -> _23773_/D : -8.515425
[setup reg-reg] _24088_/Q -> _23538_/D : -8.513095
[setup reg-reg] _24088_/Q -> _23544_/D : -8.512807
[setup reg-reg] _24088_/Q -> _23279_/D : -8.510824
[setup reg-reg] _24088_/Q -> _23577_/D : -8.510832
[setup reg-reg] _24088_/Q -> _23831_/D : -8.510778
[setup reg-reg] _24088_/Q -> _23697_/D : -8.507222
[setup reg-reg] _24088_/Q -> _23192_/D : -8.506074
[setup reg-reg] _24088_/Q -> _23738_/D : -8.503555
[setup reg-reg] _24088_/Q -> _23441_/D : -8.501996
[setup reg-reg] _24088_/Q -> _23834_/D : -8.498532
[setup reg-reg] _24088_/Q -> _23649_/D : -8.497477
[setup reg-reg] _24088_/Q -> _23660_/D : -8.497001
[setup reg-reg] _24088_/Q -> _23425_/D : -8.495164
[setup reg-reg] _24088_/Q -> _23161_/D : -8.495001
[setup reg-reg] _24088_/Q -> _23455_/D : -8.494688
[setup reg-reg] _24088_/Q -> _22958_/D : -8.494034
[setup reg-reg] _24088_/Q -> _23676_/D : -8.493057
[setup reg-reg] _24088_/Q -> _22849_/D : -8.492734
[setup reg-reg] _24088_/Q -> _23799_/D : -8.492052
[setup reg-reg] _24088_/Q -> _22848_/D : -8.491935
[setup reg-reg] _24088_/Q -> _23664_/D : -8.491398
[setup reg-reg] _24088_/Q -> _23333_/D : -8.490609
[setup reg-reg] _24088_/Q -> _22859_/D : -8.486552
[setup reg-reg] _24088_/Q -> _23576_/D : -8.486495
[setup reg-reg] _24088_/Q -> _23586_/D : -8.485636
[setup reg-reg] _24088_/Q -> _23734_/D : -8.484186
[setup reg-reg] _24088_/Q -> _23569_/D : -8.479518
[setup reg-reg] _24088_/Q -> _23277_/D : -8.478171
[setup reg-reg] _24088_/Q -> _23570_/D : -8.478089
[setup reg-reg] _24088_/Q -> _23513_/D : -8.474689
[setup reg-reg] _24088_/Q -> _23462_/D : -8.472875
[setup reg-reg] _24088_/Q -> _23750_/D : -8.472437
[setup reg-reg] _24088_/Q -> _23775_/D : -8.472239
[setup reg-reg] _24088_/Q -> _23285_/D : -8.469772
[setup reg-reg] _24088_/Q -> _23404_/D : -8.465012
[setup reg-reg] _24088_/Q -> _23766_/D : -8.464490
[setup reg-reg] _24088_/Q -> _23362_/D : -8.463687
[setup reg-reg] _24088_/Q -> _23143_/D : -8.462554
[setup reg-reg] _24088_/Q -> _23838_/D : -8.460262
[setup reg-reg] _24088_/Q -> _23744_/D : -8.460234
[setup reg-reg] _24088_/Q -> _23665_/D : -8.456553
[setup reg-reg] _24088_/Q -> _23301_/D : -8.454830
[setup reg-reg] _24088_/Q -> _23503_/D : -8.454802
[setup reg-reg] _24088_/Q -> _22850_/D : -8.454169
[setup reg-reg] _24088_/Q -> _23661_/D : -8.454105
[setup reg-reg] _24088_/Q -> _23317_/D : -8.453778
[setup reg-reg] _24088_/Q -> _23407_/D : -8.451490
[setup reg-reg] _24088_/Q -> _23315_/D : -8.450193
[setup reg-reg] _24088_/Q -> _22952_/D : -8.448705
[setup reg-reg] _24088_/Q -> _23646_/D : -8.447238
[setup reg-reg] _24088_/Q -> _23706_/D : -8.446882
[setup reg-reg] _24088_/Q -> _23553_/D : -8.442780
[setup reg-reg] _24088_/Q -> _23546_/D : -8.442470
[setup reg-reg] _24088_/Q -> _23457_/D : -8.441116
[setup reg-reg] _24088_/Q -> _23648_/D : -8.439883
[setup reg-reg] _24088_/Q -> _23487_/D : -8.439617
[setup reg-reg] _24088_/Q -> _23678_/D : -8.436689
[setup reg-reg] _24088_/Q -> _23789_/D : -8.435301
[setup reg-reg] _24088_/Q -> _23710_/D : -8.434864
[setup reg-reg] _24088_/Q -> _23787_/D : -8.433378
[setup reg-reg] _24088_/Q -> _23296_/D : -8.433141
[setup reg-reg] _24088_/Q -> _23343_/D : -8.432423
[setup reg-reg] _24088_/Q -> _23578_/D : -8.431638
[setup reg-reg] _24088_/Q -> _23533_/D : -8.430017
[setup reg-reg] _24088_/Q -> _23053_/D : -8.429912
[setup reg-reg] _24088_/Q -> _22957_/D : -8.428028
[setup reg-reg] _24088_/Q -> _22865_/D : -8.426458
[setup reg-reg] _24088_/Q -> _23162_/D : -8.426465
[setup reg-reg] _24088_/Q -> _22953_/D : -8.425790
[setup reg-reg] _24088_/Q -> _22951_/D : -8.424156
[setup reg-reg] _24088_/Q -> _23614_/D : -8.422081
[setup reg-reg] _24088_/Q -> _23160_/D : -8.417068
[setup reg-reg] _24088_/Q -> _23674_/D : -8.416183
[setup reg-reg] _24088_/Q -> _23400_/D : -8.415885
[setup reg-reg] _24088_/Q -> _23399_/D : -8.414120
[setup reg-reg] _24088_/Q -> _23472_/D : -8.412677
[setup reg-reg] _24088_/Q -> _23778_/D : -8.410424
[setup reg-reg] _24088_/Q -> _23159_/D : -8.404264
[setup reg-reg] _24088_/Q -> _23405_/D : -8.404037
[setup reg-reg] _24088_/Q -> _23655_/D : -8.403958
[setup reg-reg] _24088_/Q -> _23808_/D : -8.403916
[setup reg-reg] _24088_/Q -> _23519_/D : -8.403703
[setup reg-reg] _24088_/Q -> _23509_/D : -8.403116
[setup reg-reg] _24088_/Q -> _22858_/D : -8.402722
[setup reg-reg] _24088_/Q -> _23051_/D : -8.401003
[setup reg-reg] _24088_/Q -> _22870_/D : -8.398633
[setup reg-reg] _24088_/Q -> _23429_/D : -8.398175
[setup reg-reg] _24088_/Q -> _23532_/D : -8.398111
[setup reg-reg] _24088_/Q -> _23423_/D : -8.397894
[setup reg-reg] _24088_/Q -> _23349_/D : -8.397517
[setup reg-reg] _24088_/Q -> _23446_/D : -8.394374
[setup reg-reg] _24088_/Q -> _23275_/D : -8.393147
[setup reg-reg] _24088_/Q -> _23263_/D : -8.391428
[setup reg-reg] _24088_/Q -> _22864_/D : -8.389357
[setup reg-reg] _24088_/Q -> _23166_/D : -8.387481
[setup reg-reg] _24088_/Q -> _23805_/D : -8.387364
[setup reg-reg] _24088_/Q -> _23528_/D : -8.386572
[setup reg-reg] _24088_/Q -> _23445_/D : -8.385822
[setup reg-reg] _24088_/Q -> _23712_/D : -8.382085
[setup reg-reg] _24088_/Q -> _23430_/D : -8.381371
[setup reg-reg] _24088_/Q -> _23401_/D : -8.381122
[setup reg-reg] _24088_/Q -> _23534_/D : -8.379214
[setup reg-reg] _24088_/Q -> _23659_/D : -8.377907
[setup reg-reg] _24088_/Q -> _23302_/D : -8.377345
[setup reg-reg] _24088_/Q -> _23295_/D : -8.377232
[setup reg-reg] _24088_/Q -> _23833_/D : -8.376581
[setup reg-reg] _24088_/Q -> _23782_/D : -8.376272
[setup reg-reg] _24088_/Q -> _23318_/D : -8.374948
[setup reg-reg] _24088_/Q -> _22854_/D : -8.374716
[setup reg-reg] _24088_/Q -> _23776_/D : -8.374446
[setup reg-reg] _24088_/Q -> _23554_/D : -8.370300
[setup reg-reg] _24088_/Q -> _23049_/D : -8.370076
[setup reg-reg] _24088_/Q -> _23147_/D : -8.367263
[setup reg-reg] _24088_/Q -> _23267_/D : -8.365593
[setup reg-reg] _24088_/Q -> _23746_/D : -8.364605
[setup reg-reg] _24088_/Q -> _23531_/D : -8.363589
[setup reg-reg] _24088_/Q -> _23728_/D : -8.363503
[setup reg-reg] _24088_/Q -> _22955_/D : -8.363010
[setup reg-reg] _24088_/Q -> _23745_/D : -8.361674
[setup reg-reg] _24088_/Q -> _23282_/D : -8.361397
[setup reg-reg] _24088_/Q -> _23350_/D : -8.361176
[setup reg-reg] _24088_/Q -> _23671_/D : -8.360772
[setup reg-reg] _24088_/Q -> _23398_/D : -8.359613
[setup reg-reg] _24088_/Q -> _23414_/D : -8.359574
[setup reg-reg] _24088_/Q -> _23366_/D : -8.359016
[setup reg-reg] _24088_/Q -> _23397_/D : -8.355496
[setup reg-reg] _24088_/Q -> _23278_/D : -8.351879
[setup reg-reg] _24088_/Q -> _23424_/D : -8.351439
[setup reg-reg] _24088_/Q -> _23346_/D : -8.349894
[setup reg-reg] _24088_/Q -> _23607_/D : -8.348973
[setup reg-reg] _24088_/Q -> _23345_/D : -8.348952
[setup reg-reg] _24088_/Q -> _23742_/D : -8.347286
[setup reg-reg] _24088_/Q -> _23365_/D : -8.346352
[setup reg-reg] _24088_/Q -> _23381_/D : -8.345790
[setup reg-reg] _24088_/Q -> _23265_/D : -8.345108
[setup reg-reg] _24088_/Q -> _23800_/D : -8.345051
[setup reg-reg] _24088_/Q -> _23703_/D : -8.344682
[setup reg-reg] _24088_/Q -> _22855_/D : -8.344497
[setup reg-reg] _24088_/Q -> _23456_/D : -8.341566
[setup reg-reg] _24088_/Q -> _23735_/D : -8.341249
[setup reg-reg] _24088_/Q -> _23149_/D : -8.339019
[setup reg-reg] _24088_/Q -> _23391_/D : -8.337910
[setup reg-reg] _24088_/Q -> _23806_/D : -8.337693
[setup reg-reg] _24088_/Q -> _23273_/D : -8.337281
[setup reg-reg] _24088_/Q -> _23743_/D : -8.334987
[setup reg-reg] _24088_/Q -> _23266_/D : -8.333554
[setup reg-reg] _24088_/Q -> _23150_/D : -8.332957
[setup reg-reg] _24088_/Q -> _23359_/D : -8.330805
[setup reg-reg] _24088_/Q -> _23360_/D : -8.330620
[setup reg-reg] _24088_/Q -> _23521_/D : -8.330603
[setup reg-reg] _24088_/Q -> _23361_/D : -8.328272
[setup reg-reg] _24088_/Q -> _23814_/D : -8.322943
[setup reg-reg] _24088_/Q -> _23798_/D : -8.318715
[setup reg-reg] _24088_/Q -> _23832_/D : -8.310625
[setup reg-reg] _24088_/Q -> _23672_/D : -8.304916
[setup reg-reg] _24088_/Q -> _23327_/D : -8.304064
[setup reg-reg] _24088_/Q -> _23286_/D : -8.304028
[setup reg-reg] _24088_/Q -> _23334_/D : -8.303722
[setup reg-reg] _24088_/Q -> _22954_/D : -8.302855
[setup reg-reg] _24088_/Q -> _23271_/D : -8.302810
[setup reg-reg] _24088_/Q -> _23793_/D : -8.301719
[setup reg-reg] _24088_/Q -> _23783_/D : -8.301268
[setup reg-reg] _24088_/Q -> _23393_/D : -8.295004
[setup reg-reg] _24088_/Q -> _23609_/D : -8.291746
[setup reg-reg] _24088_/Q -> _23610_/D : -8.291686
[setup reg-reg] _24088_/Q -> _23145_/D : -8.291462
[setup reg-reg] _24088_/Q -> _23297_/D : -8.287185
[setup reg-reg] _24088_/Q -> _23328_/D : -8.286300
[setup reg-reg] _24088_/Q -> _23280_/D : -8.285856
[setup reg-reg] _24088_/Q -> _23264_/D : -8.283948
[setup reg-reg] _24088_/Q -> _23403_/D : -8.283575
[setup reg-reg] _24088_/Q -> _23402_/D : -8.282822
[setup reg-reg] _24088_/Q -> _23409_/D : -8.281809
[setup reg-reg] _24088_/Q -> _23792_/D : -8.279465
[setup reg-reg] _24088_/Q -> _22856_/D : -8.272288
[setup reg-reg] _24088_/Q -> _23736_/D : -8.271222
[setup reg-reg] _24088_/Q -> _23048_/D : -8.266873
[setup reg-reg] _24088_/Q -> _23274_/D : -8.266358
[setup reg-reg] _24088_/Q -> _23520_/D : -8.261612
[setup reg-reg] _24088_/Q -> _22857_/D : -8.257771
[setup reg-reg] _24088_/Q -> _23704_/D : -8.256347
[setup reg-reg] _24088_/Q -> _23786_/D : -8.253764
[setup reg-reg] _24088_/Q -> _23054_/D : -8.250744
[setup reg-reg] _24088_/Q -> _23344_/D : -8.248585
[setup reg-reg] _24088_/Q -> _23408_/D : -8.247170
[setup reg-reg] _24088_/Q -> _23047_/D : -8.242577
[setup reg-reg] _24088_/Q -> _23801_/D : -8.235372
[setup reg-reg] _24088_/Q -> _23658_/D : -8.233460
[setup reg-reg] _24088_/Q -> _23406_/D : -8.230476
[setup reg-reg] _24088_/Q -> _23382_/D : -8.229684
[setup reg-reg] _24088_/Q -> _23527_/D : -8.222603
[setup reg-reg] _24088_/Q -> _23784_/D : -8.221136
[setup reg-reg] _24088_/Q -> _23608_/D : -8.217626
[setup reg-reg] _24088_/Q -> _23050_/D : -8.216759
[setup reg-reg] _24088_/Q -> _23530_/D : -8.212094
[setup reg-reg] _24088_/Q -> _23272_/D : -8.210265
[setup reg-reg] _24088_/Q -> _23146_/D : -8.198314
[setup reg-reg] _24088_/Q -> _23785_/D : -8.192373
[setup reg-reg] _24088_/Q -> _23656_/D : -8.190022
[setup reg-reg] _24088_/Q -> _23529_/D : -8.187009
[setup reg-reg] _24088_/Q -> _23144_/D : -8.182774
[setup reg-reg] _24088_/Q -> _23270_/D : -8.166240
[setup reg-reg] _24088_/Q -> _23657_/D : -8.165941
[setup reg-reg] _24088_/Q -> _23662_/D : -8.151307
[setup reg-reg] _24088_/Q -> _23812_/D : -8.140315
[setup reg-reg] _24088_/Q -> _22873_/D : -8.105897
[setup reg-reg] _24088_/Q -> _23392_/D : -8.088538
[setup reg-reg] _24088_/Q -> _23811_/D : -8.066404
[setup reg-reg] _24088_/Q -> _23809_/D : -8.051310
[setup reg-reg] _24088_/Q -> _23790_/D : -8.018684
[setup reg-reg] _24088_/Q -> _22875_/D : -7.993656
[setup reg-reg] _24088_/Q -> _22876_/D : -7.991808
[setup reg-reg] _24088_/Q -> _22871_/D : -7.990771
[setup reg-reg] _24088_/Q -> _22877_/D : -7.951986
[setup reg-reg] _24088_/Q -> _23807_/D : -7.939789
[setup reg-reg] _24088_/Q -> _23813_/D : -7.918722
[setup reg-reg] _24088_/Q -> _22878_/D : -7.899495
[setup reg-reg] _24088_/Q -> _22874_/D : -7.820362
[setup reg-reg] _24088_/Q -> _22872_/D : -7.808961
[setup reg-reg] _24088_/Q -> _23810_/D : -7.801660
[setup reg-reg] _24088_/Q -> _23171_/D : -6.912043
[setup reg-reg] _24088_/Q -> _22970_/D : -6.863093
[setup reg-reg] _24088_/Q -> _23122_/D : -6.854151
[setup reg-reg] _24088_/Q -> _23074_/D : -6.836317
[setup reg-reg] _24088_/Q -> _23172_/D : -6.821083
[setup reg-reg] _24088_/Q -> _22985_/D : -6.807899
[setup reg-reg] _24088_/Q -> _23595_/D : -6.795628
[setup reg-reg] _24088_/Q -> _23597_/D : -6.790263
[setup reg-reg] _24088_/Q -> _23596_/D : -6.781143
[setup reg-reg] _24088_/Q -> _22971_/D : -6.769632
[setup reg-reg] _24088_/Q -> _23075_/D : -6.767231
[setup reg-reg] _24088_/Q -> _22972_/D : -6.759951
[setup reg-reg] _24088_/Q -> _22987_/D : -6.750796
[setup reg-reg] _24088_/Q -> _23026_/D : -6.745808
[setup reg-reg] _24088_/Q -> _23173_/D : -6.722392
[setup reg-reg] _24088_/Q -> _23076_/D : -6.720402
[setup reg-reg] _24088_/Q -> _23028_/D : -6.719368
[setup reg-reg] _24088_/Q -> _22993_/D : -6.716143
[setup reg-reg] _24088_/Q -> _23849_/D : -6.701001
[setup reg-reg] _24088_/Q -> _23853_/D : -6.696755
[setup reg-reg] _24088_/Q -> _23071_/D : -6.693156
[setup reg-reg] _24088_/Q -> _22983_/D : -6.688783
[setup reg-reg] _24088_/Q -> _22969_/D : -6.687323
[setup reg-reg] _24088_/Q -> _23170_/D : -6.685454
[setup reg-reg] _24088_/Q -> _22963_/D : -6.680004
[setup reg-reg] _24088_/Q -> _22964_/D : -6.677311
[setup reg-reg] _24088_/Q -> _23023_/D : -6.676040
[setup reg-reg] _24088_/Q -> _22988_/D : -6.675347
[setup reg-reg] _24088_/Q -> _22961_/D : -6.673648
[setup reg-reg] _24088_/Q -> _22986_/D : -6.670892
[setup reg-reg] _24088_/Q -> _23025_/D : -6.647802
[setup reg-reg] _24088_/Q -> _23029_/D : -6.646612
[setup reg-reg] _24088_/Q -> _22989_/D : -6.637645
[setup reg-reg] _24088_/Q -> _23077_/D : -6.627811
[setup reg-reg] _24088_/Q -> _23033_/D : -6.617455
[setup reg-reg] _24088_/Q -> _23177_/D : -6.616926
[setup reg-reg] _24088_/Q -> _22959_/D : -6.616528
[setup reg-reg] _24088_/Q -> _23851_/D : -6.614510
[setup reg-reg] _24088_/Q -> _23010_/D : -6.607298
[setup reg-reg] _24088_/Q -> _23009_/D : -6.607038
[setup reg-reg] _24088_/Q -> _22967_/D : -6.606950
[setup reg-reg] _24088_/Q -> _23187_/D : -6.599873
[setup reg-reg] _24088_/Q -> _23249_/D : -6.599184
[setup reg-reg] _24088_/Q -> _22994_/D : -6.593354
[setup reg-reg] _24088_/Q -> _23155_/D : -6.592433
[setup reg-reg] _24088_/Q -> _23124_/D : -6.592046
[setup reg-reg] _24088_/Q -> _22968_/D : -6.588053
[setup reg-reg] _24088_/Q -> _22995_/D : -6.582987
[setup reg-reg] _24088_/Q -> _23168_/D : -6.582415
[setup reg-reg] _24088_/Q -> _23721_/D : -6.575462
[setup reg-reg] _24088_/Q -> _22996_/D : -6.552029
[setup reg-reg] _24088_/Q -> _22962_/D : -6.551893
[setup reg-reg] _24088_/Q -> _23119_/D : -6.548976
[setup reg-reg] _24088_/Q -> _23594_/D : -6.546700
[setup reg-reg] _24088_/Q -> _23018_/D : -6.545250
[setup reg-reg] _24088_/Q -> _23850_/D : -6.541640
[setup reg-reg] _24088_/Q -> _23123_/D : -6.540791
[setup reg-reg] _24088_/Q -> _23017_/D : -6.538052
[setup reg-reg] _24088_/Q -> _23592_/D : -6.535597
[setup reg-reg] _24088_/Q -> _23339_/D : -6.533753
[setup reg-reg] _24088_/Q -> _23465_/D : -6.532876
[setup reg-reg] _24088_/Q -> _23852_/D : -6.530751
[setup reg-reg] _24088_/Q -> _23120_/D : -6.526154
[setup reg-reg] _24088_/Q -> _23341_/D : -6.524381
[setup reg-reg] _24088_/Q -> _22973_/D : -6.522608
[setup reg-reg] _24088_/Q -> _23725_/D : -6.519862
[setup reg-reg] _24088_/Q -> _23012_/D : -6.518456
[setup reg-reg] _24088_/Q -> _23011_/D : -6.516338
[setup reg-reg] _24088_/Q -> _23241_/D : -6.513361
[setup reg-reg] _24088_/Q -> _23013_/D : -6.512359
[setup reg-reg] _24088_/Q -> _23242_/D : -6.511513
[setup reg-reg] _24088_/Q -> _23186_/D : -6.509659
[setup reg-reg] _24088_/Q -> _23184_/D : -6.508327
[setup reg-reg] _24088_/Q -> _23043_/D : -6.503193
[setup reg-reg] _24088_/Q -> _23188_/D : -6.502419
[setup reg-reg] _24088_/Q -> _23072_/D : -6.499999
[setup reg-reg] _24088_/Q -> _22974_/D : -6.497228
[setup reg-reg] _24088_/Q -> _23179_/D : -6.489902
[setup reg-reg] _24088_/Q -> _23169_/D : -6.485195
[setup reg-reg] _24088_/Q -> _23219_/D : -6.481891
[setup reg-reg] _24088_/Q -> _23189_/D : -6.479770
[setup reg-reg] _24088_/Q -> _22991_/D : -6.473883
[setup reg-reg] _24088_/Q -> _23174_/D : -6.473503
[setup reg-reg] _24088_/Q -> _23244_/D : -6.473130
[setup reg-reg] _24088_/Q -> _22984_/D : -6.470717
[setup reg-reg] _24088_/Q -> _23007_/D : -6.470028
[setup reg-reg] _24088_/Q -> _23847_/D : -6.458158
[setup reg-reg] _24088_/Q -> _23848_/D : -6.455231
[setup reg-reg] _24088_/Q -> _23243_/D : -6.454524
[setup reg-reg] _24088_/Q -> _23020_/D : -6.453984
[setup reg-reg] _24088_/Q -> _23059_/D : -6.451217
[setup reg-reg] _24088_/Q -> _23073_/D : -6.450549
[setup reg-reg] _24088_/Q -> _23183_/D : -6.450375
[setup reg-reg] _24088_/Q -> _23125_/D : -6.450300
[setup reg-reg] _24088_/Q -> _23181_/D : -6.449682
[setup reg-reg] _24088_/Q -> _23233_/D : -6.449202
[setup reg-reg] _24088_/Q -> _23724_/D : -6.448655
[setup reg-reg] _24088_/Q -> _23121_/D : -6.448645
[setup reg-reg] _24088_/Q -> _23178_/D : -6.444158
[setup reg-reg] _24088_/Q -> _23019_/D : -6.443415
[setup reg-reg] _24088_/Q -> _23468_/D : -6.443056
[setup reg-reg] _24088_/Q -> _22997_/D : -6.442924
[setup reg-reg] _24088_/Q -> _23593_/D : -6.442904
[setup reg-reg] _24088_/Q -> _23235_/D : -6.434793
[setup reg-reg] _24088_/Q -> _23239_/D : -6.434690
[setup reg-reg] _24088_/Q -> _23598_/D : -6.428525
[setup reg-reg] _24088_/Q -> _23167_/D : -6.421953
[setup reg-reg] _24088_/Q -> _23003_/D : -6.420948
[setup reg-reg] _24088_/Q -> _23340_/D : -6.420351
[setup reg-reg] _24088_/Q -> _23185_/D : -6.416993
[setup reg-reg] _24088_/Q -> _23156_/D : -6.413622
[setup reg-reg] _24088_/Q -> _23723_/D : -6.410439
[setup reg-reg] _24088_/Q -> _23180_/D : -6.409298
[setup reg-reg] _24088_/Q -> _23078_/D : -6.408634
[setup reg-reg] _24088_/Q -> _23044_/D : -6.405817
[setup reg-reg] _24088_/Q -> _23251_/D : -6.403028
[setup reg-reg] _24088_/Q -> _23157_/D : -6.397762
[setup reg-reg] _24088_/Q -> _23175_/D : -6.396249
[setup reg-reg] _24088_/Q -> _23203_/D : -6.385957
[setup reg-reg] _24088_/Q -> _23305_/D : -6.382372
[setup reg-reg] _24088_/Q -> _23306_/D : -6.379527
[setup reg-reg] _24088_/Q -> _23250_/D : -6.379420
[setup reg-reg] _24088_/Q -> _23045_/D : -6.376382
[setup reg-reg] _24088_/Q -> _23041_/D : -6.375778
[setup reg-reg] _24088_/Q -> _23591_/D : -6.375523
[setup reg-reg] _24088_/Q -> _23829_/D : -6.372880
[setup reg-reg] _24088_/Q -> _22929_/D : -6.368239
[setup reg-reg] _24088_/Q -> _22946_/D : -6.366324
[setup reg-reg] _24088_/Q -> _23209_/D : -6.365056
[setup reg-reg] _24088_/Q -> _23024_/D : -6.363493
[setup reg-reg] _24088_/Q -> _23034_/D : -6.362939
[setup reg-reg] _24088_/Q -> _23217_/D : -6.359954
[setup reg-reg] _24088_/Q -> _23002_/D : -6.356171
[setup reg-reg] _24088_/Q -> _23031_/D : -6.355173
[setup reg-reg] _24088_/Q -> _23252_/D : -6.353595
[setup reg-reg] _24088_/Q -> _22937_/D : -6.350675
[setup reg-reg] _24088_/Q -> _23213_/D : -6.349783
[setup reg-reg] _24088_/Q -> _23211_/D : -6.349332
[setup reg-reg] _24088_/Q -> _22897_/D : -6.345658
[setup reg-reg] _24088_/Q -> _23236_/D : -6.338432
[setup reg-reg] _24088_/Q -> _23369_/D : -6.337348
[setup reg-reg] _24088_/Q -> _23245_/D : -6.337057
[setup reg-reg] _24088_/Q -> _22931_/D : -6.334460
[setup reg-reg] _24088_/Q -> _23067_/D : -6.333366
[setup reg-reg] _24088_/Q -> _23845_/D : -6.330890
[setup reg-reg] _24088_/Q -> _23030_/D : -6.326317
[setup reg-reg] _24088_/Q -> _23467_/D : -6.324054
[setup reg-reg] _24088_/Q -> _22948_/D : -6.323578
[setup reg-reg] _24088_/Q -> _23036_/D : -6.320324
[setup reg-reg] _24088_/Q -> _22932_/D : -6.319876
[setup reg-reg] _24088_/Q -> _23035_/D : -6.319599
[setup reg-reg] _24088_/Q -> _22947_/D : -6.318953
[setup reg-reg] _24088_/Q -> _23469_/D : -6.318747
[setup reg-reg] _24088_/Q -> _23237_/D : -6.317684
[setup reg-reg] _24088_/Q -> _23001_/D : -6.316828
[setup reg-reg] _24088_/Q -> _22966_/D : -6.315166
[setup reg-reg] _24088_/Q -> _22913_/D : -6.312582
[setup reg-reg] _24088_/Q -> _22945_/D : -6.311502
[setup reg-reg] _24088_/Q -> _22990_/D : -6.310821
[setup reg-reg] _24088_/Q -> _23435_/D : -6.309186
[setup reg-reg] _24088_/Q -> _22960_/D : -6.309165
[setup reg-reg] _24088_/Q -> _23015_/D : -6.298169
[setup reg-reg] _24088_/Q -> _23107_/D : -6.295249
[setup reg-reg] _24088_/Q -> _23248_/D : -6.294656
[setup reg-reg] _24088_/Q -> _23204_/D : -6.289863
[setup reg-reg] _24088_/Q -> _22841_/D : -6.286481
[setup reg-reg] _24088_/Q -> _22899_/D : -6.285962
[setup reg-reg] _24088_/Q -> _23828_/D : -6.284886
[setup reg-reg] _24088_/Q -> _22927_/D : -6.284733
[setup reg-reg] _24088_/Q -> _23338_/D : -6.283418
[setup reg-reg] _24088_/Q -> _23253_/D : -6.280828
[setup reg-reg] _24088_/Q -> _23091_/D : -6.280722
[setup reg-reg] _24088_/Q -> _23057_/D : -6.276938
[setup reg-reg] _24088_/Q -> _23308_/D : -6.274707
[setup reg-reg] _24088_/Q -> _23027_/D : -6.274551
[setup reg-reg] _24088_/Q -> _23247_/D : -6.274519
[setup reg-reg] _24088_/Q -> _23841_/D : -6.274423
[setup reg-reg] _24088_/Q -> _23307_/D : -6.274014
[setup reg-reg] _24088_/Q -> _22921_/D : -6.271531
[setup reg-reg] _24088_/Q -> _23466_/D : -6.270394
[setup reg-reg] _24088_/Q -> _23154_/D : -6.270092
[setup reg-reg] _24088_/Q -> _23000_/D : -6.269215
[setup reg-reg] _24088_/Q -> _23205_/D : -6.268753
[setup reg-reg] _24088_/Q -> _23060_/D : -6.267904
[setup reg-reg] _24088_/Q -> _22898_/D : -6.265392
[setup reg-reg] _24088_/Q -> _23032_/D : -6.265378
[setup reg-reg] _24088_/Q -> _22844_/D : -6.264642
[setup reg-reg] _24088_/Q -> _23139_/D : -6.261583
[setup reg-reg] _24088_/Q -> _22978_/D : -6.259530
[setup reg-reg] _24088_/Q -> _22843_/D : -6.256823
[setup reg-reg] _24088_/Q -> _22938_/D : -6.255793
[setup reg-reg] _24088_/Q -> _22939_/D : -6.253618
[setup reg-reg] _24088_/Q -> _22887_/D : -6.253242
[setup reg-reg] _24088_/Q -> _22881_/D : -6.250172
[setup reg-reg] _24088_/Q -> _23008_/D : -6.248314
[setup reg-reg] _24088_/Q -> _23212_/D : -6.248086
[setup reg-reg] _24088_/Q -> _22915_/D : -6.247010
[setup reg-reg] _24088_/Q -> _23821_/D : -6.246918
[setup reg-reg] _24088_/Q -> _23499_/D : -6.246083
[setup reg-reg] _24088_/Q -> _23101_/D : -6.245955
[setup reg-reg] _24088_/Q -> _23131_/D : -6.241059
[setup reg-reg] _24088_/Q -> _22911_/D : -6.240509
[setup reg-reg] _24088_/Q -> _23220_/D : -6.239031
[setup reg-reg] _24088_/Q -> _23501_/D : -6.235812
[setup reg-reg] _24088_/Q -> _23221_/D : -6.230014
[setup reg-reg] _24088_/Q -> _23844_/D : -6.229193
[setup reg-reg] _24088_/Q -> _23335_/D : -6.227726
[setup reg-reg] _24088_/Q -> _22999_/D : -6.227620
[setup reg-reg] _24088_/Q -> _22977_/D : -6.226685
[setup reg-reg] _24088_/Q -> _22909_/D : -6.222770
[setup reg-reg] _24088_/Q -> _22914_/D : -6.222635
[setup reg-reg] _24088_/Q -> _23016_/D : -6.220518
[setup reg-reg] _24088_/Q -> _23827_/D : -6.219239
[setup reg-reg] _24088_/Q -> _22965_/D : -6.218507
[setup reg-reg] _24088_/Q -> _22907_/D : -6.217611
[setup reg-reg] _24088_/Q -> _23069_/D : -6.217437
[setup reg-reg] _24088_/Q -> _22992_/D : -6.216219
[setup reg-reg] _24088_/Q -> _23826_/D : -6.215043
[setup reg-reg] _24088_/Q -> _23151_/D : -6.214229
[setup reg-reg] _24088_/Q -> _22935_/D : -6.208495
[setup reg-reg] _24088_/Q -> _23825_/D : -6.201716
[setup reg-reg] _24088_/Q -> _23823_/D : -6.200054
[setup reg-reg] _24088_/Q -> _22901_/D : -6.199283
[setup reg-reg] _24088_/Q -> _23190_/D : -6.199109
[setup reg-reg] _24088_/Q -> _22979_/D : -6.199006
[setup reg-reg] _24088_/Q -> _23854_/D : -6.197169
[setup reg-reg] _24088_/Q -> _23021_/D : -6.193624
[setup reg-reg] _24088_/Q -> _22980_/D : -6.193141
[setup reg-reg] _24088_/Q -> _23371_/D : -6.193030
[setup reg-reg] _24088_/Q -> _23843_/D : -6.192735
[setup reg-reg] _24088_/Q -> _23126_/D : -6.190454
[setup reg-reg] _24088_/Q -> _22842_/D : -6.184987
[setup reg-reg] _24088_/Q -> _23755_/D : -6.184283
[setup reg-reg] _24088_/Q -> _23108_/D : -6.183783
[setup reg-reg] _24088_/Q -> _22895_/D : -6.182482
[setup reg-reg] _24088_/Q -> _23337_/D : -6.181914
[setup reg-reg] _24088_/Q -> _23234_/D : -6.181523
[setup reg-reg] _24088_/Q -> _23115_/D : -6.181324
[setup reg-reg] _24088_/Q -> _23309_/D : -6.180653
[setup reg-reg] _24088_/Q -> _22933_/D : -6.179906
[setup reg-reg] _24088_/Q -> _23370_/D : -6.177722
[setup reg-reg] _24088_/Q -> _22930_/D : -6.176343
[setup reg-reg] _24088_/Q -> _23109_/D : -6.175696
[setup reg-reg] _24088_/Q -> _23342_/D : -6.175160
[setup reg-reg] _24088_/Q -> _23842_/D : -6.174581
[setup reg-reg] _24088_/Q -> _23005_/D : -6.173949
[setup reg-reg] _24088_/Q -> _23117_/D : -6.169472
[setup reg-reg] _24088_/Q -> _23819_/D : -6.162221
[setup reg-reg] _24088_/Q -> _22905_/D : -6.160626
[setup reg-reg] _24088_/Q -> _23153_/D : -6.159361
[setup reg-reg] _24088_/Q -> _23099_/D : -6.158633
[setup reg-reg] _24088_/Q -> _23627_/D : -6.157929
[setup reg-reg] _24088_/Q -> _22904_/D : -6.154920
[setup reg-reg] _24088_/Q -> _23693_/D : -6.153716
[setup reg-reg] _24088_/Q -> _23014_/D : -6.153677
[setup reg-reg] _24088_/Q -> _23722_/D : -6.152654
[setup reg-reg] _24088_/Q -> _23691_/D : -6.151926
[setup reg-reg] _24088_/Q -> _23158_/D : -6.149808
[setup reg-reg] _24088_/Q -> _23629_/D : -6.149012
[setup reg-reg] _24088_/Q -> _23336_/D : -6.148788
[setup reg-reg] _24088_/Q -> _23140_/D : -6.145228
[setup reg-reg] _24088_/Q -> _22890_/D : -6.145200
[setup reg-reg] _24088_/Q -> _22889_/D : -6.145065
[setup reg-reg] _24088_/Q -> _22928_/D : -6.144468
[setup reg-reg] _24088_/Q -> _22923_/D : -6.144013
[setup reg-reg] _24088_/Q -> _23083_/D : -6.142848
[setup reg-reg] _24088_/Q -> _23497_/D : -6.141274
[setup reg-reg] _24088_/Q -> _23563_/D : -6.140418
[setup reg-reg] _24088_/Q -> _23437_/D : -6.139381
[setup reg-reg] _24088_/Q -> _23367_/D : -6.134844
[setup reg-reg] _24088_/Q -> _23182_/D : -6.134521
[setup reg-reg] _24088_/Q -> _23201_/D : -6.134478
[setup reg-reg] _24088_/Q -> _22884_/D : -6.134109
[setup reg-reg] _24088_/Q -> _23202_/D : -6.131486
[setup reg-reg] _24088_/Q -> _23152_/D : -6.128588
[setup reg-reg] _24088_/Q -> _23565_/D : -6.128229
[setup reg-reg] _24088_/Q -> _22922_/D : -6.127156
[setup reg-reg] _24088_/Q -> _23720_/D : -6.124914
[setup reg-reg] _24088_/Q -> _23132_/D : -6.124282
[setup reg-reg] _24088_/Q -> _23129_/D : -6.124243
[setup reg-reg] _24088_/Q -> _22949_/D : -6.114601
[setup reg-reg] _24088_/Q -> _23232_/D : -6.112796
[setup reg-reg] _24088_/Q -> _22940_/D : -6.111417
[setup reg-reg] _24088_/Q -> _22900_/D : -6.111080
[setup reg-reg] _24088_/Q -> _22916_/D : -6.110323
[setup reg-reg] _24088_/Q -> _22908_/D : -6.109662
[setup reg-reg] _24088_/Q -> _23372_/D : -6.108429
[setup reg-reg] _24088_/Q -> _22883_/D : -6.108387
[setup reg-reg] _24088_/Q -> _22845_/D : -6.107445
[setup reg-reg] _24088_/Q -> _23824_/D : -6.104159
[setup reg-reg] _24088_/Q -> _23065_/D : -6.103960
[setup reg-reg] _24088_/Q -> _23040_/D : -6.100112
[setup reg-reg] _24088_/Q -> _23039_/D : -6.099839
[setup reg-reg] _24088_/Q -> _22839_/D : -6.098830
[setup reg-reg] _24088_/Q -> _23218_/D : -6.096155
[setup reg-reg] _24088_/Q -> _22998_/D : -6.095778
[setup reg-reg] _24088_/Q -> _23022_/D : -6.092250
[setup reg-reg] _24088_/Q -> _22903_/D : -6.091199
[setup reg-reg] _24088_/Q -> _22882_/D : -6.090428
[setup reg-reg] _24088_/Q -> _23055_/D : -6.089845
[setup reg-reg] _24088_/Q -> _23068_/D : -6.089494
[setup reg-reg] _24088_/Q -> _23373_/D : -6.088388
[setup reg-reg] _24088_/Q -> _23463_/D : -6.086058
[setup reg-reg] _24088_/Q -> _23756_/D : -6.084520
[setup reg-reg] _24088_/Q -> _23141_/D : -6.083180
[setup reg-reg] _24088_/Q -> _22981_/D : -6.082718
[setup reg-reg] _24088_/Q -> _22885_/D : -6.079723
[setup reg-reg] _24088_/Q -> _23046_/D : -6.075759
[setup reg-reg] _24088_/Q -> _23210_/D : -6.073379
[setup reg-reg] _24088_/Q -> _23128_/D : -6.072203
[setup reg-reg] _24088_/Q -> _22917_/D : -6.069747
[setup reg-reg] _24088_/Q -> _23092_/D : -6.069268
[setup reg-reg] _24088_/Q -> _22919_/D : -6.066184
[setup reg-reg] _24088_/Q -> _22975_/D : -6.063758
[setup reg-reg] _24088_/Q -> _23133_/D : -6.062294
[setup reg-reg] _24088_/Q -> _23116_/D : -6.061836
[setup reg-reg] _24088_/Q -> _23093_/D : -6.061612
[setup reg-reg] _24088_/Q -> _23246_/D : -6.060891
[setup reg-reg] _24088_/Q -> _23304_/D : -6.060894
[setup reg-reg] _24088_/Q -> _23624_/D : -6.059729
[setup reg-reg] _24088_/Q -> _23080_/D : -6.057878
[setup reg-reg] _24088_/Q -> _22943_/D : -6.051518
[setup reg-reg] _24088_/Q -> _22906_/D : -6.051014
[setup reg-reg] _24088_/Q -> _22891_/D : -6.050279
[setup reg-reg] _24088_/Q -> _23303_/D : -6.048861
[setup reg-reg] _24088_/Q -> _23839_/D : -6.047430
[setup reg-reg] _24088_/Q -> _23254_/D : -6.046470
[setup reg-reg] _24088_/Q -> _23368_/D : -6.046196
[setup reg-reg] _24088_/Q -> _23820_/D : -6.045912
[setup reg-reg] _24088_/Q -> _22896_/D : -6.044797
[setup reg-reg] _24088_/Q -> _23692_/D : -6.042747
[setup reg-reg] _24088_/Q -> _23127_/D : -6.042406
[setup reg-reg] _24088_/Q -> _23500_/D : -6.041276
[setup reg-reg] _24088_/Q -> _22902_/D : -6.041006
[setup reg-reg] _24088_/Q -> _23100_/D : -6.040214
[setup reg-reg] _24088_/Q -> _23628_/D : -6.039311
[setup reg-reg] _24088_/Q -> _23433_/D : -6.037621
[setup reg-reg] _24088_/Q -> _23561_/D : -6.034778
[setup reg-reg] _24088_/Q -> _23037_/D : -6.034242
[setup reg-reg] _24088_/Q -> _23215_/D : -6.034231
[setup reg-reg] _24088_/Q -> _23238_/D : -6.032945
[setup reg-reg] _24088_/Q -> _23436_/D : -6.032892
[setup reg-reg] _24088_/Q -> _23623_/D : -6.031172
[setup reg-reg] _24088_/Q -> _23564_/D : -6.030294
[setup reg-reg] _24088_/Q -> _22924_/D : -6.023537
[setup reg-reg] _24088_/Q -> _22925_/D : -6.021591
[setup reg-reg] _24088_/Q -> _23084_/D : -6.021214
[setup reg-reg] _24088_/Q -> _22918_/D : -6.021008
[setup reg-reg] _24088_/Q -> _23085_/D : -6.018631
[setup reg-reg] _24088_/Q -> _23058_/D : -6.016069
[setup reg-reg] _24088_/Q -> _23231_/D : -6.009138
[setup reg-reg] _24088_/Q -> _23207_/D : -6.008555
[setup reg-reg] _24088_/Q -> _23004_/D : -6.008012
[setup reg-reg] _24088_/Q -> _23061_/D : -6.001944
[setup reg-reg] _24088_/Q -> _23176_/D : -6.001507
[setup reg-reg] _24088_/Q -> _23079_/D : -5.999301
[setup reg-reg] _24088_/Q -> _23130_/D : -5.995766
[setup reg-reg] _24088_/Q -> _22936_/D : -5.993158
[setup reg-reg] _24088_/Q -> _23464_/D : -5.991737
[setup reg-reg] _24088_/Q -> _23056_/D : -5.986930
[setup reg-reg] _24088_/Q -> _23200_/D : -5.984408
[setup reg-reg] _24088_/Q -> _22893_/D : -5.982344
[setup reg-reg] _24088_/Q -> _23625_/D : -5.981367
[setup reg-reg] _24088_/Q -> _23626_/D : -5.981328
[setup reg-reg] _24088_/Q -> _22879_/D : -5.977707
[setup reg-reg] _24088_/Q -> _23006_/D : -5.977505
[setup reg-reg] _24088_/Q -> _23240_/D : -5.971547
[setup reg-reg] _24088_/Q -> _22888_/D : -5.971298
[setup reg-reg] _24088_/Q -> _23840_/D : -5.967763
[setup reg-reg] _24088_/Q -> _22934_/D : -5.966953
[setup reg-reg] _24088_/Q -> _23062_/D : -5.959475
[setup reg-reg] _24088_/Q -> _23310_/D : -5.958736
[setup reg-reg] _24088_/Q -> _23726_/D : -5.958540
[setup reg-reg] _24088_/Q -> _23081_/D : -5.956949
[setup reg-reg] _24088_/Q -> _22894_/D : -5.955901
[setup reg-reg] _24088_/Q -> _23082_/D : -5.955816
[setup reg-reg] _24088_/Q -> _23216_/D : -5.955499
[setup reg-reg] _24088_/Q -> _23719_/D : -5.954796
[setup reg-reg] _24088_/Q -> _23105_/D : -5.954771
[setup reg-reg] _24088_/Q -> _22920_/D : -5.954242
[setup reg-reg] _24088_/Q -> _23206_/D : -5.952569
[setup reg-reg] _24088_/Q -> _23138_/D : -5.949293
[setup reg-reg] _24088_/Q -> _23199_/D : -5.949143
[setup reg-reg] _24088_/Q -> _23113_/D : -5.948739
[setup reg-reg] _24088_/Q -> _22944_/D : -5.947701
[setup reg-reg] _24088_/Q -> _23222_/D : -5.947293
[setup reg-reg] _24088_/Q -> _23753_/D : -5.943363
[setup reg-reg] _24088_/Q -> _23063_/D : -5.940109
[setup reg-reg] _24088_/Q -> _23038_/D : -5.935274
[setup reg-reg] _24088_/Q -> _23757_/D : -5.934997
[setup reg-reg] _24088_/Q -> _22892_/D : -5.928634
[setup reg-reg] _24088_/Q -> _23089_/D : -5.927312
[setup reg-reg] _24088_/Q -> _23817_/D : -5.918654
[setup reg-reg] _24088_/Q -> _23689_/D : -5.912718
[setup reg-reg] _24088_/Q -> _23064_/D : -5.911534
[setup reg-reg] _24088_/Q -> _23098_/D : -5.910806
[setup reg-reg] _24088_/Q -> _23070_/D : -5.910177
[setup reg-reg] _24088_/Q -> _23090_/D : -5.906848
[setup reg-reg] _24088_/Q -> _23830_/D : -5.906291
[setup reg-reg] _24088_/Q -> _23816_/D : -5.901164
[setup reg-reg] _24088_/Q -> _23112_/D : -5.898862
[setup reg-reg] _24088_/Q -> _23214_/D : -5.896393
[setup reg-reg] _24088_/Q -> _23095_/D : -5.896169
[setup reg-reg] _24088_/Q -> _23208_/D : -5.896119
[setup reg-reg] _24088_/Q -> _23103_/D : -5.893170
[setup reg-reg] _24088_/Q -> _22912_/D : -5.892449
[setup reg-reg] _24088_/Q -> _23470_/D : -5.890772
[setup reg-reg] _24088_/Q -> _22942_/D : -5.887781
[setup reg-reg] _24088_/Q -> _23560_/D : -5.878071
[setup reg-reg] _24088_/Q -> _23751_/D : -5.877961
[setup reg-reg] _24088_/Q -> _22950_/D : -5.873769
[setup reg-reg] _24088_/Q -> _22976_/D : -5.869215
[setup reg-reg] _24088_/Q -> _23495_/D : -5.865250
[setup reg-reg] _24088_/Q -> _22910_/D : -5.864372
[setup reg-reg] _24088_/Q -> _23562_/D : -5.863978
[setup reg-reg] _24088_/Q -> _23042_/D : -5.861214
[setup reg-reg] _24088_/Q -> _23086_/D : -5.860393
[setup reg-reg] _24088_/Q -> _22840_/D : -5.859278
[setup reg-reg] _24088_/Q -> _22880_/D : -5.850904
[setup reg-reg] _24088_/Q -> _23137_/D : -5.849845
[setup reg-reg] _24088_/Q -> _23087_/D : -5.848303
[setup reg-reg] _24088_/Q -> _23846_/D : -5.846950
[setup reg-reg] _24088_/Q -> _23438_/D : -5.845649
[setup reg-reg] _24088_/Q -> _22941_/D : -5.845223
[setup reg-reg] _24088_/Q -> _23687_/D : -5.845124
[setup reg-reg] _24088_/Q -> _23066_/D : -5.840082
[setup reg-reg] _24088_/Q -> _23106_/D : -5.838406
[setup reg-reg] _24088_/Q -> _23754_/D : -5.833343
[setup reg-reg] _24088_/Q -> _23142_/D : -5.829875
[setup reg-reg] _24088_/Q -> _23114_/D : -5.829574
[setup reg-reg] _24088_/Q -> _22926_/D : -5.808101
[setup reg-reg] _24088_/Q -> _23818_/D : -5.806961
[setup reg-reg] _24088_/Q -> _23136_/D : -5.804079
[setup reg-reg] _24088_/Q -> _23134_/D : -5.803599
[setup reg-reg] _24088_/Q -> _23104_/D : -5.803361
[setup reg-reg] _24088_/Q -> _23690_/D : -5.801866
[setup reg-reg] _24088_/Q -> _23097_/D : -5.801340
[setup reg-reg] _24088_/Q -> _23752_/D : -5.797951
[setup reg-reg] _24088_/Q -> _22982_/D : -5.797101
[setup reg-reg] _24088_/Q -> _23110_/D : -5.794821
[setup reg-reg] _24088_/Q -> _23688_/D : -5.792359
[setup reg-reg] _24088_/Q -> _23630_/D : -5.792082
[setup reg-reg] _24088_/Q -> _23758_/D : -5.786948
[setup reg-reg] _24088_/Q -> _23102_/D : -5.786895
[setup reg-reg] _24088_/Q -> _23434_/D : -5.785925
[setup reg-reg] _24088_/Q -> _23498_/D : -5.785211
[setup reg-reg] _24088_/Q -> _23118_/D : -5.781548
[setup reg-reg] _24088_/Q -> _23088_/D : -5.777011
[setup reg-reg] _24088_/Q -> _23502_/D : -5.775892
[setup reg-reg] _24088_/Q -> _22846_/D : -5.773582
[setup reg-reg] _24088_/Q -> _23135_/D : -5.769430
[setup reg-reg] _24088_/Q -> _23111_/D : -5.764914
[setup reg-reg] _24088_/Q -> _23094_/D : -5.764637
[setup reg-reg] _24088_/Q -> _23566_/D : -5.764037
[setup reg-reg] _24088_/Q -> _23822_/D : -5.760377
[setup reg-reg] _24088_/Q -> _23694_/D : -5.758150
[setup reg-reg] _24088_/Q -> _23431_/D : -5.753709
[setup reg-reg] _24088_/Q -> _23496_/D : -5.752849
[setup reg-reg] _24088_/Q -> _23374_/D : -5.751197
[setup reg-reg] _24088_/Q -> _23432_/D : -5.748156
[setup reg-reg] _24088_/Q -> _23559_/D : -5.745267
[setup reg-reg] _24088_/Q -> _23815_/D : -5.731145
[setup reg-reg] _24088_/Q -> _23096_/D : -5.731135
[setup reg-reg] _24088_/Q -> _22886_/D : -5.722438
[setup reg-reg] _24088_/Q -> _24116_/D : -4.024518
[setup reg-reg] _24088_/Q -> _24114_/D : -4.002576
[setup reg-reg] _24088_/Q -> _24115_/D : -3.956021
[setup reg-reg] _24088_/Q -> _24089_/D : -3.851966
[setup reg-reg] _24088_/Q -> _24113_/D : -3.780187
[setup reg-reg] _24088_/Q -> _24108_/D : -3.689177
[setup reg-reg] _24088_/Q -> _24049_/D : -3.675659
[setup reg-reg] _24088_/Q -> _24045_/D : -3.624617
[setup reg-reg] _24088_/Q -> _23983_/D : -3.593851
[setup reg-reg] _24088_/Q -> _24112_/D : -3.593002
[setup reg-reg] _24088_/Q -> _24111_/D : -3.565802
[setup reg-reg] _24088_/Q -> _24044_/D : -3.555701
[setup reg-reg] _24088_/Q -> _24048_/D : -3.514465
[setup reg-reg] _24088_/Q -> _24043_/D : -3.514053
[setup reg-reg] _24088_/Q -> _24047_/D : -3.486875
[setup reg-reg] _24088_/Q -> _24107_/D : -3.442864
[setup reg-reg] _24088_/Q -> _24091_/D : -3.409763
[setup reg-reg] _24088_/Q -> _24110_/D : -3.358558
[setup reg-reg] _24088_/Q -> _24106_/D : -3.355385
[setup reg-reg] _24088_/Q -> _24105_/D : -3.335565
[setup reg-reg] _24088_/Q -> _24109_/D : -3.302940
[setup reg-reg] _24088_/Q -> _24040_/D : -3.252769
[setup reg-reg] _24088_/Q -> _24104_/D : -3.236750
[setup reg-reg] _24088_/Q -> _24041_/D : -3.227054
[setup reg-reg] _24088_/Q -> _24102_/D : -3.169959
[setup reg-reg] _24088_/Q -> _24036_/D : -3.124082
[setup reg-reg] _24088_/Q -> _24039_/D : -3.119133
[setup reg-reg] _24088_/Q -> _24103_/D : -3.111115
[setup reg-reg] _24088_/Q -> _24038_/D : -2.993325
[setup reg-reg] _24088_/Q -> _24035_/D : -2.976592
[setup reg-reg] _24088_/Q -> _24100_/D : -2.935568
[setup reg-reg] _24088_/Q -> _24098_/D : -2.884964
[setup reg-reg] _24088_/Q -> _24101_/D : -2.872223
[setup reg-reg] _24088_/Q -> _24099_/D : -2.778044
[setup reg-reg] _24088_/Q -> _24097_/D : -2.763901
[setup reg-reg] _24088_/Q -> _24033_/D : -2.655842
[setup reg-reg] _24088_/Q -> _24092_/D : -2.560192
[setup reg-reg] _24088_/Q -> _24096_/D : -2.555876
[setup reg-reg] _24088_/Q -> _24095_/D : -2.528715
[setup reg-reg] _24088_/Q -> _24031_/D : -2.480732
[setup reg-reg] _24088_/Q -> _24093_/D : -2.409010
[setup reg-reg] _24088_/Q -> _24087_/D : -2.400675
[setup reg-reg] _24088_/Q -> _24088_/D : -2.336549
[setup reg-reg] _24088_/Q -> _22837_/D : -2.334186
[setup reg-reg] _24088_/Q -> _24090_/D : -2.323201
[setup reg-reg] _24088_/Q -> _22838_/D : -2.320174
[setup reg-reg] _24088_/Q -> _24094_/D : -2.314156
Writing metric timing__hold_vio__count__corner:nom_tt_025C_1v80: 0
Writing metric timing__hold_r2r__ws__corner:nom_tt_025C_1v80: 0.631084
Writing metric timing__hold_r2r_vio__count__corner:nom_tt_025C_1v80: 0
Writing metric timing__setup_vio__count__corner:nom_tt_025C_1v80: 1172
Writing metric timing__setup_r2r__ws__corner:nom_tt_025C_1v80: -10.734642
Writing metric timing__setup_r2r_vio__count__corner:nom_tt_025C_1v80: 1171
