162. Printing statistics.

=== processor ===

   Number of wires:              17350
   Number of wire bits:          18835
   Number of public wires:         150
   Number of public wire bits:    1635
   Number of ports:                  3
   Number of port bits:              3
   Number of memories:               0
   Number of memory bits:            0
   Number of processes:              0
   Number of cells:              18833
     $_ANDNOT_                    5226
     $_AND_                         41
     $_DFFE_PP0P_                 1058
     $_DFFE_PP1P_                  480
     $_DFF_PP0_                     30
     $_MUX_                       5456
     $_NAND_                       172
     $_NOR_                        320
     $_NOT_                        120
     $_ORNOT_                      127
     $_OR_                        5612
     $_XNOR_                        58
     $_XOR_                        133

   Area for cell type $_NOT_ is unknown!
   Area for cell type $_AND_ is unknown!
   Area for cell type $_NAND_ is unknown!
   Area for cell type $_OR_ is unknown!
   Area for cell type $_NOR_ is unknown!
   Area for cell type $_XOR_ is unknown!
   Area for cell type $_XNOR_ is unknown!
   Area for cell type $_ANDNOT_ is unknown!
   Area for cell type $_ORNOT_ is unknown!
   Area for cell type $_MUX_ is unknown!
   Area for cell type $_DFF_PP0_ is unknown!
   Area for cell type $_DFFE_PP0P_ is unknown!
   Area for cell type $_DFFE_PP1P_ is unknown!

