176. Printing statistics.

=== processor ===

   Number of wires:              12716
   Number of wire bits:          12716
   Number of public wires:        1313
   Number of public wire bits:    1313
   Number of ports:                  3
   Number of port bits:              3
   Number of memories:               0
   Number of memory bits:            0
   Number of processes:              0
   Number of cells:              12714
     sky130_fd_sc_hd__a2111o_2      92
     sky130_fd_sc_hd__a2111oi_2      4
     sky130_fd_sc_hd__a211o_2     1525
     sky130_fd_sc_hd__a211oi_2       3
     sky130_fd_sc_hd__a21bo_2       20
     sky130_fd_sc_hd__a21boi_2       4
     sky130_fd_sc_hd__a21o_2       665
     sky130_fd_sc_hd__a21oi_2      380
     sky130_fd_sc_hd__a221o_2      823
     sky130_fd_sc_hd__a221oi_2      43
     sky130_fd_sc_hd__a22o_2      1807
     sky130_fd_sc_hd__a22oi_2        4
     sky130_fd_sc_hd__a311o_2        2
     sky130_fd_sc_hd__a31o_2        28
     sky130_fd_sc_hd__a32o_2         1
     sky130_fd_sc_hd__a41o_2         4
     sky130_fd_sc_hd__and2_2        64
     sky130_fd_sc_hd__and2b_2        8
     sky130_fd_sc_hd__and3_2       138
     sky130_fd_sc_hd__and3b_2       16
     sky130_fd_sc_hd__and4_2       149
     sky130_fd_sc_hd__and4b_2        5
     sky130_fd_sc_hd__and4bb_2       4
     sky130_fd_sc_hd__buf_1         96
     sky130_fd_sc_hd__dfrtp_2      823
     sky130_fd_sc_hd__dfstp_2      457
     sky130_fd_sc_hd__inv_2       1326
     sky130_fd_sc_hd__mux2_1       235
     sky130_fd_sc_hd__nand2_2      408
     sky130_fd_sc_hd__nand2b_2       8
     sky130_fd_sc_hd__nand3_2        9
     sky130_fd_sc_hd__nand3b_2       3
     sky130_fd_sc_hd__nand4_2        4
     sky130_fd_sc_hd__nor2_2       799
     sky130_fd_sc_hd__nor3_2        10
     sky130_fd_sc_hd__nor3b_2        1
     sky130_fd_sc_hd__nor4_2        12
     sky130_fd_sc_hd__o2111a_2      28
     sky130_fd_sc_hd__o211a_2     1126
     sky130_fd_sc_hd__o211ai_2      15
     sky130_fd_sc_hd__o21a_2       410
     sky130_fd_sc_hd__o21ai_2       35
     sky130_fd_sc_hd__o21ba_2        8
     sky130_fd_sc_hd__o21bai_2       2
     sky130_fd_sc_hd__o221a_2      240
     sky130_fd_sc_hd__o221ai_2       3
     sky130_fd_sc_hd__o22a_2       286
     sky130_fd_sc_hd__o22ai_2        4
     sky130_fd_sc_hd__o2bb2a_2       4
     sky130_fd_sc_hd__o31a_2        11
     sky130_fd_sc_hd__o31ai_2        3
     sky130_fd_sc_hd__o32a_2        15
     sky130_fd_sc_hd__o32ai_2        5
     sky130_fd_sc_hd__or2_2        112
     sky130_fd_sc_hd__or3_2         64
     sky130_fd_sc_hd__or3b_2         9
     sky130_fd_sc_hd__or4_2        269
     sky130_fd_sc_hd__or4b_2        14
     sky130_fd_sc_hd__or4bb_2        8
     sky130_fd_sc_hd__xnor2_2       47
     sky130_fd_sc_hd__xor2_2        16

   Chip area for module '\processor': 134097.360000
     of which used for sequential elements: 33632.256000 (25.08%)

