Reading timing models for corner nom_tt_025C_1v80…
Reading timing library for the 'nom_tt_025C_1v80' corner at '/home/thu/.volare/volare/sky130/versions/0fe599b2afb6708d281543108caf8310912f54af/sky130A/libs.ref/sky130_fd_sc_hd/lib/sky130_fd_sc_hd__tt_025C_1v80.lib'…
Reading timing models for corner nom_ff_n40C_1v95…
Reading timing library for the 'nom_ff_n40C_1v95' corner at '/home/thu/.volare/volare/sky130/versions/0fe599b2afb6708d281543108caf8310912f54af/sky130A/libs.ref/sky130_fd_sc_hd/lib/sky130_fd_sc_hd__ff_n40C_1v95.lib'…
Reading timing models for corner nom_ss_100C_1v60…
Reading timing library for the 'nom_ss_100C_1v60' corner at '/home/thu/.volare/volare/sky130/versions/0fe599b2afb6708d281543108caf8310912f54af/sky130A/libs.ref/sky130_fd_sc_hd/lib/sky130_fd_sc_hd__ss_100C_1v60.lib'…
Reading OpenROAD database at '/home/thu/openlane2/designs/cpu_riscv/runs/RUN_2026-07-14_03-15-21/33-openroad-detailedplacement/processor.odb'…
Reading design constraints file at '/nix/store/ss2cw3sxbrwwx9jl0rrppbw4kgcmgi2n-python3-3.11.9-env/lib/python3.11/site-packages/openlane/scripts/base.sdc'…
[INFO] Using clock clk…
[INFO] Setting output delay to: 4
[INFO] Setting input delay to: 4
[INFO] Setting load to: 0.033442
[INFO] Setting clock uncertainty to: 0.25
[INFO] Setting clock transition to: 0.1499999999999999944488848768742172978818416595458984375
[INFO] Setting timing derate to: 5%
[INFO] Setting RC values…
[INFO] Configuring cts characterization…
[INFO] Performing clock tree synthesis…
[INFO] Looking for the following net(s): clk
[INFO] Running Clock Tree Synthesis…
[INFO CTS-0050] Root buffer is sky130_fd_sc_hd__clkbuf_16.
[INFO CTS-0051] Sink buffer is sky130_fd_sc_hd__clkbuf_8.
[INFO CTS-0052] The following clock buffers will be used for CTS:
                    sky130_fd_sc_hd__clkbuf_2
                    sky130_fd_sc_hd__clkbuf_4
                    sky130_fd_sc_hd__clkbuf_8
[INFO CTS-0049] Characterization buffer is sky130_fd_sc_hd__clkbuf_8.
[INFO CTS-0007] Net "clk" found for clock "clk".
[INFO CTS-0010]  Clock net "clk" has 1280 sinks.
[INFO CTS-0008] TritonCTS found 1 clock nets.
[INFO CTS-0097] Characterization used 3 buffer(s) types.
[INFO CTS-0200] 0 placement blockages have been identified.
[INFO CTS-0201] 0 placed hard macros will be treated like blockages.
[INFO CTS-0027] Generating H-Tree topology for net clk.
[INFO CTS-0028]  Total number of sinks: 1280.
[INFO CTS-0029]  Sinks will be clustered in groups of up to 25 and with maximum cluster diameter of 50.0 um.
[INFO CTS-0030]  Number of static layers: 0.
[INFO CTS-0020]  Wire segment unit: 13600  dbu (13 um).
[INFO CTS-0204] A clustering solution was found from clustering size of 25 and clustering diameter of 50.
[INFO CTS-0205] Better solution may be possible if either -sink_clustering_size, -sink_clustering_max_diameter, or both options are omitted to enable automatic clustering.
[INFO CTS-0019]  Total number of sinks after clustering: 303.
[INFO CTS-0024]  Normalized sink region: [(4.30368, 1.93039), (59.8516, 50.4)].
[INFO CTS-0025]     Width:  55.5479.
[INFO CTS-0026]     Height: 48.4696.
 Level 1
    Direction: Horizontal
    Sinks per sub-region: 152
    Sub-region size: 27.7740 X 48.4696
[INFO CTS-0034]     Segment length (rounded): 14.
 Level 2
    Direction: Vertical
    Sinks per sub-region: 76
    Sub-region size: 27.7740 X 24.2348
[INFO CTS-0034]     Segment length (rounded): 12.
 Level 3
    Direction: Horizontal
    Sinks per sub-region: 38
    Sub-region size: 13.8870 X 24.2348
[INFO CTS-0034]     Segment length (rounded): 6.
 Level 4
    Direction: Vertical
    Sinks per sub-region: 19
    Sub-region size: 13.8870 X 12.1174
[INFO CTS-0034]     Segment length (rounded): 6.
 Level 5
    Direction: Horizontal
    Sinks per sub-region: 10
    Sub-region size: 6.9435 X 12.1174
[INFO CTS-0034]     Segment length (rounded): 4.
[INFO CTS-0032]  Stop criterion found. Max number of sinks is 15.
[INFO CTS-0035]  Number of sinks covered: 303.
[INFO CTS-0018]     Created 329 clock buffers.
[INFO CTS-0012]     Minimum number of buffers in the clock path: 3.
[INFO CTS-0013]     Maximum number of buffers in the clock path: 4.
[INFO CTS-0015]     Created 329 clock nets.
[INFO CTS-0016]     Fanout distribution for the current clock = 2:30, 3:65, 4:73, 5:64, 6:35, 7:19, 8:14, 9:9, 10:4, 11:4, 12:6, 13:1..
[INFO CTS-0017]     Max level of the clock tree: 5.
[INFO CTS-0098] Clock net "clk"
[INFO CTS-0099]  Sinks 1566
[INFO CTS-0100]  Leaf buffers 292
[INFO CTS-0101]  Average sink wire length 1374.58 um
[INFO CTS-0102]  Path depth 3 - 4
[INFO CTS-0207]  Leaf load cells 286
[INFO] Repairing long wires on clock nets…
[INFO RSZ-0058] Using max wire length 6335um.
Setting global connections for newly added cells…
[INFO] Setting global connections...
Updating metrics…
Cell type report:                       Count       Area
  Fill cell                               602    2259.67
  Tap cell                               9544   11941.45
  Buffer                                   96     360.35
  Clock buffer                            461    6307.30
  Timing Repair Buffer                   2848   21259.14
  Inverter                               1326    4977.27
  Clock inverter                          154    1834.26
  Sequential cell                        1280   34847.17
  Multi-Input combinational cell        10012   83714.04
  Total                                 26323  167500.65
Writing OpenROAD database to '/home/thu/openlane2/designs/cpu_riscv/runs/RUN_2026-07-14_03-15-21/34-openroad-cts/processor.odb'…
Writing netlist to '/home/thu/openlane2/designs/cpu_riscv/runs/RUN_2026-07-14_03-15-21/34-openroad-cts/processor.nl.v'…
Writing powered netlist to '/home/thu/openlane2/designs/cpu_riscv/runs/RUN_2026-07-14_03-15-21/34-openroad-cts/processor.pnl.v'…
Writing layout to '/home/thu/openlane2/designs/cpu_riscv/runs/RUN_2026-07-14_03-15-21/34-openroad-cts/processor.def'…
Writing timing constraints to '/home/thu/openlane2/designs/cpu_riscv/runs/RUN_2026-07-14_03-15-21/34-openroad-cts/processor.sdc'…
[INFO] Legalizing…
Placement Analysis
---------------------------------
total displacement       2649.9 u
average displacement        0.1 u
max displacement            9.1 u
original HPWL         1061211.7 u
legalized HPWL        1072228.6 u
delta HPWL                    1 %

[INFO DPL-0020] Mirrored 6458 instances
[INFO DPL-0021] HPWL before          1072228.6 u
[INFO DPL-0022] HPWL after           1061255.6 u
[INFO DPL-0023] HPWL delta               -1.0 %
Setting global connections for newly added cells…
[INFO] Setting global connections...
Updating metrics…
Cell type report:                       Count       Area
  Fill cell                               602    2259.67
  Tap cell                               9544   11941.45
  Buffer                                   96     360.35
  Clock buffer                            461    6307.30
  Timing Repair Buffer                   2848   21259.14
  Inverter                               1326    4977.27
  Clock inverter                          154    1834.26
  Sequential cell                        1280   34847.17
  Multi-Input combinational cell        10012   83714.04
  Total                                 26323  167500.65
Writing OpenROAD database to '/home/thu/openlane2/designs/cpu_riscv/runs/RUN_2026-07-14_03-15-21/34-openroad-cts/processor.odb'…
Writing netlist to '/home/thu/openlane2/designs/cpu_riscv/runs/RUN_2026-07-14_03-15-21/34-openroad-cts/processor.nl.v'…
Writing powered netlist to '/home/thu/openlane2/designs/cpu_riscv/runs/RUN_2026-07-14_03-15-21/34-openroad-cts/processor.pnl.v'…
Writing layout to '/home/thu/openlane2/designs/cpu_riscv/runs/RUN_2026-07-14_03-15-21/34-openroad-cts/processor.def'…
Writing timing constraints to '/home/thu/openlane2/designs/cpu_riscv/runs/RUN_2026-07-14_03-15-21/34-openroad-cts/processor.sdc'…
%OL_CREATE_REPORT cts.rpt
[INFO CTS-0003] Total number of Clock Roots: 1.
[INFO CTS-0004] Total number of Buffers Inserted: 329.
[INFO CTS-0005] Total number of Clock Subnets: 329.
[INFO CTS-0006] Total number of Sinks: 1280.
%OL_END_REPORT
