
===========================================================================
Violator List
============================================================================
[setup reg-out] _24088_/Q -> zero : -4.282908
[setup reg-reg] _24088_/Q -> _24053_/D : -0.421643
[setup reg-reg] _24088_/Q -> _23925_/D : -0.421512
[setup reg-reg] _24088_/Q -> _24037_/D : -0.354945
[setup reg-reg] _24088_/Q -> _23973_/D : -0.354881
[setup reg-reg] _24088_/Q -> _23909_/D : -0.354813
[setup reg-reg] _24088_/Q -> _23967_/D : -0.311566
[setup reg-reg] _24088_/Q -> _23903_/D : -0.311498
[setup reg-reg] _24088_/Q -> _24030_/D : -0.306830
[setup reg-reg] _24088_/Q -> _23902_/D : -0.306699
[setup reg-reg] _24088_/Q -> _23989_/D : -0.293950
[setup reg-reg] _24088_/Q -> _23979_/D : -0.195604
[setup reg-reg] _24088_/Q -> _23915_/D : -0.195536
[setup reg-reg] _24088_/Q -> _23970_/D : -0.172784
[setup reg-reg] _24088_/Q -> _23906_/D : -0.172717
[setup reg-reg] _24088_/Q -> _23977_/D : -0.164295
[setup reg-reg] _24088_/Q -> _23913_/D : -0.164228
[setup reg-reg] _24088_/Q -> _23972_/D : -0.157417
[setup reg-reg] _24088_/Q -> _23908_/D : -0.157350
[setup reg-reg] _24088_/Q -> _23911_/D : -0.124482
[setup reg-reg] _24088_/Q -> _23971_/D : -0.109102
[setup reg-reg] _24088_/Q -> _23907_/D : -0.109035
[setup reg-reg] _24088_/Q -> _23896_/D : -0.085919
[setup reg-reg] _24088_/Q -> _24051_/D : -0.083446
[setup reg-reg] _24088_/Q -> _23923_/D : -0.083315
[setup reg-reg] _24088_/Q -> _23919_/D : -0.081904
[setup reg-reg] _24088_/Q -> _23966_/D : -0.059899
[setup reg-reg] _24088_/Q -> _24024_/D : -0.045134
[setup reg-reg] _24088_/Q -> _23935_/D : -0.037410
[setup reg-reg] _24088_/Q -> _23897_/D : -0.022537
[setup reg-reg] _24088_/Q -> _23957_/D : -0.010294
[setup reg-reg] _24088_/Q -> _23975_/D : -0.006096
