┏━━━━━━━┳━━━━━━━━━┳━━━━━━━━━━┳━━━━━━━━━━━━━━━━━━━━━┳━━━━━━━━━━━━━━┳━━━━━━━┓
┃ P / R ┃ Partial ┃ Required ┃ Net                 ┃ Pin          ┃ Layer ┃
┡━━━━━━━╇━━━━━━━━━╇━━━━━━━━━━╇━━━━━━━━━━━━━━━━━━━━━╇━━━━━━━━━━━━━━╇━━━━━━━┩
│ 7.31  │ 2923.49 │ 400.00   │ _07892_             │ _12786_/C    │ met3  │
│ 4.11  │ 1644.25 │ 400.00   │ _08687_             │ _13607_/B    │ met3  │
│ 3.61  │ 1445.33 │ 400.00   │ _06711_             │ fanout1677/A │ met3  │
│ 3.56  │ 1423.97 │ 400.00   │ net295              │ _15671_/S    │ met3  │
│ 3.40  │ 1361.21 │ 400.00   │ _10147_             │ _15043_/D    │ met3  │
│ 3.32  │ 1326.34 │ 400.00   │ _06926_             │ fanout264/A  │ met3  │
│ 3.09  │ 1234.12 │ 400.00   │ dp.dm.mem[126\][3\] │ _14615_/A1   │ met3  │
│ 3.09  │ 1234.12 │ 400.00   │ dp.dm.mem[126\][3\] │ _15030_/A1   │ met3  │
│ 2.89  │ 1157.38 │ 400.00   │ net94               │ fanout91/A   │ met3  │
│ 2.77  │ 1107.68 │ 400.00   │ net228              │ fanout227/A  │ met3  │
│ 2.54  │ 1017.31 │ 400.00   │ net2227             │ fanout2219/A │ met3  │
│ 2.35  │ 940.83  │ 400.00   │ net1606             │ _13211_/D    │ met3  │
│ 2.10  │ 841.66  │ 400.00   │ net691              │ _14477_/B1   │ met3  │
│ 2.10  │ 841.37  │ 400.00   │ net259              │ _19976_/S    │ met3  │
│ 2.06  │ 825.95  │ 400.00   │ _06739_             │ fanout488/A  │ met3  │
│ 2.06  │ 822.94  │ 400.00   │ net1595             │ _11884_/C    │ met2  │
│ 2.04  │ 817.87  │ 400.00   │ _09180_             │ _14076_/C1   │ met3  │
│ 2.04  │ 817.87  │ 400.00   │ dp.dm.mem[95\][6\]  │ _13046_/A1   │ met3  │
│ 1.97  │ 788.63  │ 400.00   │ dp.dm.mem[104\][6\] │ _13017_/A    │ met3  │
│ 1.92  │ 767.26  │ 400.00   │ dp.dm.mem[55\][2\]  │ _14144_/A1   │ met3  │
│ 1.92  │ 767.26  │ 400.00   │ dp.dm.mem[55\][2\]  │ _15064_/B2   │ met3  │
│ 1.90  │ 759.89  │ 400.00   │ net669              │ _14107_/B1   │ met3  │
│ 1.90  │ 759.89  │ 400.00   │ net669              │ _15057_/B1   │ met3  │
│ 1.87  │ 748.53  │ 400.00   │ net1571             │ _12712_/C    │ met2  │
│ 1.82  │ 727.30  │ 400.00   │ _06724_             │ _11804_/B    │ met3  │
│ 1.82  │ 727.30  │ 400.00   │ _06724_             │ fanout1657/A │ met3  │
│ 1.81  │ 722.59  │ 400.00   │ net1933             │ fanout1932/A │ met3  │
│ 1.77  │ 706.52  │ 400.00   │ _07109_             │ fanout534/A  │ met3  │
│ 1.74  │ 696.30  │ 400.00   │ net2091             │ fanout2090/A │ met3  │
│ 1.73  │ 691.56  │ 400.00   │ dp.dm.mem[32\][3\]  │ _14658_/B2   │ met3  │
│ 1.72  │ 687.38  │ 400.00   │ net770              │ fanout766/A  │ met3  │
│ 1.72  │ 687.38  │ 400.00   │ net770              │ fanout767/A  │ met3  │
│ 1.72  │ 687.38  │ 400.00   │ net770              │ fanout768/A  │ met3  │
│ 1.70  │ 679.47  │ 400.00   │ dp.dm.mem[127\][7\] │ _15244_/A0   │ met1  │
│ 1.68  │ 671.28  │ 400.00   │ net1582             │ _11827_/C    │ met2  │
│ 1.67  │ 666.10  │ 400.00   │ _07981_             │ _12904_/B    │ met3  │
│ 1.66  │ 662.98  │ 400.00   │ net49               │ _20062_/A1   │ met3  │
│ 1.65  │ 660.67  │ 400.00   │ _08952_             │ _15180_/B1_N │ met1  │
│ 1.63  │ 651.46  │ 400.00   │ _07046_             │ fanout117/A  │ met3  │
│ 1.58  │ 633.62  │ 400.00   │ dp.dm.mem[126\][2\] │ _13471_/B2   │ met3  │
│ 1.58  │ 633.62  │ 400.00   │ dp.dm.mem[126\][2\] │ _14108_/A1   │ met3  │
│ 1.58  │ 630.53  │ 400.00   │ _09117_             │ _14071_/C1   │ met3  │
│ 1.56  │ 622.38  │ 400.00   │ _07018_             │ fanout148/A  │ met3  │
│ 1.56  │ 622.38  │ 400.00   │ _07018_             │ fanout151/A  │ met3  │
│ 1.54  │ 615.53  │ 400.00   │ net2056             │ _21062_/A2   │ met3  │
│ 1.53  │ 612.69  │ 400.00   │ net1519             │ _19566_/A1   │ met3  │
│ 1.53  │ 610.26  │ 400.00   │ net1123             │ _21289_/A1   │ met1  │
│ 1.50  │ 599.55  │ 400.00   │ _06778_             │ fanout1590/A │ met3  │
│ 1.48  │ 593.10  │ 400.00   │ net22               │ fanout19/A   │ met3  │
│ 1.48  │ 593.10  │ 400.00   │ net22               │ fanout20/A   │ met3  │
│ 1.47  │ 588.18  │ 400.00   │ _06944_             │ fanout1015/A │ met3  │
│ 1.46  │ 583.01  │ 400.00   │ dp.dm.mem[32\][1\]  │ _13145_/B2   │ met3  │
│ 1.46  │ 582.63  │ 400.00   │ dp.dm.mem[27\][0\]  │ _14754_/A1   │ met3  │
│ 1.44  │ 577.00  │ 400.00   │ net1007             │ fanout1003/A │ met3  │
│ 1.44  │ 575.60  │ 400.00   │ net942              │ _17986_/B1   │ met3  │
│ 1.44  │ 575.60  │ 400.00   │ net942              │ fanout938/A  │ met3  │
│ 1.41  │ 563.78  │ 400.00   │ net882              │ _15829_/S    │ met3  │
│ 1.40  │ 560.40  │ 400.00   │ net1407             │ fanout1406/A │ met3  │
│ 1.39  │ 555.99  │ 400.00   │ net1276             │ fanout1275/A │ met3  │
│ 1.38  │ 550.90  │ 400.00   │ net1617             │ _11738_/B1   │ met3  │
│ 1.38  │ 550.90  │ 400.00   │ net1617             │ _11879_/D    │ met3  │
│ 1.37  │ 547.26  │ 400.00   │ _08295_             │ _13269_/C1   │ met3  │
│ 1.37  │ 546.22  │ 400.00   │ _06901_             │ _11791_/B    │ met3  │
│ 1.36  │ 545.45  │ 400.00   │ net890              │ _14863_/B1   │ met3  │
│ 1.36  │ 545.45  │ 400.00   │ net890              │ _14941_/B1   │ met3  │
│ 1.36  │ 545.45  │ 400.00   │ net890              │ fanout887/A  │ met3  │
│ 1.36  │ 545.45  │ 400.00   │ net890              │ fanout889/A  │ met3  │
│ 1.35  │ 541.35  │ 400.00   │ net1140             │ _13055_/A2   │ met3  │
│ 1.31  │ 525.00  │ 400.00   │ dp.dm.mem[12\][3\]  │ _14591_/A    │ met1  │
│ 1.31  │ 523.47  │ 400.00   │ _09150_             │ _14046_/C1   │ met3  │
│ 1.30  │ 519.05  │ 400.00   │ dp.dm.mem[110\][4\] │ _13932_/A1   │ met3  │
│ 1.27  │ 509.24  │ 400.00   │ _06864_             │ fanout332/A  │ met2  │
│ 1.27  │ 508.94  │ 400.00   │ net1605             │ _13011_/D    │ met2  │
│ 1.27  │ 507.15  │ 400.00   │ net193              │ _18337_/A1   │ met3  │
│ 1.25  │ 500.64  │ 400.00   │ _08445_             │ _13341_/D    │ met2  │
│ 1.24  │ 495.45  │ 400.00   │ _07080_             │ fanout71/A   │ met3  │
│ 1.22  │ 486.15  │ 400.00   │ dp.dm.mem[41\][0\]  │ _13612_/A1   │ met2  │
│ 1.21  │ 483.95  │ 400.00   │ net1391             │ fanout1390/A │ met1  │
│ 1.21  │ 483.60  │ 400.00   │ net1743             │ fanout1729/A │ met3  │
│ 1.21  │ 483.60  │ 400.00   │ net1743             │ fanout1732/A │ met3  │
│ 1.21  │ 483.60  │ 400.00   │ net1743             │ fanout1734/A │ met3  │
│ 1.21  │ 483.60  │ 400.00   │ net1743             │ fanout1737/A │ met3  │
│ 1.20  │ 479.71  │ 400.00   │ net1544             │ _12953_/A2   │ met3  │
│ 1.20  │ 479.71  │ 400.00   │ net1544             │ _13730_/A2   │ met3  │
│ 1.19  │ 476.56  │ 400.00   │ net925              │ _18538_/B1   │ met3  │
│ 1.19  │ 476.56  │ 400.00   │ net925              │ fanout924/A  │ met3  │
│ 1.19  │ 475.08  │ 400.00   │ net1722             │ _12710_/B    │ met2  │
│ 1.19  │ 474.31  │ 400.00   │ _07046_             │ fanout115/A  │ met3  │
│ 1.18  │ 472.60  │ 400.00   │ _08366_             │ _13261_/D    │ met3  │
│ 1.17  │ 467.94  │ 400.00   │ net1589             │ _13192_/D    │ met2  │
│ 1.17  │ 467.35  │ 400.00   │ net2360             │ fanout2340/A │ met2  │
│ 1.16  │ 462.75  │ 400.00   │ net490              │ _20233_/C1   │ met1  │
│ 1.14  │ 457.97  │ 400.00   │ net1760             │ _16351_/A0   │ met2  │
│ 1.14  │ 456.23  │ 400.00   │ net1234             │ fanout1226/A │ met3  │
│ 1.14  │ 456.08  │ 400.00   │ net1507             │ fanout1501/A │ met3  │
│ 1.14  │ 456.08  │ 400.00   │ net1507             │ fanout1502/A │ met3  │
│ 1.14  │ 456.08  │ 400.00   │ net1507             │ fanout1504/A │ met3  │
│ 1.14  │ 455.50  │ 400.00   │ net1603             │ _11683_/D    │ met2  │
│ 1.14  │ 454.69  │ 400.00   │ net405              │ _20850_/C1   │ met3  │
│ 1.14  │ 454.69  │ 400.00   │ net405              │ _20856_/C1   │ met3  │
│ 1.14  │ 454.69  │ 400.00   │ net405              │ fanout404/A  │ met3  │
│ 1.14  │ 454.02  │ 400.00   │ net49               │ _20197_/B1   │ met2  │
│ 1.13  │ 453.79  │ 400.00   │ net615              │ fanout614/A  │ met3  │
│ 1.13  │ 452.55  │ 400.00   │ dp.dm.mem[110\][6\] │ _13036_/B2   │ met2  │
│ 1.13  │ 452.28  │ 400.00   │ net1124             │ _21283_/A1   │ met2  │
│ 1.13  │ 452.11  │ 400.00   │ _06926_             │ fanout265/A  │ met3  │
│ 1.13  │ 451.69  │ 400.00   │ _08557_             │ _13454_/A2   │ met1  │
│ 1.13  │ 450.51  │ 400.00   │ net2469             │ fanout2463/A │ met1  │
│ 1.12  │ 449.85  │ 400.00   │ _06831_             │ fanout1326/A │ met2  │
│ 1.12  │ 447.92  │ 400.00   │ _07011_             │ fanout829/A  │ met3  │
│ 1.11  │ 442.36  │ 400.00   │ net1588             │ _11926_/D    │ met1  │
│ 1.09  │ 437.24  │ 400.00   │ _09859_             │ _14784_/C1   │ met3  │
│ 1.09  │ 435.56  │ 400.00   │ _07071_             │ _20521_/A1   │ met3  │
│ 1.09  │ 435.56  │ 400.00   │ _07071_             │ fanout79/A   │ met3  │
│ 1.09  │ 435.00  │ 400.00   │ net2637             │ _12318_/B    │ met1  │
│ 1.09  │ 434.85  │ 400.00   │ net1174             │ _13059_/B1   │ met2  │
│ 1.09  │ 434.26  │ 400.00   │ net785              │ _12967_/A2   │ met3  │
│ 1.08  │ 431.09  │ 400.00   │ net1242             │ _20643_/A1   │ met2  │
│ 1.07  │ 427.34  │ 400.00   │ dp.dm.mem[65\][5\]  │ _14885_/B2   │ met2  │
│ 1.07  │ 426.60  │ 400.00   │ _09507_             │ _14407_/C    │ met3  │
│ 1.07  │ 3450.77 │ 3236.16  │ net1743             │ fanout1742/A │ met3  │
│ 1.06  │ 423.34  │ 400.00   │ net1267             │ fanout1263/A │ met3  │
│ 1.06  │ 423.34  │ 400.00   │ net1267             │ fanout1264/A │ met3  │
│ 1.06  │ 422.61  │ 400.00   │ _06902_             │ fanout1137/A │ met2  │
│ 1.05  │ 421.42  │ 400.00   │ net1609             │ _14489_/D    │ met1  │
│ 1.05  │ 420.95  │ 400.00   │ _06726_             │ fanout1553/A │ met2  │
│ 1.05  │ 420.83  │ 400.00   │ _06951_             │ _21229_/A1   │ met3  │
│ 1.05  │ 420.83  │ 400.00   │ _06951_             │ fanout231/A  │ met3  │
│ 1.05  │ 420.76  │ 400.00   │ _09886_             │ _14801_/B    │ met3  │
│ 1.05  │ 420.07  │ 400.00   │ net1578             │ _11693_/D    │ met3  │
│ 1.05  │ 420.07  │ 400.00   │ net1578             │ _11874_/C    │ met3  │
│ 1.04  │ 417.91  │ 400.00   │ net1112             │ _15736_/A1   │ met3  │
│ 1.03  │ 411.16  │ 400.00   │ dp.dm.mem[53\][3\]  │ _14981_/B2   │ met1  │
│ 1.02  │ 407.42  │ 400.00   │ dp.dm.mem[30\][1\]  │ _12829_/A    │ met2  │
│ 1.02  │ 406.07  │ 400.00   │ net1500             │ _16442_/A1   │ met2  │
│ 1.01  │ 405.90  │ 400.00   │ net2863             │ fanout2614/A │ met2  │
│ 1.01  │ 405.68  │ 400.00   │ net1512             │ _12936_/A2   │ met3  │
│ 1.01  │ 405.68  │ 400.00   │ net1512             │ _14404_/A2   │ met3  │
│ 1.01  │ 405.68  │ 400.00   │ net1512             │ _19215_/C1   │ met3  │
│ 1.01  │ 405.68  │ 400.00   │ net1512             │ fanout1511/A │ met3  │
│ 1.01  │ 405.00  │ 400.00   │ net1822             │ fanout1821/A │ met1  │
│ 1.01  │ 404.48  │ 400.00   │ net123              │ _20759_/B    │ met3  │
│ 1.01  │ 404.48  │ 400.00   │ net123              │ _20760_/A2   │ met3  │
│ 1.01  │ 404.22  │ 400.00   │ net942              │ fanout935/A  │ met2  │
│ 1.01  │ 403.47  │ 400.00   │ dp.dm.mem[125\][2\] │ _14147_/A1   │ met3  │
│ 1.01  │ 403.47  │ 400.00   │ dp.dm.mem[125\][2\] │ _14681_/A1   │ met3  │
│ 1.01  │ 403.47  │ 400.00   │ dp.dm.mem[125\][2\] │ _15084_/B2   │ met3  │
│ 1.01  │ 402.97  │ 400.00   │ dp.dm.mem[27\][0\]  │ _13238_/A1   │ met3  │
└───────┴─────────┴──────────┴─────────────────────┴──────────────┴───────┘
