
===========================================================================
Violator List
============================================================================
[setup reg-out] _24088_/Q -> zero : -5.610110
[setup reg-reg] _24088_/Q -> _23986_/D : -3.641581
[setup reg-reg] _24088_/Q -> _23922_/D : -3.631932
[setup reg-reg] _24088_/Q -> _23904_/D : -3.493678
[setup reg-reg] _24088_/Q -> _23968_/D : -3.490225
[setup reg-reg] _24088_/Q -> _23903_/D : -3.478057
[setup reg-reg] _24088_/Q -> _24032_/D : -3.472847
[setup reg-reg] _24088_/Q -> _23967_/D : -3.447161
[setup reg-reg] _24088_/Q -> _23896_/D : -3.441247
[setup reg-reg] _24088_/Q -> _24030_/D : -3.407722
[setup reg-reg] _24088_/Q -> _23902_/D : -3.396528
[setup reg-reg] _24088_/Q -> _23976_/D : -3.388877
[setup reg-reg] _24088_/Q -> _23912_/D : -3.362139
[setup reg-reg] _24088_/Q -> _24024_/D : -3.349308
[setup reg-reg] _24088_/Q -> _23915_/D : -3.262212
[setup reg-reg] _24088_/Q -> _23979_/D : -3.258027
[setup reg-reg] _24088_/Q -> _23899_/D : -3.236844
[setup reg-reg] _24088_/Q -> _23918_/D : -3.157469
[setup reg-reg] _24088_/Q -> _23982_/D : -3.152378
[setup reg-reg] _24088_/Q -> _23978_/D : -3.075298
[setup reg-reg] _24088_/Q -> _23914_/D : -3.070053
[setup reg-reg] _24088_/Q -> _24023_/D : -3.058801
[setup reg-reg] _24088_/Q -> _23895_/D : -3.055995
[setup reg-reg] _24088_/Q -> _23960_/D : -2.936314
[setup reg-reg] _24088_/Q -> _23931_/D : -2.915197
[setup reg-reg] _24088_/Q -> _24053_/D : -2.907637
[setup reg-reg] _24088_/Q -> _23972_/D : -2.905814
[setup reg-reg] _24088_/Q -> _23925_/D : -2.905706
[setup reg-reg] _24088_/Q -> _23908_/D : -2.884608
[setup reg-reg] _24088_/Q -> _23984_/D : -2.874234
[setup reg-reg] _24088_/Q -> _23944_/D : -2.871479
[setup reg-reg] _24088_/Q -> _23920_/D : -2.839556
[setup reg-reg] _24088_/Q -> _23935_/D : -2.718011
[setup reg-reg] _24088_/Q -> _23959_/D : -2.696597
[setup reg-reg] _24088_/Q -> _23954_/D : -2.682841
[setup reg-reg] _24088_/Q -> _23966_/D : -2.578675
[setup reg-reg] _24088_/Q -> _23989_/D : -2.577279
[setup reg-reg] _24088_/Q -> _24037_/D : -2.563985
[setup reg-reg] _24088_/Q -> _23973_/D : -2.555130
[setup reg-reg] _24088_/Q -> _23916_/D : -2.549154
[setup reg-reg] _24088_/Q -> _23980_/D : -2.543725
[setup reg-reg] _24088_/Q -> _23934_/D : -2.537293
[setup reg-reg] _24088_/Q -> _23909_/D : -2.534311
[setup reg-reg] _24088_/Q -> _23947_/D : -2.492490
[setup reg-reg] _24088_/Q -> _24054_/D : -2.342182
[setup reg-reg] _24088_/Q -> _23946_/D : -2.337973
[setup reg-reg] _24088_/Q -> _23936_/D : -2.322041
[setup reg-reg] _24088_/Q -> _23952_/D : -2.311925
[setup reg-reg] _24088_/Q -> _23926_/D : -2.311548
[setup reg-reg] _24088_/Q -> _23974_/D : -2.268037
[setup reg-reg] _24088_/Q -> _23919_/D : -2.265223
[setup reg-reg] _24088_/Q -> _23910_/D : -2.263290
[setup reg-reg] _24088_/Q -> _24051_/D : -2.250678
[setup reg-reg] _24088_/Q -> _23923_/D : -2.232731
[setup reg-reg] _24088_/Q -> _23897_/D : -2.212174
[setup reg-reg] _24088_/Q -> _23928_/D : -2.202178
[setup reg-reg] _24088_/Q -> _23948_/D : -2.155558
[setup reg-reg] _24088_/Q -> _23940_/D : -2.130903
[setup reg-reg] _24088_/Q -> _23950_/D : -2.110452
[setup reg-reg] _24088_/Q -> _23924_/D : -2.057219
[setup reg-reg] _24088_/Q -> _23975_/D : -2.032410
[setup reg-reg] _24088_/Q -> _23911_/D : -2.024384
[setup reg-reg] _24088_/Q -> _23906_/D : -2.020393
[setup reg-reg] _24088_/Q -> _23988_/D : -2.017776
[setup reg-reg] _24088_/Q -> _23970_/D : -1.995689
[setup reg-reg] _24088_/Q -> _23987_/D : -1.960444
[setup reg-reg] _24088_/Q -> _23990_/D : -1.917870
[setup reg-reg] _24088_/Q -> _23957_/D : -1.899261
[setup reg-reg] _24088_/Q -> _23927_/D : -1.823853
[setup reg-reg] _24088_/Q -> _23943_/D : -1.809791
[setup reg-reg] _24088_/Q -> _23942_/D : -1.768642
[setup reg-reg] _24088_/Q -> _23971_/D : -1.753442
[setup reg-reg] _24088_/Q -> _23907_/D : -1.734472
[setup reg-reg] _24088_/Q -> _23898_/D : -1.709413
[setup reg-reg] _24088_/Q -> _23977_/D : -1.704727
[setup reg-reg] _24088_/Q -> _23913_/D : -1.700396
[setup reg-reg] _24088_/Q -> _23951_/D : -1.583624
[setup reg-reg] _24088_/Q -> _23901_/D : -1.575854
[setup reg-reg] _24088_/Q -> _24029_/D : -1.547091
[setup reg-reg] _24088_/Q -> _23985_/D : -1.488109
[setup reg-reg] _24088_/Q -> _23921_/D : -1.487234
[setup reg-reg] _24088_/Q -> _23965_/D : -1.456105
[setup reg-reg] _24088_/Q -> _23941_/D : -1.388937
[setup reg-reg] _24088_/Q -> _23958_/D : -1.358703
[setup reg-reg] _24088_/Q -> _23955_/D : -1.294595
[setup reg-reg] _24088_/Q -> _23900_/D : -1.273211
[setup reg-reg] _24088_/Q -> _23929_/D : -1.251344
[setup reg-reg] _24088_/Q -> _23930_/D : -1.035771
[setup reg-reg] _24088_/Q -> _23956_/D : -1.004825
[setup reg-reg] _24088_/Q -> _23938_/D : -0.987372
[setup reg-reg] _24088_/Q -> _23933_/D : -0.972623
[setup reg-reg] _24088_/Q -> _23981_/D : -0.967047
[setup reg-reg] _24088_/Q -> _23917_/D : -0.964269
[setup reg-reg] _24088_/Q -> _23953_/D : -0.955733
[setup reg-reg] _24088_/Q -> _23949_/D : -0.882251
[setup reg-reg] _24088_/Q -> _23939_/D : -0.860451
[setup reg-reg] _24088_/Q -> _23945_/D : -0.762528
[setup reg-reg] _24088_/Q -> _23932_/D : -0.728022
[setup reg-reg] _24088_/Q -> _23905_/D : -0.306587
[setup reg-reg] _24088_/Q -> _23969_/D : -0.303313
