
===========================================================================
report_checks -unconstrained
===========================================================================
======================= min_tt_025C_1v80 Corner ===================================

Startpoint: reset (input port clocked by clk)
Endpoint: _23506_ (recovery check against rising-edge clock clk)
Path Group: asynchronous
Path Type: max

Fanout         Cap        Slew       Delay        Time   Description
---------------------------------------------------------------------------------------------
                                  0.000000    0.000000   clock clk (rise edge)
                                  0.000000    0.000000   clock network delay (propagated)
                                  4.000000    4.000000 v input external delay
     1    0.002574    0.008110    0.004036    4.004036 v reset (in)
                                                         reset (net)
                      0.008110    0.000000    4.004036 v input1/A (sky130_fd_sc_hd__clkbuf_1)
     1    0.006090    0.043749    0.087416    4.091452 v input1/X (sky130_fd_sc_hd__clkbuf_1)
                                                         net1 (net)
                      0.043749    0.000123    4.091575 v fanout2848/A (sky130_fd_sc_hd__clkbuf_8)
     7    0.123554    0.135069    0.222223    4.313798 v fanout2848/X (sky130_fd_sc_hd__clkbuf_8)
                                                         net2848 (net)
                      0.138162    0.016217    4.330015 v fanout2764/A (sky130_fd_sc_hd__buf_4)
     5    0.093690    0.121175    0.264076    4.594091 v fanout2764/X (sky130_fd_sc_hd__buf_4)
                                                         net2764 (net)
                      0.121395    0.004544    4.598636 v fanout2763/A (sky130_fd_sc_hd__clkbuf_8)
     7    0.138482    0.147337    0.272776    4.871412 v fanout2763/X (sky130_fd_sc_hd__clkbuf_8)
                                                         net2763 (net)
                      0.147360    0.001562    4.872974 v fanout2730/A (sky130_fd_sc_hd__clkbuf_4)
     5    0.065504    0.132732    0.272630    5.145604 v fanout2730/X (sky130_fd_sc_hd__clkbuf_4)
                                                         net2730 (net)
                      0.132732    0.000115    5.145719 v fanout2729/A (sky130_fd_sc_hd__clkbuf_4)
     6    0.052300    0.108982    0.248295    5.394014 v fanout2729/X (sky130_fd_sc_hd__clkbuf_4)
                                                         net2729 (net)
                      0.108982    0.000242    5.394256 v fanout2727/A (sky130_fd_sc_hd__buf_4)
    10    0.077948    0.104512    0.237468    5.631724 v fanout2727/X (sky130_fd_sc_hd__buf_4)
                                                         net2727 (net)
                      0.104512    0.000379    5.632103 v fanout2726/A (sky130_fd_sc_hd__buf_4)
    10    0.072154    0.097635    0.231358    5.863461 v fanout2726/X (sky130_fd_sc_hd__buf_4)
                                                         net2726 (net)
                      0.097668    0.001783    5.865245 v _22226_/A (sky130_fd_sc_hd__inv_2)
     1    0.003950    0.037030    0.063721    5.928967 ^ _22226_/Y (sky130_fd_sc_hd__inv_2)
                                                         _00669_ (net)
                      0.037030    0.000031    5.928997 ^ _23506_/SET_B (sky130_fd_sc_hd__dfstp_2)
                                              5.928997   data arrival time

                                 20.000000   20.000000   clock clk (rise edge)
                                  0.000000   20.000000   clock source latency
     2    0.104134    0.469206    0.329063   20.329063 ^ clk (in)
                                                         clk (net)
                      0.469521    0.000000   20.329063 ^ clkbuf_0_clk/A (sky130_fd_sc_hd__clkbuf_16)
     4    0.181699    0.194807    0.353777   20.682840 ^ clkbuf_0_clk/X (sky130_fd_sc_hd__clkbuf_16)
                                                         clknet_0_clk (net)
                      0.194901    0.003959   20.686800 ^ clkbuf_2_0_0_clk/A (sky130_fd_sc_hd__clkbuf_8)
     8    0.190850    0.326383    0.382739   21.069540 ^ clkbuf_2_0_0_clk/X (sky130_fd_sc_hd__clkbuf_8)
                                                         clknet_2_0_0_clk (net)
                      0.326433    0.003407   21.072947 ^ clkbuf_5_3__f_clk/A (sky130_fd_sc_hd__clkbuf_16)
    10    0.099920    0.118079    0.271697   21.344645 ^ clkbuf_5_3__f_clk/X (sky130_fd_sc_hd__clkbuf_16)
                                                         clknet_5_3__leaf_clk (net)
                      0.118116    0.002025   21.346668 ^ clkbuf_leaf_52_clk/A (sky130_fd_sc_hd__clkbuf_8)
     6    0.025576    0.059580    0.166242   21.512911 ^ clkbuf_leaf_52_clk/X (sky130_fd_sc_hd__clkbuf_8)
                                                         clknet_leaf_52_clk (net)
                      0.059580    0.000142   21.513054 ^ _23506_/CLK (sky130_fd_sc_hd__dfstp_2)
                                 -0.250000   21.263054   clock uncertainty
                                  0.000000   21.263054   clock reconvergence pessimism
                                  0.141181   21.404236   library recovery time
                                             21.404236   data required time
---------------------------------------------------------------------------------------------
                                             21.404236   data required time
                                             -5.928997   data arrival time
---------------------------------------------------------------------------------------------
                                             15.475238   slack (MET)


Startpoint: _24088_ (rising edge-triggered flip-flop clocked by clk)
Endpoint: zero (output port clocked by clk)
Path Group: clk
Path Type: max

Fanout         Cap        Slew       Delay        Time   Description
---------------------------------------------------------------------------------------------
                                  0.000000    0.000000   clock clk (rise edge)
                                  0.000000    0.000000   clock source latency
     2    0.104134    0.469206    0.329063    0.329063 ^ clk (in)
                                                         clk (net)
                      0.469521    0.000000    0.329063 ^ clkbuf_0_clk/A (sky130_fd_sc_hd__clkbuf_16)
     4    0.181699    0.194807    0.353777    0.682840 ^ clkbuf_0_clk/X (sky130_fd_sc_hd__clkbuf_16)
                                                         clknet_0_clk (net)
                      0.194902    0.003984    0.686824 ^ clkbuf_2_2_0_clk/A (sky130_fd_sc_hd__clkbuf_8)
     8    0.191329    0.326139    0.381733    1.068557 ^ clkbuf_2_2_0_clk/X (sky130_fd_sc_hd__clkbuf_8)
                                                         clknet_2_2_0_clk (net)
                      0.326543    0.009469    1.078026 ^ clkbuf_5_21__f_clk/A (sky130_fd_sc_hd__clkbuf_16)
    12    0.098286    0.116331    0.270012    1.348037 ^ clkbuf_5_21__f_clk/X (sky130_fd_sc_hd__clkbuf_16)
                                                         clknet_5_21__leaf_clk (net)
                      0.116383    0.002335    1.350372 ^ clkbuf_leaf_213_clk/A (sky130_fd_sc_hd__clkbuf_8)
     8    0.030311    0.066878    0.171359    1.521731 ^ clkbuf_leaf_213_clk/X (sky130_fd_sc_hd__clkbuf_8)
                                                         clknet_leaf_213_clk (net)
                      0.066878    0.000258    1.521989 ^ _24088_/CLK (sky130_fd_sc_hd__dfrtp_1)
     2    0.006284    0.054975    0.380713    1.902702 v _24088_/Q (sky130_fd_sc_hd__dfrtp_1)
                                                         dp.ifu.PC[3] (net)
                      0.054975    0.000066    1.902769 v fanout2673/A (sky130_fd_sc_hd__buf_2)
    10    0.040388    0.099850    0.195032    2.097800 v fanout2673/X (sky130_fd_sc_hd__buf_2)
                                                         net2673 (net)
                      0.099862    0.001147    2.098948 v _11435_/B (sky130_fd_sc_hd__nor3b_1)
     4    0.012374    0.432585    0.394379    2.493327 ^ _11435_/Y (sky130_fd_sc_hd__nor3b_1)
                                                         _06572_ (net)
                      0.432585    0.000121    2.493448 ^ _11441_/A (sky130_fd_sc_hd__or2_1)
     1    0.008444    0.090879    0.202914    2.696362 ^ _11441_/X (sky130_fd_sc_hd__or2_1)
                                                         _06578_ (net)
                      0.090879    0.000278    2.696641 ^ fanout2317/A (sky130_fd_sc_hd__buf_4)
     5    0.078411    0.218907    0.250461    2.947102 ^ fanout2317/X (sky130_fd_sc_hd__buf_4)
                                                         net2317 (net)
                      0.218907    0.000342    2.947444 ^ fanout2314/A (sky130_fd_sc_hd__buf_4)
     6    0.058347    0.164648    0.254448    3.201891 ^ fanout2314/X (sky130_fd_sc_hd__buf_4)
                                                         net2314 (net)
                      0.164649    0.000331    3.202222 ^ fanout2313/A (sky130_fd_sc_hd__buf_6)
    10    0.078965    0.160567    0.218611    3.420834 ^ fanout2313/X (sky130_fd_sc_hd__buf_6)
                                                         net2313 (net)
                      0.160569    0.000493    3.421326 ^ fanout2312/A (sky130_fd_sc_hd__buf_6)
    10    0.082253    0.166817    0.220842    3.642168 ^ fanout2312/X (sky130_fd_sc_hd__buf_6)
                                                         net2312 (net)
                      0.167354    0.007697    3.649865 ^ _11487_/B1 (sky130_fd_sc_hd__o32ai_4)
     1    0.024420    0.115836    0.150501    3.800366 v _11487_/Y (sky130_fd_sc_hd__o32ai_4)
                                                         _06624_ (net)
                      0.115844    0.001751    3.802117 v fanout2244/A (sky130_fd_sc_hd__buf_8)
     9    0.124312    0.095338    0.209467    4.011584 v fanout2244/X (sky130_fd_sc_hd__buf_8)
                                                         net2244 (net)
                      0.095344    0.000649    4.012233 v fanout2231/A (sky130_fd_sc_hd__buf_8)
    11    0.103731    0.082708    0.187223    4.199456 v fanout2231/X (sky130_fd_sc_hd__buf_8)
                                                         net2231 (net)
                      0.082728    0.001001    4.200458 v _11493_/A2 (sky130_fd_sc_hd__a211o_4)
     3    0.013782    0.063529    0.364259    4.564716 v _11493_/X (sky130_fd_sc_hd__a211o_4)
                                                         _06630_ (net)
                      0.063529    0.000146    4.564862 v _11494_/B1 (sky130_fd_sc_hd__a21o_1)
     3    0.008661    0.058117    0.182858    4.747720 v _11494_/X (sky130_fd_sc_hd__a21o_1)
                                                         _06631_ (net)
                      0.058117    0.000125    4.747845 v _11533_/A3 (sky130_fd_sc_hd__a311o_1)
     3    0.008589    0.080925    0.384835    5.132680 v _11533_/X (sky130_fd_sc_hd__a311o_1)
                                                         _06670_ (net)
                      0.080925    0.000118    5.132798 v _11534_/C (sky130_fd_sc_hd__and3_1)
     1    0.004632    0.044607    0.199437    5.332235 v _11534_/X (sky130_fd_sc_hd__and3_1)
                                                         _06671_ (net)
                      0.044607    0.000028    5.332263 v _11535_/B1 (sky130_fd_sc_hd__a21o_4)
     2    0.023501    0.056356    0.209536    5.541799 v _11535_/X (sky130_fd_sc_hd__a21o_4)
                                                         _06672_ (net)
                      0.056356    0.000099    5.541898 v _11537_/B (sky130_fd_sc_hd__xnor2_2)
     1    0.009436    0.171201    0.168362    5.710260 ^ _11537_/Y (sky130_fd_sc_hd__xnor2_2)
                                                         _06674_ (net)
                      0.171202    0.000171    5.710432 ^ fanout1710/A (sky130_fd_sc_hd__buf_8)
     7    0.119228    0.194611    0.240169    5.950601 ^ fanout1710/X (sky130_fd_sc_hd__buf_8)
                                                         net1710 (net)
                      0.194688    0.003220    5.953820 ^ fanout1707/A (sky130_fd_sc_hd__buf_12)
     6    0.083103    0.104733    0.187765    6.141586 ^ fanout1707/X (sky130_fd_sc_hd__buf_12)
                                                         net1707 (net)
                      0.104740    0.000698    6.142283 ^ fanout1706/A (sky130_fd_sc_hd__buf_6)
     7    0.049648    0.105646    0.165951    6.308234 ^ fanout1706/X (sky130_fd_sc_hd__buf_6)
                                                         net1706 (net)
                      0.105663    0.001359    6.309593 ^ fanout1705/A (sky130_fd_sc_hd__buf_4)
     6    0.033784    0.101342    0.176886    6.486479 ^ fanout1705/X (sky130_fd_sc_hd__buf_4)
                                                         net1705 (net)
                      0.101342    0.000211    6.486690 ^ fanout1704/A (sky130_fd_sc_hd__buf_4)
     8    0.034489    0.102915    0.176483    6.663173 ^ fanout1704/X (sky130_fd_sc_hd__buf_4)
                                                         net1704 (net)
                      0.102918    0.000735    6.663908 ^ _11605_/A (sky130_fd_sc_hd__and2_4)
     2    0.016214    0.064457    0.175209    6.839117 ^ _11605_/X (sky130_fd_sc_hd__and2_4)
                                                         _06742_ (net)
                      0.064457    0.000284    6.839401 ^ fanout1541/A (sky130_fd_sc_hd__buf_12)
     6    0.062750    0.081847    0.140182    6.979583 ^ fanout1541/X (sky130_fd_sc_hd__buf_12)
                                                         net1541 (net)
                      0.081848    0.000441    6.980023 ^ _11948_/B (sky130_fd_sc_hd__nand2_8)
     5    0.141621    0.203323    0.171255    7.151278 v _11948_/Y (sky130_fd_sc_hd__nand2_8)
                                                         _07085_ (net)
                      0.203448    0.004114    7.155392 v fanout60/A (sky130_fd_sc_hd__buf_8)
     5    0.032475    0.039945    0.204212    7.359604 v fanout60/X (sky130_fd_sc_hd__buf_8)
                                                         net60 (net)
                      0.039945    0.000317    7.359921 v _21419_/A (sky130_fd_sc_hd__or4_4)
     1    0.004074    0.082035    0.520836    7.880758 v _21419_/X (sky130_fd_sc_hd__or4_4)
                                                         _06529_ (net)
                      0.082035    0.000048    7.880805 v _21420_/D (sky130_fd_sc_hd__or4_4)
     1    0.007288    0.089327    0.431304    8.312109 v _21420_/X (sky130_fd_sc_hd__or4_4)
                                                         _06530_ (net)
                      0.089327    0.000212    8.312322 v _21421_/D (sky130_fd_sc_hd__or4_4)
     1    0.008746    0.091950    0.438722    8.751043 v _21421_/X (sky130_fd_sc_hd__or4_4)
                                                         _06531_ (net)
                      0.091950    0.000254    8.751298 v _21422_/D (sky130_fd_sc_hd__or4_4)
     1    0.006678    0.088213    0.432127    9.183425 v _21422_/X (sky130_fd_sc_hd__or4_4)
                                                         _06532_ (net)
                      0.088213    0.000180    9.183605 v _21423_/C (sky130_fd_sc_hd__or4b_4)
     1    0.007540    0.089955    0.501005    9.684609 v _21423_/X (sky130_fd_sc_hd__or4b_4)
                                                         _06533_ (net)
                      0.089955    0.000241    9.684851 v _21424_/D (sky130_fd_sc_hd__or4_4)
     1    0.008645    0.091646    0.438578   10.123428 v _21424_/X (sky130_fd_sc_hd__or4_4)
                                                         _06534_ (net)
                      0.091646    0.000097   10.123526 v _21425_/C (sky130_fd_sc_hd__nor4_4)
     1    0.021153    0.377340    0.369023   10.492548 ^ _21425_/Y (sky130_fd_sc_hd__nor4_4)
                                                         net2 (net)
                      0.377342    0.001509   10.494058 ^ output2/A (sky130_fd_sc_hd__buf_6)
     1    0.033972    0.079879    0.195465   10.689523 ^ output2/X (sky130_fd_sc_hd__buf_6)
                                                         zero (net)
                      0.079879    0.000191   10.689713 ^ zero (out)
                                             10.689713   data arrival time

                                 20.000000   20.000000   clock clk (rise edge)
                                  0.000000   20.000000   clock network delay (propagated)
                                 -0.250000   19.750002   clock uncertainty
                                  0.000000   19.750002   clock reconvergence pessimism
                                 -4.000000   15.750001   output external delay
                                             15.750001   data required time
---------------------------------------------------------------------------------------------
                                             15.750001   data required time
                                            -10.689713   data arrival time
---------------------------------------------------------------------------------------------
                                              5.060287   slack (MET)




===========================================================================
report_checks --slack_max -0.01
============================================================================
======================= min_tt_025C_1v80 Corner ===================================

No paths found.


===========================================================================
 report_check_types -max_slew -max_cap -max_fanout -violators
============================================================================
======================= min_tt_025C_1v80 Corner ===================================

max slew

Pin                                        Limit        Slew       Slack
------------------------------------------------------------------------
_14589_/B                               0.750000    0.839538   -0.089538 (VIOLATED)
_13011_/B                               0.750000    0.839537   -0.089537 (VIOLATED)
ANTENNA_573/DIODE                       0.750000    0.839533   -0.089533 (VIOLATED)
_13022_/B                               0.750000    0.839533   -0.089533 (VIOLATED)
_13203_/B                               0.750000    0.839526   -0.089526 (VIOLATED)
_13222_/B                               0.750000    0.839525   -0.089525 (VIOLATED)
clone12/X                               0.750000    0.839512   -0.089512 (VIOLATED)
_17266_/A1                              0.750000    0.834069   -0.084069 (VIOLATED)
ANTENNA_7/DIODE                         0.750000    0.834069   -0.084069 (VIOLATED)
ANTENNA_6/DIODE                         0.750000    0.834064   -0.084064 (VIOLATED)
_15829_/A1                              0.750000    0.834064   -0.084064 (VIOLATED)
_11527_/A2                              0.750000    0.832795   -0.082795 (VIOLATED)
_21371_/B                               0.750000    0.832721   -0.082721 (VIOLATED)
_20478_/A1                              0.750000    0.832718   -0.082718 (VIOLATED)
ANTENNA_576/DIODE                       0.750000    0.832717   -0.082717 (VIOLATED)
_17794_/A1                              0.750000    0.832709   -0.082709 (VIOLATED)
ANTENNA_575/DIODE                       0.750000    0.832707   -0.082707 (VIOLATED)
_11524_/X                               0.750000    0.832697   -0.082697 (VIOLATED)
fanout1600/A                            0.750000    0.812609   -0.062609 (VIOLATED)
_11628_/Y                               0.750000    0.812603   -0.062603 (VIOLATED)
max_cap1601/A                           0.750000    0.812603   -0.062603 (VIOLATED)
fanout1640/A                            0.750000    0.751548   -0.001548 (VIOLATED)
fanout1650/A                            0.750000    0.751528   -0.001528 (VIOLATED)
fanout1643/A                            0.750000    0.751510   -0.001510 (VIOLATED)
_11594_/Y                               0.750000    0.751486   -0.001486 (VIOLATED)

max fanout

Pin                                   Limit Fanout  Slack
---------------------------------------------------------
fanout821/X                              10     16     -6 (VIOLATED)
fanout57/X                               10     15     -5 (VIOLATED)
fanout1603/X                             10     14     -4 (VIOLATED)
fanout165/X                              10     14     -4 (VIOLATED)
_12480_/X                                10     13     -3 (VIOLATED)
clkbuf_5_16__f_clk/X                     10     13     -3 (VIOLATED)
clkbuf_5_29__f_clk/X                     10     13     -3 (VIOLATED)
fanout1046/X                             10     13     -3 (VIOLATED)
fanout1583/X                             10     13     -3 (VIOLATED)
fanout2566/X                             10     13     -3 (VIOLATED)
fanout431/X                              10     13     -3 (VIOLATED)
fanout78/X                               10     13     -3 (VIOLATED)
_12766_/X                                10     12     -2 (VIOLATED)
_13891_/X                                10     12     -2 (VIOLATED)
_13965_/X                                10     12     -2 (VIOLATED)
_13971_/X                                10     12     -2 (VIOLATED)
_14495_/X                                10     12     -2 (VIOLATED)
clkbuf_5_13__f_clk/X                     10     12     -2 (VIOLATED)
clkbuf_5_15__f_clk/X                     10     12     -2 (VIOLATED)
clkbuf_5_20__f_clk/X                     10     12     -2 (VIOLATED)
clkbuf_5_21__f_clk/X                     10     12     -2 (VIOLATED)
clkbuf_5_22__f_clk/X                     10     12     -2 (VIOLATED)
clkbuf_5_26__f_clk/X                     10     12     -2 (VIOLATED)
clkbuf_5_4__f_clk/X                      10     12     -2 (VIOLATED)
clkbuf_5_5__f_clk/X                      10     12     -2 (VIOLATED)
clkbuf_5_8__f_clk/X                      10     12     -2 (VIOLATED)
fanout1109/X                             10     12     -2 (VIOLATED)
fanout1370/X                             10     12     -2 (VIOLATED)
fanout1432/X                             10     12     -2 (VIOLATED)
fanout1592/X                             10     12     -2 (VIOLATED)
fanout1614/X                             10     12     -2 (VIOLATED)
fanout1664/X                             10     12     -2 (VIOLATED)
fanout173/X                              10     12     -2 (VIOLATED)
fanout2149/X                             10     12     -2 (VIOLATED)
fanout2505/X                             10     12     -2 (VIOLATED)
_12759_/X                                10     11        (VIOLATED)
clkbuf_5_14__f_clk/X                     10     11        (VIOLATED)
clkbuf_5_19__f_clk/X                     10     11        (VIOLATED)
clkbuf_5_2__f_clk/X                      10     11        (VIOLATED)
fanout1105/X                             10     11        (VIOLATED)
fanout1129/X                             10     11        (VIOLATED)
fanout1298/X                             10     11        (VIOLATED)
fanout1300/X                             10     11        (VIOLATED)
fanout1383/X                             10     11        (VIOLATED)
fanout1421/X                             10     11        (VIOLATED)
fanout1465/X                             10     11        (VIOLATED)
fanout1575/X                             10     11        (VIOLATED)
fanout1577/X                             10     11        (VIOLATED)
fanout1582/X                             10     11        (VIOLATED)
fanout1589/X                             10     11        (VIOLATED)
fanout1599/X                             10     11        (VIOLATED)
fanout1604/X                             10     11        (VIOLATED)
fanout1608/X                             10     11        (VIOLATED)
fanout1652/X                             10     11        (VIOLATED)
fanout1665/X                             10     11        (VIOLATED)
fanout167/X                              10     11        (VIOLATED)
fanout1689/X                             10     11        (VIOLATED)
fanout17/X                               10     11        (VIOLATED)
fanout1701/X                             10     11        (VIOLATED)
fanout177/X                              10     11        (VIOLATED)
fanout182/X                              10     11        (VIOLATED)
fanout1891/X                             10     11        (VIOLATED)
fanout193/X                              10     11        (VIOLATED)
fanout1975/X                             10     11        (VIOLATED)
fanout2091/X                             10     11        (VIOLATED)
fanout213/X                              10     11        (VIOLATED)
fanout216/X                              10     11        (VIOLATED)
fanout2231/X                             10     11        (VIOLATED)
fanout225/X                              10     11        (VIOLATED)
fanout2266/X                             10     11        (VIOLATED)
fanout245/X                              10     11        (VIOLATED)
fanout304/X                              10     11        (VIOLATED)
fanout319/X                              10     11        (VIOLATED)
fanout396/X                              10     11        (VIOLATED)
fanout427/X                              10     11        (VIOLATED)
fanout465/X                              10     11        (VIOLATED)
fanout51/X                               10     11        (VIOLATED)
fanout532/X                              10     11        (VIOLATED)
fanout564/X                              10     11        (VIOLATED)
fanout58/X                               10     11        (VIOLATED)
fanout623/X                              10     11        (VIOLATED)
fanout683/X                              10     11        (VIOLATED)
fanout691/X                              10     11        (VIOLATED)
fanout696/X                              10     11        (VIOLATED)
fanout725/X                              10     11        (VIOLATED)
fanout75/X                               10     11        (VIOLATED)
fanout753/X                              10     11        (VIOLATED)
fanout777/X                              10     11        (VIOLATED)
fanout798/X                              10     11        (VIOLATED)
fanout866/X                              10     11        (VIOLATED)
fanout88/X                               10     11        (VIOLATED)
fanout918/X                              10     11        (VIOLATED)
fanout928/X                              10     11        (VIOLATED)
fanout98/X                               10     11        (VIOLATED)

max capacitance

Pin                                        Limit         Cap       Slack
------------------------------------------------------------------------
_11524_/X                               0.200000    0.306892   -0.106892 (VIOLATED)
fanout2091/X                            0.200000    0.257504   -0.057504 (VIOLATED)
fanout1576/X                            0.200000    0.257244   -0.057244 (VIOLATED)
fanout78/X                              0.200000    0.250512   -0.050512 (VIOLATED)
fanout1933/X                            0.200000    0.240251   -0.040251 (VIOLATED)
fanout1665/X                            0.200000    0.234942   -0.034942 (VIOLATED)
fanout866/X                             0.200000    0.225121   -0.025121 (VIOLATED)
fanout2227/X                            0.200000    0.224794   -0.024794 (VIOLATED)
fanout1761/X                            0.200000    0.220780   -0.020780 (VIOLATED)
fanout431/X                             0.200000    0.219357   -0.019357 (VIOLATED)
fanout1300/X                            0.200000    0.219246   -0.019246 (VIOLATED)
fanout1370/X                            0.200000    0.218044   -0.018044 (VIOLATED)
fanout1573/X                            0.200000    0.217572   -0.017572 (VIOLATED)
fanout2505/X                            0.200000    0.216620   -0.016620 (VIOLATED)
fanout1603/X                            0.200000    0.210802   -0.010802 (VIOLATED)
fanout1920/X                            0.200000    0.210439   -0.010439 (VIOLATED)
fanout1322/X                            0.200000    0.206741   -0.006741 (VIOLATED)
fanout1597/X                            0.200000    0.203021   -0.003021 (VIOLATED)



===========================================================================
report_parasitic_annotation -report_unannotated
============================================================================
Found 286 unannotated drivers.
 clkload0/Y
 clkload1/Y
 clkload10/X
 clkload100/X
 clkload101/X
 clkload102/X
 clkload103/X
 clkload104/Y
 clkload105/X
 clkload106/X
 clkload107/Y
 clkload108/Y
 clkload109/Y
 clkload11/Y
 clkload110/X
 clkload111/Y
 clkload112/Y
 clkload113/Y
 clkload114/X
 clkload115/X
 clkload116/X
 clkload117/X
 clkload118/X
 clkload119/Y
 clkload12/Y
 clkload120/Y
 clkload121/Y
 clkload122/Y
 clkload123/X
 clkload124/Y
 clkload125/Y
 clkload126/Y
 clkload127/X
 clkload128/X
 clkload129/Y
 clkload13/Y
 clkload130/X
 clkload131/X
 clkload132/Y
 clkload133/X
 clkload134/X
 clkload135/Y
 clkload136/X
 clkload137/Y
 clkload138/X
 clkload139/X
 clkload14/Y
 clkload140/Y
 clkload141/Y
 clkload142/Y
 clkload143/Y
 clkload144/X
 clkload145/X
 clkload146/Y
 clkload147/X
 clkload148/X
 clkload149/Y
 clkload15/Y
 clkload150/Y
 clkload151/Y
 clkload152/Y
 clkload153/Y
 clkload154/Y
 clkload155/Y
 clkload156/Y
 clkload157/Y
 clkload158/X
 clkload159/X
 clkload16/Y
 clkload160/X
 clkload161/Y
 clkload162/X
 clkload163/Y
 clkload164/X
 clkload165/X
 clkload166/X
 clkload167/X
 clkload168/X
 clkload169/X
 clkload17/Y
 clkload170/X
 clkload171/X
 clkload172/X
 clkload173/Y
 clkload174/X
 clkload175/X
 clkload176/Y
 clkload177/X
 clkload178/X
 clkload179/X
 clkload18/Y
 clkload180/X
 clkload181/X
 clkload182/X
 clkload183/Y
 clkload184/X
 clkload185/Y
 clkload186/Y
 clkload187/X
 clkload188/X
 clkload189/X
 clkload19/Y
 clkload190/Y
 clkload191/X
 clkload192/Y
 clkload193/Y
 clkload194/X
 clkload195/Y
 clkload196/Y
 clkload197/Y
 clkload198/Y
 clkload199/Y
 clkload2/Y
 clkload20/Y
 clkload200/Y
 clkload201/Y
 clkload202/Y
 clkload203/Y
 clkload204/X
 clkload205/Y
 clkload206/Y
 clkload207/X
 clkload208/Y
 clkload209/Y
 clkload21/Y
 clkload210/Y
 clkload211/Y
 clkload212/Y
 clkload213/Y
 clkload214/Y
 clkload215/Y
 clkload216/Y
 clkload217/X
 clkload218/Y
 clkload219/X
 clkload22/Y
 clkload220/Y
 clkload221/Y
 clkload222/X
 clkload223/Y
 clkload224/Y
 clkload225/Y
 clkload226/X
 clkload227/X
 clkload228/Y
 clkload229/X
 clkload23/X
 clkload230/Y
 clkload231/X
 clkload232/X
 clkload233/X
 clkload234/Y
 clkload235/X
 clkload236/X
 clkload237/X
 clkload238/X
 clkload239/X
 clkload24/Y
 clkload240/X
 clkload241/Y
 clkload242/X
 clkload243/Y
 clkload244/Y
 clkload245/X
 clkload246/Y
 clkload247/X
 clkload248/Y
 clkload249/Y
 clkload25/Y
 clkload250/X
 clkload251/Y
 clkload252/Y
 clkload253/Y
 clkload254/Y
 clkload255/X
 clkload256/Y
 clkload257/Y
 clkload258/Y
 clkload259/X
 clkload26/Y
 clkload260/X
 clkload261/Y
 clkload262/X
 clkload263/X
 clkload264/X
 clkload265/Y
 clkload266/X
 clkload267/Y
 clkload268/X
 clkload269/X
 clkload27/X
 clkload270/Y
 clkload271/Y
 clkload272/Y
 clkload273/X
 clkload274/Y
 clkload275/X
 clkload276/Y
 clkload277/Y
 clkload278/Y
 clkload279/Y
 clkload28/X
 clkload280/X
 clkload281/X
 clkload282/Y
 clkload283/Y
 clkload284/Y
 clkload285/Y
 clkload29/X
 clkload3/Y
 clkload30/X
 clkload31/X
 clkload32/X
 clkload33/X
 clkload34/X
 clkload35/X
 clkload36/X
 clkload37/X
 clkload38/X
 clkload39/X
 clkload4/Y
 clkload40/X
 clkload41/X
 clkload42/X
 clkload43/X
 clkload44/Y
 clkload45/X
 clkload46/X
 clkload47/X
 clkload48/Y
 clkload49/Y
 clkload5/Y
 clkload50/X
 clkload51/Y
 clkload52/Y
 clkload53/X
 clkload54/Y
 clkload55/X
 clkload56/X
 clkload57/Y
 clkload58/Y
 clkload59/X
 clkload6/Y
 clkload60/Y
 clkload61/Y
 clkload62/Y
 clkload63/Y
 clkload64/Y
 clkload65/Y
 clkload66/Y
 clkload67/Y
 clkload68/Y
 clkload69/Y
 clkload7/Y
 clkload70/Y
 clkload71/X
 clkload72/X
 clkload73/Y
 clkload74/Y
 clkload75/Y
 clkload76/Y
 clkload77/X
 clkload78/X
 clkload79/X
 clkload8/Y
 clkload80/X
 clkload81/Y
 clkload82/X
 clkload83/X
 clkload84/Y
 clkload85/X
 clkload86/X
 clkload87/Y
 clkload88/X
 clkload89/X
 clkload9/Y
 clkload90/X
 clkload91/X
 clkload92/X
 clkload93/Y
 clkload94/X
 clkload95/X
 clkload96/Y
 clkload97/Y
 clkload98/X
 clkload99/Y
Found 0 partially unannotated drivers.

===========================================================================
max slew violation count 25
max fanout violation count 94
max cap violation count 18
============================================================================

===========================================================================
check_setup -verbose -unconstrained_endpoints -multiple_clock -no_clock -no_input_delay -loops -generated_clocks
===========================================================================
