Clock: clk
Sources: clk 
Generated: no
Virtual: yes
Propagated: no
Period: 20.000000

===========================================================================
report_clock_properties
============================================================================
Clock                   Period          Waveform
----------------------------------------------------
clk                  20.000000    0.000000 10.000000

===========================================================================
report_clock_latency
============================================================================
Clock clk
rise -> rise
    min     max
0.000000 0.000000 source latency
1.313888         network latency _23229_/CLK
        1.547329 network latency _23232_/CLK
---------------
1.313888 1.547329 latency
        0.233441 skew

fall -> fall
    min     max
0.000000 0.000000 source latency
1.027558         network latency _23229_/CLK
        1.244430 network latency _23232_/CLK
---------------
1.027558 1.244430 latency
        0.216873 skew



===========================================================================
report_clock_min_period
============================================================================
clk period_min = 11.63 fmax = 86.00
